2023-07-29 21:23:28,066 - INFO - Finished loading rhinoinside... - in file: main.py - line: 11
2023-07-29 21:23:31,920 - WARNING - Deleted all files in ['./data/geometry', './data/outlines', './data/irradiance'] - in file: main.py - line: 56
2023-07-29 21:23:46,771 - INFO - Loaded 3D BAG dataset with 1211 roofs and 1211 walls from C://Users//Job de Vogel//OneDrive//Documenten//TU Delft//Master Thesis//Dataset_pipeline//3D_BAG_dataset//3dbag_v210908_fd2cee53_lod12_3d_5859.obj. - in file: file.py - line: 130
2023-07-29 21:23:46,972 - INFO - Started computing patch[10]. - in file: main.py - line: 135
2023-07-29 21:23:47,283 - WARNING - Mesh 713 does not have outline with height lower than tolerance 0.01 - in file: outlines.py - line: 128
2023-07-29 21:23:47,920 - INFO - Started computing mesh for mesh[10] with FSI value of 0.21 - in file: main.py - line: 79
2023-07-29 21:24:02,927 - INFO - Mesh mesh_10 saved in 0s - in file: save.py - line: 50
2023-07-29 21:24:03,109 - INFO - Array_list sensors_10 saved in 0s - in file: save.py - line: 86
2023-07-29 21:24:03,118 - INFO - Polyines outlines_10 saved in 0s - in file: save.py - line: 68
2023-07-29 21:24:03,145 - INFO - Finished computing patch[10] in 16.17s. - in file: main.py - line: 137
2023-07-29 21:24:03,146 - INFO - ----- NEXT PATCH -----. - in file: main.py - line: 138
2023-07-29 21:24:03,146 - INFO - Started computing patch[11]. - in file: main.py - line: 135
2023-07-29 21:24:03,372 - WARNING - Mesh 713 does not have outline with height lower than tolerance 0.01 - in file: outlines.py - line: 128
2023-07-29 21:24:04,118 - INFO - FSI_score 0.19 of sample 11 not high enough to continue generating sample. - in file: main.py - line: 126
2023-07-29 21:24:04,121 - INFO - Finished computing patch[11] in 0.97s. - in file: main.py - line: 137
2023-07-29 21:24:04,121 - INFO - ----- NEXT PATCH -----. - in file: main.py - line: 138
2023-07-29 21:24:04,122 - INFO - Started computing patch[12]. - in file: main.py - line: 135
2023-07-29 21:24:04,339 - WARNING - Mesh 713 does not have outline with height lower than tolerance 0.01 - in file: outlines.py - line: 128
2023-07-29 21:24:04,966 - INFO - FSI_score 0.14 of sample 12 not high enough to continue generating sample. - in file: main.py - line: 126
2023-07-29 21:24:04,967 - INFO - Finished computing patch[12] in 0.85s. - in file: main.py - line: 137
2023-07-29 21:24:04,968 - INFO - ----- NEXT PATCH -----. - in file: main.py - line: 138
2023-07-29 21:24:04,968 - INFO - Started computing patch[13]. - in file: main.py - line: 135
2023-07-29 21:24:05,194 - WARNING - Mesh 713 does not have outline with height lower than tolerance 0.01 - in file: outlines.py - line: 128
2023-07-29 21:24:05,763 - INFO - FSI_score 0.12 of sample 13 not high enough to continue generating sample. - in file: main.py - line: 126
2023-07-29 21:24:05,764 - INFO - Finished computing patch[13] in 0.8s. - in file: main.py - line: 137
2023-07-29 21:24:05,766 - INFO - ----- NEXT PATCH -----. - in file: main.py - line: 138
2023-07-29 21:24:05,766 - INFO - Started computing patch[14]. - in file: main.py - line: 135
2023-07-29 21:24:05,955 - WARNING - Mesh 713 does not have outline with height lower than tolerance 0.01 - in file: outlines.py - line: 128
2023-07-29 21:24:06,593 - INFO - FSI_score 0.07 of sample 14 not high enough to continue generating sample. - in file: main.py - line: 126
2023-07-29 21:24:06,594 - INFO - Finished computing patch[14] in 0.83s. - in file: main.py - line: 137
2023-07-29 21:24:06,595 - INFO - ----- NEXT PATCH -----. - in file: main.py - line: 138
2023-07-29 21:24:06,595 - INFO - Started computing patch[15]. - in file: main.py - line: 135
2023-07-29 21:24:06,799 - WARNING - Mesh 713 does not have outline with height lower than tolerance 0.01 - in file: outlines.py - line: 128
2023-07-29 21:24:07,353 - INFO - FSI_score 0.03 of sample 15 not high enough to continue generating sample. - in file: main.py - line: 126
2023-07-29 21:24:07,355 - INFO - Finished computing patch[15] in 0.76s. - in file: main.py - line: 137
2023-07-29 21:24:07,355 - INFO - ----- NEXT PATCH -----. - in file: main.py - line: 138
2023-07-29 21:24:07,355 - INFO - Started computing patch[16]. - in file: main.py - line: 135
2023-07-29 21:24:07,577 - WARNING - Mesh 713 does not have outline with height lower than tolerance 0.01 - in file: outlines.py - line: 128
2023-07-29 21:24:08,135 - INFO - FSI_score 0.04 of sample 16 not high enough to continue generating sample. - in file: main.py - line: 126
2023-07-29 21:24:08,136 - INFO - Finished computing patch[16] in 0.78s. - in file: main.py - line: 137
2023-07-29 21:24:08,137 - INFO - ----- NEXT PATCH -----. - in file: main.py - line: 138
2023-07-29 21:24:08,137 - INFO - Started computing patch[17]. - in file: main.py - line: 135
2023-07-29 21:24:08,320 - WARNING - Mesh 713 does not have outline with height lower than tolerance 0.01 - in file: outlines.py - line: 128
