2023-08-01 14:08:39 INFO: Finished loading rhinoinside... - in file: main.py - line: 12
2023-08-01 14:08:42 WARNING: Deleted all files in ['./data/geometry/', './data/irradiance/', './data/outlines/'] - in file: main.py - line: 58
2023-08-01 14:08:50 INFO: Loaded 3D BAG dataset with 1211 roofs and 1211 walls from C://Users//Job de Vogel//OneDrive//Documenten//TU Delft//Master Thesis//Dataset_pipeline//3D_BAG_dataset//3dbag_v210908_fd2cee53_lod12_3d_5859.obj. - in file: file.py - line: 130
2023-08-01 14:08:51 WARNING: Mesh 713 does not have outline with height lower than tolerance 0.01 - in file: outlines.py - line: 128
2023-08-01 14:08:51 INFO: Started computing patch[10]. - in file: main.py - line: 130
2023-08-01 14:08:52 INFO: FSI_score 0.13 of sample 10 not high enough to continue generating sample. - in file: main.py - line: 109
2023-08-01 14:08:52 INFO: Finished computing patch[10] in 0.61s. - in file: main.py - line: 136
2023-08-01 14:08:52 INFO: Started computing patch[11]. - in file: main.py - line: 130
2023-08-01 14:08:52 INFO: FSI_score 0.08 of sample 11 not high enough to continue generating sample. - in file: main.py - line: 109
2023-08-01 14:08:52 INFO: Finished computing patch[11] in 0.65s. - in file: main.py - line: 136
2023-08-01 14:08:52 INFO: Started computing patch[12]. - in file: main.py - line: 130
2023-08-01 14:08:53 INFO: FSI_score 0.03 of sample 12 not high enough to continue generating sample. - in file: main.py - line: 109
2023-08-01 14:08:53 INFO: Finished computing patch[12] in 0.55s. - in file: main.py - line: 136
2023-08-01 14:08:53 INFO: Started computing patch[13]. - in file: main.py - line: 130
2023-08-01 14:08:53 INFO: FSI_score 0.07 of sample 13 not high enough to continue generating sample. - in file: main.py - line: 109
2023-08-01 14:08:53 INFO: Finished computing patch[13] in 0.54s. - in file: main.py - line: 136
2023-08-01 14:08:53 INFO: Started computing patch[14]. - in file: main.py - line: 130
2023-08-01 14:08:54 INFO: FSI_score 0.19 of sample 14 not high enough to continue generating sample. - in file: main.py - line: 109
2023-08-01 14:08:54 INFO: Finished computing patch[14] in 0.54s. - in file: main.py - line: 136
2023-08-01 14:08:54 INFO: Started computing patch[15]. - in file: main.py - line: 130
2023-08-01 14:08:54 INFO: Started computing mesh for mesh[15] with FSI value of 0.24 - in file: main.py - line: 72
2023-08-01 14:08:54 INFO: Generating walls for mesh patch[15] - in file: main.py - line: 74
2023-08-01 14:08:55 INFO: Generating ground and roofs for mesh patch[15] - in file: main.py - line: 76
2023-08-01 14:08:59 INFO: Computing sensors for mesh patch[15] - in file: main.py - line: 79
2023-08-01 14:09:06 INFO: Started solar irradiance simulation with arguments -ab 6 -ad 25000 -as 4096 -c 1 -dc 0.75 -dp 512 -dr 3 -ds 0.05 -dt 0.15 -lr 8 -lw 4e-07 -ss 1.0 -st 0.15 - in file: run.py - line: 44
