2023-08-01 18:27:08 INFO: Finished loading rhinoinside... - in file: main.py - line: 19
2023-08-01 18:27:12 WARNING: Deleting all files in ['./data/geometry/', './data/irradiance/', './data/outlines/'] - in file: main.py - line: 49
2023-08-01 18:27:12 WARNING: Deletion successfull! - in file: main.py - line: 55
2023-08-01 18:27:22 INFO: Loaded 3D BAG dataset with 1211 roofs and 1211 walls from C://Users//Job de Vogel//OneDrive//Documenten//TU Delft//Master Thesis//Dataset_pipeline//3D_BAG_dataset//3dbag_v210908_fd2cee53_lod12_3d_5859.obj. - in file: file.py - line: 130
2023-08-01 18:27:23 WARNING: Mesh 713 does not have outline with height lower than tolerance 0.01 - in file: outlines.py - line: 128
2023-08-01 18:27:23 INFO: Started computing patch[0]. - in file: main.py - line: 216
2023-08-01 18:27:24 INFO: Started preprocessing mesh for patch[0] with FSI value of 0.23 - in file: main.py - line: 81
2023-08-01 18:27:24 INFO: Generating walls for mesh patch[0] - in file: main.py - line: 82
2023-08-01 18:27:30 WARNING: Point containment coincident - in file: meshing.py - line: 59
2023-08-01 18:27:42 INFO: Polyines outlines_0 saved in 0s - in file: save.py - line: 68
2023-08-01 18:27:42 INFO: Finished preprocessing mesh for patch[0] in 17.9440754s - in file: main.py - line: 112
2023-08-01 18:27:44 INFO: Started solar irradiance simulation with arguments -ab 3 -ad 5000 -as 1024 -c 1 -dc 0.75 -dp 512 -dr 3 -ds 0.05 -dt 0.15 -lr 8 -lw 4e-07 -ss 1.0 -st 0.15 - in file: run.py - line: 44
2023-08-01 18:28:14 INFO: Computed 25008 solar irradiance values for model custom_name - in file: run.py - line: 47
2023-08-01 18:28:30 INFO: Mesh mesh_0_base saved in 3s - in file: save.py - line: 50
2023-08-01 18:28:30 INFO: Array_list sensors_0_base saved in 0s - in file: save.py - line: 86
2023-08-01 18:28:30 INFO: Finished computing patch[0] in 66.78s. - in file: main.py - line: 221
2023-08-01 18:28:30 INFO: Started computing patch[1]. - in file: main.py - line: 216
2023-08-01 18:28:31 INFO: Started preprocessing mesh for patch[1] with FSI value of 0.21 - in file: main.py - line: 81
2023-08-01 18:28:31 INFO: Generating walls for mesh patch[1] - in file: main.py - line: 82
2023-08-01 18:28:34 WARNING: Point containment coincident - in file: meshing.py - line: 59
2023-08-01 18:28:35 WARNING: Point containment coincident - in file: meshing.py - line: 59
2023-08-01 18:28:35 WARNING: Point containment coincident - in file: meshing.py - line: 59
2023-08-01 18:28:50 INFO: Polyines outlines_1 saved in 0s - in file: save.py - line: 68
2023-08-01 18:28:50 INFO: Finished preprocessing mesh for patch[1] in 19.26751399999999s - in file: main.py - line: 112
2023-08-01 18:28:52 INFO: Started solar irradiance simulation with arguments -ab 3 -ad 5000 -as 1024 -c 1 -dc 0.75 -dp 512 -dr 3 -ds 0.05 -dt 0.15 -lr 8 -lw 4e-07 -ss 1.0 -st 0.15 - in file: run.py - line: 44
2023-08-01 18:29:24 INFO: Computed 23978 solar irradiance values for model custom_name - in file: run.py - line: 47
2023-08-01 18:29:42 INFO: Mesh mesh_1_base saved in 3s - in file: save.py - line: 50
2023-08-01 18:29:42 INFO: Array_list sensors_1_base saved in 1s - in file: save.py - line: 86
2023-08-01 18:29:42 INFO: Finished computing patch[1] in 72.49s. - in file: main.py - line: 221
2023-08-01 18:29:42 INFO: Started computing patch[2]. - in file: main.py - line: 216
2023-08-01 18:29:44 INFO: FSI_score 0.16 of sample 2 not high enough to continue generating sample. - in file: main.py - line: 184
2023-08-01 18:29:44 INFO: Finished computing patch[2] in 1.12s. - in file: main.py - line: 221
2023-08-01 18:29:44 INFO: Started computing patch[3]. - in file: main.py - line: 216
2023-08-01 18:29:44 INFO: FSI_score 0.12 of sample 3 not high enough to continue generating sample. - in file: main.py - line: 184
2023-08-01 18:29:44 INFO: Finished computing patch[3] in 0.94s. - in file: main.py - line: 221
2023-08-01 18:29:44 INFO: Started computing patch[4]. - in file: main.py - line: 216
2023-08-01 18:29:46 INFO: FSI_score 0.12 of sample 4 not high enough to continue generating sample. - in file: main.py - line: 184
2023-08-01 18:29:46 INFO: Finished computing patch[4] in 1.23s. - in file: main.py - line: 221
2023-08-01 18:29:46 INFO: Started computing patch[5]. - in file: main.py - line: 216
2023-08-01 18:29:47 INFO: FSI_score 0.16 of sample 5 not high enough to continue generating sample. - in file: main.py - line: 184
2023-08-01 18:29:47 INFO: Finished computing patch[5] in 0.87s. - in file: main.py - line: 221
2023-08-01 18:29:47 INFO: Started computing patch[6]. - in file: main.py - line: 216
2023-08-01 18:29:47 INFO: FSI_score 0.18 of sample 6 not high enough to continue generating sample. - in file: main.py - line: 184
2023-08-01 18:29:47 INFO: Finished computing patch[6] in 0.86s. - in file: main.py - line: 221
2023-08-01 18:29:47 INFO: Started computing patch[7]. - in file: main.py - line: 216
2023-08-01 18:29:48 INFO: Started preprocessing mesh for patch[7] with FSI value of 0.22 - in file: main.py - line: 81
2023-08-01 18:29:48 INFO: Generating walls for mesh patch[7] - in file: main.py - line: 82
2023-08-01 18:30:03 INFO: Polyines outlines_7 saved in 0s - in file: save.py - line: 68
2023-08-01 18:30:03 INFO: Finished preprocessing mesh for patch[7] in 15.06034409999998s - in file: main.py - line: 112
2023-08-01 18:30:05 INFO: Started solar irradiance simulation with arguments -ab 3 -ad 5000 -as 1024 -c 1 -dc 0.75 -dp 512 -dr 3 -ds 0.05 -dt 0.15 -lr 8 -lw 4e-07 -ss 1.0 -st 0.15 - in file: run.py - line: 44
