2023-08-01 17:24:48 INFO: Finished loading rhinoinside... - in file: main.py - line: 19
2023-08-01 17:25:10 WARNING: Deleting all files in ['./data/geometry/', './data/irradiance/', './data/outlines/'] - in file: main.py - line: 48
2023-08-01 17:25:10 WARNING: Deletion successfull! - in file: main.py - line: 54
2023-08-01 17:25:22 INFO: Loaded 3D BAG dataset with 1211 roofs and 1211 walls from C://Users//Job de Vogel//OneDrive//Documenten//TU Delft//Master Thesis//Dataset_pipeline//3D_BAG_dataset//3dbag_v210908_fd2cee53_lod12_3d_5859.obj. - in file: file.py - line: 130
2023-08-01 17:25:22 WARNING: Mesh 713 does not have outline with height lower than tolerance 0.01 - in file: outlines.py - line: 128
2023-08-01 17:25:22 INFO: Started computing patch[0]. - in file: main.py - line: 207
2023-08-01 17:25:23 INFO: Started preprocessing mesh for patch[0] with FSI value of 0.23 - in file: main.py - line: 80
2023-08-01 17:25:23 INFO: Generating walls for mesh patch[0] - in file: main.py - line: 81
2023-08-01 17:25:28 WARNING: Point containment coincident - in file: meshing.py - line: 59
2023-08-01 17:25:40 INFO: Polyines outlines_0 saved in 0s - in file: save.py - line: 68
2023-08-01 17:25:40 INFO: Finished preprocessing mesh for patch[0] in 16.4575242s - in file: main.py - line: 111
2023-08-01 17:25:43 INFO: Started computing augmentation 0 for patch index 0. - in file: main.py - line: 120
2023-08-01 17:25:45 INFO: Started solar irradiance simulation with arguments -ab 3 -ad 5000 -as 1024 -c 1 -dc 0.75 -dp 512 -dr 3 -ds 0.05 -dt 0.15 -lr 8 -lw 4e-07 -ss 1.0 -st 0.15 - in file: run.py - line: 44
2023-08-01 17:26:12 INFO: Computed 25008 solar irradiance values for model custom_name - in file: run.py - line: 47
2023-08-01 17:26:13 INFO: Mesh mesh_0_base saved in 1s - in file: save.py - line: 50
2023-08-01 17:26:13 INFO: Array_list sensors_0_base saved in 0s - in file: save.py - line: 86
2023-08-01 17:26:13 INFO: Started computing augmentation 1 for patch index 0. - in file: main.py - line: 120
2023-08-01 17:26:15 INFO: Started solar irradiance simulation with arguments -ab 3 -ad 5000 -as 1024 -c 1 -dc 0.75 -dp 512 -dr 3 -ds 0.05 -dt 0.15 -lr 8 -lw 4e-07 -ss 1.0 -st 0.15 - in file: run.py - line: 44
2023-08-01 17:26:42 INFO: Computed 25008 solar irradiance values for model custom_name - in file: run.py - line: 47
2023-08-01 17:26:43 INFO: Mesh mesh_0_rot1 saved in 1s - in file: save.py - line: 50
2023-08-01 17:26:43 INFO: Array_list sensors_0_rot1 saved in 0s - in file: save.py - line: 86
2023-08-01 17:26:43 INFO: Started computing augmentation 2 for patch index 0. - in file: main.py - line: 120
2023-08-01 17:26:45 INFO: Started solar irradiance simulation with arguments -ab 3 -ad 5000 -as 1024 -c 1 -dc 0.75 -dp 512 -dr 3 -ds 0.05 -dt 0.15 -lr 8 -lw 4e-07 -ss 1.0 -st 0.15 - in file: run.py - line: 44
2023-08-01 17:27:09 INFO: Computed 25008 solar irradiance values for model custom_name - in file: run.py - line: 47
2023-08-01 17:27:11 INFO: Mesh mesh_0_rot2 saved in 1s - in file: save.py - line: 50
2023-08-01 17:27:11 INFO: Array_list sensors_0_rot2 saved in 0s - in file: save.py - line: 86
2023-08-01 17:27:11 INFO: Started computing augmentation 3 for patch index 0. - in file: main.py - line: 120
2023-08-01 17:27:13 INFO: Started solar irradiance simulation with arguments -ab 3 -ad 5000 -as 1024 -c 1 -dc 0.75 -dp 512 -dr 3 -ds 0.05 -dt 0.15 -lr 8 -lw 4e-07 -ss 1.0 -st 0.15 - in file: run.py - line: 44
2023-08-01 17:27:40 INFO: Computed 25008 solar irradiance values for model custom_name - in file: run.py - line: 47
2023-08-01 17:27:41 INFO: Mesh mesh_0_rot3 saved in 1s - in file: save.py - line: 50
2023-08-01 17:27:41 INFO: Array_list sensors_0_rot3 saved in 0s - in file: save.py - line: 86
2023-08-01 17:27:41 INFO: Finished computing patch[0] in 138.92s. - in file: main.py - line: 212
2023-08-01 17:27:41 INFO: Started computing patch[1]. - in file: main.py - line: 207
2023-08-01 17:27:42 INFO: Started preprocessing mesh for patch[1] with FSI value of 0.21 - in file: main.py - line: 80
2023-08-01 17:27:42 INFO: Generating walls for mesh patch[1] - in file: main.py - line: 81
2023-08-01 17:27:44 WARNING: Point containment coincident - in file: meshing.py - line: 59
2023-08-01 17:27:45 WARNING: Point containment coincident - in file: meshing.py - line: 59
2023-08-01 17:27:45 WARNING: Point containment coincident - in file: meshing.py - line: 59
2023-08-01 17:27:57 INFO: Polyines outlines_1 saved in 0s - in file: save.py - line: 68
2023-08-01 17:27:57 INFO: Finished preprocessing mesh for patch[1] in 14.825947000000014s - in file: main.py - line: 111
2023-08-01 17:27:59 INFO: Started computing augmentation 0 for patch index 1. - in file: main.py - line: 120
2023-08-01 17:28:01 INFO: Started solar irradiance simulation with arguments -ab 3 -ad 5000 -as 1024 -c 1 -dc 0.75 -dp 512 -dr 3 -ds 0.05 -dt 0.15 -lr 8 -lw 4e-07 -ss 1.0 -st 0.15 - in file: run.py - line: 44
2023-08-01 17:28:30 INFO: Computed 23978 solar irradiance values for model custom_name - in file: run.py - line: 47
2023-08-01 17:28:32 INFO: Mesh mesh_1_base saved in 1s - in file: save.py - line: 50
2023-08-01 17:28:32 INFO: Array_list sensors_1_base saved in 0s - in file: save.py - line: 86
2023-08-01 17:28:32 INFO: Started computing augmentation 1 for patch index 1. - in file: main.py - line: 120
2023-08-01 17:28:34 INFO: Started solar irradiance simulation with arguments -ab 3 -ad 5000 -as 1024 -c 1 -dc 0.75 -dp 512 -dr 3 -ds 0.05 -dt 0.15 -lr 8 -lw 4e-07 -ss 1.0 -st 0.15 - in file: run.py - line: 44
2023-08-01 17:29:04 INFO: Computed 23978 solar irradiance values for model custom_name - in file: run.py - line: 47
2023-08-01 17:29:05 INFO: Mesh mesh_1_rot1 saved in 1s - in file: save.py - line: 50
2023-08-01 17:29:05 INFO: Array_list sensors_1_rot1 saved in 0s - in file: save.py - line: 86
2023-08-01 17:29:05 INFO: Started computing augmentation 2 for patch index 1. - in file: main.py - line: 120
