2023-07-29 21:12:59,174 - INFO - Finished loading rhinoinside... - in file: main.py - line: 11
2023-07-29 21:13:02,751 - WARNING - Deleted all files in ['./data/geometry', './data/outlines', './data/irradiance'] - in file: main.py - line: 56
2023-07-29 21:13:15,087 - INFO - Loaded 3D BAG dataset with 1211 roofs and 1211 walls from C://Users//Job de Vogel//OneDrive//Documenten//TU Delft//Master Thesis//Dataset_pipeline//3D_BAG_dataset//3dbag_v210908_fd2cee53_lod12_3d_5859.obj. - in file: file.py - line: 130
2023-07-29 21:13:15,219 - INFO - Started computing patch[10]. - in file: main.py - line: 140
2023-07-29 21:13:15,498 - WARNING - Mesh 713 does not have outline with height lower than tolerance 0.01 - in file: outlines.py - line: 128
2023-07-29 21:13:16,113 - INFO - Started computing mesh for mesh[10] with FSI value of 0.21 - in file: main.py - line: 79
2023-07-29 21:13:34,147 - INFO - Started solar irradiance simulation with arguments -ab 6 -ad 25000 -as 4096 -c 1 -dc 0.75 -dp 512 -dr 3 -ds 0.05 -dt 0.15 -lr 8 -lw 4e-07 -ss 1.0 -st 0.15 - in file: run.py - line: 44
2023-07-29 21:14:25,799 - INFO - Computed 20697 solar irradiance values for model custom_name - in file: run.py - line: 47
2023-07-29 21:14:26,993 - INFO - Mesh mesh_10 saved in 1s - in file: save.py - line: 50
2023-07-29 21:14:27,310 - INFO - Array_list sensors_10 saved in 0s - in file: save.py - line: 86
2023-07-29 21:14:27,318 - INFO - Polyines outlines_10 saved in 0s - in file: save.py - line: 68
2023-07-29 21:14:27,345 - INFO - Finished computing patch[10] in 72.13s. - in file: main.py - line: 142
2023-07-29 21:14:27,345 - INFO - ----- NEXT PATCH -----. - in file: main.py - line: 143
2023-07-29 21:14:27,347 - INFO - Started computing patch[11]. - in file: main.py - line: 140
2023-07-29 21:14:27,567 - WARNING - Mesh 713 does not have outline with height lower than tolerance 0.01 - in file: outlines.py - line: 128
2023-07-29 21:14:28,144 - INFO - FSI_score 0.19 of sample 11 not high enough to continue generating sample. - in file: main.py - line: 131
2023-07-29 21:14:28,146 - INFO - Finished computing patch[11] in 0.8s. - in file: main.py - line: 142
2023-07-29 21:14:28,146 - INFO - ----- NEXT PATCH -----. - in file: main.py - line: 143
2023-07-29 21:14:28,146 - INFO - Started computing patch[12]. - in file: main.py - line: 140
2023-07-29 21:14:28,394 - WARNING - Mesh 713 does not have outline with height lower than tolerance 0.01 - in file: outlines.py - line: 128
2023-07-29 21:14:29,210 - INFO - FSI_score 0.14 of sample 12 not high enough to continue generating sample. - in file: main.py - line: 131
2023-07-29 21:14:29,212 - INFO - Finished computing patch[12] in 1.07s. - in file: main.py - line: 142
2023-07-29 21:14:29,213 - INFO - ----- NEXT PATCH -----. - in file: main.py - line: 143
2023-07-29 21:14:29,214 - INFO - Started computing patch[13]. - in file: main.py - line: 140
2023-07-29 21:14:29,484 - WARNING - Mesh 713 does not have outline with height lower than tolerance 0.01 - in file: outlines.py - line: 128
2023-07-29 21:14:30,147 - INFO - FSI_score 0.12 of sample 13 not high enough to continue generating sample. - in file: main.py - line: 131
2023-07-29 21:14:30,149 - INFO - Finished computing patch[13] in 0.93s. - in file: main.py - line: 142
2023-07-29 21:14:30,149 - INFO - ----- NEXT PATCH -----. - in file: main.py - line: 143
2023-07-29 21:14:30,149 - INFO - Started computing patch[14]. - in file: main.py - line: 140
2023-07-29 21:14:30,356 - WARNING - Mesh 713 does not have outline with height lower than tolerance 0.01 - in file: outlines.py - line: 128
2023-07-29 21:14:30,959 - INFO - FSI_score 0.07 of sample 14 not high enough to continue generating sample. - in file: main.py - line: 131
2023-07-29 21:14:30,961 - INFO - Finished computing patch[14] in 0.81s. - in file: main.py - line: 142
2023-07-29 21:14:30,961 - INFO - ----- NEXT PATCH -----. - in file: main.py - line: 143
2023-07-29 21:14:30,962 - INFO - Started computing patch[15]. - in file: main.py - line: 140
2023-07-29 21:14:31,173 - WARNING - Mesh 713 does not have outline with height lower than tolerance 0.01 - in file: outlines.py - line: 128
2023-07-29 21:14:32,003 - INFO - FSI_score 0.03 of sample 15 not high enough to continue generating sample. - in file: main.py - line: 131
2023-07-29 21:14:32,006 - INFO - Finished computing patch[15] in 1.04s. - in file: main.py - line: 142
2023-07-29 21:14:32,006 - INFO - ----- NEXT PATCH -----. - in file: main.py - line: 143
2023-07-29 21:14:32,007 - INFO - Started computing patch[16]. - in file: main.py - line: 140
2023-07-29 21:14:32,274 - WARNING - Mesh 713 does not have outline with height lower than tolerance 0.01 - in file: outlines.py - line: 128
2023-07-29 21:14:33,328 - INFO - FSI_score 0.04 of sample 16 not high enough to continue generating sample. - in file: main.py - line: 131
2023-07-29 21:14:33,330 - INFO - Finished computing patch[16] in 1.32s. - in file: main.py - line: 142
2023-07-29 21:14:33,330 - INFO - ----- NEXT PATCH -----. - in file: main.py - line: 143
2023-07-29 21:14:33,331 - INFO - Started computing patch[17]. - in file: main.py - line: 140
2023-07-29 21:14:33,681 - WARNING - Mesh 713 does not have outline with height lower than tolerance 0.01 - in file: outlines.py - line: 128
2023-07-29 21:14:34,508 - INFO - FSI_score 0.15 of sample 17 not high enough to continue generating sample. - in file: main.py - line: 131
2023-07-29 21:14:34,509 - INFO - Finished computing patch[17] in 1.18s. - in file: main.py - line: 142
2023-07-29 21:14:34,510 - INFO - ----- NEXT PATCH -----. - in file: main.py - line: 143
2023-07-29 21:14:34,510 - INFO - Started computing patch[18]. - in file: main.py - line: 140
2023-07-29 21:14:34,723 - WARNING - Mesh 713 does not have outline with height lower than tolerance 0.01 - in file: outlines.py - line: 128
2023-07-29 21:14:35,301 - INFO - Started computing mesh for mesh[18] with FSI value of 0.22 - in file: main.py - line: 79
2023-07-29 21:14:48,194 - INFO - Started solar irradiance simulation with arguments -ab 6 -ad 25000 -as 4096 -c 1 -dc 0.75 -dp 512 -dr 3 -ds 0.05 -dt 0.15 -lr 8 -lw 4e-07 -ss 1.0 -st 0.15 - in file: run.py - line: 44
