2023-07-29 19:18:49,809 - INFO - Finished loading rhinoinside... - in file: main.py - line: 11
2023-07-29 19:19:09,254 - INFO - Loaded 3D BAG dataset with 1211 roofs and 1211 walls from C://Users//Job de Vogel//OneDrive//Documenten//TU Delft//Master Thesis//Dataset_pipeline//3D_BAG_dataset//3dbag_v210908_fd2cee53_lod12_3d_5859.obj. - in file: file.py - line: 130
2023-07-29 19:19:09,332 - INFO - Started computing patch[10]. - in file: main.py - line: 137
2023-07-29 19:19:09,534 - WARNING - Mesh 713 does not have outline with height lower than tolerance 0.01 - in file: outlines.py - line: 128
2023-07-29 19:19:10,170 - INFO - Started computing mesh for mesh[10] with FSI value of 0.21157379930987782 - in file: main.py - line: 77
2023-07-29 19:19:24,578 - INFO - Started solar irradiance simulation with arguments -ab 6 -ad 25000 -as 4096 -c 1 -dc 0.75 -dp 512 -dr 3 -ds 0.05 -dt 0.15 -lr 8 -lw 4e-07 -ss 1.0 -st 0.15 - in file: run.py - line: 44
2023-07-29 19:20:15,256 - INFO - Computed 22105 solar irradiance values for model custom_name - in file: run.py - line: 47
2023-07-29 19:20:16,454 - INFO - Mesh mesh_10 saved in 1s - in file: save.py - line: 50
2023-07-29 19:20:16,629 - INFO - Array_list sensors_10 saved in 0s - in file: save.py - line: 86
2023-07-29 19:20:16,637 - INFO - Polyines outlines_10 saved in 0s - in file: save.py - line: 68
2023-07-29 19:20:16,661 - INFO - Finished computing patch[10] in 67.33s. - in file: main.py - line: 139
2023-07-29 19:20:16,661 - INFO - ----- NEXT PATCH -----. - in file: main.py - line: 140
2023-07-29 19:20:16,662 - INFO - Started computing patch[11]. - in file: main.py - line: 137
2023-07-29 19:20:16,840 - WARNING - Mesh 713 does not have outline with height lower than tolerance 0.01 - in file: outlines.py - line: 128
2023-07-29 19:20:17,668 - INFO - FSI_score 0.19 of sample 11 not high enough to continue generating sample. - in file: main.py - line: 128
2023-07-29 19:20:17,673 - INFO - Finished computing patch[11] in 1.01s. - in file: main.py - line: 139
2023-07-29 19:20:17,674 - INFO - ----- NEXT PATCH -----. - in file: main.py - line: 140
2023-07-29 19:20:17,675 - INFO - Started computing patch[12]. - in file: main.py - line: 137
2023-07-29 19:20:18,239 - WARNING - Mesh 713 does not have outline with height lower than tolerance 0.01 - in file: outlines.py - line: 128
2023-07-29 19:20:19,432 - INFO - FSI_score 0.14 of sample 12 not high enough to continue generating sample. - in file: main.py - line: 128
2023-07-29 19:20:19,435 - INFO - Finished computing patch[12] in 1.76s. - in file: main.py - line: 139
2023-07-29 19:20:19,436 - INFO - ----- NEXT PATCH -----. - in file: main.py - line: 140
2023-07-29 19:20:19,436 - INFO - Started computing patch[13]. - in file: main.py - line: 137
2023-07-29 19:20:19,944 - WARNING - Mesh 713 does not have outline with height lower than tolerance 0.01 - in file: outlines.py - line: 128
2023-07-29 19:20:21,061 - INFO - FSI_score 0.12 of sample 13 not high enough to continue generating sample. - in file: main.py - line: 128
2023-07-29 19:20:21,063 - INFO - Finished computing patch[13] in 1.63s. - in file: main.py - line: 139
2023-07-29 19:20:21,064 - INFO - ----- NEXT PATCH -----. - in file: main.py - line: 140
2023-07-29 19:20:21,065 - INFO - Started computing patch[14]. - in file: main.py - line: 137
2023-07-29 19:20:21,280 - WARNING - Mesh 713 does not have outline with height lower than tolerance 0.01 - in file: outlines.py - line: 128
2023-07-29 19:20:21,871 - INFO - FSI_score 0.07 of sample 14 not high enough to continue generating sample. - in file: main.py - line: 128
2023-07-29 19:20:21,874 - INFO - Finished computing patch[14] in 0.81s. - in file: main.py - line: 139
2023-07-29 19:20:21,875 - INFO - ----- NEXT PATCH -----. - in file: main.py - line: 140
2023-07-29 19:20:21,875 - INFO - Started computing patch[15]. - in file: main.py - line: 137
2023-07-29 19:20:22,090 - WARNING - Mesh 713 does not have outline with height lower than tolerance 0.01 - in file: outlines.py - line: 128
2023-07-29 19:20:22,885 - INFO - FSI_score 0.03 of sample 15 not high enough to continue generating sample. - in file: main.py - line: 128
2023-07-29 19:20:22,889 - INFO - Finished computing patch[15] in 1.01s. - in file: main.py - line: 139
2023-07-29 19:20:22,890 - INFO - ----- NEXT PATCH -----. - in file: main.py - line: 140
2023-07-29 19:20:22,891 - INFO - Started computing patch[16]. - in file: main.py - line: 137
2023-07-29 19:20:23,247 - WARNING - Mesh 713 does not have outline with height lower than tolerance 0.01 - in file: outlines.py - line: 128
2023-07-29 19:20:24,010 - INFO - FSI_score 0.04 of sample 16 not high enough to continue generating sample. - in file: main.py - line: 128
2023-07-29 19:20:24,011 - INFO - Finished computing patch[16] in 1.12s. - in file: main.py - line: 139
2023-07-29 19:20:24,011 - INFO - ----- NEXT PATCH -----. - in file: main.py - line: 140
2023-07-29 19:20:24,012 - INFO - Started computing patch[17]. - in file: main.py - line: 137
2023-07-29 19:20:24,206 - WARNING - Mesh 713 does not have outline with height lower than tolerance 0.01 - in file: outlines.py - line: 128
2023-07-29 19:20:24,680 - INFO - FSI_score 0.15 of sample 17 not high enough to continue generating sample. - in file: main.py - line: 128
2023-07-29 19:20:24,681 - INFO - Finished computing patch[17] in 0.67s. - in file: main.py - line: 139
2023-07-29 19:20:24,681 - INFO - ----- NEXT PATCH -----. - in file: main.py - line: 140
2023-07-29 19:20:24,682 - INFO - Started computing patch[18]. - in file: main.py - line: 137
2023-07-29 19:20:24,833 - WARNING - Mesh 713 does not have outline with height lower than tolerance 0.01 - in file: outlines.py - line: 128
2023-07-29 19:20:25,381 - INFO - Started computing mesh for mesh[18] with FSI value of 0.21530361328583322 - in file: main.py - line: 77
2023-07-29 19:20:37,160 - INFO - Started solar irradiance simulation with arguments -ab 6 -ad 25000 -as 4096 -c 1 -dc 0.75 -dp 512 -dr 3 -ds 0.05 -dt 0.15 -lr 8 -lw 4e-07 -ss 1.0 -st 0.15 - in file: run.py - line: 44
