2023-08-25 11:56:47 INFO: Started computing patch[0]. - in file: main.py - line: 379
2023-08-25 11:56:47 INFO: FSI_score 0.0 of sample 0 not high enough to continue generating sample. - in file: main.py - line: 344
2023-08-25 11:56:48 INFO: Finished computing patch[0] in 0.26s. - in file: main.py - line: 399
2023-08-25 11:56:48 INFO: Started computing patch[1]. - in file: main.py - line: 379
2023-08-25 11:56:48 INFO: FSI_score 0.0 of sample 1 not high enough to continue generating sample. - in file: main.py - line: 344
2023-08-25 11:56:48 INFO: Finished computing patch[1] in 0.3s. - in file: main.py - line: 399
2023-08-25 11:56:48 INFO: Started computing patch[2]. - in file: main.py - line: 379
2023-08-25 11:56:48 INFO: FSI_score 0.0 of sample 2 not high enough to continue generating sample. - in file: main.py - line: 344
2023-08-25 11:56:48 INFO: Finished computing patch[2] in 0.25s. - in file: main.py - line: 399
2023-08-25 11:56:48 INFO: Started computing patch[3]. - in file: main.py - line: 379
2023-08-25 11:56:48 INFO: FSI_score 0.0 of sample 3 not high enough to continue generating sample. - in file: main.py - line: 344
2023-08-25 11:56:48 INFO: Finished computing patch[3] in 0.15s. - in file: main.py - line: 399
2023-08-25 11:56:48 INFO: Started computing patch[4]. - in file: main.py - line: 379
2023-08-25 11:56:48 INFO: FSI_score 0.0 of sample 4 not high enough to continue generating sample. - in file: main.py - line: 344
2023-08-25 11:56:48 INFO: Finished computing patch[4] in 0.16s. - in file: main.py - line: 399
2023-08-25 11:56:48 INFO: Started computing patch[5]. - in file: main.py - line: 379
2023-08-25 11:56:49 INFO: FSI_score 0.0 of sample 5 not high enough to continue generating sample. - in file: main.py - line: 344
2023-08-25 11:56:49 INFO: Finished computing patch[5] in 0.18s. - in file: main.py - line: 399
2023-08-25 11:56:49 INFO: Started computing patch[6]. - in file: main.py - line: 379
2023-08-25 11:56:49 INFO: FSI_score 0.0 of sample 6 not high enough to continue generating sample. - in file: main.py - line: 344
2023-08-25 11:56:49 INFO: Finished computing patch[6] in 0.12s. - in file: main.py - line: 399
2023-08-25 11:56:49 INFO: Started computing patch[7]. - in file: main.py - line: 379
2023-08-25 11:56:49 INFO: FSI_score 0.0 of sample 7 not high enough to continue generating sample. - in file: main.py - line: 344
2023-08-25 11:56:49 INFO: Finished computing patch[7] in 0.14s. - in file: main.py - line: 399
2023-08-25 11:56:49 INFO: Started computing patch[8]. - in file: main.py - line: 379
2023-08-25 11:56:49 INFO: FSI_score 0.0 of sample 8 not high enough to continue generating sample. - in file: main.py - line: 344
2023-08-25 11:56:49 INFO: Finished computing patch[8] in 0.12s. - in file: main.py - line: 399
2023-08-25 11:56:49 INFO: Started computing patch[9]. - in file: main.py - line: 379
2023-08-25 11:56:49 INFO: FSI_score 0.0 of sample 9 not high enough to continue generating sample. - in file: main.py - line: 344
2023-08-25 11:56:49 INFO: Finished computing patch[9] in 0.13s. - in file: main.py - line: 399
2023-08-25 11:56:49 INFO: Started computing patch[10]. - in file: main.py - line: 379
2023-08-25 11:56:49 INFO: FSI_score 0.0 of sample 10 not high enough to continue generating sample. - in file: main.py - line: 344
2023-08-25 11:56:49 INFO: Finished computing patch[10] in 0.16s. - in file: main.py - line: 399
2023-08-25 11:56:49 INFO: Started computing patch[11]. - in file: main.py - line: 379
2023-08-25 11:56:49 INFO: FSI_score 0.0 of sample 11 not high enough to continue generating sample. - in file: main.py - line: 344
2023-08-25 11:56:49 INFO: Finished computing patch[11] in 0.14s. - in file: main.py - line: 399
2023-08-25 11:56:49 INFO: Started computing patch[12]. - in file: main.py - line: 379
2023-08-25 11:56:50 INFO: FSI_score 0.0 of sample 12 not high enough to continue generating sample. - in file: main.py - line: 344
2023-08-25 11:56:50 INFO: Finished computing patch[12] in 0.13s. - in file: main.py - line: 399
2023-08-25 11:56:50 INFO: Started computing patch[13]. - in file: main.py - line: 379
2023-08-25 11:56:50 INFO: FSI_score 0.0 of sample 13 not high enough to continue generating sample. - in file: main.py - line: 344
2023-08-25 11:56:50 INFO: Finished computing patch[13] in 0.13s. - in file: main.py - line: 399
2023-08-25 11:56:50 INFO: Started computing patch[14]. - in file: main.py - line: 379
2023-08-25 11:56:50 INFO: FSI_score 0.0 of sample 14 not high enough to continue generating sample. - in file: main.py - line: 344
2023-08-25 11:56:50 INFO: Finished computing patch[14] in 0.13s. - in file: main.py - line: 399
2023-08-25 11:56:50 INFO: Started computing patch[15]. - in file: main.py - line: 379
2023-08-25 11:56:50 INFO: FSI_score 0.0 of sample 15 not high enough to continue generating sample. - in file: main.py - line: 344
2023-08-25 11:56:50 INFO: Finished computing patch[15] in 0.15s. - in file: main.py - line: 399
2023-08-25 11:56:50 INFO: Started computing patch[16]. - in file: main.py - line: 379
2023-08-25 11:56:50 INFO: FSI_score 0.0 of sample 16 not high enough to continue generating sample. - in file: main.py - line: 344
2023-08-25 11:56:50 INFO: Finished computing patch[16] in 0.13s. - in file: main.py - line: 399
2023-08-25 11:56:50 INFO: Started computing patch[17]. - in file: main.py - line: 379
2023-08-25 11:56:50 INFO: FSI_score 0.0 of sample 17 not high enough to continue generating sample. - in file: main.py - line: 344
2023-08-25 11:56:50 INFO: Finished computing patch[17] in 0.15s. - in file: main.py - line: 399
2023-08-25 11:56:50 INFO: Started computing patch[18]. - in file: main.py - line: 379
2023-08-25 11:56:50 INFO: FSI_score 0.0 of sample 18 not high enough to continue generating sample. - in file: main.py - line: 344
2023-08-25 11:56:50 INFO: Finished computing patch[18] in 0.16s. - in file: main.py - line: 399
2023-08-25 11:56:50 INFO: Started computing patch[19]. - in file: main.py - line: 379
2023-08-25 11:56:51 INFO: FSI_score 0.0 of sample 19 not high enough to continue generating sample. - in file: main.py - line: 344
2023-08-25 11:56:51 INFO: Finished computing patch[19] in 0.15s. - in file: main.py - line: 399
2023-08-25 11:56:51 INFO: Started computing patch[20]. - in file: main.py - line: 379
2023-08-25 11:56:51 INFO: FSI_score 0.0 of sample 20 not high enough to continue generating sample. - in file: main.py - line: 344
2023-08-25 11:56:51 INFO: Finished computing patch[20] in 0.17s. - in file: main.py - line: 399
2023-08-25 11:56:51 INFO: Started computing patch[21]. - in file: main.py - line: 379
2023-08-25 11:56:51 INFO: FSI_score 0.0 of sample 21 not high enough to continue generating sample. - in file: main.py - line: 344
2023-08-25 11:56:51 INFO: Finished computing patch[21] in 0.18s. - in file: main.py - line: 399
2023-08-25 11:56:51 INFO: Started computing patch[22]. - in file: main.py - line: 379
2023-08-25 11:56:51 INFO: FSI_score 0.0 of sample 22 not high enough to continue generating sample. - in file: main.py - line: 344
2023-08-25 11:56:51 INFO: Finished computing patch[22] in 0.2s. - in file: main.py - line: 399
2023-08-25 11:56:51 INFO: Started computing patch[23]. - in file: main.py - line: 379
2023-08-25 11:56:51 INFO: FSI_score 0.0 of sample 23 not high enough to continue generating sample. - in file: main.py - line: 344
2023-08-25 11:56:51 INFO: Finished computing patch[23] in 0.14s. - in file: main.py - line: 399
2023-08-25 11:56:51 INFO: Started computing patch[24]. - in file: main.py - line: 379
2023-08-25 11:56:51 INFO: FSI_score 0.0 of sample 24 not high enough to continue generating sample. - in file: main.py - line: 344
2023-08-25 11:56:51 INFO: Finished computing patch[24] in 0.16s. - in file: main.py - line: 399
2023-08-25 11:56:51 INFO: Started computing patch[25]. - in file: main.py - line: 379
2023-08-25 11:56:52 INFO: FSI_score 0.0 of sample 25 not high enough to continue generating sample. - in file: main.py - line: 344
2023-08-25 11:56:52 INFO: Finished computing patch[25] in 0.13s. - in file: main.py - line: 399
2023-08-25 11:56:52 INFO: Started computing patch[26]. - in file: main.py - line: 379
2023-08-25 11:56:52 INFO: FSI_score 0.0 of sample 26 not high enough to continue generating sample. - in file: main.py - line: 344
2023-08-25 11:56:52 INFO: Finished computing patch[26] in 0.11s. - in file: main.py - line: 399
2023-08-25 11:56:52 INFO: Started computing patch[27]. - in file: main.py - line: 379
2023-08-25 11:56:52 INFO: FSI_score 0.0 of sample 27 not high enough to continue generating sample. - in file: main.py - line: 344
2023-08-25 11:56:52 INFO: Finished computing patch[27] in 0.13s. - in file: main.py - line: 399
2023-08-25 11:56:52 INFO: Started computing patch[28]. - in file: main.py - line: 379
2023-08-25 11:56:52 INFO: FSI_score 0.0 of sample 28 not high enough to continue generating sample. - in file: main.py - line: 344
2023-08-25 11:56:52 INFO: Finished computing patch[28] in 0.14s. - in file: main.py - line: 399
2023-08-25 11:56:52 INFO: Started computing patch[29]. - in file: main.py - line: 379
2023-08-25 11:56:52 INFO: FSI_score 0.0 of sample 29 not high enough to continue generating sample. - in file: main.py - line: 344
2023-08-25 11:56:52 INFO: Finished computing patch[29] in 0.12s. - in file: main.py - line: 399
2023-08-25 11:56:52 INFO: Started computing patch[30]. - in file: main.py - line: 379
2023-08-25 11:56:52 INFO: FSI_score 0.0 of sample 30 not high enough to continue generating sample. - in file: main.py - line: 344
2023-08-25 11:56:52 INFO: Finished computing patch[30] in 0.11s. - in file: main.py - line: 399
2023-08-25 11:56:52 INFO: Started computing patch[31]. - in file: main.py - line: 379
2023-08-25 11:56:52 INFO: FSI_score 0.0 of sample 31 not high enough to continue generating sample. - in file: main.py - line: 344
2023-08-25 11:56:52 INFO: Finished computing patch[31] in 0.1s. - in file: main.py - line: 399
2023-08-25 11:56:52 INFO: Started computing patch[32]. - in file: main.py - line: 379
2023-08-25 11:56:52 INFO: FSI_score 0.0 of sample 32 not high enough to continue generating sample. - in file: main.py - line: 344
2023-08-25 11:56:52 INFO: Finished computing patch[32] in 0.12s. - in file: main.py - line: 399
2023-08-25 11:56:52 INFO: Started computing patch[33]. - in file: main.py - line: 379
2023-08-25 11:56:52 INFO: FSI_score 0.0 of sample 33 not high enough to continue generating sample. - in file: main.py - line: 344
2023-08-25 11:56:52 INFO: Finished computing patch[33] in 0.1s. - in file: main.py - line: 399
2023-08-25 11:56:52 INFO: Started computing patch[34]. - in file: main.py - line: 379
2023-08-25 11:56:53 INFO: FSI_score 0.0 of sample 34 not high enough to continue generating sample. - in file: main.py - line: 344
2023-08-25 11:56:53 INFO: Finished computing patch[34] in 0.11s. - in file: main.py - line: 399
2023-08-25 11:56:53 INFO: Started computing patch[35]. - in file: main.py - line: 379
2023-08-25 11:56:53 INFO: FSI_score 0.0 of sample 35 not high enough to continue generating sample. - in file: main.py - line: 344
2023-08-25 11:56:53 INFO: Finished computing patch[35] in 0.1s. - in file: main.py - line: 399
2023-08-25 11:56:53 INFO: Started computing patch[36]. - in file: main.py - line: 379
2023-08-25 11:56:53 INFO: FSI_score 0.0 of sample 36 not high enough to continue generating sample. - in file: main.py - line: 344
2023-08-25 11:56:53 INFO: Finished computing patch[36] in 0.12s. - in file: main.py - line: 399
2023-08-25 11:56:53 INFO: Started computing patch[37]. - in file: main.py - line: 379
2023-08-25 11:56:53 INFO: FSI_score 0.0 of sample 37 not high enough to continue generating sample. - in file: main.py - line: 344
2023-08-25 11:56:53 INFO: Finished computing patch[37] in 0.14s. - in file: main.py - line: 399
2023-08-25 11:56:53 INFO: Started computing patch[38]. - in file: main.py - line: 379
2023-08-25 11:56:53 INFO: FSI_score 0.0 of sample 38 not high enough to continue generating sample. - in file: main.py - line: 344
2023-08-25 11:56:53 INFO: Finished computing patch[38] in 0.1s. - in file: main.py - line: 399
2023-08-25 11:56:53 INFO: Started computing patch[39]. - in file: main.py - line: 379
2023-08-25 11:56:53 INFO: FSI_score 0.0 of sample 39 not high enough to continue generating sample. - in file: main.py - line: 344
2023-08-25 11:56:53 INFO: Finished computing patch[39] in 0.12s. - in file: main.py - line: 399
2023-08-25 11:56:53 INFO: Started computing patch[40]. - in file: main.py - line: 379
2023-08-25 11:56:53 INFO: FSI_score 0.0 of sample 40 not high enough to continue generating sample. - in file: main.py - line: 344
2023-08-25 11:56:53 INFO: Finished computing patch[40] in 0.13s. - in file: main.py - line: 399
2023-08-25 11:56:53 INFO: Started computing patch[41]. - in file: main.py - line: 379
2023-08-25 11:56:53 INFO: FSI_score 0.0 of sample 41 not high enough to continue generating sample. - in file: main.py - line: 344
2023-08-25 11:56:53 INFO: Finished computing patch[41] in 0.1s. - in file: main.py - line: 399
2023-08-25 11:56:53 INFO: Started computing patch[42]. - in file: main.py - line: 379
2023-08-25 11:56:54 INFO: FSI_score 0.0 of sample 42 not high enough to continue generating sample. - in file: main.py - line: 344
2023-08-25 11:56:54 INFO: Finished computing patch[42] in 0.13s. - in file: main.py - line: 399
2023-08-25 11:56:54 INFO: Started computing patch[43]. - in file: main.py - line: 379
2023-08-25 11:56:54 INFO: FSI_score 0.0 of sample 43 not high enough to continue generating sample. - in file: main.py - line: 344
2023-08-25 11:56:54 INFO: Finished computing patch[43] in 0.19s. - in file: main.py - line: 399
2023-08-25 11:56:54 INFO: Started computing patch[44]. - in file: main.py - line: 379
2023-08-25 11:56:54 INFO: FSI_score 0.0 of sample 44 not high enough to continue generating sample. - in file: main.py - line: 344
2023-08-25 11:56:54 INFO: Finished computing patch[44] in 0.17s. - in file: main.py - line: 399
2023-08-25 11:56:54 INFO: Started computing patch[45]. - in file: main.py - line: 379
2023-08-25 11:56:54 INFO: FSI_score 0.0 of sample 45 not high enough to continue generating sample. - in file: main.py - line: 344
2023-08-25 11:56:54 INFO: Finished computing patch[45] in 0.15s. - in file: main.py - line: 399
2023-08-25 11:56:54 INFO: Started computing patch[46]. - in file: main.py - line: 379
2023-08-25 11:56:54 INFO: FSI_score 0.0 of sample 46 not high enough to continue generating sample. - in file: main.py - line: 344
2023-08-25 11:56:54 INFO: Finished computing patch[46] in 0.12s. - in file: main.py - line: 399
2023-08-25 11:56:54 INFO: Started computing patch[47]. - in file: main.py - line: 379
2023-08-25 11:56:54 INFO: FSI_score 0.0 of sample 47 not high enough to continue generating sample. - in file: main.py - line: 344
2023-08-25 11:56:54 INFO: Finished computing patch[47] in 0.12s. - in file: main.py - line: 399
2023-08-25 11:56:54 INFO: Started computing patch[48]. - in file: main.py - line: 379
2023-08-25 11:56:54 INFO: FSI_score 0.0 of sample 48 not high enough to continue generating sample. - in file: main.py - line: 344
2023-08-25 11:56:54 INFO: Finished computing patch[48] in 0.11s. - in file: main.py - line: 399
2023-08-25 11:56:54 INFO: Started computing patch[49]. - in file: main.py - line: 379
2023-08-25 11:56:55 INFO: FSI_score 0.0 of sample 49 not high enough to continue generating sample. - in file: main.py - line: 344
2023-08-25 11:56:55 INFO: Finished computing patch[49] in 0.11s. - in file: main.py - line: 399
2023-08-25 11:56:55 INFO: Started computing patch[50]. - in file: main.py - line: 379
2023-08-25 11:56:55 INFO: FSI_score 0.0 of sample 50 not high enough to continue generating sample. - in file: main.py - line: 344
2023-08-25 11:56:55 INFO: Finished computing patch[50] in 0.11s. - in file: main.py - line: 399
2023-08-25 11:56:55 INFO: Started computing patch[51]. - in file: main.py - line: 379
2023-08-25 11:56:55 INFO: FSI_score 0.0 of sample 51 not high enough to continue generating sample. - in file: main.py - line: 344
2023-08-25 11:56:55 INFO: Finished computing patch[51] in 0.11s. - in file: main.py - line: 399
2023-08-25 11:56:55 INFO: Started computing patch[52]. - in file: main.py - line: 379
2023-08-25 11:56:55 INFO: FSI_score 0.0 of sample 52 not high enough to continue generating sample. - in file: main.py - line: 344
2023-08-25 11:56:55 INFO: Finished computing patch[52] in 0.1s. - in file: main.py - line: 399
2023-08-25 11:56:55 INFO: Started computing patch[53]. - in file: main.py - line: 379
2023-08-25 11:56:55 INFO: FSI_score 0.01 of sample 53 not high enough to continue generating sample. - in file: main.py - line: 344
2023-08-25 11:56:55 INFO: Finished computing patch[53] in 0.19s. - in file: main.py - line: 399
2023-08-25 11:56:55 INFO: Started computing patch[54]. - in file: main.py - line: 379
2023-08-25 11:56:55 INFO: FSI_score 0.06 of sample 54 not high enough to continue generating sample. - in file: main.py - line: 344
2023-08-25 11:56:55 INFO: Finished computing patch[54] in 0.12s. - in file: main.py - line: 399
2023-08-25 11:56:55 INFO: Started computing patch[55]. - in file: main.py - line: 379
2023-08-25 11:56:55 INFO: FSI_score 0.2 of sample 55 not high enough to continue generating sample. - in file: main.py - line: 344
2023-08-25 11:56:55 INFO: Finished computing patch[55] in 0.11s. - in file: main.py - line: 399
2023-08-25 11:56:55 INFO: Started computing patch[56]. - in file: main.py - line: 379
2023-08-25 11:56:55 INFO: Started preprocessing mesh for patch[56] with FSI value of 0.31 - in file: main.py - line: 310
2023-08-25 12:00:09 INFO: Computing sensors for mesh patch[56] - in file: main.py - line: 314
2023-08-25 12:00:29 INFO: Generating model for mesh patch[56] augmentation 0 - in file: main.py - line: 323
2023-08-25 12:00:30 INFO: Simulating irradiance model for mesh patch[56] augmentation 0 - in file: main.py - line: 325
2023-08-25 12:00:59 CRITICAL: Error message: Invalid result folder: C:\Users\Job de Vogel\simulation\326718a5-77ed-46b7-9ff9-f9e1a27da3f2\cumulative_radiation\results/cumulative_radiation - in file: main.py - line: 396
2023-08-25 12:00:59 CRITICAL: Running task with index 56 failed! - in file: main.py - line: 397
2023-08-25 12:00:59 INFO: Finished computing patch[56] in 243.82s. - in file: main.py - line: 399
2023-08-25 12:00:59 INFO: Started computing patch[57]. - in file: main.py - line: 379
2023-08-25 12:00:59 INFO: Started preprocessing mesh for patch[57] with FSI value of 0.35 - in file: main.py - line: 310
