2023-08-01 15:50:22 INFO: Finished loading rhinoinside... - in file: main.py - line: 19
2023-08-01 15:50:29 WARNING: Deleting all files in ['./data/geometry/', './data/irradiance/', './data/outlines/'] - in file: main.py - line: 48
2023-08-01 15:50:29 WARNING: Deletion successfull! - in file: main.py - line: 54
2023-08-01 15:50:39 INFO: Loaded 3D BAG dataset with 1211 roofs and 1211 walls from C://Users//Job de Vogel//OneDrive//Documenten//TU Delft//Master Thesis//Dataset_pipeline//3D_BAG_dataset//3dbag_v210908_fd2cee53_lod12_3d_5859.obj. - in file: file.py - line: 130
2023-08-01 15:50:40 WARNING: Mesh 713 does not have outline with height lower than tolerance 0.01 - in file: outlines.py - line: 128
2023-08-01 15:50:40 INFO: Started computing patch[0]. - in file: main.py - line: 195
2023-08-01 15:50:41 INFO: Started computing mesh for mesh[0] with FSI value of 0.23 - in file: main.py - line: 79
2023-08-01 15:50:41 INFO: Generating walls for mesh patch[0] - in file: main.py - line: 80
2023-08-01 15:50:45 WARNING: Point containment coincident - in file: meshing.py - line: 59
2023-08-01 15:50:58 INFO: Polyines outlines_0 saved in 0s - in file: save.py - line: 68
2023-08-01 15:50:59 INFO: Started solar irradiance simulation with arguments -ab 3 -ad 5000 -as 1024 -c 1 -dc 0.75 -dp 512 -dr 3 -ds 0.05 -dt 0.15 -lr 8 -lw 4e-07 -ss 1.0 -st 0.15 - in file: run.py - line: 44
2023-08-01 15:51:24 INFO: Computed 25008 solar irradiance values for model custom_name - in file: run.py - line: 47
2023-08-01 15:51:25 INFO: Mesh mesh_0_base saved in 1s - in file: save.py - line: 50
2023-08-01 15:51:25 INFO: Array_list sensors_0_base saved in 0s - in file: save.py - line: 86
2023-08-01 15:51:25 INFO: Finished computing patch[0] in 45.54s. - in file: main.py - line: 200
2023-08-01 15:51:25 INFO: Started computing patch[1]. - in file: main.py - line: 195
2023-08-01 15:51:26 INFO: Started computing mesh for mesh[1] with FSI value of 0.21 - in file: main.py - line: 79
2023-08-01 15:51:26 INFO: Generating walls for mesh patch[1] - in file: main.py - line: 80
2023-08-01 15:51:29 WARNING: Point containment coincident - in file: meshing.py - line: 59
2023-08-01 15:51:29 WARNING: Point containment coincident - in file: meshing.py - line: 59
2023-08-01 15:51:29 WARNING: Point containment coincident - in file: meshing.py - line: 59
2023-08-01 15:51:44 INFO: Polyines outlines_1 saved in 0s - in file: save.py - line: 68
2023-08-01 15:51:46 INFO: Started solar irradiance simulation with arguments -ab 3 -ad 5000 -as 1024 -c 1 -dc 0.75 -dp 512 -dr 3 -ds 0.05 -dt 0.15 -lr 8 -lw 4e-07 -ss 1.0 -st 0.15 - in file: run.py - line: 44
2023-08-01 15:52:12 INFO: Computed 23978 solar irradiance values for model custom_name - in file: run.py - line: 47
2023-08-01 15:52:12 INFO: Mesh mesh_1_base saved in 1s - in file: save.py - line: 50
2023-08-01 15:52:13 INFO: Array_list sensors_1_base saved in 0s - in file: save.py - line: 86
2023-08-01 15:52:13 INFO: Finished computing patch[1] in 47.36s. - in file: main.py - line: 200
2023-08-01 15:52:13 INFO: Started computing patch[2]. - in file: main.py - line: 195
2023-08-01 15:52:14 INFO: FSI_score 0.16 of sample 2 not high enough to continue generating sample. - in file: main.py - line: 163
2023-08-01 15:52:14 INFO: Finished computing patch[2] in 1.12s. - in file: main.py - line: 200
2023-08-01 15:52:14 INFO: Started computing patch[3]. - in file: main.py - line: 195
2023-08-01 15:52:15 INFO: FSI_score 0.12 of sample 3 not high enough to continue generating sample. - in file: main.py - line: 163
2023-08-01 15:52:15 INFO: Finished computing patch[3] in 0.74s. - in file: main.py - line: 200
2023-08-01 15:52:15 INFO: Started computing patch[4]. - in file: main.py - line: 195
2023-08-01 15:52:16 INFO: FSI_score 0.12 of sample 4 not high enough to continue generating sample. - in file: main.py - line: 163
2023-08-01 15:52:16 INFO: Finished computing patch[4] in 0.96s. - in file: main.py - line: 200
2023-08-01 15:52:16 INFO: Started computing patch[5]. - in file: main.py - line: 195
2023-08-01 15:52:16 INFO: FSI_score 0.16 of sample 5 not high enough to continue generating sample. - in file: main.py - line: 163
2023-08-01 15:52:16 INFO: Finished computing patch[5] in 0.77s. - in file: main.py - line: 200
2023-08-01 15:52:16 INFO: Started computing patch[6]. - in file: main.py - line: 195
2023-08-01 15:52:17 INFO: FSI_score 0.18 of sample 6 not high enough to continue generating sample. - in file: main.py - line: 163
2023-08-01 15:52:17 INFO: Finished computing patch[6] in 0.62s. - in file: main.py - line: 200
2023-08-01 15:52:17 INFO: Started computing patch[7]. - in file: main.py - line: 195
2023-08-01 15:52:18 INFO: Started computing mesh for mesh[7] with FSI value of 0.22 - in file: main.py - line: 79
2023-08-01 15:52:18 INFO: Generating walls for mesh patch[7] - in file: main.py - line: 80
2023-08-01 15:52:31 INFO: Polyines outlines_7 saved in 0s - in file: save.py - line: 68
2023-08-01 15:52:32 INFO: Started solar irradiance simulation with arguments -ab 3 -ad 5000 -as 1024 -c 1 -dc 0.75 -dp 512 -dr 3 -ds 0.05 -dt 0.15 -lr 8 -lw 4e-07 -ss 1.0 -st 0.15 - in file: run.py - line: 44
2023-08-01 15:52:54 INFO: Computed 21754 solar irradiance values for model custom_name - in file: run.py - line: 47
2023-08-01 15:52:54 INFO: Mesh mesh_7_base saved in 1s - in file: save.py - line: 50
2023-08-01 15:52:55 INFO: Array_list sensors_7_base saved in 0s - in file: save.py - line: 86
2023-08-01 15:52:55 INFO: Finished computing patch[7] in 37.66s. - in file: main.py - line: 200
2023-08-01 15:52:55 INFO: Started computing patch[8]. - in file: main.py - line: 195
2023-08-01 15:52:55 INFO: Started computing mesh for mesh[8] with FSI value of 0.21 - in file: main.py - line: 79
2023-08-01 15:52:55 INFO: Generating walls for mesh patch[8] - in file: main.py - line: 80
2023-08-01 15:53:11 INFO: Polyines outlines_8 saved in 0s - in file: save.py - line: 68
2023-08-01 15:53:14 INFO: Started solar irradiance simulation with arguments -ab 3 -ad 5000 -as 1024 -c 1 -dc 0.75 -dp 512 -dr 3 -ds 0.05 -dt 0.15 -lr 8 -lw 4e-07 -ss 1.0 -st 0.15 - in file: run.py - line: 44
