2023-07-29 21:20:10,094 - INFO - Finished loading rhinoinside... - in file: main.py - line: 11
2023-07-29 21:20:14,266 - WARNING - Deleted all files in ['./data/geometry', './data/outlines', './data/irradiance'] - in file: main.py - line: 56
2023-07-29 21:20:28,952 - INFO - Loaded 3D BAG dataset with 1211 roofs and 1211 walls from C://Users//Job de Vogel//OneDrive//Documenten//TU Delft//Master Thesis//Dataset_pipeline//3D_BAG_dataset//3dbag_v210908_fd2cee53_lod12_3d_5859.obj. - in file: file.py - line: 130
2023-07-29 21:20:29,059 - INFO - Started computing patch[10]. - in file: main.py - line: 135
2023-07-29 21:20:29,373 - WARNING - Mesh 713 does not have outline with height lower than tolerance 0.01 - in file: outlines.py - line: 128
2023-07-29 21:20:30,013 - INFO - Started computing mesh for mesh[10] with FSI value of 0.21 - in file: main.py - line: 79
2023-07-29 21:20:45,279 - INFO - Mesh mesh_10 saved in 1s - in file: save.py - line: 50
2023-07-29 21:20:45,502 - INFO - Array_list sensors_10 saved in 0s - in file: save.py - line: 86
2023-07-29 21:20:45,513 - INFO - Polyines outlines_10 saved in 0s - in file: save.py - line: 68
2023-07-29 21:20:45,554 - INFO - Finished computing patch[10] in 16.5s. - in file: main.py - line: 137
2023-07-29 21:20:45,554 - INFO - ----- NEXT PATCH -----. - in file: main.py - line: 138
2023-07-29 21:20:45,556 - INFO - Started computing patch[11]. - in file: main.py - line: 135
2023-07-29 21:20:45,827 - WARNING - Mesh 713 does not have outline with height lower than tolerance 0.01 - in file: outlines.py - line: 128
2023-07-29 21:20:46,474 - INFO - FSI_score 0.19 of sample 11 not high enough to continue generating sample. - in file: main.py - line: 126
2023-07-29 21:20:46,476 - INFO - Finished computing patch[11] in 0.92s. - in file: main.py - line: 137
2023-07-29 21:20:46,476 - INFO - ----- NEXT PATCH -----. - in file: main.py - line: 138
2023-07-29 21:20:46,477 - INFO - Started computing patch[12]. - in file: main.py - line: 135
2023-07-29 21:20:46,711 - WARNING - Mesh 713 does not have outline with height lower than tolerance 0.01 - in file: outlines.py - line: 128
2023-07-29 21:20:47,288 - INFO - FSI_score 0.14 of sample 12 not high enough to continue generating sample. - in file: main.py - line: 126
2023-07-29 21:20:47,290 - INFO - Finished computing patch[12] in 0.81s. - in file: main.py - line: 137
2023-07-29 21:20:47,291 - INFO - ----- NEXT PATCH -----. - in file: main.py - line: 138
2023-07-29 21:20:47,291 - INFO - Started computing patch[13]. - in file: main.py - line: 135
2023-07-29 21:20:47,491 - WARNING - Mesh 713 does not have outline with height lower than tolerance 0.01 - in file: outlines.py - line: 128
2023-07-29 21:20:48,208 - INFO - FSI_score 0.12 of sample 13 not high enough to continue generating sample. - in file: main.py - line: 126
2023-07-29 21:20:48,210 - INFO - Finished computing patch[13] in 0.92s. - in file: main.py - line: 137
2023-07-29 21:20:48,211 - INFO - ----- NEXT PATCH -----. - in file: main.py - line: 138
2023-07-29 21:20:48,211 - INFO - Started computing patch[14]. - in file: main.py - line: 135
2023-07-29 21:20:48,442 - WARNING - Mesh 713 does not have outline with height lower than tolerance 0.01 - in file: outlines.py - line: 128
2023-07-29 21:20:48,983 - INFO - FSI_score 0.07 of sample 14 not high enough to continue generating sample. - in file: main.py - line: 126
2023-07-29 21:20:48,984 - INFO - Finished computing patch[14] in 0.77s. - in file: main.py - line: 137
2023-07-29 21:20:48,984 - INFO - ----- NEXT PATCH -----. - in file: main.py - line: 138
2023-07-29 21:20:48,984 - INFO - Started computing patch[15]. - in file: main.py - line: 135
2023-07-29 21:20:49,193 - WARNING - Mesh 713 does not have outline with height lower than tolerance 0.01 - in file: outlines.py - line: 128
2023-07-29 21:20:49,678 - INFO - FSI_score 0.03 of sample 15 not high enough to continue generating sample. - in file: main.py - line: 126
2023-07-29 21:20:49,678 - INFO - Finished computing patch[15] in 0.69s. - in file: main.py - line: 137
2023-07-29 21:20:49,680 - INFO - ----- NEXT PATCH -----. - in file: main.py - line: 138
2023-07-29 21:20:49,680 - INFO - Started computing patch[16]. - in file: main.py - line: 135
2023-07-29 21:20:49,876 - WARNING - Mesh 713 does not have outline with height lower than tolerance 0.01 - in file: outlines.py - line: 128
2023-07-29 21:20:50,597 - INFO - FSI_score 0.04 of sample 16 not high enough to continue generating sample. - in file: main.py - line: 126
2023-07-29 21:20:50,599 - INFO - Finished computing patch[16] in 0.92s. - in file: main.py - line: 137
2023-07-29 21:20:50,599 - INFO - ----- NEXT PATCH -----. - in file: main.py - line: 138
2023-07-29 21:20:50,600 - INFO - Started computing patch[17]. - in file: main.py - line: 135
2023-07-29 21:20:50,847 - WARNING - Mesh 713 does not have outline with height lower than tolerance 0.01 - in file: outlines.py - line: 128
2023-07-29 21:20:51,414 - INFO - FSI_score 0.15 of sample 17 not high enough to continue generating sample. - in file: main.py - line: 126
2023-07-29 21:20:51,417 - INFO - Finished computing patch[17] in 0.82s. - in file: main.py - line: 137
2023-07-29 21:20:51,417 - INFO - ----- NEXT PATCH -----. - in file: main.py - line: 138
2023-07-29 21:20:51,417 - INFO - Started computing patch[18]. - in file: main.py - line: 135
2023-07-29 21:20:51,640 - WARNING - Mesh 713 does not have outline with height lower than tolerance 0.01 - in file: outlines.py - line: 128
2023-07-29 21:20:52,156 - INFO - Started computing mesh for mesh[18] with FSI value of 0.22 - in file: main.py - line: 79
2023-07-29 21:21:03,691 - INFO - Mesh mesh_18 saved in 1s - in file: save.py - line: 50
2023-07-29 21:21:03,821 - INFO - Array_list sensors_18 saved in 0s - in file: save.py - line: 86
2023-07-29 21:21:03,828 - INFO - Polyines outlines_18 saved in 0s - in file: save.py - line: 68
2023-07-29 21:21:03,852 - INFO - Finished computing patch[18] in 12.44s. - in file: main.py - line: 137
2023-07-29 21:21:03,853 - INFO - ----- NEXT PATCH -----. - in file: main.py - line: 138
2023-07-29 21:21:03,853 - INFO - Started computing patch[19]. - in file: main.py - line: 135
2023-07-29 21:21:04,069 - WARNING - Mesh 713 does not have outline with height lower than tolerance 0.01 - in file: outlines.py - line: 128
2023-07-29 21:21:04,792 - INFO - Started computing mesh for mesh[19] with FSI value of 0.25 - in file: main.py - line: 79
2023-07-29 21:21:18,943 - INFO - Mesh mesh_19 saved in 1s - in file: save.py - line: 50
2023-07-29 21:21:19,269 - INFO - Array_list sensors_19 saved in 0s - in file: save.py - line: 86
2023-07-29 21:21:19,280 - INFO - Polyines outlines_19 saved in 0s - in file: save.py - line: 68
2023-07-29 21:21:19,326 - INFO - Finished computing patch[19] in 15.47s. - in file: main.py - line: 137
2023-07-29 21:21:19,326 - INFO - ----- NEXT PATCH -----. - in file: main.py - line: 138
2023-07-29 21:21:19,327 - INFO - Started computing patch[20]. - in file: main.py - line: 135
2023-07-29 21:21:19,598 - WARNING - Mesh 713 does not have outline with height lower than tolerance 0.01 - in file: outlines.py - line: 128
2023-07-29 21:21:20,240 - INFO - Started computing mesh for mesh[20] with FSI value of 0.27 - in file: main.py - line: 79
