2023-07-29 16:52:11,986 - INFO - Finished loading rhinoinside... - in file: main.py - line: 11
2023-07-29 16:52:24,609 - INFO - Loaded 3D BAG dataset with 1211 roofs and 1211 walls from C://Users//Job de Vogel//OneDrive//Documenten//TU Delft//Master Thesis//Dataset_pipeline//3D_BAG_dataset//3dbag_v210908_fd2cee53_lod12_3d_5859.obj. - in file: file.py - line: 130
2023-07-29 16:52:24,694 - INFO - Started computing patch[1]. - in file: main.py - line: 119
2023-07-29 16:52:24,916 - WARNING - Mesh 713 does not have outline with height lower than tolerance 0.01 - in file: outlines.py - line: 128
2023-07-29 16:52:40,575 - INFO - Started solar irradiance simulation with arguments -ab 6 -ad 25000 -as 4096 -c 1 -dc 0.75 -dp 512 -dr 3 -ds 0.05 -dt 0.15 -lr 8 -lw 4e-07 -ss 1.0 -st 0.15 - in file: run.py - line: 44
2023-07-29 16:53:32,894 - INFO - Computed 24275 solar irradiance values for model custom_name - in file: run.py - line: 47
2023-07-29 16:53:33,856 - INFO - Mesh mesh_1 saved in 1s - in file: save.py - line: 50
2023-07-29 16:53:34,043 - INFO - Array_list sensors_1 saved in 0s - in file: save.py - line: 86
2023-07-29 16:53:34,053 - INFO - Polyines outlines_1 saved in 0s - in file: save.py - line: 68
2023-07-29 16:53:34,079 - INFO - Finished computing patch[1] in 69.38s. - in file: main.py - line: 121
2023-07-29 16:53:34,080 - INFO - ----- NEXT PATCH -----. - in file: main.py - line: 122
2023-07-29 16:53:34,080 - INFO - Started computing patch[2]. - in file: main.py - line: 119
2023-07-29 16:53:34,280 - WARNING - Mesh 713 does not have outline with height lower than tolerance 0.01 - in file: outlines.py - line: 128
2023-07-29 16:53:34,793 - INFO - FSI_score 0.19171195760275328 of sample 2 not high enough to continue generating sample. - in file: main.py - line: 110
2023-07-29 16:53:34,794 - INFO - Finished computing patch[2] in 0.71s. - in file: main.py - line: 121
2023-07-29 16:53:34,794 - INFO - ----- NEXT PATCH -----. - in file: main.py - line: 122
2023-07-29 16:53:34,794 - INFO - Started computing patch[3]. - in file: main.py - line: 119
2023-07-29 16:53:34,983 - WARNING - Mesh 713 does not have outline with height lower than tolerance 0.01 - in file: outlines.py - line: 128
2023-07-29 16:53:35,513 - INFO - FSI_score 0.14307607371779021 of sample 3 not high enough to continue generating sample. - in file: main.py - line: 110
2023-07-29 16:53:35,515 - INFO - Finished computing patch[3] in 0.72s. - in file: main.py - line: 121
2023-07-29 16:53:35,516 - INFO - ----- NEXT PATCH -----. - in file: main.py - line: 122
2023-07-29 16:53:35,516 - INFO - Started computing patch[4]. - in file: main.py - line: 119
2023-07-29 16:53:35,847 - WARNING - Mesh 713 does not have outline with height lower than tolerance 0.01 - in file: outlines.py - line: 128
2023-07-29 16:53:36,462 - INFO - FSI_score 0.11300492020406082 of sample 4 not high enough to continue generating sample. - in file: main.py - line: 110
2023-07-29 16:53:36,463 - INFO - Finished computing patch[4] in 0.95s. - in file: main.py - line: 121
2023-07-29 16:53:36,464 - INFO - ----- NEXT PATCH -----. - in file: main.py - line: 122
2023-07-29 16:53:36,464 - INFO - Started computing patch[5]. - in file: main.py - line: 119
2023-07-29 16:53:36,663 - WARNING - Mesh 713 does not have outline with height lower than tolerance 0.01 - in file: outlines.py - line: 128
2023-07-29 16:53:37,164 - INFO - FSI_score 0.12480174732405579 of sample 5 not high enough to continue generating sample. - in file: main.py - line: 110
2023-07-29 16:53:37,166 - INFO - Finished computing patch[5] in 0.7s. - in file: main.py - line: 121
2023-07-29 16:53:37,166 - INFO - ----- NEXT PATCH -----. - in file: main.py - line: 122
2023-07-29 16:53:37,166 - INFO - Started computing patch[6]. - in file: main.py - line: 119
2023-07-29 16:53:37,377 - WARNING - Mesh 713 does not have outline with height lower than tolerance 0.01 - in file: outlines.py - line: 128
2023-07-29 16:53:37,998 - INFO - FSI_score 0.15592577478361067 of sample 6 not high enough to continue generating sample. - in file: main.py - line: 110
2023-07-29 16:53:38,000 - INFO - Finished computing patch[6] in 0.83s. - in file: main.py - line: 121
2023-07-29 16:53:38,002 - INFO - ----- NEXT PATCH -----. - in file: main.py - line: 122
2023-07-29 16:53:38,002 - INFO - Started computing patch[7]. - in file: main.py - line: 119
2023-07-29 16:53:38,316 - WARNING - Mesh 713 does not have outline with height lower than tolerance 0.01 - in file: outlines.py - line: 128
2023-07-29 16:53:38,899 - INFO - FSI_score 0.17484121236208988 of sample 7 not high enough to continue generating sample. - in file: main.py - line: 110
2023-07-29 16:53:38,901 - INFO - Finished computing patch[7] in 0.9s. - in file: main.py - line: 121
2023-07-29 16:53:38,901 - INFO - ----- NEXT PATCH -----. - in file: main.py - line: 122
2023-07-29 16:53:38,901 - INFO - Started computing patch[8]. - in file: main.py - line: 119
2023-07-29 16:53:39,125 - WARNING - Mesh 713 does not have outline with height lower than tolerance 0.01 - in file: outlines.py - line: 128
2023-07-29 16:53:39,658 - INFO - FSI_score 0.19010666617966135 of sample 8 not high enough to continue generating sample. - in file: main.py - line: 110
2023-07-29 16:53:39,659 - INFO - Finished computing patch[8] in 0.76s. - in file: main.py - line: 121
2023-07-29 16:53:39,660 - INFO - ----- NEXT PATCH -----. - in file: main.py - line: 122
2023-07-29 16:53:39,660 - INFO - Started computing patch[9]. - in file: main.py - line: 119
2023-07-29 16:53:39,887 - WARNING - Mesh 713 does not have outline with height lower than tolerance 0.01 - in file: outlines.py - line: 128
2023-07-29 16:53:44,829 - WARNING - Point containment coincident - in file: meshing.py - line: 44
2023-07-29 16:53:44,829 - WARNING - Point containment coincident - in file: meshing.py - line: 44
2023-07-29 16:53:54,509 - INFO - Started solar irradiance simulation with arguments -ab 6 -ad 25000 -as 4096 -c 1 -dc 0.75 -dp 512 -dr 3 -ds 0.05 -dt 0.15 -lr 8 -lw 4e-07 -ss 1.0 -st 0.15 - in file: run.py - line: 44
2023-07-29 16:54:47,494 - INFO - Computed 22092 solar irradiance values for model custom_name - in file: run.py - line: 47
2023-07-29 16:54:48,209 - INFO - Mesh mesh_9 saved in 1s - in file: save.py - line: 50
2023-07-29 16:54:48,423 - INFO - Array_list sensors_9 saved in 0s - in file: save.py - line: 86
2023-07-29 16:54:48,438 - INFO - Polyines outlines_9 saved in 0s - in file: save.py - line: 68
2023-07-29 16:54:48,481 - INFO - Finished computing patch[9] in 68.82s. - in file: main.py - line: 121
2023-07-29 16:54:48,481 - INFO - ----- NEXT PATCH -----. - in file: main.py - line: 122
2023-07-29 16:54:48,481 - INFO - Started computing patch[10]. - in file: main.py - line: 119
2023-07-29 16:54:48,665 - WARNING - Mesh 713 does not have outline with height lower than tolerance 0.01 - in file: outlines.py - line: 128
2023-07-29 16:55:03,848 - INFO - Started solar irradiance simulation with arguments -ab 6 -ad 25000 -as 4096 -c 1 -dc 0.75 -dp 512 -dr 3 -ds 0.05 -dt 0.15 -lr 8 -lw 4e-07 -ss 1.0 -st 0.15 - in file: run.py - line: 44
2023-07-29 16:56:03,431 - INFO - Computed 22105 solar irradiance values for model custom_name - in file: run.py - line: 47
2023-07-29 16:56:04,137 - INFO - Mesh mesh_10 saved in 1s - in file: save.py - line: 50
2023-07-29 16:56:04,283 - INFO - Array_list sensors_10 saved in 0s - in file: save.py - line: 86
2023-07-29 16:56:04,290 - INFO - Polyines outlines_10 saved in 0s - in file: save.py - line: 68
2023-07-29 16:56:04,314 - INFO - Finished computing patch[10] in 75.83s. - in file: main.py - line: 121
2023-07-29 16:56:04,315 - INFO - ----- NEXT PATCH -----. - in file: main.py - line: 122
2023-07-29 16:56:04,315 - INFO - Started computing patch[11]. - in file: main.py - line: 119
2023-07-29 16:56:04,457 - WARNING - Mesh 713 does not have outline with height lower than tolerance 0.01 - in file: outlines.py - line: 128
2023-07-29 16:56:05,038 - INFO - FSI_score 0.1903744232069775 of sample 11 not high enough to continue generating sample. - in file: main.py - line: 110
2023-07-29 16:56:05,039 - INFO - Finished computing patch[11] in 0.72s. - in file: main.py - line: 121
2023-07-29 16:56:05,039 - INFO - ----- NEXT PATCH -----. - in file: main.py - line: 122
2023-07-29 16:56:05,040 - INFO - Started computing patch[12]. - in file: main.py - line: 119
2023-07-29 16:56:05,204 - WARNING - Mesh 713 does not have outline with height lower than tolerance 0.01 - in file: outlines.py - line: 128
2023-07-29 16:56:05,690 - INFO - FSI_score 0.13973404272758777 of sample 12 not high enough to continue generating sample. - in file: main.py - line: 110
2023-07-29 16:56:05,692 - INFO - Finished computing patch[12] in 0.65s. - in file: main.py - line: 121
2023-07-29 16:56:05,693 - INFO - ----- NEXT PATCH -----. - in file: main.py - line: 122
2023-07-29 16:56:05,693 - INFO - Started computing patch[13]. - in file: main.py - line: 119
2023-07-29 16:56:05,856 - WARNING - Mesh 713 does not have outline with height lower than tolerance 0.01 - in file: outlines.py - line: 128
2023-07-29 16:56:06,325 - INFO - FSI_score 0.11595098710172842 of sample 13 not high enough to continue generating sample. - in file: main.py - line: 110
2023-07-29 16:56:06,326 - INFO - Finished computing patch[13] in 0.63s. - in file: main.py - line: 121
2023-07-29 16:56:06,327 - INFO - ----- NEXT PATCH -----. - in file: main.py - line: 122
2023-07-29 16:56:06,327 - INFO - Started computing patch[14]. - in file: main.py - line: 119
2023-07-29 16:56:06,480 - WARNING - Mesh 713 does not have outline with height lower than tolerance 0.01 - in file: outlines.py - line: 128
2023-07-29 16:56:06,950 - INFO - FSI_score 0.072343508602149 of sample 14 not high enough to continue generating sample. - in file: main.py - line: 110
2023-07-29 16:56:06,952 - INFO - Finished computing patch[14] in 0.62s. - in file: main.py - line: 121
2023-07-29 16:56:06,953 - INFO - ----- NEXT PATCH -----. - in file: main.py - line: 122
2023-07-29 16:56:06,953 - INFO - Started computing patch[15]. - in file: main.py - line: 119
2023-07-29 16:56:07,160 - WARNING - Mesh 713 does not have outline with height lower than tolerance 0.01 - in file: outlines.py - line: 128
2023-07-29 16:56:07,658 - INFO - FSI_score 0.02623057464304747 of sample 15 not high enough to continue generating sample. - in file: main.py - line: 110
2023-07-29 16:56:07,660 - INFO - Finished computing patch[15] in 0.71s. - in file: main.py - line: 121
2023-07-29 16:56:07,660 - INFO - ----- NEXT PATCH -----. - in file: main.py - line: 122
2023-07-29 16:56:07,661 - INFO - Started computing patch[16]. - in file: main.py - line: 119
2023-07-29 16:56:07,805 - WARNING - Mesh 713 does not have outline with height lower than tolerance 0.01 - in file: outlines.py - line: 128
2023-07-29 16:56:08,238 - INFO - FSI_score 0.039136250473506 of sample 16 not high enough to continue generating sample. - in file: main.py - line: 110
2023-07-29 16:56:08,240 - INFO - Finished computing patch[16] in 0.58s. - in file: main.py - line: 121
2023-07-29 16:56:08,240 - INFO - ----- NEXT PATCH -----. - in file: main.py - line: 122
2023-07-29 16:56:08,240 - INFO - Started computing patch[17]. - in file: main.py - line: 119
2023-07-29 16:56:08,385 - WARNING - Mesh 713 does not have outline with height lower than tolerance 0.01 - in file: outlines.py - line: 128
2023-07-29 16:56:08,828 - INFO - FSI_score 0.14815080261831798 of sample 17 not high enough to continue generating sample. - in file: main.py - line: 110
2023-07-29 16:56:08,829 - INFO - Finished computing patch[17] in 0.59s. - in file: main.py - line: 121
2023-07-29 16:56:08,829 - INFO - ----- NEXT PATCH -----. - in file: main.py - line: 122
2023-07-29 16:56:08,829 - INFO - Started computing patch[18]. - in file: main.py - line: 119
2023-07-29 16:56:08,980 - WARNING - Mesh 713 does not have outline with height lower than tolerance 0.01 - in file: outlines.py - line: 128
2023-07-29 16:56:20,086 - INFO - Started solar irradiance simulation with arguments -ab 6 -ad 25000 -as 4096 -c 1 -dc 0.75 -dp 512 -dr 3 -ds 0.05 -dt 0.15 -lr 8 -lw 4e-07 -ss 1.0 -st 0.15 - in file: run.py - line: 44
2023-07-29 16:56:58,951 - INFO - Computed 19064 solar irradiance values for model custom_name - in file: run.py - line: 47
2023-07-29 16:56:59,649 - INFO - Mesh mesh_18 saved in 1s - in file: save.py - line: 50
2023-07-29 16:56:59,780 - INFO - Array_list sensors_18 saved in 0s - in file: save.py - line: 86
2023-07-29 16:56:59,786 - INFO - Polyines outlines_18 saved in 0s - in file: save.py - line: 68
2023-07-29 16:56:59,809 - INFO - Finished computing patch[18] in 50.98s. - in file: main.py - line: 121
2023-07-29 16:56:59,810 - INFO - ----- NEXT PATCH -----. - in file: main.py - line: 122
2023-07-29 16:56:59,810 - INFO - Started computing patch[19]. - in file: main.py - line: 119
2023-07-29 16:56:59,964 - WARNING - Mesh 713 does not have outline with height lower than tolerance 0.01 - in file: outlines.py - line: 128
2023-07-29 16:57:13,666 - INFO - Started solar irradiance simulation with arguments -ab 6 -ad 25000 -as 4096 -c 1 -dc 0.75 -dp 512 -dr 3 -ds 0.05 -dt 0.15 -lr 8 -lw 4e-07 -ss 1.0 -st 0.15 - in file: run.py - line: 44
2023-07-29 16:57:59,903 - INFO - Computed 21350 solar irradiance values for model custom_name - in file: run.py - line: 47
2023-07-29 16:58:00,663 - INFO - Mesh mesh_19 saved in 1s - in file: save.py - line: 50
2023-07-29 16:58:00,829 - INFO - Array_list sensors_19 saved in 0s - in file: save.py - line: 86
2023-07-29 16:58:00,836 - INFO - Polyines outlines_19 saved in 0s - in file: save.py - line: 68
2023-07-29 16:58:00,863 - INFO - Finished computing patch[19] in 61.05s. - in file: main.py - line: 121
2023-07-29 16:58:00,863 - INFO - ----- NEXT PATCH -----. - in file: main.py - line: 122
2023-07-29 16:58:00,863 - INFO - Started computing patch[20]. - in file: main.py - line: 119
2023-07-29 16:58:01,026 - WARNING - Mesh 713 does not have outline with height lower than tolerance 0.01 - in file: outlines.py - line: 128
2023-07-29 16:58:14,306 - INFO - Started solar irradiance simulation with arguments -ab 6 -ad 25000 -as 4096 -c 1 -dc 0.75 -dp 512 -dr 3 -ds 0.05 -dt 0.15 -lr 8 -lw 4e-07 -ss 1.0 -st 0.15 - in file: run.py - line: 44
2023-07-29 16:59:00,363 - INFO - Computed 22816 solar irradiance values for model custom_name - in file: run.py - line: 47
2023-07-29 16:59:01,091 - INFO - Mesh mesh_20 saved in 1s - in file: save.py - line: 50
2023-07-29 16:59:01,252 - INFO - Array_list sensors_20 saved in 0s - in file: save.py - line: 86
2023-07-29 16:59:01,259 - INFO - Polyines outlines_20 saved in 0s - in file: save.py - line: 68
2023-07-29 16:59:01,288 - INFO - Finished computing patch[20] in 60.43s. - in file: main.py - line: 121
2023-07-29 16:59:01,289 - INFO - ----- NEXT PATCH -----. - in file: main.py - line: 122
2023-07-29 16:59:01,289 - INFO - Started computing patch[21]. - in file: main.py - line: 119
2023-07-29 16:59:01,472 - WARNING - Mesh 713 does not have outline with height lower than tolerance 0.01 - in file: outlines.py - line: 128
2023-07-29 16:59:14,508 - INFO - Started solar irradiance simulation with arguments -ab 6 -ad 25000 -as 4096 -c 1 -dc 0.75 -dp 512 -dr 3 -ds 0.05 -dt 0.15 -lr 8 -lw 4e-07 -ss 1.0 -st 0.15 - in file: run.py - line: 44
2023-07-29 16:59:58,077 - INFO - Computed 21958 solar irradiance values for model custom_name - in file: run.py - line: 47
2023-07-29 16:59:58,776 - INFO - Mesh mesh_21 saved in 1s - in file: save.py - line: 50
2023-07-29 16:59:59,020 - INFO - Array_list sensors_21 saved in 0s - in file: save.py - line: 86
2023-07-29 16:59:59,027 - INFO - Polyines outlines_21 saved in 0s - in file: save.py - line: 68
2023-07-29 16:59:59,051 - INFO - Finished computing patch[21] in 57.76s. - in file: main.py - line: 121
2023-07-29 16:59:59,052 - INFO - ----- NEXT PATCH -----. - in file: main.py - line: 122
2023-07-29 16:59:59,052 - INFO - Started computing patch[22]. - in file: main.py - line: 119
2023-07-29 16:59:59,235 - WARNING - Mesh 713 does not have outline with height lower than tolerance 0.01 - in file: outlines.py - line: 128
2023-07-29 16:59:59,788 - INFO - FSI_score 0.16719114720785602 of sample 22 not high enough to continue generating sample. - in file: main.py - line: 110
2023-07-29 16:59:59,790 - INFO - Finished computing patch[22] in 0.74s. - in file: main.py - line: 121
2023-07-29 16:59:59,790 - INFO - ----- NEXT PATCH -----. - in file: main.py - line: 122
2023-07-29 16:59:59,791 - INFO - Started computing patch[23]. - in file: main.py - line: 119
2023-07-29 17:00:00,015 - WARNING - Mesh 713 does not have outline with height lower than tolerance 0.01 - in file: outlines.py - line: 128
2023-07-29 17:00:00,563 - INFO - FSI_score 0.12954671221417793 of sample 23 not high enough to continue generating sample. - in file: main.py - line: 110
2023-07-29 17:00:00,565 - INFO - Finished computing patch[23] in 0.77s. - in file: main.py - line: 121
2023-07-29 17:00:00,565 - INFO - ----- NEXT PATCH -----. - in file: main.py - line: 122
2023-07-29 17:00:00,566 - INFO - Started computing patch[24]. - in file: main.py - line: 119
2023-07-29 17:00:00,763 - WARNING - Mesh 713 does not have outline with height lower than tolerance 0.01 - in file: outlines.py - line: 128
2023-07-29 17:00:01,240 - INFO - FSI_score 0.10830363835307262 of sample 24 not high enough to continue generating sample. - in file: main.py - line: 110
2023-07-29 17:00:01,241 - INFO - Finished computing patch[24] in 0.68s. - in file: main.py - line: 121
2023-07-29 17:00:01,241 - INFO - ----- NEXT PATCH -----. - in file: main.py - line: 122
2023-07-29 17:00:01,242 - INFO - Started computing patch[25]. - in file: main.py - line: 119
2023-07-29 17:00:01,407 - WARNING - Mesh 713 does not have outline with height lower than tolerance 0.01 - in file: outlines.py - line: 128
2023-07-29 17:00:01,851 - INFO - FSI_score 0.08866483199332671 of sample 25 not high enough to continue generating sample. - in file: main.py - line: 110
2023-07-29 17:00:01,852 - INFO - Finished computing patch[25] in 0.61s. - in file: main.py - line: 121
2023-07-29 17:00:01,852 - INFO - ----- NEXT PATCH -----. - in file: main.py - line: 122
2023-07-29 17:00:01,853 - INFO - Started computing patch[26]. - in file: main.py - line: 119
2023-07-29 17:00:02,035 - WARNING - Mesh 713 does not have outline with height lower than tolerance 0.01 - in file: outlines.py - line: 128
2023-07-29 17:00:02,580 - INFO - FSI_score 0.06514430774995918 of sample 26 not high enough to continue generating sample. - in file: main.py - line: 110
2023-07-29 17:00:02,581 - INFO - Finished computing patch[26] in 0.73s. - in file: main.py - line: 121
2023-07-29 17:00:02,581 - INFO - ----- NEXT PATCH -----. - in file: main.py - line: 122
2023-07-29 17:00:02,582 - INFO - Started computing patch[27]. - in file: main.py - line: 119
2023-07-29 17:00:02,740 - WARNING - Mesh 713 does not have outline with height lower than tolerance 0.01 - in file: outlines.py - line: 128
2023-07-29 17:00:03,177 - INFO - FSI_score 0.04408608068006068 of sample 27 not high enough to continue generating sample. - in file: main.py - line: 110
2023-07-29 17:00:03,178 - INFO - Finished computing patch[27] in 0.6s. - in file: main.py - line: 121
2023-07-29 17:00:03,179 - INFO - ----- NEXT PATCH -----. - in file: main.py - line: 122
2023-07-29 17:00:03,179 - INFO - Started computing patch[28]. - in file: main.py - line: 119
2023-07-29 17:00:03,339 - WARNING - Mesh 713 does not have outline with height lower than tolerance 0.01 - in file: outlines.py - line: 128
2023-07-29 17:00:03,772 - INFO - FSI_score 0.014824543800000891 of sample 28 not high enough to continue generating sample. - in file: main.py - line: 110
2023-07-29 17:00:03,773 - INFO - Finished computing patch[28] in 0.59s. - in file: main.py - line: 121
2023-07-29 17:00:03,774 - INFO - ----- NEXT PATCH -----. - in file: main.py - line: 122
2023-07-29 17:00:03,774 - INFO - Started computing patch[29]. - in file: main.py - line: 119
2023-07-29 17:00:03,921 - WARNING - Mesh 713 does not have outline with height lower than tolerance 0.01 - in file: outlines.py - line: 128
2023-07-29 17:00:04,377 - INFO - FSI_score 0.002250693056736555 of sample 29 not high enough to continue generating sample. - in file: main.py - line: 110
2023-07-29 17:00:04,378 - INFO - Finished computing patch[29] in 0.6s. - in file: main.py - line: 121
2023-07-29 17:00:04,380 - INFO - ----- NEXT PATCH -----. - in file: main.py - line: 122
2023-07-29 17:00:04,380 - INFO - Started computing patch[30]. - in file: main.py - line: 119
2023-07-29 17:00:04,584 - WARNING - Mesh 713 does not have outline with height lower than tolerance 0.01 - in file: outlines.py - line: 128
2023-07-29 17:00:09,059 - WARNING - Point containment coincident - in file: meshing.py - line: 44
2023-07-29 17:00:09,060 - WARNING - Point containment coincident - in file: meshing.py - line: 44
2023-07-29 17:00:18,909 - INFO - Started solar irradiance simulation with arguments -ab 6 -ad 25000 -as 4096 -c 1 -dc 0.75 -dp 512 -dr 3 -ds 0.05 -dt 0.15 -lr 8 -lw 4e-07 -ss 1.0 -st 0.15 - in file: run.py - line: 44
2023-07-29 17:01:07,681 - INFO - Computed 24415 solar irradiance values for model custom_name - in file: run.py - line: 47
2023-07-29 17:01:08,436 - INFO - Mesh mesh_30 saved in 1s - in file: save.py - line: 50
2023-07-29 17:01:08,605 - INFO - Array_list sensors_30 saved in 0s - in file: save.py - line: 86
2023-07-29 17:01:08,612 - INFO - Polyines outlines_30 saved in 0s - in file: save.py - line: 68
2023-07-29 17:01:08,641 - INFO - Finished computing patch[30] in 64.26s. - in file: main.py - line: 121
2023-07-29 17:01:08,641 - INFO - ----- NEXT PATCH -----. - in file: main.py - line: 122
2023-07-29 17:01:08,641 - INFO - Started computing patch[31]. - in file: main.py - line: 119
2023-07-29 17:01:08,805 - WARNING - Mesh 713 does not have outline with height lower than tolerance 0.01 - in file: outlines.py - line: 128
2023-07-29 17:01:09,416 - INFO - FSI_score 0.18783475007608327 of sample 31 not high enough to continue generating sample. - in file: main.py - line: 110
2023-07-29 17:01:09,417 - INFO - Finished computing patch[31] in 0.78s. - in file: main.py - line: 121
2023-07-29 17:01:09,418 - INFO - ----- NEXT PATCH -----. - in file: main.py - line: 122
2023-07-29 17:01:09,418 - INFO - Started computing patch[32]. - in file: main.py - line: 119
2023-07-29 17:01:09,577 - WARNING - Mesh 713 does not have outline with height lower than tolerance 0.01 - in file: outlines.py - line: 128
2023-07-29 17:01:10,068 - INFO - FSI_score 0.15399600623989057 of sample 32 not high enough to continue generating sample. - in file: main.py - line: 110
2023-07-29 17:01:10,070 - INFO - Finished computing patch[32] in 0.65s. - in file: main.py - line: 121
2023-07-29 17:01:10,070 - INFO - ----- NEXT PATCH -----. - in file: main.py - line: 122
2023-07-29 17:01:10,071 - INFO - Started computing patch[33]. - in file: main.py - line: 119
2023-07-29 17:01:10,241 - WARNING - Mesh 713 does not have outline with height lower than tolerance 0.01 - in file: outlines.py - line: 128
2023-07-29 17:01:10,757 - INFO - FSI_score 0.13835172899451748 of sample 33 not high enough to continue generating sample. - in file: main.py - line: 110
2023-07-29 17:01:10,759 - INFO - Finished computing patch[33] in 0.69s. - in file: main.py - line: 121
2023-07-29 17:01:10,759 - INFO - ----- NEXT PATCH -----. - in file: main.py - line: 122
2023-07-29 17:01:10,759 - INFO - Started computing patch[34]. - in file: main.py - line: 119
2023-07-29 17:01:10,904 - WARNING - Mesh 713 does not have outline with height lower than tolerance 0.01 - in file: outlines.py - line: 128
2023-07-29 17:01:11,626 - INFO - FSI_score 0.13337566825273642 of sample 34 not high enough to continue generating sample. - in file: main.py - line: 110
2023-07-29 17:01:11,628 - INFO - Finished computing patch[34] in 0.87s. - in file: main.py - line: 121
2023-07-29 17:01:11,628 - INFO - ----- NEXT PATCH -----. - in file: main.py - line: 122
2023-07-29 17:01:11,629 - INFO - Started computing patch[35]. - in file: main.py - line: 119
2023-07-29 17:01:11,816 - WARNING - Mesh 713 does not have outline with height lower than tolerance 0.01 - in file: outlines.py - line: 128
2023-07-29 17:01:12,320 - INFO - FSI_score 0.15318916753899883 of sample 35 not high enough to continue generating sample. - in file: main.py - line: 110
2023-07-29 17:01:12,322 - INFO - Finished computing patch[35] in 0.69s. - in file: main.py - line: 121
2023-07-29 17:01:12,322 - INFO - ----- NEXT PATCH -----. - in file: main.py - line: 122
2023-07-29 17:01:12,322 - INFO - Started computing patch[36]. - in file: main.py - line: 119
2023-07-29 17:01:12,476 - WARNING - Mesh 713 does not have outline with height lower than tolerance 0.01 - in file: outlines.py - line: 128
2023-07-29 17:01:12,962 - INFO - FSI_score 0.19739659896461131 of sample 36 not high enough to continue generating sample. - in file: main.py - line: 110
2023-07-29 17:01:12,963 - INFO - Finished computing patch[36] in 0.64s. - in file: main.py - line: 121
2023-07-29 17:01:12,964 - INFO - ----- NEXT PATCH -----. - in file: main.py - line: 122
2023-07-29 17:01:12,964 - INFO - Started computing patch[37]. - in file: main.py - line: 119
2023-07-29 17:01:13,122 - WARNING - Mesh 713 does not have outline with height lower than tolerance 0.01 - in file: outlines.py - line: 128
2023-07-29 17:01:24,410 - INFO - Started solar irradiance simulation with arguments -ab 6 -ad 25000 -as 4096 -c 1 -dc 0.75 -dp 512 -dr 3 -ds 0.05 -dt 0.15 -lr 8 -lw 4e-07 -ss 1.0 -st 0.15 - in file: run.py - line: 44
2023-07-29 17:02:11,600 - INFO - Computed 19892 solar irradiance values for model custom_name - in file: run.py - line: 47
2023-07-29 17:02:12,494 - INFO - Mesh mesh_37 saved in 1s - in file: save.py - line: 50
2023-07-29 17:02:12,660 - INFO - Array_list sensors_37 saved in 0s - in file: save.py - line: 86
2023-07-29 17:02:12,670 - INFO - Polyines outlines_37 saved in 0s - in file: save.py - line: 68
2023-07-29 17:02:12,706 - INFO - Finished computing patch[37] in 59.74s. - in file: main.py - line: 121
2023-07-29 17:02:12,707 - INFO - ----- NEXT PATCH -----. - in file: main.py - line: 122
2023-07-29 17:02:12,707 - INFO - Started computing patch[38]. - in file: main.py - line: 119
2023-07-29 17:02:12,916 - WARNING - Mesh 713 does not have outline with height lower than tolerance 0.01 - in file: outlines.py - line: 128
2023-07-29 17:02:29,490 - INFO - Started solar irradiance simulation with arguments -ab 6 -ad 25000 -as 4096 -c 1 -dc 0.75 -dp 512 -dr 3 -ds 0.05 -dt 0.15 -lr 8 -lw 4e-07 -ss 1.0 -st 0.15 - in file: run.py - line: 44
2023-07-29 17:03:17,542 - INFO - Computed 22237 solar irradiance values for model custom_name - in file: run.py - line: 47
2023-07-29 17:03:18,346 - INFO - Mesh mesh_38 saved in 1s - in file: save.py - line: 50
2023-07-29 17:03:18,502 - INFO - Array_list sensors_38 saved in 0s - in file: save.py - line: 86
2023-07-29 17:03:18,510 - INFO - Polyines outlines_38 saved in 0s - in file: save.py - line: 68
2023-07-29 17:03:18,537 - INFO - Finished computing patch[38] in 65.83s. - in file: main.py - line: 121
2023-07-29 17:03:18,537 - INFO - ----- NEXT PATCH -----. - in file: main.py - line: 122
2023-07-29 17:03:18,537 - INFO - Started computing patch[39]. - in file: main.py - line: 119
2023-07-29 17:03:18,722 - WARNING - Mesh 713 does not have outline with height lower than tolerance 0.01 - in file: outlines.py - line: 128
2023-07-29 17:03:25,519 - WARNING - Point containment coincident - in file: meshing.py - line: 44
2023-07-29 17:03:26,145 - WARNING - Point containment coincident - in file: meshing.py - line: 44
2023-07-29 17:03:35,848 - INFO - Started solar irradiance simulation with arguments -ab 6 -ad 25000 -as 4096 -c 1 -dc 0.75 -dp 512 -dr 3 -ds 0.05 -dt 0.15 -lr 8 -lw 4e-07 -ss 1.0 -st 0.15 - in file: run.py - line: 44
2023-07-29 17:04:25,778 - INFO - Computed 23749 solar irradiance values for model custom_name - in file: run.py - line: 47
2023-07-29 17:04:26,530 - INFO - Mesh mesh_39 saved in 1s - in file: save.py - line: 50
2023-07-29 17:04:26,699 - INFO - Array_list sensors_39 saved in 0s - in file: save.py - line: 86
2023-07-29 17:04:26,707 - INFO - Polyines outlines_39 saved in 0s - in file: save.py - line: 68
2023-07-29 17:04:26,732 - INFO - Finished computing patch[39] in 68.2s. - in file: main.py - line: 121
2023-07-29 17:04:26,733 - INFO - ----- NEXT PATCH -----. - in file: main.py - line: 122
2023-07-29 17:04:26,733 - INFO - Started computing patch[40]. - in file: main.py - line: 119
2023-07-29 17:04:26,875 - WARNING - Mesh 713 does not have outline with height lower than tolerance 0.01 - in file: outlines.py - line: 128
2023-07-29 17:04:34,115 - WARNING - Point containment coincident - in file: meshing.py - line: 44
2023-07-29 17:04:43,765 - INFO - Started solar irradiance simulation with arguments -ab 6 -ad 25000 -as 4096 -c 1 -dc 0.75 -dp 512 -dr 3 -ds 0.05 -dt 0.15 -lr 8 -lw 4e-07 -ss 1.0 -st 0.15 - in file: run.py - line: 44
2023-07-29 17:05:35,981 - INFO - Computed 22786 solar irradiance values for model custom_name - in file: run.py - line: 47
2023-07-29 17:05:36,865 - INFO - Mesh mesh_40 saved in 1s - in file: save.py - line: 50
2023-07-29 17:05:37,050 - INFO - Array_list sensors_40 saved in 0s - in file: save.py - line: 86
2023-07-29 17:05:37,059 - INFO - Polyines outlines_40 saved in 0s - in file: save.py - line: 68
2023-07-29 17:05:37,095 - INFO - Finished computing patch[40] in 70.36s. - in file: main.py - line: 121
2023-07-29 17:05:37,095 - INFO - ----- NEXT PATCH -----. - in file: main.py - line: 122
2023-07-29 17:05:37,096 - INFO - Started computing patch[41]. - in file: main.py - line: 119
2023-07-29 17:05:37,254 - WARNING - Mesh 713 does not have outline with height lower than tolerance 0.01 - in file: outlines.py - line: 128
2023-07-29 17:05:37,955 - INFO - FSI_score 0.19977611546191335 of sample 41 not high enough to continue generating sample. - in file: main.py - line: 110
2023-07-29 17:05:37,957 - INFO - Finished computing patch[41] in 0.86s. - in file: main.py - line: 121
2023-07-29 17:05:37,957 - INFO - ----- NEXT PATCH -----. - in file: main.py - line: 122
2023-07-29 17:05:37,957 - INFO - Started computing patch[42]. - in file: main.py - line: 119
2023-07-29 17:05:38,147 - WARNING - Mesh 713 does not have outline with height lower than tolerance 0.01 - in file: outlines.py - line: 128
2023-07-29 17:05:38,700 - INFO - FSI_score 0.1452722209579195 of sample 42 not high enough to continue generating sample. - in file: main.py - line: 110
2023-07-29 17:05:38,702 - INFO - Finished computing patch[42] in 0.75s. - in file: main.py - line: 121
2023-07-29 17:05:38,702 - INFO - ----- NEXT PATCH -----. - in file: main.py - line: 122
2023-07-29 17:05:38,703 - INFO - Started computing patch[43]. - in file: main.py - line: 119
2023-07-29 17:05:38,883 - WARNING - Mesh 713 does not have outline with height lower than tolerance 0.01 - in file: outlines.py - line: 128
2023-07-29 17:05:39,376 - INFO - FSI_score 0.10008978840723655 of sample 43 not high enough to continue generating sample. - in file: main.py - line: 110
2023-07-29 17:05:39,377 - INFO - Finished computing patch[43] in 0.67s. - in file: main.py - line: 121
2023-07-29 17:05:39,378 - INFO - ----- NEXT PATCH -----. - in file: main.py - line: 122
2023-07-29 17:05:39,378 - INFO - Started computing patch[44]. - in file: main.py - line: 119
2023-07-29 17:05:39,527 - WARNING - Mesh 713 does not have outline with height lower than tolerance 0.01 - in file: outlines.py - line: 128
2023-07-29 17:05:40,059 - INFO - FSI_score 0.05080471232073491 of sample 44 not high enough to continue generating sample. - in file: main.py - line: 110
2023-07-29 17:05:40,061 - INFO - Finished computing patch[44] in 0.68s. - in file: main.py - line: 121
2023-07-29 17:05:40,061 - INFO - ----- NEXT PATCH -----. - in file: main.py - line: 122
2023-07-29 17:05:40,061 - INFO - Started computing patch[45]. - in file: main.py - line: 119
2023-07-29 17:05:40,268 - WARNING - Mesh 713 does not have outline with height lower than tolerance 0.01 - in file: outlines.py - line: 128
2023-07-29 17:05:40,743 - INFO - FSI_score 0.021636735921156027 of sample 45 not high enough to continue generating sample. - in file: main.py - line: 110
2023-07-29 17:05:40,744 - INFO - Finished computing patch[45] in 0.68s. - in file: main.py - line: 121
2023-07-29 17:05:40,744 - INFO - ----- NEXT PATCH -----. - in file: main.py - line: 122
2023-07-29 17:05:40,745 - INFO - Started computing patch[46]. - in file: main.py - line: 119
2023-07-29 17:05:40,927 - WARNING - Mesh 713 does not have outline with height lower than tolerance 0.01 - in file: outlines.py - line: 128
2023-07-29 17:05:41,389 - INFO - FSI_score 0.039136250473506 of sample 46 not high enough to continue generating sample. - in file: main.py - line: 110
2023-07-29 17:05:41,390 - INFO - Finished computing patch[46] in 0.64s. - in file: main.py - line: 121
2023-07-29 17:05:41,391 - INFO - ----- NEXT PATCH -----. - in file: main.py - line: 122
2023-07-29 17:05:41,391 - INFO - Started computing patch[47]. - in file: main.py - line: 119
2023-07-29 17:05:41,549 - WARNING - Mesh 713 does not have outline with height lower than tolerance 0.01 - in file: outlines.py - line: 128
2023-07-29 17:05:41,989 - INFO - FSI_score 0.14797920941327658 of sample 47 not high enough to continue generating sample. - in file: main.py - line: 110
2023-07-29 17:05:41,990 - INFO - Finished computing patch[47] in 0.6s. - in file: main.py - line: 121
2023-07-29 17:05:41,991 - INFO - ----- NEXT PATCH -----. - in file: main.py - line: 122
2023-07-29 17:05:41,991 - INFO - Started computing patch[48]. - in file: main.py - line: 119
2023-07-29 17:05:42,158 - WARNING - Mesh 713 does not have outline with height lower than tolerance 0.01 - in file: outlines.py - line: 128
2023-07-29 17:05:53,049 - INFO - Started solar irradiance simulation with arguments -ab 6 -ad 25000 -as 4096 -c 1 -dc 0.75 -dp 512 -dr 3 -ds 0.05 -dt 0.15 -lr 8 -lw 4e-07 -ss 1.0 -st 0.15 - in file: run.py - line: 44
2023-07-29 17:06:31,614 - INFO - Computed 18424 solar irradiance values for model custom_name - in file: run.py - line: 47
2023-07-29 17:06:32,636 - INFO - Mesh mesh_48 saved in 1s - in file: save.py - line: 50
2023-07-29 17:06:32,807 - INFO - Array_list sensors_48 saved in 0s - in file: save.py - line: 86
2023-07-29 17:06:32,816 - INFO - Polyines outlines_48 saved in 0s - in file: save.py - line: 68
2023-07-29 17:06:32,850 - INFO - Finished computing patch[48] in 50.86s. - in file: main.py - line: 121
2023-07-29 17:06:32,850 - INFO - ----- NEXT PATCH -----. - in file: main.py - line: 122
2023-07-29 17:06:32,851 - INFO - Started computing patch[49]. - in file: main.py - line: 119
2023-07-29 17:06:33,049 - WARNING - Mesh 713 does not have outline with height lower than tolerance 0.01 - in file: outlines.py - line: 128
2023-07-29 17:06:46,676 - INFO - Started solar irradiance simulation with arguments -ab 6 -ad 25000 -as 4096 -c 1 -dc 0.75 -dp 512 -dr 3 -ds 0.05 -dt 0.15 -lr 8 -lw 4e-07 -ss 1.0 -st 0.15 - in file: run.py - line: 44
