2023-08-01 16:11:30 INFO: Finished loading rhinoinside... - in file: main.py - line: 19
2023-08-01 16:11:52 WARNING: Deleting all files in ['./data/geometry/', './data/irradiance/', './data/outlines/'] - in file: main.py - line: 48
2023-08-01 16:11:52 WARNING: Deletion successfull! - in file: main.py - line: 54
2023-08-01 16:12:05 INFO: Loaded 3D BAG dataset with 1211 roofs and 1211 walls from C://Users//Job de Vogel//OneDrive//Documenten//TU Delft//Master Thesis//Dataset_pipeline//3D_BAG_dataset//3dbag_v210908_fd2cee53_lod12_3d_5859.obj. - in file: file.py - line: 130
2023-08-01 16:12:06 WARNING: Mesh 713 does not have outline with height lower than tolerance 0.01 - in file: outlines.py - line: 128
2023-08-01 16:12:06 INFO: Started computing patch[0]. - in file: main.py - line: 207
2023-08-01 16:12:07 INFO: Started preprocessing mesh for patch[0] with FSI value of 0.23 - in file: main.py - line: 80
2023-08-01 16:12:07 INFO: Generating walls for mesh patch[0] - in file: main.py - line: 81
2023-08-01 16:12:11 WARNING: Point containment coincident - in file: meshing.py - line: 59
2023-08-01 16:12:21 INFO: Polyines outlines_0 saved in 0s - in file: save.py - line: 68
2023-08-01 16:12:21 INFO: Finished preprocessing mesh for patch[0] in -14.664454200000002s - in file: main.py - line: 111
2023-08-01 16:12:26 INFO: Started computing augmentation 0 for patch index 0. - in file: main.py - line: 120
2023-08-01 16:12:28 INFO: Started solar irradiance simulation with arguments -ab 3 -ad 5000 -as 1024 -c 1 -dc 0.75 -dp 512 -dr 3 -ds 0.05 -dt 0.15 -lr 8 -lw 4e-07 -ss 1.0 -st 0.15 - in file: run.py - line: 44
2023-08-01 16:12:56 INFO: Computed 25008 solar irradiance values for model custom_name - in file: run.py - line: 47
2023-08-01 16:12:58 INFO: Mesh mesh_0_base saved in 1s - in file: save.py - line: 50
2023-08-01 16:12:58 INFO: Array_list sensors_0_base saved in 0s - in file: save.py - line: 86
2023-08-01 16:12:58 INFO: Started computing augmentation 1 for patch index 0. - in file: main.py - line: 120
2023-08-01 16:13:00 INFO: Started solar irradiance simulation with arguments -ab 3 -ad 5000 -as 1024 -c 1 -dc 0.75 -dp 512 -dr 3 -ds 0.05 -dt 0.15 -lr 8 -lw 4e-07 -ss 1.0 -st 0.15 - in file: run.py - line: 44
2023-08-01 16:13:29 INFO: Computed 25008 solar irradiance values for model custom_name - in file: run.py - line: 47
2023-08-01 16:13:30 INFO: Mesh mesh_0_rot1 saved in 1s - in file: save.py - line: 50
2023-08-01 16:13:31 INFO: Array_list sensors_0_rot1 saved in 0s - in file: save.py - line: 86
2023-08-01 16:13:31 INFO: Started computing augmentation 2 for patch index 0. - in file: main.py - line: 120
2023-08-01 16:13:33 INFO: Started solar irradiance simulation with arguments -ab 3 -ad 5000 -as 1024 -c 1 -dc 0.75 -dp 512 -dr 3 -ds 0.05 -dt 0.15 -lr 8 -lw 4e-07 -ss 1.0 -st 0.15 - in file: run.py - line: 44
2023-08-01 16:14:03 INFO: Computed 25008 solar irradiance values for model custom_name - in file: run.py - line: 47
2023-08-01 16:14:04 INFO: Mesh mesh_0_rot2 saved in 1s - in file: save.py - line: 50
2023-08-01 16:14:05 INFO: Array_list sensors_0_rot2 saved in 0s - in file: save.py - line: 86
2023-08-01 16:14:05 INFO: Started computing augmentation 3 for patch index 0. - in file: main.py - line: 120
2023-08-01 16:14:06 INFO: Started solar irradiance simulation with arguments -ab 3 -ad 5000 -as 1024 -c 1 -dc 0.75 -dp 512 -dr 3 -ds 0.05 -dt 0.15 -lr 8 -lw 4e-07 -ss 1.0 -st 0.15 - in file: run.py - line: 44
2023-08-01 16:14:32 INFO: Computed 25008 solar irradiance values for model custom_name - in file: run.py - line: 47
2023-08-01 16:14:33 INFO: Mesh mesh_0_rot3 saved in 1s - in file: save.py - line: 50
2023-08-01 16:14:34 INFO: Array_list sensors_0_rot3 saved in 0s - in file: save.py - line: 86
2023-08-01 16:14:34 INFO: Finished computing patch[0] in 147.78s. - in file: main.py - line: 212
2023-08-01 16:14:34 INFO: Started computing patch[1]. - in file: main.py - line: 207
2023-08-01 16:14:35 INFO: Started preprocessing mesh for patch[1] with FSI value of 0.21 - in file: main.py - line: 80
2023-08-01 16:14:35 INFO: Generating walls for mesh patch[1] - in file: main.py - line: 81
2023-08-01 16:14:38 WARNING: Point containment coincident - in file: meshing.py - line: 59
2023-08-01 16:14:38 WARNING: Point containment coincident - in file: meshing.py - line: 59
2023-08-01 16:14:38 WARNING: Point containment coincident - in file: meshing.py - line: 59
2023-08-01 16:14:50 INFO: Polyines outlines_1 saved in 0s - in file: save.py - line: 68
2023-08-01 16:14:50 INFO: Finished preprocessing mesh for patch[1] in -15.57210219999999s - in file: main.py - line: 111
2023-08-01 16:14:53 INFO: Started computing augmentation 0 for patch index 1. - in file: main.py - line: 120
2023-08-01 16:14:55 INFO: Started solar irradiance simulation with arguments -ab 3 -ad 5000 -as 1024 -c 1 -dc 0.75 -dp 512 -dr 3 -ds 0.05 -dt 0.15 -lr 8 -lw 4e-07 -ss 1.0 -st 0.15 - in file: run.py - line: 44
2023-08-01 16:15:23 INFO: Computed 23978 solar irradiance values for model custom_name - in file: run.py - line: 47
2023-08-01 16:15:25 INFO: Mesh mesh_1_base saved in 1s - in file: save.py - line: 50
2023-08-01 16:15:25 INFO: Array_list sensors_1_base saved in 0s - in file: save.py - line: 86
2023-08-01 16:15:25 INFO: Started computing augmentation 1 for patch index 1. - in file: main.py - line: 120
2023-08-01 16:15:27 INFO: Started solar irradiance simulation with arguments -ab 3 -ad 5000 -as 1024 -c 1 -dc 0.75 -dp 512 -dr 3 -ds 0.05 -dt 0.15 -lr 8 -lw 4e-07 -ss 1.0 -st 0.15 - in file: run.py - line: 44
2023-08-01 16:15:59 INFO: Computed 23978 solar irradiance values for model custom_name - in file: run.py - line: 47
2023-08-01 16:16:01 INFO: Mesh mesh_1_rot1 saved in 1s - in file: save.py - line: 50
2023-08-01 16:16:01 INFO: Array_list sensors_1_rot1 saved in 0s - in file: save.py - line: 86
2023-08-01 16:16:01 INFO: Started computing augmentation 2 for patch index 1. - in file: main.py - line: 120
2023-08-01 16:16:03 INFO: Started solar irradiance simulation with arguments -ab 3 -ad 5000 -as 1024 -c 1 -dc 0.75 -dp 512 -dr 3 -ds 0.05 -dt 0.15 -lr 8 -lw 4e-07 -ss 1.0 -st 0.15 - in file: run.py - line: 44
2023-08-01 16:16:48 INFO: Computed 23978 solar irradiance values for model custom_name - in file: run.py - line: 47
2023-08-01 16:16:50 INFO: Mesh mesh_1_rot2 saved in 1s - in file: save.py - line: 50
2023-08-01 16:16:50 INFO: Array_list sensors_1_rot2 saved in 1s - in file: save.py - line: 86
2023-08-01 16:16:50 INFO: Started computing augmentation 3 for patch index 1. - in file: main.py - line: 120
2023-08-01 16:16:54 INFO: Started solar irradiance simulation with arguments -ab 3 -ad 5000 -as 1024 -c 1 -dc 0.75 -dp 512 -dr 3 -ds 0.05 -dt 0.15 -lr 8 -lw 4e-07 -ss 1.0 -st 0.15 - in file: run.py - line: 44
2023-08-01 16:17:34 INFO: Computed 23978 solar irradiance values for model custom_name - in file: run.py - line: 47
2023-08-01 16:17:35 INFO: Mesh mesh_1_rot3 saved in 1s - in file: save.py - line: 50
2023-08-01 16:17:36 INFO: Array_list sensors_1_rot3 saved in 0s - in file: save.py - line: 86
2023-08-01 16:17:36 INFO: Finished computing patch[1] in 181.9s. - in file: main.py - line: 212
2023-08-01 16:17:36 INFO: Started computing patch[2]. - in file: main.py - line: 207
2023-08-01 16:17:36 INFO: FSI_score 0.16 of sample 2 not high enough to continue generating sample. - in file: main.py - line: 175
2023-08-01 16:17:36 INFO: Finished computing patch[2] in 0.76s. - in file: main.py - line: 212
2023-08-01 16:17:36 INFO: Started computing patch[3]. - in file: main.py - line: 207
2023-08-01 16:17:37 INFO: FSI_score 0.12 of sample 3 not high enough to continue generating sample. - in file: main.py - line: 175
2023-08-01 16:17:37 INFO: Finished computing patch[3] in 0.71s. - in file: main.py - line: 212
2023-08-01 16:17:37 INFO: Started computing patch[4]. - in file: main.py - line: 207
2023-08-01 16:17:38 INFO: FSI_score 0.12 of sample 4 not high enough to continue generating sample. - in file: main.py - line: 175
2023-08-01 16:17:38 INFO: Finished computing patch[4] in 0.89s. - in file: main.py - line: 212
2023-08-01 16:17:38 INFO: Started computing patch[5]. - in file: main.py - line: 207
2023-08-01 16:17:39 INFO: FSI_score 0.16 of sample 5 not high enough to continue generating sample. - in file: main.py - line: 175
2023-08-01 16:17:39 INFO: Finished computing patch[5] in 0.99s. - in file: main.py - line: 212
2023-08-01 16:17:39 INFO: Started computing patch[6]. - in file: main.py - line: 207
2023-08-01 16:17:40 INFO: FSI_score 0.18 of sample 6 not high enough to continue generating sample. - in file: main.py - line: 175
2023-08-01 16:17:40 INFO: Finished computing patch[6] in 1.47s. - in file: main.py - line: 212
2023-08-01 16:17:40 INFO: Started computing patch[7]. - in file: main.py - line: 207
2023-08-01 16:17:42 INFO: Started preprocessing mesh for patch[7] with FSI value of 0.22 - in file: main.py - line: 80
2023-08-01 16:17:42 INFO: Generating walls for mesh patch[7] - in file: main.py - line: 81
2023-08-01 16:17:59 INFO: Polyines outlines_7 saved in 0s - in file: save.py - line: 68
2023-08-01 16:17:59 INFO: Finished preprocessing mesh for patch[7] in -17.578923299999985s - in file: main.py - line: 111
2023-08-01 16:18:04 INFO: Started computing augmentation 0 for patch index 7. - in file: main.py - line: 120
2023-08-01 16:18:07 INFO: Started solar irradiance simulation with arguments -ab 3 -ad 5000 -as 1024 -c 1 -dc 0.75 -dp 512 -dr 3 -ds 0.05 -dt 0.15 -lr 8 -lw 4e-07 -ss 1.0 -st 0.15 - in file: run.py - line: 44
2023-08-01 16:18:43 INFO: Computed 21754 solar irradiance values for model custom_name - in file: run.py - line: 47
2023-08-01 16:18:45 INFO: Mesh mesh_7_base saved in 1s - in file: save.py - line: 50
2023-08-01 16:18:45 INFO: Array_list sensors_7_base saved in 0s - in file: save.py - line: 86
2023-08-01 16:18:45 INFO: Started computing augmentation 1 for patch index 7. - in file: main.py - line: 120
2023-08-01 16:18:47 INFO: Started solar irradiance simulation with arguments -ab 3 -ad 5000 -as 1024 -c 1 -dc 0.75 -dp 512 -dr 3 -ds 0.05 -dt 0.15 -lr 8 -lw 4e-07 -ss 1.0 -st 0.15 - in file: run.py - line: 44
2023-08-01 16:19:24 INFO: Computed 21754 solar irradiance values for model custom_name - in file: run.py - line: 47
2023-08-01 16:19:26 INFO: Mesh mesh_7_rot1 saved in 1s - in file: save.py - line: 50
2023-08-01 16:19:26 INFO: Array_list sensors_7_rot1 saved in 0s - in file: save.py - line: 86
2023-08-01 16:19:26 INFO: Started computing augmentation 2 for patch index 7. - in file: main.py - line: 120
2023-08-01 16:19:28 INFO: Started solar irradiance simulation with arguments -ab 3 -ad 5000 -as 1024 -c 1 -dc 0.75 -dp 512 -dr 3 -ds 0.05 -dt 0.15 -lr 8 -lw 4e-07 -ss 1.0 -st 0.15 - in file: run.py - line: 44
