2023-07-31 16:18:03 INFO: Finished loading rhinoinside... - in file: main.py - line: 11
2023-07-31 16:18:07 WARNING: Deleted all files in ['./data/geometry', './data/outlines', './data/irradiance'] - in file: main.py - line: 56
2023-07-31 16:18:16 INFO: Loaded 3D BAG dataset with 1211 roofs and 1211 walls from C://Users//Job de Vogel//OneDrive//Documenten//TU Delft//Master Thesis//Dataset_pipeline//3D_BAG_dataset//3dbag_v210908_fd2cee53_lod12_3d_5859.obj. - in file: file.py - line: 130
2023-07-31 16:18:16 INFO: Started computing patch[10]. - in file: main.py - line: 142
2023-07-31 16:18:16 WARNING: Mesh 713 does not have outline with height lower than tolerance 0.01 - in file: outlines.py - line: 128
2023-07-31 16:18:16 INFO: FSI_score 0.13 of sample 10 not high enough to continue generating sample. - in file: main.py - line: 133
2023-07-31 16:18:16 INFO: Finished computing patch[10] in 0.66s. - in file: main.py - line: 144
2023-07-31 16:18:16 INFO: Started computing patch[11]. - in file: main.py - line: 142
2023-07-31 16:18:16 WARNING: Mesh 713 does not have outline with height lower than tolerance 0.01 - in file: outlines.py - line: 128
2023-07-31 16:18:17 INFO: FSI_score 0.08 of sample 11 not high enough to continue generating sample. - in file: main.py - line: 133
2023-07-31 16:18:17 INFO: Finished computing patch[11] in 0.56s. - in file: main.py - line: 144
2023-07-31 16:18:17 INFO: Started computing patch[12]. - in file: main.py - line: 142
2023-07-31 16:18:17 WARNING: Mesh 713 does not have outline with height lower than tolerance 0.01 - in file: outlines.py - line: 128
2023-07-31 16:18:17 INFO: FSI_score 0.03 of sample 12 not high enough to continue generating sample. - in file: main.py - line: 133
2023-07-31 16:18:17 INFO: Finished computing patch[12] in 0.47s. - in file: main.py - line: 144
2023-07-31 16:18:17 INFO: Started computing patch[13]. - in file: main.py - line: 142
2023-07-31 16:18:17 WARNING: Mesh 713 does not have outline with height lower than tolerance 0.01 - in file: outlines.py - line: 128
2023-07-31 16:18:18 INFO: FSI_score 0.07 of sample 13 not high enough to continue generating sample. - in file: main.py - line: 133
2023-07-31 16:18:18 INFO: Finished computing patch[13] in 0.54s. - in file: main.py - line: 144
2023-07-31 16:18:18 INFO: Started computing patch[14]. - in file: main.py - line: 142
2023-07-31 16:18:18 WARNING: Mesh 713 does not have outline with height lower than tolerance 0.01 - in file: outlines.py - line: 128
2023-07-31 16:18:18 INFO: FSI_score 0.19 of sample 14 not high enough to continue generating sample. - in file: main.py - line: 133
2023-07-31 16:18:18 INFO: Finished computing patch[14] in 0.48s. - in file: main.py - line: 144
2023-07-31 16:18:18 INFO: Started computing patch[15]. - in file: main.py - line: 142
2023-07-31 16:18:18 WARNING: Mesh 713 does not have outline with height lower than tolerance 0.01 - in file: outlines.py - line: 128
2023-07-31 16:18:19 INFO: Started computing mesh for mesh[15] with FSI value of 0.24 - in file: main.py - line: 79
2023-07-31 16:18:19 INFO: Generating walls for mesh patch[15] - in file: main.py - line: 81
2023-07-31 16:18:20 INFO: Generating ground and roofs for mesh patch[15] - in file: main.py - line: 83
2023-07-31 16:18:22 INFO: Computing sensors for mesh patch[15] - in file: main.py - line: 86
2023-07-31 16:18:28 INFO: Mesh mesh_15 saved in 0s - in file: save.py - line: 50
2023-07-31 16:18:28 INFO: Array_list sensors_15 saved in 0s - in file: save.py - line: 86
2023-07-31 16:18:28 INFO: Polyines outlines_15 saved in 0s - in file: save.py - line: 68
2023-07-31 16:18:28 INFO: Finished computing patch[15] in 9.92s. - in file: main.py - line: 144
2023-07-31 16:18:28 INFO: Started computing patch[16]. - in file: main.py - line: 142
2023-07-31 16:18:28 WARNING: Mesh 713 does not have outline with height lower than tolerance 0.01 - in file: outlines.py - line: 128
2023-07-31 16:18:29 INFO: Started computing mesh for mesh[16] with FSI value of 0.27 - in file: main.py - line: 79
2023-07-31 16:18:29 INFO: Generating walls for mesh patch[16] - in file: main.py - line: 81
2023-07-31 16:18:30 INFO: Generating ground and roofs for mesh patch[16] - in file: main.py - line: 83
2023-07-31 16:18:33 INFO: Computing sensors for mesh patch[16] - in file: main.py - line: 86
2023-07-31 16:18:40 INFO: Mesh mesh_16 saved in 0s - in file: save.py - line: 50
2023-07-31 16:18:40 INFO: Array_list sensors_16 saved in 0s - in file: save.py - line: 86
2023-07-31 16:18:40 INFO: Polyines outlines_16 saved in 0s - in file: save.py - line: 68
2023-07-31 16:18:40 INFO: Finished computing patch[16] in 11.87s. - in file: main.py - line: 144
2023-07-31 16:18:40 INFO: Started computing patch[17]. - in file: main.py - line: 142
2023-07-31 16:18:40 WARNING: Mesh 713 does not have outline with height lower than tolerance 0.01 - in file: outlines.py - line: 128
2023-07-31 16:18:41 INFO: Started computing mesh for mesh[17] with FSI value of 0.23 - in file: main.py - line: 79
2023-07-31 16:18:41 INFO: Generating walls for mesh patch[17] - in file: main.py - line: 81
2023-07-31 16:18:42 INFO: Generating ground and roofs for mesh patch[17] - in file: main.py - line: 83
2023-07-31 16:18:46 INFO: Computing sensors for mesh patch[17] - in file: main.py - line: 86
2023-07-31 16:18:52 INFO: Mesh mesh_17 saved in 0s - in file: save.py - line: 50
2023-07-31 16:18:52 INFO: Array_list sensors_17 saved in 0s - in file: save.py - line: 86
2023-07-31 16:18:52 INFO: Polyines outlines_17 saved in 0s - in file: save.py - line: 68
2023-07-31 16:18:52 INFO: Finished computing patch[17] in 11.76s. - in file: main.py - line: 144
2023-07-31 16:18:52 INFO: Started computing patch[18]. - in file: main.py - line: 142
2023-07-31 16:18:52 WARNING: Mesh 713 does not have outline with height lower than tolerance 0.01 - in file: outlines.py - line: 128
2023-07-31 16:18:52 INFO: FSI_score 0.15 of sample 18 not high enough to continue generating sample. - in file: main.py - line: 133
2023-07-31 16:18:52 INFO: Finished computing patch[18] in 0.58s. - in file: main.py - line: 144
2023-07-31 16:18:52 INFO: Started computing patch[19]. - in file: main.py - line: 142
2023-07-31 16:18:53 WARNING: Mesh 713 does not have outline with height lower than tolerance 0.01 - in file: outlines.py - line: 128
2023-07-31 16:18:53 INFO: FSI_score 0.11 of sample 19 not high enough to continue generating sample. - in file: main.py - line: 133
2023-07-31 16:18:53 INFO: Finished computing patch[19] in 0.64s. - in file: main.py - line: 144
2023-07-31 16:18:53 INFO: Started computing patch[20]. - in file: main.py - line: 142
2023-07-31 16:18:53 WARNING: Mesh 713 does not have outline with height lower than tolerance 0.01 - in file: outlines.py - line: 128
2023-07-31 16:18:54 INFO: FSI_score 0.09 of sample 20 not high enough to continue generating sample. - in file: main.py - line: 133
2023-07-31 16:18:54 INFO: Finished computing patch[20] in 0.62s. - in file: main.py - line: 144
2023-07-31 16:18:54 INFO: Started computing patch[21]. - in file: main.py - line: 142
2023-07-31 16:18:54 WARNING: Mesh 713 does not have outline with height lower than tolerance 0.01 - in file: outlines.py - line: 128
2023-07-31 16:18:54 INFO: FSI_score 0.06 of sample 21 not high enough to continue generating sample. - in file: main.py - line: 133
2023-07-31 16:18:54 INFO: Finished computing patch[21] in 0.57s. - in file: main.py - line: 144
2023-07-31 16:18:54 INFO: Started computing patch[22]. - in file: main.py - line: 142
2023-07-31 16:18:54 WARNING: Mesh 713 does not have outline with height lower than tolerance 0.01 - in file: outlines.py - line: 128
2023-07-31 16:18:55 INFO: FSI_score 0.02 of sample 22 not high enough to continue generating sample. - in file: main.py - line: 133
2023-07-31 16:18:55 INFO: Finished computing patch[22] in 0.66s. - in file: main.py - line: 144
2023-07-31 16:18:55 INFO: Started computing patch[23]. - in file: main.py - line: 142
2023-07-31 16:18:55 WARNING: Mesh 713 does not have outline with height lower than tolerance 0.01 - in file: outlines.py - line: 128
2023-07-31 16:18:55 INFO: FSI_score 0.01 of sample 23 not high enough to continue generating sample. - in file: main.py - line: 133
2023-07-31 16:18:55 INFO: Finished computing patch[23] in 0.52s. - in file: main.py - line: 144
2023-07-31 16:18:55 INFO: Started computing patch[24]. - in file: main.py - line: 142
2023-07-31 16:18:56 WARNING: Mesh 713 does not have outline with height lower than tolerance 0.01 - in file: outlines.py - line: 128
2023-07-31 16:18:56 INFO: Started computing mesh for mesh[24] with FSI value of 0.22 - in file: main.py - line: 79
2023-07-31 16:18:56 INFO: Generating walls for mesh patch[24] - in file: main.py - line: 81
2023-07-31 16:18:57 INFO: Generating ground and roofs for mesh patch[24] - in file: main.py - line: 83
2023-07-31 16:19:01 INFO: Computing sensors for mesh patch[24] - in file: main.py - line: 86
2023-07-31 16:19:08 INFO: Mesh mesh_24 saved in 0s - in file: save.py - line: 50
2023-07-31 16:19:08 INFO: Array_list sensors_24 saved in 0s - in file: save.py - line: 86
2023-07-31 16:19:08 INFO: Polyines outlines_24 saved in 0s - in file: save.py - line: 68
