2023-07-29 14:58:43,792 - INFO - Finished loading rhinoinside... - in file: main.py - line: 11
2023-07-29 14:58:56,319 - INFO - Loaded 3D BAG dataset with 1211 roofs and 1211 walls from C://Users//Job de Vogel//OneDrive//Documenten//TU Delft//Master Thesis//Dataset_pipeline//3D_BAG_dataset//3dbag_v210908_fd2cee53_lod12_3d_5859.obj. - in file: file.py - line: 130
2023-07-29 14:58:56,415 - INFO - Started computing patch[0]. - in file: main.py - line: 113
2023-07-29 14:58:56,602 - WARNING - Mesh 713 does not have outline with height lower than tolerance 0.0001 - in file: outlines.py - line: 126
2023-07-29 14:59:01,400 - WARNING - Point containment coincident - in file: meshing.py - line: 44
2023-07-29 14:59:11,445 - INFO - Mesh mesh_0 saved in 1s - in file: save.py - line: 50
2023-07-29 14:59:11,592 - INFO - Array_list sensors_0 saved in 0s - in file: save.py - line: 86
2023-07-29 14:59:11,600 - INFO - Polyines outlines_0 saved in 0s - in file: save.py - line: 68
2023-07-29 14:59:11,627 - INFO - Finished computing patch[0] in 15.21s. - in file: main.py - line: 115
2023-07-29 14:59:11,628 - INFO - ----- NEXT PATCH -----. - in file: main.py - line: 116
2023-07-29 14:59:11,628 - INFO - Started computing patch[1]. - in file: main.py - line: 113
2023-07-29 14:59:11,788 - WARNING - Mesh 713 does not have outline with height lower than tolerance 0.0001 - in file: outlines.py - line: 126
2023-07-29 14:59:28,720 - INFO - Mesh mesh_1 saved in 1s - in file: save.py - line: 50
2023-07-29 14:59:28,923 - INFO - Array_list sensors_1 saved in 0s - in file: save.py - line: 86
2023-07-29 14:59:28,937 - INFO - Polyines outlines_1 saved in 0s - in file: save.py - line: 68
2023-07-29 14:59:28,970 - INFO - Finished computing patch[1] in 17.34s. - in file: main.py - line: 115
2023-07-29 14:59:28,971 - INFO - ----- NEXT PATCH -----. - in file: main.py - line: 116
2023-07-29 14:59:28,971 - INFO - Started computing patch[2]. - in file: main.py - line: 113
2023-07-29 14:59:29,129 - WARNING - Mesh 713 does not have outline with height lower than tolerance 0.0001 - in file: outlines.py - line: 126
2023-07-29 14:59:32,109 - WARNING - Point containment coincident - in file: meshing.py - line: 44
2023-07-29 14:59:32,698 - WARNING - Point containment coincident - in file: meshing.py - line: 44
2023-07-29 14:59:42,911 - INFO - Mesh mesh_2 saved in 1s - in file: save.py - line: 50
2023-07-29 14:59:43,132 - INFO - Array_list sensors_2 saved in 0s - in file: save.py - line: 86
2023-07-29 14:59:43,140 - INFO - Polyines outlines_2 saved in 0s - in file: save.py - line: 68
2023-07-29 14:59:43,168 - INFO - Finished computing patch[2] in 14.2s. - in file: main.py - line: 115
2023-07-29 14:59:43,168 - INFO - ----- NEXT PATCH -----. - in file: main.py - line: 116
2023-07-29 14:59:43,169 - INFO - Started computing patch[3]. - in file: main.py - line: 113
2023-07-29 14:59:43,355 - WARNING - Mesh 713 does not have outline with height lower than tolerance 0.0001 - in file: outlines.py - line: 126
2023-07-29 14:59:45,751 - WARNING - Point containment coincident - in file: meshing.py - line: 44
2023-07-29 14:59:54,057 - INFO - Mesh mesh_3 saved in 1s - in file: save.py - line: 50
2023-07-29 14:59:54,169 - INFO - Array_list sensors_3 saved in 0s - in file: save.py - line: 86
2023-07-29 14:59:54,175 - INFO - Polyines outlines_3 saved in 0s - in file: save.py - line: 68
2023-07-29 14:59:54,199 - INFO - Finished computing patch[3] in 11.03s. - in file: main.py - line: 115
2023-07-29 14:59:54,199 - INFO - ----- NEXT PATCH -----. - in file: main.py - line: 116
2023-07-29 14:59:54,200 - INFO - Started computing patch[4]. - in file: main.py - line: 113
2023-07-29 14:59:54,405 - WARNING - Mesh 713 does not have outline with height lower than tolerance 0.0001 - in file: outlines.py - line: 126
2023-07-29 15:00:03,003 - INFO - Mesh mesh_4 saved in 1s - in file: save.py - line: 50
2023-07-29 15:00:03,108 - INFO - Array_list sensors_4 saved in 0s - in file: save.py - line: 86
2023-07-29 15:00:03,113 - INFO - Polyines outlines_4 saved in 0s - in file: save.py - line: 68
2023-07-29 15:00:03,132 - INFO - Finished computing patch[4] in 8.93s. - in file: main.py - line: 115
2023-07-29 15:00:03,133 - INFO - ----- NEXT PATCH -----. - in file: main.py - line: 116
2023-07-29 15:00:03,133 - INFO - Started computing patch[5]. - in file: main.py - line: 113
2023-07-29 15:00:03,347 - WARNING - Mesh 713 does not have outline with height lower than tolerance 0.0001 - in file: outlines.py - line: 126
2023-07-29 15:00:11,178 - INFO - Mesh mesh_5 saved in 1s - in file: save.py - line: 50
2023-07-29 15:00:11,285 - INFO - Array_list sensors_5 saved in 0s - in file: save.py - line: 86
2023-07-29 15:00:11,290 - INFO - Polyines outlines_5 saved in 0s - in file: save.py - line: 68
2023-07-29 15:00:11,313 - INFO - Finished computing patch[5] in 8.18s. - in file: main.py - line: 115
2023-07-29 15:00:11,313 - INFO - ----- NEXT PATCH -----. - in file: main.py - line: 116
2023-07-29 15:00:11,314 - INFO - Started computing patch[6]. - in file: main.py - line: 113
2023-07-29 15:00:11,517 - WARNING - Mesh 713 does not have outline with height lower than tolerance 0.0001 - in file: outlines.py - line: 126
2023-07-29 15:00:18,905 - INFO - Mesh mesh_6 saved in 1s - in file: save.py - line: 50
2023-07-29 15:00:18,981 - INFO - Array_list sensors_6 saved in 0s - in file: save.py - line: 86
2023-07-29 15:00:18,986 - INFO - Polyines outlines_6 saved in 0s - in file: save.py - line: 68
2023-07-29 15:00:19,003 - INFO - Finished computing patch[6] in 7.69s. - in file: main.py - line: 115
2023-07-29 15:00:19,003 - INFO - ----- NEXT PATCH -----. - in file: main.py - line: 116
2023-07-29 15:00:19,005 - INFO - Started computing patch[7]. - in file: main.py - line: 113
2023-07-29 15:00:19,250 - WARNING - Mesh 713 does not have outline with height lower than tolerance 0.0001 - in file: outlines.py - line: 126
2023-07-29 15:00:27,568 - INFO - Mesh mesh_7 saved in 1s - in file: save.py - line: 50
2023-07-29 15:00:27,689 - INFO - Array_list sensors_7 saved in 0s - in file: save.py - line: 86
2023-07-29 15:00:27,696 - INFO - Polyines outlines_7 saved in 0s - in file: save.py - line: 68
2023-07-29 15:00:27,724 - INFO - Finished computing patch[7] in 8.72s. - in file: main.py - line: 115
2023-07-29 15:00:27,725 - INFO - ----- NEXT PATCH -----. - in file: main.py - line: 116
2023-07-29 15:00:27,725 - INFO - Started computing patch[8]. - in file: main.py - line: 113
2023-07-29 15:00:27,945 - WARNING - Mesh 713 does not have outline with height lower than tolerance 0.0001 - in file: outlines.py - line: 126
2023-07-29 15:00:38,850 - INFO - Mesh mesh_8 saved in 1s - in file: save.py - line: 50
2023-07-29 15:00:38,960 - INFO - Array_list sensors_8 saved in 0s - in file: save.py - line: 86
2023-07-29 15:00:38,967 - INFO - Polyines outlines_8 saved in 0s - in file: save.py - line: 68
2023-07-29 15:00:38,989 - INFO - Finished computing patch[8] in 11.26s. - in file: main.py - line: 115
2023-07-29 15:00:38,989 - INFO - ----- NEXT PATCH -----. - in file: main.py - line: 116
2023-07-29 15:00:38,990 - INFO - Started computing patch[9]. - in file: main.py - line: 113
2023-07-29 15:00:39,199 - WARNING - Mesh 713 does not have outline with height lower than tolerance 0.0001 - in file: outlines.py - line: 126
2023-07-29 15:00:43,374 - WARNING - Point containment coincident - in file: meshing.py - line: 44
2023-07-29 15:00:43,375 - WARNING - Point containment coincident - in file: meshing.py - line: 44
2023-07-29 15:00:51,800 - INFO - Mesh mesh_9 saved in 1s - in file: save.py - line: 50
2023-07-29 15:00:51,933 - INFO - Array_list sensors_9 saved in 0s - in file: save.py - line: 86
2023-07-29 15:00:51,941 - INFO - Polyines outlines_9 saved in 0s - in file: save.py - line: 68
2023-07-29 15:00:51,971 - INFO - Finished computing patch[9] in 12.98s. - in file: main.py - line: 115
2023-07-29 15:00:51,971 - INFO - ----- NEXT PATCH -----. - in file: main.py - line: 116
2023-07-29 15:00:51,971 - INFO - Started computing patch[10]. - in file: main.py - line: 113
2023-07-29 15:00:52,221 - WARNING - Mesh 713 does not have outline with height lower than tolerance 0.0001 - in file: outlines.py - line: 126
2023-07-29 15:01:06,347 - INFO - Mesh mesh_10 saved in 1s - in file: save.py - line: 50
2023-07-29 15:01:06,480 - INFO - Array_list sensors_10 saved in 0s - in file: save.py - line: 86
2023-07-29 15:01:06,488 - INFO - Polyines outlines_10 saved in 0s - in file: save.py - line: 68
2023-07-29 15:01:06,515 - INFO - Finished computing patch[10] in 14.54s. - in file: main.py - line: 115
2023-07-29 15:01:06,515 - INFO - ----- NEXT PATCH -----. - in file: main.py - line: 116
2023-07-29 15:01:06,515 - INFO - Started computing patch[11]. - in file: main.py - line: 113
2023-07-29 15:01:06,713 - WARNING - Mesh 713 does not have outline with height lower than tolerance 0.0001 - in file: outlines.py - line: 126
2023-07-29 15:01:20,552 - INFO - Mesh mesh_11 saved in 1s - in file: save.py - line: 50
2023-07-29 15:01:20,693 - INFO - Array_list sensors_11 saved in 0s - in file: save.py - line: 86
2023-07-29 15:01:20,701 - INFO - Polyines outlines_11 saved in 0s - in file: save.py - line: 68
2023-07-29 15:01:20,728 - INFO - Finished computing patch[11] in 14.21s. - in file: main.py - line: 115
2023-07-29 15:01:20,729 - INFO - ----- NEXT PATCH -----. - in file: main.py - line: 116
2023-07-29 15:01:20,729 - INFO - Started computing patch[12]. - in file: main.py - line: 113
2023-07-29 15:01:20,908 - WARNING - Mesh 713 does not have outline with height lower than tolerance 0.0001 - in file: outlines.py - line: 126
2023-07-29 15:01:24,761 - WARNING - Point containment coincident - in file: meshing.py - line: 44
2023-07-29 15:01:32,456 - INFO - Mesh mesh_12 saved in 1s - in file: save.py - line: 50
2023-07-29 15:01:32,627 - INFO - Array_list sensors_12 saved in 0s - in file: save.py - line: 86
2023-07-29 15:01:32,633 - INFO - Polyines outlines_12 saved in 0s - in file: save.py - line: 68
2023-07-29 15:01:32,655 - INFO - Finished computing patch[12] in 11.93s. - in file: main.py - line: 115
2023-07-29 15:01:32,655 - INFO - ----- NEXT PATCH -----. - in file: main.py - line: 116
2023-07-29 15:01:32,656 - INFO - Started computing patch[13]. - in file: main.py - line: 113
2023-07-29 15:01:32,829 - WARNING - Mesh 713 does not have outline with height lower than tolerance 0.0001 - in file: outlines.py - line: 126
2023-07-29 15:01:41,615 - INFO - Mesh mesh_13 saved in 1s - in file: save.py - line: 50
2023-07-29 15:01:41,718 - INFO - Array_list sensors_13 saved in 0s - in file: save.py - line: 86
2023-07-29 15:01:41,723 - INFO - Polyines outlines_13 saved in 0s - in file: save.py - line: 68
2023-07-29 15:01:41,752 - INFO - Finished computing patch[13] in 9.1s. - in file: main.py - line: 115
2023-07-29 15:01:41,752 - INFO - ----- NEXT PATCH -----. - in file: main.py - line: 116
2023-07-29 15:01:41,753 - INFO - Started computing patch[14]. - in file: main.py - line: 113
2023-07-29 15:01:41,937 - WARNING - Mesh 713 does not have outline with height lower than tolerance 0.0001 - in file: outlines.py - line: 126
2023-07-29 15:01:49,703 - INFO - Mesh mesh_14 saved in 1s - in file: save.py - line: 50
2023-07-29 15:01:49,839 - INFO - Array_list sensors_14 saved in 0s - in file: save.py - line: 86
2023-07-29 15:01:49,844 - INFO - Polyines outlines_14 saved in 0s - in file: save.py - line: 68
2023-07-29 15:01:49,872 - INFO - Finished computing patch[14] in 8.12s. - in file: main.py - line: 115
2023-07-29 15:01:49,872 - INFO - ----- NEXT PATCH -----. - in file: main.py - line: 116
2023-07-29 15:01:49,873 - INFO - Started computing patch[15]. - in file: main.py - line: 113
2023-07-29 15:01:50,106 - WARNING - Mesh 713 does not have outline with height lower than tolerance 0.0001 - in file: outlines.py - line: 126
2023-07-29 15:01:58,424 - INFO - Mesh mesh_15 saved in 1s - in file: save.py - line: 50
2023-07-29 15:01:58,504 - INFO - Array_list sensors_15 saved in 0s - in file: save.py - line: 86
2023-07-29 15:01:58,508 - INFO - Polyines outlines_15 saved in 0s - in file: save.py - line: 68
2023-07-29 15:01:58,528 - INFO - Finished computing patch[15] in 8.66s. - in file: main.py - line: 115
2023-07-29 15:01:58,529 - INFO - ----- NEXT PATCH -----. - in file: main.py - line: 116
2023-07-29 15:01:58,529 - INFO - Started computing patch[16]. - in file: main.py - line: 113
2023-07-29 15:01:58,769 - WARNING - Mesh 713 does not have outline with height lower than tolerance 0.0001 - in file: outlines.py - line: 126
