2023-07-29 15:19:19,573 - INFO - Finished loading rhinoinside... - in file: main.py - line: 11
2023-07-29 15:19:33,158 - INFO - Loaded 3D BAG dataset with 1211 roofs and 1211 walls from C://Users//Job de Vogel//OneDrive//Documenten//TU Delft//Master Thesis//Dataset_pipeline//3D_BAG_dataset//3dbag_v210908_fd2cee53_lod12_3d_5859.obj. - in file: file.py - line: 130
2023-07-29 15:19:33,244 - INFO - Started computing patch[0]. - in file: main.py - line: 114
2023-07-29 15:19:33,443 - WARNING - Mesh 713 does not have outline with height lower than tolerance 0.0001 - in file: outlines.py - line: 126
2023-07-29 15:19:38,633 - WARNING - Point containment coincident - in file: meshing.py - line: 44
2023-07-29 15:19:50,235 - INFO - Mesh mesh_0 saved in 1s - in file: save.py - line: 50
2023-07-29 15:19:50,380 - INFO - Array_list sensors_0 saved in 0s - in file: save.py - line: 86
2023-07-29 15:19:50,387 - INFO - Polyines outlines_0 saved in 0s - in file: save.py - line: 68
2023-07-29 15:19:50,410 - INFO - Finished computing patch[0] in 17.17s. - in file: main.py - line: 116
2023-07-29 15:19:50,410 - INFO - ----- NEXT PATCH -----. - in file: main.py - line: 117
2023-07-29 15:19:50,411 - INFO - Started computing patch[1]. - in file: main.py - line: 114
2023-07-29 15:19:50,566 - WARNING - Mesh 713 does not have outline with height lower than tolerance 0.0001 - in file: outlines.py - line: 126
2023-07-29 15:20:07,654 - INFO - Mesh mesh_1 saved in 1s - in file: save.py - line: 50
2023-07-29 15:20:07,814 - INFO - Array_list sensors_1 saved in 0s - in file: save.py - line: 86
2023-07-29 15:20:07,825 - INFO - Polyines outlines_1 saved in 0s - in file: save.py - line: 68
2023-07-29 15:20:07,862 - INFO - Finished computing patch[1] in 17.45s. - in file: main.py - line: 116
2023-07-29 15:20:07,863 - INFO - ----- NEXT PATCH -----. - in file: main.py - line: 117
2023-07-29 15:20:07,863 - INFO - Started computing patch[2]. - in file: main.py - line: 114
2023-07-29 15:20:08,159 - WARNING - Mesh 713 does not have outline with height lower than tolerance 0.0001 - in file: outlines.py - line: 126
2023-07-29 15:20:11,234 - WARNING - Point containment coincident - in file: meshing.py - line: 44
2023-07-29 15:20:11,806 - WARNING - Point containment coincident - in file: meshing.py - line: 44
2023-07-29 15:20:22,118 - INFO - Mesh mesh_2 saved in 1s - in file: save.py - line: 50
2023-07-29 15:20:22,419 - INFO - Array_list sensors_2 saved in 0s - in file: save.py - line: 86
2023-07-29 15:20:22,432 - INFO - Polyines outlines_2 saved in 0s - in file: save.py - line: 68
2023-07-29 15:20:22,469 - INFO - Finished computing patch[2] in 14.61s. - in file: main.py - line: 116
2023-07-29 15:20:22,469 - INFO - ----- NEXT PATCH -----. - in file: main.py - line: 117
2023-07-29 15:20:22,470 - INFO - Started computing patch[3]. - in file: main.py - line: 114
2023-07-29 15:20:22,669 - WARNING - Mesh 713 does not have outline with height lower than tolerance 0.0001 - in file: outlines.py - line: 126
2023-07-29 15:20:25,309 - WARNING - Point containment coincident - in file: meshing.py - line: 44
2023-07-29 15:20:33,496 - INFO - Mesh mesh_3 saved in 1s - in file: save.py - line: 50
2023-07-29 15:20:33,604 - INFO - Array_list sensors_3 saved in 0s - in file: save.py - line: 86
2023-07-29 15:20:33,610 - INFO - Polyines outlines_3 saved in 0s - in file: save.py - line: 68
2023-07-29 15:20:33,633 - INFO - Finished computing patch[3] in 11.16s. - in file: main.py - line: 116
2023-07-29 15:20:33,633 - INFO - ----- NEXT PATCH -----. - in file: main.py - line: 117
2023-07-29 15:20:33,634 - INFO - Started computing patch[4]. - in file: main.py - line: 114
2023-07-29 15:20:33,808 - WARNING - Mesh 713 does not have outline with height lower than tolerance 0.0001 - in file: outlines.py - line: 126
2023-07-29 15:20:42,140 - INFO - Mesh mesh_4 saved in 1s - in file: save.py - line: 50
2023-07-29 15:20:42,247 - INFO - Array_list sensors_4 saved in 0s - in file: save.py - line: 86
2023-07-29 15:20:42,254 - INFO - Polyines outlines_4 saved in 0s - in file: save.py - line: 68
2023-07-29 15:20:42,276 - INFO - Finished computing patch[4] in 8.64s. - in file: main.py - line: 116
2023-07-29 15:20:42,277 - INFO - ----- NEXT PATCH -----. - in file: main.py - line: 117
2023-07-29 15:20:42,277 - INFO - Started computing patch[5]. - in file: main.py - line: 114
2023-07-29 15:20:42,465 - WARNING - Mesh 713 does not have outline with height lower than tolerance 0.0001 - in file: outlines.py - line: 126
2023-07-29 15:20:50,184 - INFO - Mesh mesh_5 saved in 1s - in file: save.py - line: 50
2023-07-29 15:20:50,349 - INFO - Array_list sensors_5 saved in 0s - in file: save.py - line: 86
2023-07-29 15:20:50,355 - INFO - Polyines outlines_5 saved in 0s - in file: save.py - line: 68
2023-07-29 15:20:50,373 - INFO - Finished computing patch[5] in 8.1s. - in file: main.py - line: 116
2023-07-29 15:20:50,374 - INFO - ----- NEXT PATCH -----. - in file: main.py - line: 117
2023-07-29 15:20:50,374 - INFO - Started computing patch[6]. - in file: main.py - line: 114
2023-07-29 15:20:50,571 - WARNING - Mesh 713 does not have outline with height lower than tolerance 0.0001 - in file: outlines.py - line: 126
2023-07-29 15:20:58,397 - INFO - Mesh mesh_6 saved in 1s - in file: save.py - line: 50
2023-07-29 15:20:58,494 - INFO - Array_list sensors_6 saved in 0s - in file: save.py - line: 86
2023-07-29 15:20:58,498 - INFO - Polyines outlines_6 saved in 0s - in file: save.py - line: 68
2023-07-29 15:20:58,520 - INFO - Finished computing patch[6] in 8.15s. - in file: main.py - line: 116
2023-07-29 15:20:58,520 - INFO - ----- NEXT PATCH -----. - in file: main.py - line: 117
2023-07-29 15:20:58,521 - INFO - Started computing patch[7]. - in file: main.py - line: 114
2023-07-29 15:20:58,686 - WARNING - Mesh 713 does not have outline with height lower than tolerance 0.0001 - in file: outlines.py - line: 126
2023-07-29 15:21:06,756 - INFO - Mesh mesh_7 saved in 1s - in file: save.py - line: 50
2023-07-29 15:21:06,908 - INFO - Array_list sensors_7 saved in 0s - in file: save.py - line: 86
2023-07-29 15:21:06,912 - INFO - Polyines outlines_7 saved in 0s - in file: save.py - line: 68
2023-07-29 15:21:06,931 - INFO - Finished computing patch[7] in 8.41s. - in file: main.py - line: 116
2023-07-29 15:21:06,932 - INFO - ----- NEXT PATCH -----. - in file: main.py - line: 117
2023-07-29 15:21:06,932 - INFO - Started computing patch[8]. - in file: main.py - line: 114
2023-07-29 15:21:07,090 - WARNING - Mesh 713 does not have outline with height lower than tolerance 0.0001 - in file: outlines.py - line: 126
2023-07-29 15:21:18,094 - INFO - Mesh mesh_8 saved in 1s - in file: save.py - line: 50
2023-07-29 15:21:18,200 - INFO - Array_list sensors_8 saved in 0s - in file: save.py - line: 86
2023-07-29 15:21:18,206 - INFO - Polyines outlines_8 saved in 0s - in file: save.py - line: 68
2023-07-29 15:21:18,225 - INFO - Finished computing patch[8] in 11.29s. - in file: main.py - line: 116
2023-07-29 15:21:18,226 - INFO - ----- NEXT PATCH -----. - in file: main.py - line: 117
2023-07-29 15:21:18,226 - INFO - Started computing patch[9]. - in file: main.py - line: 114
2023-07-29 15:21:18,382 - WARNING - Mesh 713 does not have outline with height lower than tolerance 0.0001 - in file: outlines.py - line: 126
2023-07-29 15:21:22,654 - WARNING - Point containment coincident - in file: meshing.py - line: 44
2023-07-29 15:21:22,654 - WARNING - Point containment coincident - in file: meshing.py - line: 44
2023-07-29 15:21:30,781 - INFO - Mesh mesh_9 saved in 1s - in file: save.py - line: 50
2023-07-29 15:21:30,893 - INFO - Array_list sensors_9 saved in 0s - in file: save.py - line: 86
2023-07-29 15:21:30,899 - INFO - Polyines outlines_9 saved in 0s - in file: save.py - line: 68
2023-07-29 15:21:30,930 - INFO - Finished computing patch[9] in 12.7s. - in file: main.py - line: 116
2023-07-29 15:21:30,931 - INFO - ----- NEXT PATCH -----. - in file: main.py - line: 117
2023-07-29 15:21:30,931 - INFO - Started computing patch[10]. - in file: main.py - line: 114
2023-07-29 15:21:31,079 - WARNING - Mesh 713 does not have outline with height lower than tolerance 0.0001 - in file: outlines.py - line: 126
2023-07-29 15:21:45,518 - INFO - Mesh mesh_10 saved in 1s - in file: save.py - line: 50
2023-07-29 15:21:45,660 - INFO - Array_list sensors_10 saved in 0s - in file: save.py - line: 86
2023-07-29 15:21:45,669 - INFO - Polyines outlines_10 saved in 0s - in file: save.py - line: 68
2023-07-29 15:21:45,715 - INFO - Finished computing patch[10] in 14.78s. - in file: main.py - line: 116
2023-07-29 15:21:45,715 - INFO - ----- NEXT PATCH -----. - in file: main.py - line: 117
2023-07-29 15:21:45,716 - INFO - Started computing patch[11]. - in file: main.py - line: 114
2023-07-29 15:21:45,902 - WARNING - Mesh 713 does not have outline with height lower than tolerance 0.0001 - in file: outlines.py - line: 126
2023-07-29 15:22:00,151 - INFO - Mesh mesh_11 saved in 1s - in file: save.py - line: 50
2023-07-29 15:22:00,303 - INFO - Array_list sensors_11 saved in 0s - in file: save.py - line: 86
2023-07-29 15:22:00,314 - INFO - Polyines outlines_11 saved in 0s - in file: save.py - line: 68
2023-07-29 15:22:00,344 - INFO - Finished computing patch[11] in 14.63s. - in file: main.py - line: 116
2023-07-29 15:22:00,344 - INFO - ----- NEXT PATCH -----. - in file: main.py - line: 117
2023-07-29 15:22:00,344 - INFO - Started computing patch[12]. - in file: main.py - line: 114
2023-07-29 15:22:00,550 - WARNING - Mesh 713 does not have outline with height lower than tolerance 0.0001 - in file: outlines.py - line: 126
2023-07-29 15:22:04,150 - WARNING - Point containment coincident - in file: meshing.py - line: 44
2023-07-29 15:22:11,501 - INFO - Mesh mesh_12 saved in 1s - in file: save.py - line: 50
2023-07-29 15:22:11,617 - INFO - Array_list sensors_12 saved in 0s - in file: save.py - line: 86
2023-07-29 15:22:11,623 - INFO - Polyines outlines_12 saved in 0s - in file: save.py - line: 68
2023-07-29 15:22:11,645 - INFO - Finished computing patch[12] in 11.3s. - in file: main.py - line: 116
2023-07-29 15:22:11,646 - INFO - ----- NEXT PATCH -----. - in file: main.py - line: 117
2023-07-29 15:22:11,646 - INFO - Started computing patch[13]. - in file: main.py - line: 114
2023-07-29 15:22:11,842 - WARNING - Mesh 713 does not have outline with height lower than tolerance 0.0001 - in file: outlines.py - line: 126
2023-07-29 15:22:20,774 - INFO - Mesh mesh_13 saved in 1s - in file: save.py - line: 50
2023-07-29 15:22:20,866 - INFO - Array_list sensors_13 saved in 0s - in file: save.py - line: 86
2023-07-29 15:22:20,870 - INFO - Polyines outlines_13 saved in 0s - in file: save.py - line: 68
2023-07-29 15:22:20,889 - INFO - Finished computing patch[13] in 9.24s. - in file: main.py - line: 116
2023-07-29 15:22:20,889 - INFO - ----- NEXT PATCH -----. - in file: main.py - line: 117
2023-07-29 15:22:20,889 - INFO - Started computing patch[14]. - in file: main.py - line: 114
2023-07-29 15:22:21,075 - WARNING - Mesh 713 does not have outline with height lower than tolerance 0.0001 - in file: outlines.py - line: 126
2023-07-29 15:22:27,920 - INFO - Mesh mesh_14 saved in 1s - in file: save.py - line: 50
2023-07-29 15:22:27,999 - INFO - Array_list sensors_14 saved in 0s - in file: save.py - line: 86
2023-07-29 15:22:28,004 - INFO - Polyines outlines_14 saved in 0s - in file: save.py - line: 68
2023-07-29 15:22:28,026 - INFO - Finished computing patch[14] in 7.14s. - in file: main.py - line: 116
2023-07-29 15:22:28,026 - INFO - ----- NEXT PATCH -----. - in file: main.py - line: 117
2023-07-29 15:22:28,026 - INFO - Started computing patch[15]. - in file: main.py - line: 114
2023-07-29 15:22:28,191 - WARNING - Mesh 713 does not have outline with height lower than tolerance 0.0001 - in file: outlines.py - line: 126
2023-07-29 15:22:33,256 - INFO - Mesh mesh_15 saved in 1s - in file: save.py - line: 50
2023-07-29 15:22:33,390 - INFO - Array_list sensors_15 saved in 0s - in file: save.py - line: 86
2023-07-29 15:22:33,393 - INFO - Polyines outlines_15 saved in 0s - in file: save.py - line: 68
2023-07-29 15:22:33,411 - INFO - Finished computing patch[15] in 5.38s. - in file: main.py - line: 116
2023-07-29 15:22:33,412 - INFO - ----- NEXT PATCH -----. - in file: main.py - line: 117
2023-07-29 15:22:33,412 - INFO - Started computing patch[16]. - in file: main.py - line: 114
2023-07-29 15:22:33,641 - WARNING - Mesh 713 does not have outline with height lower than tolerance 0.0001 - in file: outlines.py - line: 126
