2023-07-29 19:13:32,279 - INFO - Finished loading rhinoinside... - in file: main.py - line: 11
2023-07-29 19:13:45,518 - INFO - Loaded 3D BAG dataset with 1211 roofs and 1211 walls from C://Users//Job de Vogel//OneDrive//Documenten//TU Delft//Master Thesis//Dataset_pipeline//3D_BAG_dataset//3dbag_v210908_fd2cee53_lod12_3d_5859.obj. - in file: file.py - line: 130
2023-07-29 19:13:45,619 - INFO - Started computing patch[1]. - in file: main.py - line: 126
2023-07-29 19:13:45,876 - WARNING - Mesh 713 does not have outline with height lower than tolerance 0.01 - in file: outlines.py - line: 128
2023-07-29 19:13:46,443 - INFO - Started computing mesh for mesh[1] with FSI value of 0.21567410854731184 - in file: main.py - line: 66
2023-07-29 19:14:04,831 - INFO - Started solar irradiance simulation with arguments -ab 6 -ad 25000 -as 4096 -c 1 -dc 0.75 -dp 512 -dr 3 -ds 0.05 -dt 0.15 -lr 8 -lw 4e-07 -ss 1.0 -st 0.15 - in file: run.py - line: 44
2023-07-29 19:14:59,414 - INFO - Computed 24275 solar irradiance values for model custom_name - in file: run.py - line: 47
2023-07-29 19:15:00,573 - INFO - Mesh mesh_1 saved in 1s - in file: save.py - line: 50
2023-07-29 19:15:00,770 - INFO - Array_list sensors_1 saved in 0s - in file: save.py - line: 86
2023-07-29 19:15:00,788 - INFO - Polyines outlines_1 saved in 0s - in file: save.py - line: 68
2023-07-29 19:15:00,846 - INFO - Finished computing patch[1] in 75.23s. - in file: main.py - line: 128
2023-07-29 19:15:00,846 - INFO - ----- NEXT PATCH -----. - in file: main.py - line: 129
2023-07-29 19:15:00,847 - INFO - Started computing patch[2]. - in file: main.py - line: 126
2023-07-29 19:15:01,087 - WARNING - Mesh 713 does not have outline with height lower than tolerance 0.01 - in file: outlines.py - line: 128
2023-07-29 19:15:01,665 - INFO - FSI_score 0.19 of sample 2 not high enough to continue generating sample. - in file: main.py - line: 117
2023-07-29 19:15:01,666 - INFO - Finished computing patch[2] in 0.82s. - in file: main.py - line: 128
2023-07-29 19:15:01,667 - INFO - ----- NEXT PATCH -----. - in file: main.py - line: 129
2023-07-29 19:15:01,667 - INFO - Started computing patch[3]. - in file: main.py - line: 126
2023-07-29 19:15:01,875 - WARNING - Mesh 713 does not have outline with height lower than tolerance 0.01 - in file: outlines.py - line: 128
2023-07-29 19:15:02,621 - INFO - FSI_score 0.14 of sample 3 not high enough to continue generating sample. - in file: main.py - line: 117
2023-07-29 19:15:02,624 - INFO - Finished computing patch[3] in 0.96s. - in file: main.py - line: 128
2023-07-29 19:15:02,624 - INFO - ----- NEXT PATCH -----. - in file: main.py - line: 129
2023-07-29 19:15:02,625 - INFO - Started computing patch[4]. - in file: main.py - line: 126
2023-07-29 19:15:02,877 - WARNING - Mesh 713 does not have outline with height lower than tolerance 0.01 - in file: outlines.py - line: 128
2023-07-29 19:15:03,656 - INFO - FSI_score 0.11 of sample 4 not high enough to continue generating sample. - in file: main.py - line: 117
2023-07-29 19:15:03,657 - INFO - Finished computing patch[4] in 1.03s. - in file: main.py - line: 128
2023-07-29 19:15:03,658 - INFO - ----- NEXT PATCH -----. - in file: main.py - line: 129
2023-07-29 19:15:03,658 - INFO - Started computing patch[5]. - in file: main.py - line: 126
2023-07-29 19:15:03,881 - WARNING - Mesh 713 does not have outline with height lower than tolerance 0.01 - in file: outlines.py - line: 128
2023-07-29 19:15:04,484 - INFO - FSI_score 0.12 of sample 5 not high enough to continue generating sample. - in file: main.py - line: 117
2023-07-29 19:15:04,485 - INFO - Finished computing patch[5] in 0.83s. - in file: main.py - line: 128
2023-07-29 19:15:04,486 - INFO - ----- NEXT PATCH -----. - in file: main.py - line: 129
2023-07-29 19:15:04,486 - INFO - Started computing patch[6]. - in file: main.py - line: 126
2023-07-29 19:15:04,659 - WARNING - Mesh 713 does not have outline with height lower than tolerance 0.01 - in file: outlines.py - line: 128
2023-07-29 19:15:05,201 - INFO - FSI_score 0.16 of sample 6 not high enough to continue generating sample. - in file: main.py - line: 117
2023-07-29 19:15:05,202 - INFO - Finished computing patch[6] in 0.72s. - in file: main.py - line: 128
2023-07-29 19:15:05,202 - INFO - ----- NEXT PATCH -----. - in file: main.py - line: 129
2023-07-29 19:15:05,203 - INFO - Started computing patch[7]. - in file: main.py - line: 126
2023-07-29 19:15:05,376 - WARNING - Mesh 713 does not have outline with height lower than tolerance 0.01 - in file: outlines.py - line: 128
2023-07-29 19:15:06,067 - INFO - FSI_score 0.17 of sample 7 not high enough to continue generating sample. - in file: main.py - line: 117
2023-07-29 19:15:06,069 - INFO - Finished computing patch[7] in 0.87s. - in file: main.py - line: 128
2023-07-29 19:15:06,069 - INFO - ----- NEXT PATCH -----. - in file: main.py - line: 129
2023-07-29 19:15:06,070 - INFO - Started computing patch[8]. - in file: main.py - line: 126
2023-07-29 19:15:06,258 - WARNING - Mesh 713 does not have outline with height lower than tolerance 0.01 - in file: outlines.py - line: 128
2023-07-29 19:15:06,826 - INFO - FSI_score 0.19 of sample 8 not high enough to continue generating sample. - in file: main.py - line: 117
2023-07-29 19:15:06,827 - INFO - Finished computing patch[8] in 0.76s. - in file: main.py - line: 128
2023-07-29 19:15:06,828 - INFO - ----- NEXT PATCH -----. - in file: main.py - line: 129
2023-07-29 19:15:06,828 - INFO - Started computing patch[9]. - in file: main.py - line: 126
2023-07-29 19:15:06,994 - WARNING - Mesh 713 does not have outline with height lower than tolerance 0.01 - in file: outlines.py - line: 128
2023-07-29 19:15:07,552 - INFO - Started computing mesh for mesh[9] with FSI value of 0.22652002924418602 - in file: main.py - line: 66
2023-07-29 19:15:11,392 - WARNING - Point containment coincident - in file: meshing.py - line: 44
2023-07-29 19:15:11,392 - WARNING - Point containment coincident - in file: meshing.py - line: 44
2023-07-29 19:15:21,695 - INFO - Started solar irradiance simulation with arguments -ab 6 -ad 25000 -as 4096 -c 1 -dc 0.75 -dp 512 -dr 3 -ds 0.05 -dt 0.15 -lr 8 -lw 4e-07 -ss 1.0 -st 0.15 - in file: run.py - line: 44
2023-07-29 19:16:14,296 - INFO - Computed 22092 solar irradiance values for model custom_name - in file: run.py - line: 47
2023-07-29 19:16:15,399 - INFO - Mesh mesh_9 saved in 1s - in file: save.py - line: 50
2023-07-29 19:16:15,603 - INFO - Array_list sensors_9 saved in 0s - in file: save.py - line: 86
2023-07-29 19:16:15,611 - INFO - Polyines outlines_9 saved in 0s - in file: save.py - line: 68
2023-07-29 19:16:15,644 - INFO - Finished computing patch[9] in 68.82s. - in file: main.py - line: 128
2023-07-29 19:16:15,645 - INFO - ----- NEXT PATCH -----. - in file: main.py - line: 129
2023-07-29 19:16:15,645 - INFO - Started computing patch[10]. - in file: main.py - line: 126
2023-07-29 19:16:15,824 - WARNING - Mesh 713 does not have outline with height lower than tolerance 0.01 - in file: outlines.py - line: 128
2023-07-29 19:16:16,381 - INFO - Started computing mesh for mesh[10] with FSI value of 0.21157379930987782 - in file: main.py - line: 66
2023-07-29 19:16:33,253 - INFO - Started solar irradiance simulation with arguments -ab 6 -ad 25000 -as 4096 -c 1 -dc 0.75 -dp 512 -dr 3 -ds 0.05 -dt 0.15 -lr 8 -lw 4e-07 -ss 1.0 -st 0.15 - in file: run.py - line: 44
2023-07-29 19:17:30,926 - INFO - Computed 22105 solar irradiance values for model custom_name - in file: run.py - line: 47
2023-07-29 19:17:32,162 - INFO - Mesh mesh_10 saved in 1s - in file: save.py - line: 50
2023-07-29 19:17:32,331 - INFO - Array_list sensors_10 saved in 0s - in file: save.py - line: 86
2023-07-29 19:17:32,339 - INFO - Polyines outlines_10 saved in 0s - in file: save.py - line: 68
2023-07-29 19:17:32,364 - INFO - Finished computing patch[10] in 76.72s. - in file: main.py - line: 128
2023-07-29 19:17:32,364 - INFO - ----- NEXT PATCH -----. - in file: main.py - line: 129
2023-07-29 19:17:32,365 - INFO - Started computing patch[11]. - in file: main.py - line: 126
2023-07-29 19:17:32,539 - WARNING - Mesh 713 does not have outline with height lower than tolerance 0.01 - in file: outlines.py - line: 128
2023-07-29 19:17:33,087 - INFO - FSI_score 0.19 of sample 11 not high enough to continue generating sample. - in file: main.py - line: 117
2023-07-29 19:17:33,089 - INFO - Finished computing patch[11] in 0.72s. - in file: main.py - line: 128
2023-07-29 19:17:33,089 - INFO - ----- NEXT PATCH -----. - in file: main.py - line: 129
2023-07-29 19:17:33,089 - INFO - Started computing patch[12]. - in file: main.py - line: 126
2023-07-29 19:17:33,270 - WARNING - Mesh 713 does not have outline with height lower than tolerance 0.01 - in file: outlines.py - line: 128
2023-07-29 19:17:33,818 - INFO - FSI_score 0.14 of sample 12 not high enough to continue generating sample. - in file: main.py - line: 117
2023-07-29 19:17:33,820 - INFO - Finished computing patch[12] in 0.73s. - in file: main.py - line: 128
2023-07-29 19:17:33,821 - INFO - ----- NEXT PATCH -----. - in file: main.py - line: 129
2023-07-29 19:17:33,821 - INFO - Started computing patch[13]. - in file: main.py - line: 126
2023-07-29 19:17:34,124 - WARNING - Mesh 713 does not have outline with height lower than tolerance 0.01 - in file: outlines.py - line: 128
2023-07-29 19:17:34,671 - INFO - FSI_score 0.12 of sample 13 not high enough to continue generating sample. - in file: main.py - line: 117
2023-07-29 19:17:34,672 - INFO - Finished computing patch[13] in 0.85s. - in file: main.py - line: 128
2023-07-29 19:17:34,672 - INFO - ----- NEXT PATCH -----. - in file: main.py - line: 129
2023-07-29 19:17:34,674 - INFO - Started computing patch[14]. - in file: main.py - line: 126
2023-07-29 19:17:34,840 - WARNING - Mesh 713 does not have outline with height lower than tolerance 0.01 - in file: outlines.py - line: 128
2023-07-29 19:17:35,301 - INFO - FSI_score 0.07 of sample 14 not high enough to continue generating sample. - in file: main.py - line: 117
2023-07-29 19:17:35,303 - INFO - Finished computing patch[14] in 0.63s. - in file: main.py - line: 128
2023-07-29 19:17:35,303 - INFO - ----- NEXT PATCH -----. - in file: main.py - line: 129
2023-07-29 19:17:35,303 - INFO - Started computing patch[15]. - in file: main.py - line: 126
2023-07-29 19:17:35,461 - WARNING - Mesh 713 does not have outline with height lower than tolerance 0.01 - in file: outlines.py - line: 128
2023-07-29 19:17:35,897 - INFO - FSI_score 0.03 of sample 15 not high enough to continue generating sample. - in file: main.py - line: 117
2023-07-29 19:17:35,898 - INFO - Finished computing patch[15] in 0.59s. - in file: main.py - line: 128
2023-07-29 19:17:35,898 - INFO - ----- NEXT PATCH -----. - in file: main.py - line: 129
2023-07-29 19:17:35,899 - INFO - Started computing patch[16]. - in file: main.py - line: 126
2023-07-29 19:17:36,041 - WARNING - Mesh 713 does not have outline with height lower than tolerance 0.01 - in file: outlines.py - line: 128
2023-07-29 19:17:36,633 - INFO - FSI_score 0.04 of sample 16 not high enough to continue generating sample. - in file: main.py - line: 117
2023-07-29 19:17:36,634 - INFO - Finished computing patch[16] in 0.73s. - in file: main.py - line: 128
2023-07-29 19:17:36,635 - INFO - ----- NEXT PATCH -----. - in file: main.py - line: 129
2023-07-29 19:17:36,635 - INFO - Started computing patch[17]. - in file: main.py - line: 126
2023-07-29 19:17:36,810 - WARNING - Mesh 713 does not have outline with height lower than tolerance 0.01 - in file: outlines.py - line: 128
2023-07-29 19:17:37,283 - INFO - FSI_score 0.15 of sample 17 not high enough to continue generating sample. - in file: main.py - line: 117
2023-07-29 19:17:37,284 - INFO - Finished computing patch[17] in 0.65s. - in file: main.py - line: 128
2023-07-29 19:17:37,285 - INFO - ----- NEXT PATCH -----. - in file: main.py - line: 129
2023-07-29 19:17:37,285 - INFO - Started computing patch[18]. - in file: main.py - line: 126
2023-07-29 19:17:37,460 - WARNING - Mesh 713 does not have outline with height lower than tolerance 0.01 - in file: outlines.py - line: 128
2023-07-29 19:17:37,936 - INFO - Started computing mesh for mesh[18] with FSI value of 0.21530361328583322 - in file: main.py - line: 66
2023-07-29 19:17:49,747 - INFO - Started solar irradiance simulation with arguments -ab 6 -ad 25000 -as 4096 -c 1 -dc 0.75 -dp 512 -dr 3 -ds 0.05 -dt 0.15 -lr 8 -lw 4e-07 -ss 1.0 -st 0.15 - in file: run.py - line: 44
