2023-08-01 17:29:29 INFO: Finished loading rhinoinside... - in file: main.py - line: 19
2023-08-01 17:39:19 WARNING: Deleting all files in ['./data/geometry/', './data/irradiance/', './data/outlines/'] - in file: main.py - line: 48
2023-08-01 17:39:19 WARNING: Deletion successfull! - in file: main.py - line: 54
2023-08-01 17:39:28 INFO: Loaded 3D BAG dataset with 1211 roofs and 1211 walls from C://Users//Job de Vogel//OneDrive//Documenten//TU Delft//Master Thesis//Dataset_pipeline//3D_BAG_dataset//3dbag_v210908_fd2cee53_lod12_3d_5859.obj. - in file: file.py - line: 130
2023-08-01 17:39:29 WARNING: Mesh 713 does not have outline with height lower than tolerance 0.01 - in file: outlines.py - line: 128
2023-08-01 17:39:29 INFO: Started computing patch[0]. - in file: main.py - line: 207
2023-08-01 17:39:29 INFO: Started preprocessing mesh for patch[0] with FSI value of 0.23 - in file: main.py - line: 80
2023-08-01 17:39:29 INFO: Generating walls for mesh patch[0] - in file: main.py - line: 81
2023-08-01 17:39:34 WARNING: Point containment coincident - in file: meshing.py - line: 59
2023-08-01 17:39:46 INFO: Polyines outlines_0 saved in 0s - in file: save.py - line: 68
2023-08-01 17:39:46 INFO: Finished preprocessing mesh for patch[0] in 16.581485199999975s - in file: main.py - line: 111
2023-08-01 17:39:49 INFO: Started computing augmentation 0 for patch index 0. - in file: main.py - line: 120
2023-08-01 17:39:51 INFO: Started solar irradiance simulation with arguments -ab 3 -ad 5000 -as 1024 -c 1 -dc 0.75 -dp 512 -dr 3 -ds 0.05 -dt 0.15 -lr 8 -lw 4e-07 -ss 1.0 -st 0.15 - in file: run.py - line: 44
2023-08-01 17:40:17 INFO: Computed 25008 solar irradiance values for model custom_name - in file: run.py - line: 47
2023-08-01 17:40:19 INFO: Mesh mesh_0_base saved in 1s - in file: save.py - line: 50
2023-08-01 17:40:19 INFO: Array_list sensors_0_base saved in 0s - in file: save.py - line: 86
2023-08-01 17:40:19 INFO: Started computing augmentation 1 for patch index 0. - in file: main.py - line: 120
2023-08-01 17:40:21 INFO: Started solar irradiance simulation with arguments -ab 3 -ad 5000 -as 1024 -c 1 -dc 0.75 -dp 512 -dr 3 -ds 0.05 -dt 0.15 -lr 8 -lw 4e-07 -ss 1.0 -st 0.15 - in file: run.py - line: 44
2023-08-01 17:40:51 INFO: Computed 25008 solar irradiance values for model custom_name - in file: run.py - line: 47
2023-08-01 17:40:53 INFO: Mesh mesh_0_rot1 saved in 1s - in file: save.py - line: 50
2023-08-01 17:40:53 INFO: Array_list sensors_0_rot1 saved in 0s - in file: save.py - line: 86
2023-08-01 17:40:53 INFO: Started computing augmentation 2 for patch index 0. - in file: main.py - line: 120
2023-08-01 17:40:54 INFO: Started solar irradiance simulation with arguments -ab 3 -ad 5000 -as 1024 -c 1 -dc 0.75 -dp 512 -dr 3 -ds 0.05 -dt 0.15 -lr 8 -lw 4e-07 -ss 1.0 -st 0.15 - in file: run.py - line: 44
2023-08-01 17:41:23 INFO: Computed 25008 solar irradiance values for model custom_name - in file: run.py - line: 47
2023-08-01 17:41:25 INFO: Mesh mesh_0_rot2 saved in 1s - in file: save.py - line: 50
2023-08-01 17:41:25 INFO: Array_list sensors_0_rot2 saved in 0s - in file: save.py - line: 86
2023-08-01 17:41:25 INFO: Started computing augmentation 3 for patch index 0. - in file: main.py - line: 120
2023-08-01 17:41:27 INFO: Started solar irradiance simulation with arguments -ab 3 -ad 5000 -as 1024 -c 1 -dc 0.75 -dp 512 -dr 3 -ds 0.05 -dt 0.15 -lr 8 -lw 4e-07 -ss 1.0 -st 0.15 - in file: run.py - line: 44
2023-08-01 17:41:57 INFO: Computed 25008 solar irradiance values for model custom_name - in file: run.py - line: 47
2023-08-01 17:41:58 INFO: Mesh mesh_0_rot3 saved in 1s - in file: save.py - line: 50
2023-08-01 17:41:58 INFO: Array_list sensors_0_rot3 saved in 0s - in file: save.py - line: 86
2023-08-01 17:41:58 INFO: Finished computing patch[0] in 149.37s. - in file: main.py - line: 212
2023-08-01 17:41:58 INFO: Started computing patch[1]. - in file: main.py - line: 207
2023-08-01 17:41:59 INFO: Started preprocessing mesh for patch[1] with FSI value of 0.21 - in file: main.py - line: 80
2023-08-01 17:41:59 INFO: Generating walls for mesh patch[1] - in file: main.py - line: 81
2023-08-01 17:42:02 WARNING: Point containment coincident - in file: meshing.py - line: 59
2023-08-01 17:42:02 WARNING: Point containment coincident - in file: meshing.py - line: 59
2023-08-01 17:42:02 WARNING: Point containment coincident - in file: meshing.py - line: 59
2023-08-01 17:42:15 INFO: Polyines outlines_1 saved in 0s - in file: save.py - line: 68
2023-08-01 17:42:15 INFO: Finished preprocessing mesh for patch[1] in 16.129417399999966s - in file: main.py - line: 111
2023-08-01 17:42:19 INFO: Started computing augmentation 0 for patch index 1. - in file: main.py - line: 120
2023-08-01 17:42:21 INFO: Started solar irradiance simulation with arguments -ab 3 -ad 5000 -as 1024 -c 1 -dc 0.75 -dp 512 -dr 3 -ds 0.05 -dt 0.15 -lr 8 -lw 4e-07 -ss 1.0 -st 0.15 - in file: run.py - line: 44
2023-08-01 17:42:48 INFO: Computed 23978 solar irradiance values for model custom_name - in file: run.py - line: 47
2023-08-01 17:42:50 INFO: Mesh mesh_1_base saved in 1s - in file: save.py - line: 50
2023-08-01 17:42:50 INFO: Array_list sensors_1_base saved in 0s - in file: save.py - line: 86
2023-08-01 17:42:50 INFO: Started computing augmentation 1 for patch index 1. - in file: main.py - line: 120
2023-08-01 17:42:53 INFO: Started solar irradiance simulation with arguments -ab 3 -ad 5000 -as 1024 -c 1 -dc 0.75 -dp 512 -dr 3 -ds 0.05 -dt 0.15 -lr 8 -lw 4e-07 -ss 1.0 -st 0.15 - in file: run.py - line: 44
2023-08-01 17:43:21 INFO: Computed 23978 solar irradiance values for model custom_name - in file: run.py - line: 47
2023-08-01 17:43:23 INFO: Mesh mesh_1_rot1 saved in 1s - in file: save.py - line: 50
2023-08-01 17:43:23 INFO: Array_list sensors_1_rot1 saved in 0s - in file: save.py - line: 86
2023-08-01 17:43:23 INFO: Started computing augmentation 2 for patch index 1. - in file: main.py - line: 120
2023-08-01 17:43:25 INFO: Started solar irradiance simulation with arguments -ab 3 -ad 5000 -as 1024 -c 1 -dc 0.75 -dp 512 -dr 3 -ds 0.05 -dt 0.15 -lr 8 -lw 4e-07 -ss 1.0 -st 0.15 - in file: run.py - line: 44
2023-08-01 17:43:53 INFO: Computed 23978 solar irradiance values for model custom_name - in file: run.py - line: 47
2023-08-01 17:43:55 INFO: Mesh mesh_1_rot2 saved in 1s - in file: save.py - line: 50
2023-08-01 17:43:55 INFO: Array_list sensors_1_rot2 saved in 0s - in file: save.py - line: 86
2023-08-01 17:43:55 INFO: Started computing augmentation 3 for patch index 1. - in file: main.py - line: 120
2023-08-01 17:43:57 INFO: Started solar irradiance simulation with arguments -ab 3 -ad 5000 -as 1024 -c 1 -dc 0.75 -dp 512 -dr 3 -ds 0.05 -dt 0.15 -lr 8 -lw 4e-07 -ss 1.0 -st 0.15 - in file: run.py - line: 44
2023-08-01 17:44:24 INFO: Computed 23978 solar irradiance values for model custom_name - in file: run.py - line: 47
2023-08-01 17:44:25 INFO: Mesh mesh_1_rot3 saved in 1s - in file: save.py - line: 50
2023-08-01 17:44:25 INFO: Array_list sensors_1_rot3 saved in 0s - in file: save.py - line: 86
2023-08-01 17:44:25 INFO: Finished computing patch[1] in 147.09s. - in file: main.py - line: 212
2023-08-01 17:44:25 INFO: Started computing patch[2]. - in file: main.py - line: 207
2023-08-01 17:44:26 INFO: FSI_score 0.16 of sample 2 not high enough to continue generating sample. - in file: main.py - line: 175
2023-08-01 17:44:26 INFO: Finished computing patch[2] in 0.73s. - in file: main.py - line: 212
2023-08-01 17:44:26 INFO: Started computing patch[3]. - in file: main.py - line: 207
2023-08-01 17:44:27 INFO: FSI_score 0.12 of sample 3 not high enough to continue generating sample. - in file: main.py - line: 175
2023-08-01 17:44:27 INFO: Finished computing patch[3] in 0.76s. - in file: main.py - line: 212
2023-08-01 17:44:27 INFO: Started computing patch[4]. - in file: main.py - line: 207
2023-08-01 17:44:28 INFO: FSI_score 0.12 of sample 4 not high enough to continue generating sample. - in file: main.py - line: 175
2023-08-01 17:44:28 INFO: Finished computing patch[4] in 0.78s. - in file: main.py - line: 212
2023-08-01 17:44:28 INFO: Started computing patch[5]. - in file: main.py - line: 207
2023-08-01 17:44:28 INFO: FSI_score 0.16 of sample 5 not high enough to continue generating sample. - in file: main.py - line: 175
2023-08-01 17:44:28 INFO: Finished computing patch[5] in 0.72s. - in file: main.py - line: 212
2023-08-01 17:44:28 INFO: Started computing patch[6]. - in file: main.py - line: 207
2023-08-01 17:44:29 INFO: FSI_score 0.18 of sample 6 not high enough to continue generating sample. - in file: main.py - line: 175
2023-08-01 17:44:29 INFO: Finished computing patch[6] in 0.85s. - in file: main.py - line: 212
2023-08-01 17:44:29 INFO: Started computing patch[7]. - in file: main.py - line: 207
2023-08-01 17:44:30 INFO: Started preprocessing mesh for patch[7] with FSI value of 0.22 - in file: main.py - line: 80
2023-08-01 17:44:30 INFO: Generating walls for mesh patch[7] - in file: main.py - line: 81
2023-08-01 17:44:43 INFO: Polyines outlines_7 saved in 0s - in file: save.py - line: 68
2023-08-01 17:44:43 INFO: Finished preprocessing mesh for patch[7] in 12.59927760000005s - in file: main.py - line: 111
2023-08-01 17:44:47 INFO: Started computing augmentation 0 for patch index 7. - in file: main.py - line: 120
2023-08-01 17:44:49 INFO: Started solar irradiance simulation with arguments -ab 3 -ad 5000 -as 1024 -c 1 -dc 0.75 -dp 512 -dr 3 -ds 0.05 -dt 0.15 -lr 8 -lw 4e-07 -ss 1.0 -st 0.15 - in file: run.py - line: 44
2023-08-01 17:45:14 INFO: Computed 21754 solar irradiance values for model custom_name - in file: run.py - line: 47
2023-08-01 17:45:15 INFO: Mesh mesh_7_base saved in 1s - in file: save.py - line: 50
2023-08-01 17:45:15 INFO: Array_list sensors_7_base saved in 0s - in file: save.py - line: 86
2023-08-01 17:45:15 INFO: Started computing augmentation 1 for patch index 7. - in file: main.py - line: 120
2023-08-01 17:45:16 INFO: Started solar irradiance simulation with arguments -ab 3 -ad 5000 -as 1024 -c 1 -dc 0.75 -dp 512 -dr 3 -ds 0.05 -dt 0.15 -lr 8 -lw 4e-07 -ss 1.0 -st 0.15 - in file: run.py - line: 44
2023-08-01 17:45:43 INFO: Computed 21754 solar irradiance values for model custom_name - in file: run.py - line: 47
2023-08-01 17:45:44 INFO: Mesh mesh_7_rot1 saved in 1s - in file: save.py - line: 50
2023-08-01 17:45:45 INFO: Array_list sensors_7_rot1 saved in 0s - in file: save.py - line: 86
2023-08-01 17:45:45 INFO: Started computing augmentation 2 for patch index 7. - in file: main.py - line: 120
2023-08-01 17:45:46 INFO: Started solar irradiance simulation with arguments -ab 3 -ad 5000 -as 1024 -c 1 -dc 0.75 -dp 512 -dr 3 -ds 0.05 -dt 0.15 -lr 8 -lw 4e-07 -ss 1.0 -st 0.15 - in file: run.py - line: 44
2023-08-01 17:46:14 INFO: Computed 21754 solar irradiance values for model custom_name - in file: run.py - line: 47
2023-08-01 17:46:16 INFO: Mesh mesh_7_rot2 saved in 1s - in file: save.py - line: 50
2023-08-01 17:46:16 INFO: Array_list sensors_7_rot2 saved in 0s - in file: save.py - line: 86
2023-08-01 17:46:16 INFO: Started computing augmentation 3 for patch index 7. - in file: main.py - line: 120
2023-08-01 17:46:18 INFO: Started solar irradiance simulation with arguments -ab 3 -ad 5000 -as 1024 -c 1 -dc 0.75 -dp 512 -dr 3 -ds 0.05 -dt 0.15 -lr 8 -lw 4e-07 -ss 1.0 -st 0.15 - in file: run.py - line: 44
