2023-07-29 13:47:58,450 - INFO - Finished loading rhinoinside... - in file: main.py - line: 11
2023-07-29 13:48:11,860 - INFO - Loaded 3D BAG dataset with 1211 roofs and 1211 walls from C://Users//Job de Vogel//OneDrive//Documenten//TU Delft//Master Thesis//Dataset_pipeline//3D_BAG_dataset//3dbag_v210908_fd2cee53_lod12_3d_5859.obj. - in file: file.py - line: 130
2023-07-29 13:48:12,185 - WARNING - Mesh 713 does not have outline with height lower than tolerance 0.0001 - in file: outlines.py - line: 126
2023-07-29 13:48:12,301 - INFO - Started computing patch[32]. - in file: main.py - line: 113
2023-07-29 13:48:15,247 - WARNING - Point containment coincident - in file: meshing.py - line: 44
2023-07-29 13:48:24,201 - INFO - Mesh mesh_32 saved in 1s - in file: save.py - line: 50
2023-07-29 13:48:24,411 - INFO - Array_list sensors_32 saved in 0s - in file: save.py - line: 86
2023-07-29 13:48:24,419 - INFO - Polyines outlines_32 saved in 0s - in file: save.py - line: 68
2023-07-29 13:48:24,449 - INFO - Finished computing patch[32] in 12.15s. - in file: main.py - line: 115
2023-07-29 13:48:24,450 - INFO - ----- NEXT PATCH -----. - in file: main.py - line: 116
2023-07-29 13:48:24,450 - INFO - Started computing patch[33]. - in file: main.py - line: 113
2023-07-29 13:48:29,284 - INFO - Mesh mesh_33 saved in 1s - in file: save.py - line: 50
2023-07-29 13:48:29,450 - INFO - Array_list sensors_33 saved in 0s - in file: save.py - line: 86
2023-07-29 13:48:29,454 - INFO - Polyines outlines_33 saved in 0s - in file: save.py - line: 68
2023-07-29 13:48:29,479 - INFO - Finished computing patch[33] in 5.03s. - in file: main.py - line: 115
2023-07-29 13:48:29,479 - INFO - ----- NEXT PATCH -----. - in file: main.py - line: 116
2023-07-29 13:48:29,480 - INFO - Started computing patch[34]. - in file: main.py - line: 113
2023-07-29 13:48:34,331 - INFO - Mesh mesh_34 saved in 1s - in file: save.py - line: 50
2023-07-29 13:48:34,476 - INFO - Array_list sensors_34 saved in 0s - in file: save.py - line: 86
2023-07-29 13:48:34,480 - INFO - Polyines outlines_34 saved in 0s - in file: save.py - line: 68
2023-07-29 13:48:34,499 - INFO - Finished computing patch[34] in 5.02s. - in file: main.py - line: 115
2023-07-29 13:48:34,499 - INFO - ----- NEXT PATCH -----. - in file: main.py - line: 116
2023-07-29 13:48:34,500 - INFO - Started computing patch[35]. - in file: main.py - line: 113
2023-07-29 13:48:39,231 - INFO - Mesh mesh_35 saved in 1s - in file: save.py - line: 50
2023-07-29 13:48:39,306 - INFO - Array_list sensors_35 saved in 0s - in file: save.py - line: 86
2023-07-29 13:48:39,309 - INFO - Polyines outlines_35 saved in 0s - in file: save.py - line: 68
2023-07-29 13:48:39,326 - INFO - Finished computing patch[35] in 4.82s. - in file: main.py - line: 115
2023-07-29 13:48:39,326 - INFO - ----- NEXT PATCH -----. - in file: main.py - line: 116
2023-07-29 13:48:39,326 - INFO - Started computing patch[36]. - in file: main.py - line: 113
2023-07-29 13:48:45,868 - INFO - Mesh mesh_36 saved in 1s - in file: save.py - line: 50
2023-07-29 13:48:45,967 - INFO - Array_list sensors_36 saved in 0s - in file: save.py - line: 86
2023-07-29 13:48:45,973 - INFO - Polyines outlines_36 saved in 0s - in file: save.py - line: 68
2023-07-29 13:48:45,992 - INFO - Finished computing patch[36] in 6.67s. - in file: main.py - line: 115
2023-07-29 13:48:45,993 - INFO - ----- NEXT PATCH -----. - in file: main.py - line: 116
2023-07-29 13:48:45,993 - INFO - Started computing patch[37]. - in file: main.py - line: 113
2023-07-29 13:48:54,791 - INFO - Mesh mesh_37 saved in 1s - in file: save.py - line: 50
2023-07-29 13:48:54,881 - INFO - Array_list sensors_37 saved in 0s - in file: save.py - line: 86
2023-07-29 13:48:54,886 - INFO - Polyines outlines_37 saved in 0s - in file: save.py - line: 68
2023-07-29 13:48:54,904 - INFO - Finished computing patch[37] in 8.91s. - in file: main.py - line: 115
2023-07-29 13:48:54,905 - INFO - ----- NEXT PATCH -----. - in file: main.py - line: 116
2023-07-29 13:48:54,905 - INFO - Started computing patch[38]. - in file: main.py - line: 113
2023-07-29 13:49:04,955 - INFO - Mesh mesh_38 saved in 1s - in file: save.py - line: 50
2023-07-29 13:49:05,075 - INFO - Array_list sensors_38 saved in 0s - in file: save.py - line: 86
2023-07-29 13:49:05,081 - INFO - Polyines outlines_38 saved in 0s - in file: save.py - line: 68
2023-07-29 13:49:05,115 - INFO - Finished computing patch[38] in 10.21s. - in file: main.py - line: 115
2023-07-29 13:49:05,116 - INFO - ----- NEXT PATCH -----. - in file: main.py - line: 116
2023-07-29 13:49:05,116 - INFO - Started computing patch[39]. - in file: main.py - line: 113
2023-07-29 13:49:08,158 - WARNING - Point containment coincident - in file: meshing.py - line: 44
2023-07-29 13:49:13,384 - INFO - Mesh mesh_39 saved in 1s - in file: save.py - line: 50
2023-07-29 13:49:13,476 - INFO - Array_list sensors_39 saved in 0s - in file: save.py - line: 86
2023-07-29 13:49:13,481 - INFO - Polyines outlines_39 saved in 0s - in file: save.py - line: 68
2023-07-29 13:49:13,497 - INFO - Finished computing patch[39] in 8.38s. - in file: main.py - line: 115
2023-07-29 13:49:13,497 - INFO - ----- NEXT PATCH -----. - in file: main.py - line: 116
2023-07-29 13:49:13,498 - INFO - Started computing patch[40]. - in file: main.py - line: 113
2023-07-29 13:49:20,820 - INFO - Mesh mesh_40 saved in 1s - in file: save.py - line: 50
2023-07-29 13:49:20,976 - INFO - Array_list sensors_40 saved in 0s - in file: save.py - line: 86
2023-07-29 13:49:20,981 - INFO - Polyines outlines_40 saved in 0s - in file: save.py - line: 68
2023-07-29 13:49:21,001 - INFO - Finished computing patch[40] in 7.5s. - in file: main.py - line: 115
2023-07-29 13:49:21,001 - INFO - ----- NEXT PATCH -----. - in file: main.py - line: 116
2023-07-29 13:49:21,003 - INFO - Started computing patch[41]. - in file: main.py - line: 113
2023-07-29 13:49:27,748 - INFO - Mesh mesh_41 saved in 1s - in file: save.py - line: 50
2023-07-29 13:49:27,825 - INFO - Array_list sensors_41 saved in 0s - in file: save.py - line: 86
2023-07-29 13:49:27,830 - INFO - Polyines outlines_41 saved in 0s - in file: save.py - line: 68
2023-07-29 13:49:27,844 - INFO - Finished computing patch[41] in 6.84s. - in file: main.py - line: 115
2023-07-29 13:49:27,845 - INFO - ----- NEXT PATCH -----. - in file: main.py - line: 116
2023-07-29 13:49:27,845 - INFO - Started computing patch[42]. - in file: main.py - line: 113
2023-07-29 13:49:32,269 - INFO - Mesh mesh_42 saved in 1s - in file: save.py - line: 50
2023-07-29 13:49:32,381 - INFO - Array_list sensors_42 saved in 0s - in file: save.py - line: 86
2023-07-29 13:49:32,384 - INFO - Polyines outlines_42 saved in 0s - in file: save.py - line: 68
2023-07-29 13:49:32,396 - INFO - Finished computing patch[42] in 4.55s. - in file: main.py - line: 115
2023-07-29 13:49:32,397 - INFO - ----- NEXT PATCH -----. - in file: main.py - line: 116
2023-07-29 13:49:32,397 - INFO - Started computing patch[43]. - in file: main.py - line: 113
2023-07-29 13:49:36,719 - INFO - Mesh mesh_43 saved in 1s - in file: save.py - line: 50
2023-07-29 13:49:36,763 - INFO - Array_list sensors_43 saved in 0s - in file: save.py - line: 86
2023-07-29 13:49:36,768 - INFO - Polyines outlines_43 saved in 0s - in file: save.py - line: 68
2023-07-29 13:49:36,780 - INFO - Finished computing patch[43] in 4.38s. - in file: main.py - line: 115
2023-07-29 13:49:36,781 - INFO - ----- NEXT PATCH -----. - in file: main.py - line: 116
2023-07-29 13:49:36,781 - INFO - Started computing patch[44]. - in file: main.py - line: 113
2023-07-29 13:49:40,534 - INFO - Mesh mesh_44 saved in 1s - in file: save.py - line: 50
2023-07-29 13:49:40,653 - INFO - Array_list sensors_44 saved in 0s - in file: save.py - line: 86
2023-07-29 13:49:40,656 - INFO - Polyines outlines_44 saved in 0s - in file: save.py - line: 68
2023-07-29 13:49:40,672 - INFO - Finished computing patch[44] in 3.89s. - in file: main.py - line: 115
2023-07-29 13:49:40,672 - INFO - ----- NEXT PATCH -----. - in file: main.py - line: 116
2023-07-29 13:49:40,673 - INFO - Started computing patch[45]. - in file: main.py - line: 113
2023-07-29 13:49:41,507 - INFO - FSI_score 0.0 of sample 45 not high enough to continue generating sample. - in file: main.py - line: 93
2023-07-29 13:49:41,508 - INFO - Finished computing patch[45] in 0.84s. - in file: main.py - line: 115
2023-07-29 13:49:41,508 - INFO - ----- NEXT PATCH -----. - in file: main.py - line: 116
2023-07-29 13:49:41,509 - INFO - Started computing patch[46]. - in file: main.py - line: 113
2023-07-29 13:49:46,091 - INFO - Mesh mesh_46 saved in 1s - in file: save.py - line: 50
2023-07-29 13:49:46,207 - INFO - Array_list sensors_46 saved in 0s - in file: save.py - line: 86
2023-07-29 13:49:46,210 - INFO - Polyines outlines_46 saved in 0s - in file: save.py - line: 68
2023-07-29 13:49:46,223 - INFO - Finished computing patch[46] in 4.71s. - in file: main.py - line: 115
2023-07-29 13:49:46,224 - INFO - ----- NEXT PATCH -----. - in file: main.py - line: 116
2023-07-29 13:49:46,224 - INFO - Started computing patch[47]. - in file: main.py - line: 113
2023-07-29 13:49:53,567 - INFO - Mesh mesh_47 saved in 1s - in file: save.py - line: 50
2023-07-29 13:49:53,672 - INFO - Array_list sensors_47 saved in 0s - in file: save.py - line: 86
2023-07-29 13:49:53,676 - INFO - Polyines outlines_47 saved in 0s - in file: save.py - line: 68
2023-07-29 13:49:53,693 - INFO - Finished computing patch[47] in 7.47s. - in file: main.py - line: 115
2023-07-29 13:49:53,693 - INFO - ----- NEXT PATCH -----. - in file: main.py - line: 116
2023-07-29 13:49:53,695 - INFO - Started computing patch[48]. - in file: main.py - line: 113
2023-07-29 13:50:02,740 - INFO - Mesh mesh_48 saved in 1s - in file: save.py - line: 50
2023-07-29 13:50:02,867 - INFO - Array_list sensors_48 saved in 0s - in file: save.py - line: 86
2023-07-29 13:50:02,874 - INFO - Polyines outlines_48 saved in 0s - in file: save.py - line: 68
2023-07-29 13:50:02,895 - INFO - Finished computing patch[48] in 9.2s. - in file: main.py - line: 115
2023-07-29 13:50:02,896 - INFO - ----- NEXT PATCH -----. - in file: main.py - line: 116
2023-07-29 13:50:02,896 - INFO - Started computing patch[49]. - in file: main.py - line: 113
2023-07-29 13:50:09,446 - INFO - Mesh mesh_49 saved in 1s - in file: save.py - line: 50
2023-07-29 13:50:09,521 - INFO - Array_list sensors_49 saved in 0s - in file: save.py - line: 86
2023-07-29 13:50:09,525 - INFO - Polyines outlines_49 saved in 0s - in file: save.py - line: 68
2023-07-29 13:50:09,547 - INFO - Finished computing patch[49] in 6.65s. - in file: main.py - line: 115
2023-07-29 13:50:09,547 - INFO - ----- NEXT PATCH -----. - in file: main.py - line: 116
2023-07-29 13:50:09,548 - INFO - Started computing patch[50]. - in file: main.py - line: 113
2023-07-29 13:50:14,607 - INFO - Mesh mesh_50 saved in 1s - in file: save.py - line: 50
2023-07-29 13:50:14,671 - INFO - Array_list sensors_50 saved in 0s - in file: save.py - line: 86
2023-07-29 13:50:14,675 - INFO - Polyines outlines_50 saved in 0s - in file: save.py - line: 68
2023-07-29 13:50:14,691 - INFO - Finished computing patch[50] in 5.14s. - in file: main.py - line: 115
2023-07-29 13:50:14,691 - INFO - ----- NEXT PATCH -----. - in file: main.py - line: 116
2023-07-29 13:50:14,691 - INFO - Started computing patch[51]. - in file: main.py - line: 113
2023-07-29 13:50:19,117 - INFO - Mesh mesh_51 saved in 1s - in file: save.py - line: 50
2023-07-29 13:50:19,186 - INFO - Array_list sensors_51 saved in 0s - in file: save.py - line: 86
2023-07-29 13:50:19,190 - INFO - Polyines outlines_51 saved in 0s - in file: save.py - line: 68
2023-07-29 13:50:19,207 - INFO - Finished computing patch[51] in 4.52s. - in file: main.py - line: 115
2023-07-29 13:50:19,207 - INFO - ----- NEXT PATCH -----. - in file: main.py - line: 116
2023-07-29 13:50:19,208 - INFO - Started computing patch[52]. - in file: main.py - line: 113
2023-07-29 13:50:23,799 - INFO - Mesh mesh_52 saved in 1s - in file: save.py - line: 50
2023-07-29 13:50:23,866 - INFO - Array_list sensors_52 saved in 0s - in file: save.py - line: 86
2023-07-29 13:50:23,873 - INFO - Polyines outlines_52 saved in 0s - in file: save.py - line: 68
2023-07-29 13:50:23,894 - INFO - Finished computing patch[52] in 4.69s. - in file: main.py - line: 115
2023-07-29 13:50:23,895 - INFO - ----- NEXT PATCH -----. - in file: main.py - line: 116
2023-07-29 13:50:23,895 - INFO - Started computing patch[53]. - in file: main.py - line: 113
2023-07-29 13:50:27,873 - INFO - Mesh mesh_53 saved in 1s - in file: save.py - line: 50
2023-07-29 13:50:27,928 - INFO - Array_list sensors_53 saved in 0s - in file: save.py - line: 86
2023-07-29 13:50:27,933 - INFO - Polyines outlines_53 saved in 0s - in file: save.py - line: 68
2023-07-29 13:50:27,949 - INFO - Finished computing patch[53] in 4.05s. - in file: main.py - line: 115
2023-07-29 13:50:27,950 - INFO - ----- NEXT PATCH -----. - in file: main.py - line: 116
2023-07-29 13:50:27,950 - INFO - Started computing patch[54]. - in file: main.py - line: 113
2023-07-29 13:50:32,203 - INFO - Mesh mesh_54 saved in 1s - in file: save.py - line: 50
2023-07-29 13:50:32,251 - INFO - Array_list sensors_54 saved in 0s - in file: save.py - line: 86
2023-07-29 13:50:32,255 - INFO - Polyines outlines_54 saved in 0s - in file: save.py - line: 68
2023-07-29 13:50:32,274 - INFO - Finished computing patch[54] in 4.32s. - in file: main.py - line: 115
2023-07-29 13:50:32,274 - INFO - ----- NEXT PATCH -----. - in file: main.py - line: 116
2023-07-29 13:50:32,275 - INFO - Started computing patch[55]. - in file: main.py - line: 113
2023-07-29 13:50:36,410 - INFO - Mesh mesh_55 saved in 1s - in file: save.py - line: 50
2023-07-29 13:50:36,460 - INFO - Array_list sensors_55 saved in 0s - in file: save.py - line: 86
2023-07-29 13:50:36,465 - INFO - Polyines outlines_55 saved in 0s - in file: save.py - line: 68
2023-07-29 13:50:36,479 - INFO - Finished computing patch[55] in 4.2s. - in file: main.py - line: 115
2023-07-29 13:50:36,479 - INFO - ----- NEXT PATCH -----. - in file: main.py - line: 116
2023-07-29 13:50:36,479 - INFO - Started computing patch[56]. - in file: main.py - line: 113
2023-07-29 13:50:40,283 - INFO - Mesh mesh_56 saved in 1s - in file: save.py - line: 50
2023-07-29 13:50:40,345 - INFO - Array_list sensors_56 saved in 0s - in file: save.py - line: 86
2023-07-29 13:50:40,350 - INFO - Polyines outlines_56 saved in 0s - in file: save.py - line: 68
2023-07-29 13:50:40,374 - INFO - Finished computing patch[56] in 3.89s. - in file: main.py - line: 115
2023-07-29 13:50:40,375 - INFO - ----- NEXT PATCH -----. - in file: main.py - line: 116
2023-07-29 13:50:40,375 - INFO - Started computing patch[57]. - in file: main.py - line: 113
2023-07-29 13:50:44,184 - INFO - Mesh mesh_57 saved in 1s - in file: save.py - line: 50
2023-07-29 13:50:44,223 - INFO - Array_list sensors_57 saved in 0s - in file: save.py - line: 86
2023-07-29 13:50:44,227 - INFO - Polyines outlines_57 saved in 0s - in file: save.py - line: 68
2023-07-29 13:50:44,238 - INFO - Finished computing patch[57] in 3.86s. - in file: main.py - line: 115
2023-07-29 13:50:44,238 - INFO - ----- NEXT PATCH -----. - in file: main.py - line: 116
2023-07-29 13:50:44,239 - INFO - Started computing patch[58]. - in file: main.py - line: 113
2023-07-29 13:50:44,961 - INFO - FSI_score 0.0 of sample 58 not high enough to continue generating sample. - in file: main.py - line: 93
2023-07-29 13:50:44,961 - INFO - Finished computing patch[58] in 0.72s. - in file: main.py - line: 115
2023-07-29 13:50:44,963 - INFO - ----- NEXT PATCH -----. - in file: main.py - line: 116
2023-07-29 13:50:44,963 - INFO - Started computing patch[59]. - in file: main.py - line: 113
2023-07-29 13:50:45,843 - INFO - FSI_score 0.0 of sample 59 not high enough to continue generating sample. - in file: main.py - line: 93
2023-07-29 13:50:45,843 - INFO - Finished computing patch[59] in 0.88s. - in file: main.py - line: 115
2023-07-29 13:50:45,844 - INFO - ----- NEXT PATCH -----. - in file: main.py - line: 116
2023-07-29 13:50:45,844 - INFO - Started computing patch[60]. - in file: main.py - line: 113
2023-07-29 13:50:56,655 - INFO - Mesh mesh_60 saved in 1s - in file: save.py - line: 50
2023-07-29 13:50:56,767 - INFO - Array_list sensors_60 saved in 0s - in file: save.py - line: 86
2023-07-29 13:50:56,774 - INFO - Polyines outlines_60 saved in 0s - in file: save.py - line: 68
2023-07-29 13:50:56,797 - INFO - Finished computing patch[60] in 10.95s. - in file: main.py - line: 115
2023-07-29 13:50:56,797 - INFO - ----- NEXT PATCH -----. - in file: main.py - line: 116
2023-07-29 13:50:56,798 - INFO - Started computing patch[61]. - in file: main.py - line: 113
2023-07-29 13:51:02,316 - INFO - Mesh mesh_61 saved in 1s - in file: save.py - line: 50
2023-07-29 13:51:02,381 - INFO - Array_list sensors_61 saved in 0s - in file: save.py - line: 86
2023-07-29 13:51:02,387 - INFO - Polyines outlines_61 saved in 0s - in file: save.py - line: 68
2023-07-29 13:51:02,405 - INFO - Finished computing patch[61] in 5.61s. - in file: main.py - line: 115
2023-07-29 13:51:02,406 - INFO - ----- NEXT PATCH -----. - in file: main.py - line: 116
2023-07-29 13:51:02,406 - INFO - Started computing patch[62]. - in file: main.py - line: 113
2023-07-29 13:51:06,991 - INFO - Mesh mesh_62 saved in 1s - in file: save.py - line: 50
2023-07-29 13:51:07,051 - INFO - Array_list sensors_62 saved in 0s - in file: save.py - line: 86
2023-07-29 13:51:07,056 - INFO - Polyines outlines_62 saved in 0s - in file: save.py - line: 68
2023-07-29 13:51:07,070 - INFO - Finished computing patch[62] in 4.66s. - in file: main.py - line: 115
2023-07-29 13:51:07,071 - INFO - ----- NEXT PATCH -----. - in file: main.py - line: 116
2023-07-29 13:51:07,071 - INFO - Started computing patch[63]. - in file: main.py - line: 113
2023-07-29 13:51:12,205 - INFO - Mesh mesh_63 saved in 1s - in file: save.py - line: 50
2023-07-29 13:51:12,271 - INFO - Array_list sensors_63 saved in 0s - in file: save.py - line: 86
2023-07-29 13:51:12,274 - INFO - Polyines outlines_63 saved in 0s - in file: save.py - line: 68
2023-07-29 13:51:12,289 - INFO - Finished computing patch[63] in 5.22s. - in file: main.py - line: 115
2023-07-29 13:51:12,290 - INFO - ----- NEXT PATCH -----. - in file: main.py - line: 116
2023-07-29 13:51:12,290 - INFO - Started computing patch[64]. - in file: main.py - line: 113
2023-07-29 13:51:17,147 - INFO - Mesh mesh_64 saved in 1s - in file: save.py - line: 50
2023-07-29 13:51:17,269 - INFO - Array_list sensors_64 saved in 0s - in file: save.py - line: 86
2023-07-29 13:51:17,271 - INFO - Polyines outlines_64 saved in 0s - in file: save.py - line: 68
2023-07-29 13:51:17,287 - INFO - Finished computing patch[64] in 5.0s. - in file: main.py - line: 115
2023-07-29 13:51:17,288 - INFO - ----- NEXT PATCH -----. - in file: main.py - line: 116
2023-07-29 13:51:17,288 - INFO - Started computing patch[65]. - in file: main.py - line: 113
2023-07-29 13:51:22,058 - INFO - Mesh mesh_65 saved in 1s - in file: save.py - line: 50
2023-07-29 13:51:22,126 - INFO - Array_list sensors_65 saved in 0s - in file: save.py - line: 86
2023-07-29 13:51:22,131 - INFO - Polyines outlines_65 saved in 0s - in file: save.py - line: 68
2023-07-29 13:51:22,147 - INFO - Finished computing patch[65] in 4.86s. - in file: main.py - line: 115
2023-07-29 13:51:22,147 - INFO - ----- NEXT PATCH -----. - in file: main.py - line: 116
2023-07-29 13:51:22,148 - INFO - Started computing patch[66]. - in file: main.py - line: 113
2023-07-29 13:51:23,333 - WARNING - Point containment coincident - in file: meshing.py - line: 44
2023-07-29 13:51:26,815 - INFO - Mesh mesh_66 saved in 1s - in file: save.py - line: 50
2023-07-29 13:51:26,883 - INFO - Array_list sensors_66 saved in 0s - in file: save.py - line: 86
2023-07-29 13:51:26,888 - INFO - Polyines outlines_66 saved in 0s - in file: save.py - line: 68
2023-07-29 13:51:26,906 - INFO - Finished computing patch[66] in 4.76s. - in file: main.py - line: 115
2023-07-29 13:51:26,906 - INFO - ----- NEXT PATCH -----. - in file: main.py - line: 116
2023-07-29 13:51:26,907 - INFO - Started computing patch[67]. - in file: main.py - line: 113
