2023-07-29 13:06:33,683 - INFO - Finished loading rhinoinside... - in file: main.py - line: 11
2023-07-29 13:06:48,135 - INFO - Loaded 3D BAG dataset with 1211 roofs and 1211 walls from C://Users//Job de Vogel//OneDrive//Documenten//TU Delft//Master Thesis//Dataset_pipeline//3D_BAG_dataset//3dbag_v210908_fd2cee53_lod12_3d_5859.obj. - in file: file.py - line: 130
2023-07-29 13:06:48,448 - WARNING - Mesh 713 does not have outline with height lower than tolerance 0.0001 - in file: outlines.py - line: 126
2023-07-29 13:06:48,573 - INFO - Started computing patch[0]. - in file: main.py - line: 113
2023-07-29 13:06:49,506 - INFO - Polyines outlines_0 saved in 0s - in file: save.py - line: 69
2023-07-29 13:06:49,506 - INFO - Finished computing patch[0] in 0.93s. - in file: main.py - line: 115
2023-07-29 13:06:49,506 - INFO - ----- NEXT PATCH -----. - in file: main.py - line: 116
2023-07-29 13:06:49,507 - INFO - Started computing patch[1]. - in file: main.py - line: 113
2023-07-29 13:06:50,218 - INFO - Polyines outlines_1 saved in 0s - in file: save.py - line: 69
2023-07-29 13:06:50,218 - INFO - Finished computing patch[1] in 0.71s. - in file: main.py - line: 115
2023-07-29 13:06:50,219 - INFO - ----- NEXT PATCH -----. - in file: main.py - line: 116
2023-07-29 13:06:50,219 - INFO - Started computing patch[2]. - in file: main.py - line: 113
2023-07-29 13:06:51,015 - INFO - Polyines outlines_2 saved in 0s - in file: save.py - line: 69
2023-07-29 13:06:51,015 - INFO - Finished computing patch[2] in 0.8s. - in file: main.py - line: 115
2023-07-29 13:06:51,016 - INFO - ----- NEXT PATCH -----. - in file: main.py - line: 116
2023-07-29 13:06:51,016 - INFO - Started computing patch[3]. - in file: main.py - line: 113
2023-07-29 13:06:51,870 - INFO - Polyines outlines_3 saved in 0s - in file: save.py - line: 69
2023-07-29 13:06:51,870 - INFO - Finished computing patch[3] in 0.85s. - in file: main.py - line: 115
2023-07-29 13:06:51,871 - INFO - ----- NEXT PATCH -----. - in file: main.py - line: 116
2023-07-29 13:06:51,871 - INFO - Started computing patch[4]. - in file: main.py - line: 113
2023-07-29 13:06:52,648 - INFO - Polyines outlines_4 saved in 0s - in file: save.py - line: 69
2023-07-29 13:06:52,649 - INFO - Finished computing patch[4] in 0.78s. - in file: main.py - line: 115
2023-07-29 13:06:52,649 - INFO - ----- NEXT PATCH -----. - in file: main.py - line: 116
2023-07-29 13:06:52,650 - INFO - Started computing patch[5]. - in file: main.py - line: 113
2023-07-29 13:06:53,853 - INFO - Polyines outlines_5 saved in 0s - in file: save.py - line: 69
2023-07-29 13:06:53,854 - INFO - Finished computing patch[5] in 1.2s. - in file: main.py - line: 115
2023-07-29 13:06:53,855 - INFO - ----- NEXT PATCH -----. - in file: main.py - line: 116
2023-07-29 13:06:53,855 - INFO - Started computing patch[6]. - in file: main.py - line: 113
2023-07-29 13:06:54,740 - INFO - Polyines outlines_6 saved in 0s - in file: save.py - line: 69
2023-07-29 13:06:54,741 - INFO - Finished computing patch[6] in 0.89s. - in file: main.py - line: 115
2023-07-29 13:06:54,741 - INFO - ----- NEXT PATCH -----. - in file: main.py - line: 116
2023-07-29 13:06:54,743 - INFO - Started computing patch[7]. - in file: main.py - line: 113
