2023-07-29 14:57:19,414 - INFO - Finished loading rhinoinside... - in file: main.py - line: 11
2023-07-29 14:57:34,243 - INFO - Loaded 3D BAG dataset with 1211 roofs and 1211 walls from C://Users//Job de Vogel//OneDrive//Documenten//TU Delft//Master Thesis//Dataset_pipeline//3D_BAG_dataset//3dbag_v210908_fd2cee53_lod12_3d_5859.obj. - in file: file.py - line: 130
2023-07-29 14:57:34,361 - INFO - Started computing patch[0]. - in file: main.py - line: 113
2023-07-29 14:57:34,548 - WARNING - Mesh 713 does not have outline with height lower than tolerance 0.0001 - in file: outlines.py - line: 126
2023-07-29 14:57:39,610 - WARNING - Point containment coincident - in file: meshing.py - line: 44
2023-07-29 14:57:50,512 - INFO - Mesh mesh_0 saved in 1s - in file: save.py - line: 50
2023-07-29 14:57:50,657 - INFO - Array_list sensors_0 saved in 0s - in file: save.py - line: 86
2023-07-29 14:57:50,666 - INFO - Polyines outlines_0 saved in 0s - in file: save.py - line: 68
2023-07-29 14:57:50,690 - INFO - Finished computing patch[0] in 16.33s. - in file: main.py - line: 115
2023-07-29 14:57:50,690 - INFO - ----- NEXT PATCH -----. - in file: main.py - line: 116
2023-07-29 14:57:50,691 - INFO - Started computing patch[1]. - in file: main.py - line: 113
2023-07-29 14:57:50,829 - WARNING - Mesh 713 does not have outline with height lower than tolerance 0.0001 - in file: outlines.py - line: 126
2023-07-29 14:58:08,231 - INFO - Mesh mesh_1 saved in 1s - in file: save.py - line: 50
2023-07-29 14:58:08,490 - INFO - Array_list sensors_1 saved in 0s - in file: save.py - line: 86
2023-07-29 14:58:08,498 - INFO - Polyines outlines_1 saved in 0s - in file: save.py - line: 68
2023-07-29 14:58:08,532 - INFO - Finished computing patch[1] in 17.84s. - in file: main.py - line: 115
2023-07-29 14:58:08,533 - INFO - ----- NEXT PATCH -----. - in file: main.py - line: 116
2023-07-29 14:58:08,533 - INFO - Started computing patch[2]. - in file: main.py - line: 113
2023-07-29 14:58:08,705 - WARNING - Mesh 713 does not have outline with height lower than tolerance 0.0001 - in file: outlines.py - line: 126
2023-07-29 14:58:11,823 - WARNING - Point containment coincident - in file: meshing.py - line: 44
2023-07-29 14:58:12,397 - WARNING - Point containment coincident - in file: meshing.py - line: 44
