2023-07-29 22:24:37 INFO: Finished loading rhinoinside... - in file: main.py - line: 11
2023-07-29 22:24:41 WARNING: Deleted all files in ['./data/geometry', './data/outlines', './data/irradiance'] - in file: main.py - line: 56
2023-07-29 22:24:55 INFO: Loaded 3D BAG dataset with 1211 roofs and 1211 walls from C://Users//Job de Vogel//OneDrive//Documenten//TU Delft//Master Thesis//Dataset_pipeline//3D_BAG_dataset//3dbag_v210908_fd2cee53_lod12_3d_5859.obj. - in file: file.py - line: 130
2023-07-29 22:24:55 INFO: Started computing patch[10]. - in file: main.py - line: 132
2023-07-29 22:24:55 WARNING: Mesh 713 does not have outline with height lower than tolerance 0.01 - in file: outlines.py - line: 128
2023-07-29 22:24:56 INFO: FSI_score 0.09 of sample 10 not high enough to continue generating sample. - in file: main.py - line: 123
2023-07-29 22:24:56 INFO: Finished computing patch[10] in 1.04s. - in file: main.py - line: 134
2023-07-29 22:24:56 INFO: Started computing patch[11]. - in file: main.py - line: 132
2023-07-29 22:24:56 WARNING: Mesh 713 does not have outline with height lower than tolerance 0.01 - in file: outlines.py - line: 128
2023-07-29 22:24:56 INFO: FSI_score 0.2 of sample 11 not high enough to continue generating sample. - in file: main.py - line: 123
2023-07-29 22:24:56 INFO: Finished computing patch[11] in 0.74s. - in file: main.py - line: 134
2023-07-29 22:24:56 INFO: Started computing patch[12]. - in file: main.py - line: 132
2023-07-29 22:24:57 WARNING: Mesh 713 does not have outline with height lower than tolerance 0.01 - in file: outlines.py - line: 128
2023-07-29 22:24:57 INFO: FSI_score 0.16 of sample 12 not high enough to continue generating sample. - in file: main.py - line: 123
2023-07-29 22:24:57 INFO: Finished computing patch[12] in 0.77s. - in file: main.py - line: 134
2023-07-29 22:24:57 INFO: Started computing patch[13]. - in file: main.py - line: 132
2023-07-29 22:24:57 WARNING: Mesh 713 does not have outline with height lower than tolerance 0.01 - in file: outlines.py - line: 128
2023-07-29 22:24:58 INFO: Started computing mesh for mesh[13] with FSI value of 0.24 - in file: main.py - line: 79
2023-07-29 22:24:58 INFO: Generating walls for mesh patch[13] - in file: main.py - line: 81
2023-07-29 22:24:59 INFO: Generating ground and roofs for mesh patch[13] - in file: main.py - line: 83
2023-07-29 22:25:00 INFO: Computing sensors for mesh patch[13] - in file: main.py - line: 86
2023-07-29 22:25:06 INFO: Started solar irradiance simulation with arguments -ab 6 -ad 25000 -as 4096 -c 1 -dc 0.75 -dp 512 -dr 3 -ds 0.05 -dt 0.15 -lr 8 -lw 4e-07 -ss 1.0 -st 0.15 - in file: run.py - line: 44
2023-07-29 22:27:34 INFO: Computed 15581 solar irradiance values for model custom_name - in file: run.py - line: 47
2023-07-29 22:27:35 INFO: Mesh mesh_13 saved in 1s - in file: save.py - line: 50
2023-07-29 22:27:35 INFO: Array_list sensors_13 saved in 0s - in file: save.py - line: 86
2023-07-29 22:27:35 INFO: Polyines outlines_13 saved in 0s - in file: save.py - line: 68
2023-07-29 22:27:35 INFO: Finished computing patch[13] in 158.24s. - in file: main.py - line: 134
2023-07-29 22:27:35 INFO: Started computing patch[14]. - in file: main.py - line: 132
2023-07-29 22:27:36 WARNING: Mesh 713 does not have outline with height lower than tolerance 0.01 - in file: outlines.py - line: 128
2023-07-29 22:27:36 INFO: Started computing mesh for mesh[14] with FSI value of 0.28 - in file: main.py - line: 79
2023-07-29 22:27:36 INFO: Generating walls for mesh patch[14] - in file: main.py - line: 81
2023-07-29 22:27:38 INFO: Generating ground and roofs for mesh patch[14] - in file: main.py - line: 83
2023-07-29 22:27:43 INFO: Computing sensors for mesh patch[14] - in file: main.py - line: 86
2023-07-29 22:27:53 INFO: Started solar irradiance simulation with arguments -ab 6 -ad 25000 -as 4096 -c 1 -dc 0.75 -dp 512 -dr 3 -ds 0.05 -dt 0.15 -lr 8 -lw 4e-07 -ss 1.0 -st 0.15 - in file: run.py - line: 44
