2023-07-29 21:21:45,005 - INFO - Finished loading rhinoinside... - in file: main.py - line: 11
2023-07-29 21:21:48,796 - WARNING - Deleted all files in ['./data/geometry', './data/outlines', './data/irradiance'] - in file: main.py - line: 56
2023-07-29 21:22:02,577 - INFO - Loaded 3D BAG dataset with 1211 roofs and 1211 walls from C://Users//Job de Vogel//OneDrive//Documenten//TU Delft//Master Thesis//Dataset_pipeline//3D_BAG_dataset//3dbag_v210908_fd2cee53_lod12_3d_5859.obj. - in file: file.py - line: 130
2023-07-29 21:22:02,679 - INFO - Started computing patch[10]. - in file: main.py - line: 135
2023-07-29 21:22:02,979 - WARNING - Mesh 713 does not have outline with height lower than tolerance 0.01 - in file: outlines.py - line: 128
2023-07-29 21:22:03,586 - INFO - Started computing mesh for mesh[10] with FSI value of 0.21 - in file: main.py - line: 79
2023-07-29 21:22:17,874 - INFO - Mesh mesh_10 saved in 0s - in file: save.py - line: 50
2023-07-29 21:22:18,043 - INFO - Array_list sensors_10 saved in 0s - in file: save.py - line: 86
2023-07-29 21:22:18,054 - INFO - Polyines outlines_10 saved in 0s - in file: save.py - line: 68
2023-07-29 21:22:18,080 - INFO - Finished computing patch[10] in 15.4s. - in file: main.py - line: 137
2023-07-29 21:22:18,080 - INFO - ----- NEXT PATCH -----. - in file: main.py - line: 138
2023-07-29 21:22:18,081 - INFO - Started computing patch[11]. - in file: main.py - line: 135
2023-07-29 21:22:18,330 - WARNING - Mesh 713 does not have outline with height lower than tolerance 0.01 - in file: outlines.py - line: 128
2023-07-29 21:22:19,073 - INFO - FSI_score 0.19 of sample 11 not high enough to continue generating sample. - in file: main.py - line: 126
2023-07-29 21:22:19,074 - INFO - Finished computing patch[11] in 0.99s. - in file: main.py - line: 137
2023-07-29 21:22:19,075 - INFO - ----- NEXT PATCH -----. - in file: main.py - line: 138
2023-07-29 21:22:19,075 - INFO - Started computing patch[12]. - in file: main.py - line: 135
2023-07-29 21:22:19,274 - WARNING - Mesh 713 does not have outline with height lower than tolerance 0.01 - in file: outlines.py - line: 128
2023-07-29 21:22:19,792 - INFO - FSI_score 0.14 of sample 12 not high enough to continue generating sample. - in file: main.py - line: 126
2023-07-29 21:22:19,793 - INFO - Finished computing patch[12] in 0.72s. - in file: main.py - line: 137
2023-07-29 21:22:19,793 - INFO - ----- NEXT PATCH -----. - in file: main.py - line: 138
2023-07-29 21:22:19,794 - INFO - Started computing patch[13]. - in file: main.py - line: 135
2023-07-29 21:22:19,980 - WARNING - Mesh 713 does not have outline with height lower than tolerance 0.01 - in file: outlines.py - line: 128
2023-07-29 21:22:20,469 - INFO - FSI_score 0.12 of sample 13 not high enough to continue generating sample. - in file: main.py - line: 126
2023-07-29 21:22:20,471 - INFO - Finished computing patch[13] in 0.68s. - in file: main.py - line: 137
2023-07-29 21:22:20,471 - INFO - ----- NEXT PATCH -----. - in file: main.py - line: 138
2023-07-29 21:22:20,471 - INFO - Started computing patch[14]. - in file: main.py - line: 135
2023-07-29 21:22:20,651 - WARNING - Mesh 713 does not have outline with height lower than tolerance 0.01 - in file: outlines.py - line: 128
2023-07-29 21:22:21,341 - INFO - FSI_score 0.07 of sample 14 not high enough to continue generating sample. - in file: main.py - line: 126
2023-07-29 21:22:21,344 - INFO - Finished computing patch[14] in 0.87s. - in file: main.py - line: 137
2023-07-29 21:22:21,344 - INFO - ----- NEXT PATCH -----. - in file: main.py - line: 138
2023-07-29 21:22:21,345 - INFO - Started computing patch[15]. - in file: main.py - line: 135
2023-07-29 21:22:21,533 - WARNING - Mesh 713 does not have outline with height lower than tolerance 0.01 - in file: outlines.py - line: 128
2023-07-29 21:22:22,000 - INFO - FSI_score 0.03 of sample 15 not high enough to continue generating sample. - in file: main.py - line: 126
2023-07-29 21:22:22,002 - INFO - Finished computing patch[15] in 0.66s. - in file: main.py - line: 137
2023-07-29 21:22:22,002 - INFO - ----- NEXT PATCH -----. - in file: main.py - line: 138
2023-07-29 21:22:22,003 - INFO - Started computing patch[16]. - in file: main.py - line: 135
2023-07-29 21:22:22,166 - WARNING - Mesh 713 does not have outline with height lower than tolerance 0.01 - in file: outlines.py - line: 128
2023-07-29 21:22:22,597 - INFO - FSI_score 0.04 of sample 16 not high enough to continue generating sample. - in file: main.py - line: 126
2023-07-29 21:22:22,598 - INFO - Finished computing patch[16] in 0.59s. - in file: main.py - line: 137
2023-07-29 21:22:22,598 - INFO - ----- NEXT PATCH -----. - in file: main.py - line: 138
2023-07-29 21:22:22,599 - INFO - Started computing patch[17]. - in file: main.py - line: 135
2023-07-29 21:22:22,791 - WARNING - Mesh 713 does not have outline with height lower than tolerance 0.01 - in file: outlines.py - line: 128
2023-07-29 21:22:23,403 - INFO - FSI_score 0.15 of sample 17 not high enough to continue generating sample. - in file: main.py - line: 126
2023-07-29 21:22:23,404 - INFO - Finished computing patch[17] in 0.8s. - in file: main.py - line: 137
2023-07-29 21:22:23,405 - INFO - ----- NEXT PATCH -----. - in file: main.py - line: 138
2023-07-29 21:22:23,405 - INFO - Started computing patch[18]. - in file: main.py - line: 135
2023-07-29 21:22:23,622 - WARNING - Mesh 713 does not have outline with height lower than tolerance 0.01 - in file: outlines.py - line: 128
2023-07-29 21:22:24,123 - INFO - Started computing mesh for mesh[18] with FSI value of 0.22 - in file: main.py - line: 79
2023-07-29 21:22:34,807 - INFO - Mesh mesh_18 saved in 0s - in file: save.py - line: 50
2023-07-29 21:22:35,109 - INFO - Array_list sensors_18 saved in 0s - in file: save.py - line: 86
2023-07-29 21:22:35,124 - INFO - Polyines outlines_18 saved in 0s - in file: save.py - line: 68
2023-07-29 21:22:35,175 - INFO - Finished computing patch[18] in 11.77s. - in file: main.py - line: 137
2023-07-29 21:22:35,176 - INFO - ----- NEXT PATCH -----. - in file: main.py - line: 138
2023-07-29 21:22:35,177 - INFO - Started computing patch[19]. - in file: main.py - line: 135
2023-07-29 21:22:35,459 - WARNING - Mesh 713 does not have outline with height lower than tolerance 0.01 - in file: outlines.py - line: 128
2023-07-29 21:22:36,034 - INFO - Started computing mesh for mesh[19] with FSI value of 0.25 - in file: main.py - line: 79
2023-07-29 21:22:50,567 - INFO - Mesh mesh_19 saved in 0s - in file: save.py - line: 50
2023-07-29 21:22:50,758 - INFO - Array_list sensors_19 saved in 0s - in file: save.py - line: 86
2023-07-29 21:22:50,768 - INFO - Polyines outlines_19 saved in 0s - in file: save.py - line: 68
2023-07-29 21:22:50,798 - INFO - Finished computing patch[19] in 15.62s. - in file: main.py - line: 137
2023-07-29 21:22:50,799 - INFO - ----- NEXT PATCH -----. - in file: main.py - line: 138
2023-07-29 21:22:50,799 - INFO - Started computing patch[20]. - in file: main.py - line: 135
2023-07-29 21:22:51,018 - WARNING - Mesh 713 does not have outline with height lower than tolerance 0.01 - in file: outlines.py - line: 128
2023-07-29 21:22:51,620 - INFO - Started computing mesh for mesh[20] with FSI value of 0.27 - in file: main.py - line: 79
