2023-07-29 14:22:26,175 - INFO - Finished loading rhinoinside... - in file: main.py - line: 11
2023-07-29 14:22:39,640 - INFO - Loaded 3D BAG dataset with 1211 roofs and 1211 walls from C://Users//Job de Vogel//OneDrive//Documenten//TU Delft//Master Thesis//Dataset_pipeline//3D_BAG_dataset//3dbag_v210908_fd2cee53_lod12_3d_5859.obj. - in file: file.py - line: 130
2023-07-29 14:22:39,919 - WARNING - Mesh 713 does not have outline with height lower than tolerance 0.0001 - in file: outlines.py - line: 126
2023-07-29 14:22:40,019 - INFO - Started computing patch[0]. - in file: main.py - line: 114
2023-07-29 14:22:44,650 - WARNING - Point containment coincident - in file: meshing.py - line: 44
2023-07-29 14:22:54,428 - INFO - Mesh mesh_0 saved in 1s - in file: save.py - line: 50
2023-07-29 14:22:54,571 - INFO - Array_list sensors_0 saved in 0s - in file: save.py - line: 86
2023-07-29 14:22:54,579 - INFO - Polyines outlines_0 saved in 0s - in file: save.py - line: 68
2023-07-29 14:22:54,604 - INFO - Finished computing patch[0] in 14.58s. - in file: main.py - line: 116
2023-07-29 14:22:54,604 - INFO - ----- NEXT PATCH -----. - in file: main.py - line: 117
2023-07-29 14:22:54,604 - INFO - Started computing patch[1]. - in file: main.py - line: 114
2023-07-29 14:23:00,655 - INFO - Mesh mesh_1 saved in 1s - in file: save.py - line: 50
2023-07-29 14:23:00,725 - INFO - Array_list sensors_1 saved in 0s - in file: save.py - line: 86
2023-07-29 14:23:00,735 - INFO - Polyines outlines_1 saved in 0s - in file: save.py - line: 68
2023-07-29 14:23:00,748 - INFO - Finished computing patch[1] in 6.14s. - in file: main.py - line: 116
2023-07-29 14:23:00,748 - INFO - ----- NEXT PATCH -----. - in file: main.py - line: 117
2023-07-29 14:23:00,749 - INFO - Started computing patch[2]. - in file: main.py - line: 114
2023-07-29 14:23:05,778 - INFO - Mesh mesh_2 saved in 1s - in file: save.py - line: 50
2023-07-29 14:23:05,837 - INFO - Array_list sensors_2 saved in 0s - in file: save.py - line: 86
2023-07-29 14:23:05,841 - INFO - Polyines outlines_2 saved in 0s - in file: save.py - line: 68
2023-07-29 14:23:05,860 - INFO - Finished computing patch[2] in 5.11s. - in file: main.py - line: 116
2023-07-29 14:23:05,860 - INFO - ----- NEXT PATCH -----. - in file: main.py - line: 117
2023-07-29 14:23:05,860 - INFO - Started computing patch[3]. - in file: main.py - line: 114
2023-07-29 14:23:09,640 - INFO - Mesh mesh_3 saved in 1s - in file: save.py - line: 50
2023-07-29 14:23:09,688 - INFO - Array_list sensors_3 saved in 0s - in file: save.py - line: 86
2023-07-29 14:23:09,692 - INFO - Polyines outlines_3 saved in 0s - in file: save.py - line: 68
2023-07-29 14:23:09,705 - INFO - Finished computing patch[3] in 3.84s. - in file: main.py - line: 116
2023-07-29 14:23:09,706 - INFO - ----- NEXT PATCH -----. - in file: main.py - line: 117
2023-07-29 14:23:09,706 - INFO - Started computing patch[4]. - in file: main.py - line: 114
2023-07-29 14:23:13,440 - INFO - Mesh mesh_4 saved in 1s - in file: save.py - line: 50
2023-07-29 14:23:13,491 - INFO - Array_list sensors_4 saved in 0s - in file: save.py - line: 86
2023-07-29 14:23:13,494 - INFO - Polyines outlines_4 saved in 0s - in file: save.py - line: 68
2023-07-29 14:23:13,507 - INFO - Finished computing patch[4] in 3.8s. - in file: main.py - line: 116
2023-07-29 14:23:13,508 - INFO - ----- NEXT PATCH -----. - in file: main.py - line: 117
2023-07-29 14:23:13,508 - INFO - Started computing patch[5]. - in file: main.py - line: 114
2023-07-29 14:23:17,784 - INFO - Mesh mesh_5 saved in 1s - in file: save.py - line: 50
2023-07-29 14:23:17,840 - INFO - Array_list sensors_5 saved in 0s - in file: save.py - line: 86
2023-07-29 14:23:17,843 - INFO - Polyines outlines_5 saved in 0s - in file: save.py - line: 68
2023-07-29 14:23:17,858 - INFO - Finished computing patch[5] in 4.35s. - in file: main.py - line: 116
2023-07-29 14:23:17,859 - INFO - ----- NEXT PATCH -----. - in file: main.py - line: 117
2023-07-29 14:23:17,859 - INFO - Started computing patch[6]. - in file: main.py - line: 114
2023-07-29 14:23:23,476 - INFO - Mesh mesh_6 saved in 1s - in file: save.py - line: 50
2023-07-29 14:23:23,654 - INFO - Array_list sensors_6 saved in 0s - in file: save.py - line: 86
2023-07-29 14:23:23,658 - INFO - Polyines outlines_6 saved in 0s - in file: save.py - line: 68
2023-07-29 14:23:23,678 - INFO - Finished computing patch[6] in 5.82s. - in file: main.py - line: 116
2023-07-29 14:23:23,678 - INFO - ----- NEXT PATCH -----. - in file: main.py - line: 117
2023-07-29 14:23:23,679 - INFO - Started computing patch[7]. - in file: main.py - line: 114
2023-07-29 14:23:29,883 - INFO - Mesh mesh_7 saved in 1s - in file: save.py - line: 50
2023-07-29 14:23:29,973 - INFO - Array_list sensors_7 saved in 0s - in file: save.py - line: 86
2023-07-29 14:23:29,976 - INFO - Polyines outlines_7 saved in 0s - in file: save.py - line: 68
2023-07-29 14:23:29,993 - INFO - Finished computing patch[7] in 6.31s. - in file: main.py - line: 116
2023-07-29 14:23:29,994 - INFO - ----- NEXT PATCH -----. - in file: main.py - line: 117
2023-07-29 14:23:29,994 - INFO - Started computing patch[8]. - in file: main.py - line: 114
2023-07-29 14:23:37,192 - INFO - Mesh mesh_8 saved in 1s - in file: save.py - line: 50
2023-07-29 14:23:37,272 - INFO - Array_list sensors_8 saved in 0s - in file: save.py - line: 86
2023-07-29 14:23:37,277 - INFO - Polyines outlines_8 saved in 0s - in file: save.py - line: 68
2023-07-29 14:23:37,290 - INFO - Finished computing patch[8] in 7.3s. - in file: main.py - line: 116
2023-07-29 14:23:37,291 - INFO - ----- NEXT PATCH -----. - in file: main.py - line: 117
2023-07-29 14:23:37,291 - INFO - Started computing patch[9]. - in file: main.py - line: 114
2023-07-29 14:23:39,128 - WARNING - Point containment coincident - in file: meshing.py - line: 44
2023-07-29 14:23:39,129 - WARNING - Point containment coincident - in file: meshing.py - line: 44
2023-07-29 14:23:43,448 - INFO - Mesh mesh_9 saved in 1s - in file: save.py - line: 50
2023-07-29 14:23:43,527 - INFO - Array_list sensors_9 saved in 0s - in file: save.py - line: 86
2023-07-29 14:23:43,531 - INFO - Polyines outlines_9 saved in 0s - in file: save.py - line: 68
2023-07-29 14:23:43,549 - INFO - Finished computing patch[9] in 6.26s. - in file: main.py - line: 116
2023-07-29 14:23:43,550 - INFO - ----- NEXT PATCH -----. - in file: main.py - line: 117
2023-07-29 14:23:43,550 - INFO - Started computing patch[10]. - in file: main.py - line: 114
2023-07-29 14:23:48,985 - INFO - Mesh mesh_10 saved in 1s - in file: save.py - line: 50
2023-07-29 14:23:49,062 - INFO - Array_list sensors_10 saved in 0s - in file: save.py - line: 86
2023-07-29 14:23:49,067 - INFO - Polyines outlines_10 saved in 0s - in file: save.py - line: 68
2023-07-29 14:23:49,091 - INFO - Finished computing patch[10] in 5.54s. - in file: main.py - line: 116
2023-07-29 14:23:49,091 - INFO - ----- NEXT PATCH -----. - in file: main.py - line: 117
2023-07-29 14:23:49,092 - INFO - Started computing patch[11]. - in file: main.py - line: 114
2023-07-29 14:23:53,882 - INFO - Mesh mesh_11 saved in 1s - in file: save.py - line: 50
2023-07-29 14:23:53,948 - INFO - Array_list sensors_11 saved in 0s - in file: save.py - line: 86
2023-07-29 14:23:53,952 - INFO - Polyines outlines_11 saved in 0s - in file: save.py - line: 68
2023-07-29 14:23:53,968 - INFO - Finished computing patch[11] in 4.88s. - in file: main.py - line: 116
2023-07-29 14:23:53,968 - INFO - ----- NEXT PATCH -----. - in file: main.py - line: 117
2023-07-29 14:23:53,968 - INFO - Started computing patch[12]. - in file: main.py - line: 114
2023-07-29 14:23:57,756 - INFO - Mesh mesh_12 saved in 1s - in file: save.py - line: 50
2023-07-29 14:23:57,806 - INFO - Array_list sensors_12 saved in 0s - in file: save.py - line: 86
2023-07-29 14:23:57,809 - INFO - Polyines outlines_12 saved in 0s - in file: save.py - line: 68
2023-07-29 14:23:57,822 - INFO - Finished computing patch[12] in 3.85s. - in file: main.py - line: 116
2023-07-29 14:23:57,822 - INFO - ----- NEXT PATCH -----. - in file: main.py - line: 117
2023-07-29 14:23:57,823 - INFO - Started computing patch[13]. - in file: main.py - line: 114
2023-07-29 14:24:01,152 - INFO - Mesh mesh_13 saved in 1s - in file: save.py - line: 50
2023-07-29 14:24:01,195 - INFO - Array_list sensors_13 saved in 0s - in file: save.py - line: 86
2023-07-29 14:24:01,198 - INFO - Polyines outlines_13 saved in 0s - in file: save.py - line: 68
2023-07-29 14:24:01,208 - INFO - Finished computing patch[13] in 3.39s. - in file: main.py - line: 116
2023-07-29 14:24:01,209 - INFO - ----- NEXT PATCH -----. - in file: main.py - line: 117
2023-07-29 14:24:01,209 - INFO - Started computing patch[14]. - in file: main.py - line: 114
2023-07-29 14:24:01,994 - INFO - FSI_score 0.0 of sample 14 not high enough to continue generating sample. - in file: main.py - line: 94
2023-07-29 14:24:01,994 - INFO - Finished computing patch[14] in 0.79s. - in file: main.py - line: 116
2023-07-29 14:24:01,994 - INFO - ----- NEXT PATCH -----. - in file: main.py - line: 117
2023-07-29 14:24:01,994 - INFO - Started computing patch[15]. - in file: main.py - line: 114
2023-07-29 14:24:02,829 - INFO - FSI_score 0.0 of sample 15 not high enough to continue generating sample. - in file: main.py - line: 94
2023-07-29 14:24:02,829 - INFO - Finished computing patch[15] in 0.83s. - in file: main.py - line: 116
2023-07-29 14:24:02,830 - INFO - ----- NEXT PATCH -----. - in file: main.py - line: 117
2023-07-29 14:24:02,830 - INFO - Started computing patch[16]. - in file: main.py - line: 114
2023-07-29 14:24:07,493 - INFO - Mesh mesh_16 saved in 1s - in file: save.py - line: 50
2023-07-29 14:24:07,552 - INFO - Array_list sensors_16 saved in 0s - in file: save.py - line: 86
2023-07-29 14:24:07,557 - INFO - Polyines outlines_16 saved in 0s - in file: save.py - line: 68
2023-07-29 14:24:07,571 - INFO - Finished computing patch[16] in 4.74s. - in file: main.py - line: 116
2023-07-29 14:24:07,571 - INFO - ----- NEXT PATCH -----. - in file: main.py - line: 117
2023-07-29 14:24:07,572 - INFO - Started computing patch[17]. - in file: main.py - line: 114
2023-07-29 14:24:14,443 - INFO - Mesh mesh_17 saved in 1s - in file: save.py - line: 50
2023-07-29 14:24:14,534 - INFO - Array_list sensors_17 saved in 0s - in file: save.py - line: 86
2023-07-29 14:24:14,539 - INFO - Polyines outlines_17 saved in 0s - in file: save.py - line: 68
2023-07-29 14:24:14,555 - INFO - Finished computing patch[17] in 6.98s. - in file: main.py - line: 116
2023-07-29 14:24:14,556 - INFO - ----- NEXT PATCH -----. - in file: main.py - line: 117
2023-07-29 14:24:14,556 - INFO - Started computing patch[18]. - in file: main.py - line: 114
2023-07-29 14:24:23,786 - INFO - Mesh mesh_18 saved in 1s - in file: save.py - line: 50
2023-07-29 14:24:23,910 - INFO - Array_list sensors_18 saved in 0s - in file: save.py - line: 86
2023-07-29 14:24:23,915 - INFO - Polyines outlines_18 saved in 0s - in file: save.py - line: 68
2023-07-29 14:24:23,935 - INFO - Finished computing patch[18] in 9.38s. - in file: main.py - line: 116
2023-07-29 14:24:23,936 - INFO - ----- NEXT PATCH -----. - in file: main.py - line: 117
2023-07-29 14:24:23,936 - INFO - Started computing patch[19]. - in file: main.py - line: 114
2023-07-29 14:24:30,198 - INFO - Mesh mesh_19 saved in 1s - in file: save.py - line: 50
2023-07-29 14:24:30,351 - INFO - Array_list sensors_19 saved in 0s - in file: save.py - line: 86
2023-07-29 14:24:30,358 - INFO - Polyines outlines_19 saved in 0s - in file: save.py - line: 68
2023-07-29 14:24:30,391 - INFO - Finished computing patch[19] in 6.45s. - in file: main.py - line: 116
2023-07-29 14:24:30,391 - INFO - ----- NEXT PATCH -----. - in file: main.py - line: 117
2023-07-29 14:24:30,392 - INFO - Started computing patch[20]. - in file: main.py - line: 114
2023-07-29 14:24:35,157 - INFO - Mesh mesh_20 saved in 1s - in file: save.py - line: 50
2023-07-29 14:24:35,232 - INFO - Array_list sensors_20 saved in 0s - in file: save.py - line: 86
2023-07-29 14:24:35,236 - INFO - Polyines outlines_20 saved in 0s - in file: save.py - line: 68
2023-07-29 14:24:35,261 - INFO - Finished computing patch[20] in 4.87s. - in file: main.py - line: 116
2023-07-29 14:24:35,261 - INFO - ----- NEXT PATCH -----. - in file: main.py - line: 117
2023-07-29 14:24:35,262 - INFO - Started computing patch[21]. - in file: main.py - line: 114
2023-07-29 14:24:38,914 - INFO - Mesh mesh_21 saved in 1s - in file: save.py - line: 50
2023-07-29 14:24:38,963 - INFO - Array_list sensors_21 saved in 0s - in file: save.py - line: 86
2023-07-29 14:24:38,968 - INFO - Polyines outlines_21 saved in 0s - in file: save.py - line: 68
2023-07-29 14:24:38,984 - INFO - Finished computing patch[21] in 3.72s. - in file: main.py - line: 116
2023-07-29 14:24:38,986 - INFO - ----- NEXT PATCH -----. - in file: main.py - line: 117
2023-07-29 14:24:38,986 - INFO - Started computing patch[22]. - in file: main.py - line: 114
2023-07-29 14:24:42,597 - INFO - Mesh mesh_22 saved in 1s - in file: save.py - line: 50
2023-07-29 14:24:42,722 - INFO - Array_list sensors_22 saved in 0s - in file: save.py - line: 86
2023-07-29 14:24:42,725 - INFO - Polyines outlines_22 saved in 0s - in file: save.py - line: 68
2023-07-29 14:24:42,742 - INFO - Finished computing patch[22] in 3.76s. - in file: main.py - line: 116
2023-07-29 14:24:42,743 - INFO - ----- NEXT PATCH -----. - in file: main.py - line: 117
2023-07-29 14:24:42,743 - INFO - Started computing patch[23]. - in file: main.py - line: 114
2023-07-29 14:24:46,502 - INFO - Mesh mesh_23 saved in 1s - in file: save.py - line: 50
2023-07-29 14:24:46,627 - INFO - Array_list sensors_23 saved in 0s - in file: save.py - line: 86
2023-07-29 14:24:46,630 - INFO - Polyines outlines_23 saved in 0s - in file: save.py - line: 68
2023-07-29 14:24:46,649 - INFO - Finished computing patch[23] in 3.91s. - in file: main.py - line: 116
2023-07-29 14:24:46,650 - INFO - ----- NEXT PATCH -----. - in file: main.py - line: 117
2023-07-29 14:24:46,650 - INFO - Started computing patch[24]. - in file: main.py - line: 114
2023-07-29 14:24:50,790 - INFO - Mesh mesh_24 saved in 1s - in file: save.py - line: 50
2023-07-29 14:24:50,834 - INFO - Array_list sensors_24 saved in 0s - in file: save.py - line: 86
2023-07-29 14:24:50,837 - INFO - Polyines outlines_24 saved in 0s - in file: save.py - line: 68
2023-07-29 14:24:50,850 - INFO - Finished computing patch[24] in 4.2s. - in file: main.py - line: 116
2023-07-29 14:24:50,851 - INFO - ----- NEXT PATCH -----. - in file: main.py - line: 117
2023-07-29 14:24:50,851 - INFO - Started computing patch[25]. - in file: main.py - line: 114
2023-07-29 14:24:54,304 - INFO - Mesh mesh_25 saved in 1s - in file: save.py - line: 50
2023-07-29 14:24:54,447 - INFO - Array_list sensors_25 saved in 0s - in file: save.py - line: 86
2023-07-29 14:24:54,450 - INFO - Polyines outlines_25 saved in 0s - in file: save.py - line: 68
2023-07-29 14:24:54,470 - INFO - Finished computing patch[25] in 3.62s. - in file: main.py - line: 116
2023-07-29 14:24:54,470 - INFO - ----- NEXT PATCH -----. - in file: main.py - line: 117
2023-07-29 14:24:54,471 - INFO - Started computing patch[26]. - in file: main.py - line: 114
2023-07-29 14:24:55,312 - INFO - FSI_score 0.0 of sample 26 not high enough to continue generating sample. - in file: main.py - line: 94
2023-07-29 14:24:55,312 - INFO - Finished computing patch[26] in 0.84s. - in file: main.py - line: 116
2023-07-29 14:24:55,312 - INFO - ----- NEXT PATCH -----. - in file: main.py - line: 117
2023-07-29 14:24:55,312 - INFO - Started computing patch[27]. - in file: main.py - line: 114
2023-07-29 14:24:56,036 - INFO - FSI_score 0.0 of sample 27 not high enough to continue generating sample. - in file: main.py - line: 94
2023-07-29 14:24:56,037 - INFO - Finished computing patch[27] in 0.72s. - in file: main.py - line: 116
2023-07-29 14:24:56,037 - INFO - ----- NEXT PATCH -----. - in file: main.py - line: 117
2023-07-29 14:24:56,038 - INFO - Started computing patch[28]. - in file: main.py - line: 114
2023-07-29 14:24:56,819 - INFO - FSI_score 0.0 of sample 28 not high enough to continue generating sample. - in file: main.py - line: 94
2023-07-29 14:24:56,819 - INFO - Finished computing patch[28] in 0.78s. - in file: main.py - line: 116
2023-07-29 14:24:56,820 - INFO - ----- NEXT PATCH -----. - in file: main.py - line: 117
2023-07-29 14:24:56,820 - INFO - Started computing patch[29]. - in file: main.py - line: 114
2023-07-29 14:24:57,524 - INFO - FSI_score 0.0 of sample 29 not high enough to continue generating sample. - in file: main.py - line: 94
2023-07-29 14:24:57,525 - INFO - Finished computing patch[29] in 0.71s. - in file: main.py - line: 116
2023-07-29 14:24:57,525 - INFO - ----- NEXT PATCH -----. - in file: main.py - line: 117
2023-07-29 14:24:57,525 - INFO - Started computing patch[30]. - in file: main.py - line: 114
2023-07-29 14:25:01,500 - INFO - Mesh mesh_30 saved in 1s - in file: save.py - line: 50
2023-07-29 14:25:01,628 - INFO - Array_list sensors_30 saved in 0s - in file: save.py - line: 86
2023-07-29 14:25:01,633 - INFO - Polyines outlines_30 saved in 0s - in file: save.py - line: 68
2023-07-29 14:25:01,648 - INFO - Finished computing patch[30] in 4.12s. - in file: main.py - line: 116
2023-07-29 14:25:01,648 - INFO - ----- NEXT PATCH -----. - in file: main.py - line: 117
2023-07-29 14:25:01,649 - INFO - Started computing patch[31]. - in file: main.py - line: 114
2023-07-29 14:25:05,292 - INFO - Mesh mesh_31 saved in 1s - in file: save.py - line: 50
2023-07-29 14:25:05,337 - INFO - Array_list sensors_31 saved in 0s - in file: save.py - line: 86
2023-07-29 14:25:05,342 - INFO - Polyines outlines_31 saved in 0s - in file: save.py - line: 68
2023-07-29 14:25:05,354 - INFO - Finished computing patch[31] in 3.7s. - in file: main.py - line: 116
2023-07-29 14:25:05,354 - INFO - ----- NEXT PATCH -----. - in file: main.py - line: 117
2023-07-29 14:25:05,355 - INFO - Started computing patch[32]. - in file: main.py - line: 114
2023-07-29 14:25:09,145 - INFO - Mesh mesh_32 saved in 1s - in file: save.py - line: 50
2023-07-29 14:25:09,192 - INFO - Array_list sensors_32 saved in 0s - in file: save.py - line: 86
2023-07-29 14:25:09,195 - INFO - Polyines outlines_32 saved in 0s - in file: save.py - line: 68
2023-07-29 14:25:09,208 - INFO - Finished computing patch[32] in 3.85s. - in file: main.py - line: 116
2023-07-29 14:25:09,209 - INFO - ----- NEXT PATCH -----. - in file: main.py - line: 117
2023-07-29 14:25:09,209 - INFO - Started computing patch[33]. - in file: main.py - line: 114
2023-07-29 14:25:13,448 - INFO - Mesh mesh_33 saved in 1s - in file: save.py - line: 50
2023-07-29 14:25:13,511 - INFO - Array_list sensors_33 saved in 0s - in file: save.py - line: 86
2023-07-29 14:25:13,516 - INFO - Polyines outlines_33 saved in 0s - in file: save.py - line: 68
2023-07-29 14:25:13,531 - INFO - Finished computing patch[33] in 4.32s. - in file: main.py - line: 116
2023-07-29 14:25:13,531 - INFO - ----- NEXT PATCH -----. - in file: main.py - line: 117
2023-07-29 14:25:13,532 - INFO - Started computing patch[34]. - in file: main.py - line: 114
2023-07-29 14:25:17,687 - INFO - Mesh mesh_34 saved in 1s - in file: save.py - line: 50
2023-07-29 14:25:17,747 - INFO - Array_list sensors_34 saved in 0s - in file: save.py - line: 86
2023-07-29 14:25:17,751 - INFO - Polyines outlines_34 saved in 0s - in file: save.py - line: 68
2023-07-29 14:25:17,767 - INFO - Finished computing patch[34] in 4.23s. - in file: main.py - line: 116
2023-07-29 14:25:17,767 - INFO - ----- NEXT PATCH -----. - in file: main.py - line: 117
2023-07-29 14:25:17,768 - INFO - Started computing patch[35]. - in file: main.py - line: 114
2023-07-29 14:25:21,934 - INFO - Mesh mesh_35 saved in 1s - in file: save.py - line: 50
2023-07-29 14:25:21,984 - INFO - Array_list sensors_35 saved in 0s - in file: save.py - line: 86
2023-07-29 14:25:21,989 - INFO - Polyines outlines_35 saved in 0s - in file: save.py - line: 68
2023-07-29 14:25:22,002 - INFO - Finished computing patch[35] in 4.23s. - in file: main.py - line: 116
2023-07-29 14:25:22,002 - INFO - ----- NEXT PATCH -----. - in file: main.py - line: 117
2023-07-29 14:25:22,003 - INFO - Started computing patch[36]. - in file: main.py - line: 114
2023-07-29 14:25:26,720 - INFO - Mesh mesh_36 saved in 1s - in file: save.py - line: 50
2023-07-29 14:25:26,773 - INFO - Array_list sensors_36 saved in 0s - in file: save.py - line: 86
2023-07-29 14:25:26,777 - INFO - Polyines outlines_36 saved in 0s - in file: save.py - line: 68
2023-07-29 14:25:26,791 - INFO - Finished computing patch[36] in 4.79s. - in file: main.py - line: 116
2023-07-29 14:25:26,791 - INFO - ----- NEXT PATCH -----. - in file: main.py - line: 117
2023-07-29 14:25:26,792 - INFO - Started computing patch[37]. - in file: main.py - line: 114
2023-07-29 14:25:32,717 - INFO - Mesh mesh_37 saved in 1s - in file: save.py - line: 50
2023-07-29 14:25:32,791 - INFO - Array_list sensors_37 saved in 0s - in file: save.py - line: 86
2023-07-29 14:25:32,797 - INFO - Polyines outlines_37 saved in 0s - in file: save.py - line: 68
2023-07-29 14:25:32,811 - INFO - Finished computing patch[37] in 6.02s. - in file: main.py - line: 116
2023-07-29 14:25:32,811 - INFO - ----- NEXT PATCH -----. - in file: main.py - line: 117
2023-07-29 14:25:32,812 - INFO - Started computing patch[38]. - in file: main.py - line: 114
2023-07-29 14:25:38,835 - INFO - Mesh mesh_38 saved in 1s - in file: save.py - line: 50
2023-07-29 14:25:38,897 - INFO - Array_list sensors_38 saved in 0s - in file: save.py - line: 86
2023-07-29 14:25:38,902 - INFO - Polyines outlines_38 saved in 0s - in file: save.py - line: 68
2023-07-29 14:25:38,915 - INFO - Finished computing patch[38] in 6.1s. - in file: main.py - line: 116
2023-07-29 14:25:38,916 - INFO - ----- NEXT PATCH -----. - in file: main.py - line: 117
2023-07-29 14:25:38,917 - INFO - Started computing patch[39]. - in file: main.py - line: 114
2023-07-29 14:25:43,896 - INFO - Mesh mesh_39 saved in 1s - in file: save.py - line: 50
2023-07-29 14:25:43,982 - INFO - Array_list sensors_39 saved in 0s - in file: save.py - line: 86
2023-07-29 14:25:43,988 - INFO - Polyines outlines_39 saved in 0s - in file: save.py - line: 68
2023-07-29 14:25:44,014 - INFO - Finished computing patch[39] in 5.1s. - in file: main.py - line: 116
2023-07-29 14:25:44,014 - INFO - ----- NEXT PATCH -----. - in file: main.py - line: 117
2023-07-29 14:25:44,015 - INFO - Started computing patch[40]. - in file: main.py - line: 114
2023-07-29 14:25:48,515 - INFO - Mesh mesh_40 saved in 1s - in file: save.py - line: 50
2023-07-29 14:25:48,595 - INFO - Array_list sensors_40 saved in 0s - in file: save.py - line: 86
2023-07-29 14:25:48,600 - INFO - Polyines outlines_40 saved in 0s - in file: save.py - line: 68
2023-07-29 14:25:48,629 - INFO - Finished computing patch[40] in 4.61s. - in file: main.py - line: 116
2023-07-29 14:25:48,630 - INFO - ----- NEXT PATCH -----. - in file: main.py - line: 117
2023-07-29 14:25:48,630 - INFO - Started computing patch[41]. - in file: main.py - line: 114
2023-07-29 14:25:52,742 - INFO - Mesh mesh_41 saved in 1s - in file: save.py - line: 50
2023-07-29 14:25:52,785 - INFO - Array_list sensors_41 saved in 0s - in file: save.py - line: 86
2023-07-29 14:25:52,787 - INFO - Polyines outlines_41 saved in 0s - in file: save.py - line: 68
2023-07-29 14:25:52,806 - INFO - Finished computing patch[41] in 4.18s. - in file: main.py - line: 116
2023-07-29 14:25:52,806 - INFO - ----- NEXT PATCH -----. - in file: main.py - line: 117
2023-07-29 14:25:52,807 - INFO - Started computing patch[42]. - in file: main.py - line: 114
2023-07-29 14:25:53,731 - INFO - FSI_score 0.0 of sample 42 not high enough to continue generating sample. - in file: main.py - line: 94
2023-07-29 14:25:53,731 - INFO - Finished computing patch[42] in 0.92s. - in file: main.py - line: 116
2023-07-29 14:25:53,732 - INFO - ----- NEXT PATCH -----. - in file: main.py - line: 117
2023-07-29 14:25:53,732 - INFO - Started computing patch[43]. - in file: main.py - line: 114
2023-07-29 14:25:54,515 - INFO - FSI_score 0.0 of sample 43 not high enough to continue generating sample. - in file: main.py - line: 94
2023-07-29 14:25:54,515 - INFO - Finished computing patch[43] in 0.78s. - in file: main.py - line: 116
2023-07-29 14:25:54,516 - INFO - ----- NEXT PATCH -----. - in file: main.py - line: 117
2023-07-29 14:25:54,516 - INFO - Started computing patch[44]. - in file: main.py - line: 114
2023-07-29 14:25:55,234 - INFO - FSI_score 0.0 of sample 44 not high enough to continue generating sample. - in file: main.py - line: 94
2023-07-29 14:25:55,235 - INFO - Finished computing patch[44] in 0.72s. - in file: main.py - line: 116
2023-07-29 14:25:55,235 - INFO - ----- NEXT PATCH -----. - in file: main.py - line: 117
2023-07-29 14:25:55,236 - INFO - Started computing patch[45]. - in file: main.py - line: 114
2023-07-29 14:25:56,043 - INFO - FSI_score 0.0 of sample 45 not high enough to continue generating sample. - in file: main.py - line: 94
2023-07-29 14:25:56,043 - INFO - Finished computing patch[45] in 0.81s. - in file: main.py - line: 116
2023-07-29 14:25:56,044 - INFO - ----- NEXT PATCH -----. - in file: main.py - line: 117
2023-07-29 14:25:56,044 - INFO - Started computing patch[46]. - in file: main.py - line: 114
2023-07-29 14:25:56,732 - INFO - FSI_score 0.0 of sample 46 not high enough to continue generating sample. - in file: main.py - line: 94
2023-07-29 14:25:56,732 - INFO - Finished computing patch[46] in 0.69s. - in file: main.py - line: 116
2023-07-29 14:25:56,733 - INFO - ----- NEXT PATCH -----. - in file: main.py - line: 117
2023-07-29 14:25:56,733 - INFO - Started computing patch[47]. - in file: main.py - line: 114
2023-07-29 14:25:57,361 - INFO - FSI_score 0.0 of sample 47 not high enough to continue generating sample. - in file: main.py - line: 94
2023-07-29 14:25:57,362 - INFO - Finished computing patch[47] in 0.63s. - in file: main.py - line: 116
2023-07-29 14:25:57,362 - INFO - ----- NEXT PATCH -----. - in file: main.py - line: 117
2023-07-29 14:25:57,362 - INFO - Started computing patch[48]. - in file: main.py - line: 114
2023-07-29 14:25:58,059 - INFO - FSI_score 0.0 of sample 48 not high enough to continue generating sample. - in file: main.py - line: 94
2023-07-29 14:25:58,060 - INFO - Finished computing patch[48] in 0.7s. - in file: main.py - line: 116
2023-07-29 14:25:58,060 - INFO - ----- NEXT PATCH -----. - in file: main.py - line: 117
2023-07-29 14:25:58,060 - INFO - Started computing patch[49]. - in file: main.py - line: 114
2023-07-29 14:25:58,769 - INFO - FSI_score 0.0 of sample 49 not high enough to continue generating sample. - in file: main.py - line: 94
2023-07-29 14:25:58,769 - INFO - Finished computing patch[49] in 0.71s. - in file: main.py - line: 116
2023-07-29 14:25:58,770 - INFO - ----- NEXT PATCH -----. - in file: main.py - line: 117
2023-07-29 14:25:58,770 - INFO - Started computing patch[50]. - in file: main.py - line: 114
2023-07-29 14:25:59,429 - INFO - FSI_score 0.0 of sample 50 not high enough to continue generating sample. - in file: main.py - line: 94
2023-07-29 14:25:59,430 - INFO - Finished computing patch[50] in 0.66s. - in file: main.py - line: 116
2023-07-29 14:25:59,430 - INFO - ----- NEXT PATCH -----. - in file: main.py - line: 117
2023-07-29 14:25:59,430 - INFO - Started computing patch[51]. - in file: main.py - line: 114
2023-07-29 14:26:00,053 - INFO - FSI_score 0.0 of sample 51 not high enough to continue generating sample. - in file: main.py - line: 94
2023-07-29 14:26:00,054 - INFO - Finished computing patch[51] in 0.62s. - in file: main.py - line: 116
2023-07-29 14:26:00,054 - INFO - ----- NEXT PATCH -----. - in file: main.py - line: 117
2023-07-29 14:26:00,054 - INFO - Started computing patch[52]. - in file: main.py - line: 114
2023-07-29 14:26:00,827 - INFO - FSI_score 0.0 of sample 52 not high enough to continue generating sample. - in file: main.py - line: 94
2023-07-29 14:26:00,828 - INFO - Finished computing patch[52] in 0.77s. - in file: main.py - line: 116
2023-07-29 14:26:00,828 - INFO - ----- NEXT PATCH -----. - in file: main.py - line: 117
2023-07-29 14:26:00,828 - INFO - Started computing patch[53]. - in file: main.py - line: 114
2023-07-29 14:26:01,503 - INFO - FSI_score 0.0 of sample 53 not high enough to continue generating sample. - in file: main.py - line: 94
2023-07-29 14:26:01,504 - INFO - Finished computing patch[53] in 0.68s. - in file: main.py - line: 116
2023-07-29 14:26:01,504 - INFO - ----- NEXT PATCH -----. - in file: main.py - line: 117
2023-07-29 14:26:01,504 - INFO - Started computing patch[54]. - in file: main.py - line: 114
2023-07-29 14:26:02,144 - INFO - FSI_score 0.0 of sample 54 not high enough to continue generating sample. - in file: main.py - line: 94
2023-07-29 14:26:02,145 - INFO - Finished computing patch[54] in 0.64s. - in file: main.py - line: 116
2023-07-29 14:26:02,145 - INFO - ----- NEXT PATCH -----. - in file: main.py - line: 117
2023-07-29 14:26:02,146 - INFO - Started computing patch[55]. - in file: main.py - line: 114
2023-07-29 14:26:02,910 - INFO - FSI_score 0.0 of sample 55 not high enough to continue generating sample. - in file: main.py - line: 94
2023-07-29 14:26:02,911 - INFO - Finished computing patch[55] in 0.77s. - in file: main.py - line: 116
2023-07-29 14:26:02,911 - INFO - ----- NEXT PATCH -----. - in file: main.py - line: 117
2023-07-29 14:26:02,911 - INFO - Started computing patch[56]. - in file: main.py - line: 114
2023-07-29 14:26:03,591 - INFO - FSI_score 0.0 of sample 56 not high enough to continue generating sample. - in file: main.py - line: 94
2023-07-29 14:26:03,591 - INFO - Finished computing patch[56] in 0.68s. - in file: main.py - line: 116
2023-07-29 14:26:03,592 - INFO - ----- NEXT PATCH -----. - in file: main.py - line: 117
2023-07-29 14:26:03,592 - INFO - Started computing patch[57]. - in file: main.py - line: 114
2023-07-29 14:26:04,231 - INFO - FSI_score 0.0 of sample 57 not high enough to continue generating sample. - in file: main.py - line: 94
2023-07-29 14:26:04,232 - INFO - Finished computing patch[57] in 0.64s. - in file: main.py - line: 116
2023-07-29 14:26:04,232 - INFO - ----- NEXT PATCH -----. - in file: main.py - line: 117
2023-07-29 14:26:04,233 - INFO - Started computing patch[58]. - in file: main.py - line: 114
2023-07-29 14:26:04,894 - INFO - FSI_score 0.0 of sample 58 not high enough to continue generating sample. - in file: main.py - line: 94
2023-07-29 14:26:04,894 - INFO - Finished computing patch[58] in 0.66s. - in file: main.py - line: 116
2023-07-29 14:26:04,895 - INFO - ----- NEXT PATCH -----. - in file: main.py - line: 117
2023-07-29 14:26:04,895 - INFO - Started computing patch[59]. - in file: main.py - line: 114
2023-07-29 14:26:05,675 - INFO - FSI_score 0.0 of sample 59 not high enough to continue generating sample. - in file: main.py - line: 94
2023-07-29 14:26:05,676 - INFO - Finished computing patch[59] in 0.78s. - in file: main.py - line: 116
2023-07-29 14:26:05,676 - INFO - ----- NEXT PATCH -----. - in file: main.py - line: 117
2023-07-29 14:26:05,676 - INFO - Started computing patch[60]. - in file: main.py - line: 114
2023-07-29 14:26:11,427 - INFO - Mesh mesh_60 saved in 1s - in file: save.py - line: 50
2023-07-29 14:26:11,509 - INFO - Array_list sensors_60 saved in 0s - in file: save.py - line: 86
2023-07-29 14:26:11,512 - INFO - Polyines outlines_60 saved in 0s - in file: save.py - line: 68
2023-07-29 14:26:11,528 - INFO - Finished computing patch[60] in 5.85s. - in file: main.py - line: 116
2023-07-29 14:26:11,529 - INFO - ----- NEXT PATCH -----. - in file: main.py - line: 117
2023-07-29 14:26:11,529 - INFO - Started computing patch[61]. - in file: main.py - line: 114
2023-07-29 14:26:16,460 - INFO - Mesh mesh_61 saved in 1s - in file: save.py - line: 50
2023-07-29 14:26:16,544 - INFO - Array_list sensors_61 saved in 0s - in file: save.py - line: 86
2023-07-29 14:26:16,549 - INFO - Polyines outlines_61 saved in 0s - in file: save.py - line: 68
2023-07-29 14:26:16,574 - INFO - Finished computing patch[61] in 5.04s. - in file: main.py - line: 116
2023-07-29 14:26:16,574 - INFO - ----- NEXT PATCH -----. - in file: main.py - line: 117
2023-07-29 14:26:16,575 - INFO - Started computing patch[62]. - in file: main.py - line: 114
2023-07-29 14:26:21,039 - INFO - Mesh mesh_62 saved in 1s - in file: save.py - line: 50
2023-07-29 14:26:21,124 - INFO - Array_list sensors_62 saved in 0s - in file: save.py - line: 86
2023-07-29 14:26:21,130 - INFO - Polyines outlines_62 saved in 0s - in file: save.py - line: 68
2023-07-29 14:26:21,151 - INFO - Finished computing patch[62] in 4.58s. - in file: main.py - line: 116
2023-07-29 14:26:21,152 - INFO - ----- NEXT PATCH -----. - in file: main.py - line: 117
2023-07-29 14:26:21,152 - INFO - Started computing patch[63]. - in file: main.py - line: 114
2023-07-29 14:26:26,330 - INFO - Mesh mesh_63 saved in 1s - in file: save.py - line: 50
2023-07-29 14:26:26,462 - INFO - Array_list sensors_63 saved in 0s - in file: save.py - line: 86
2023-07-29 14:26:26,468 - INFO - Polyines outlines_63 saved in 0s - in file: save.py - line: 68
2023-07-29 14:26:26,483 - INFO - Finished computing patch[63] in 5.33s. - in file: main.py - line: 116
2023-07-29 14:26:26,484 - INFO - ----- NEXT PATCH -----. - in file: main.py - line: 117
2023-07-29 14:26:26,484 - INFO - Started computing patch[64]. - in file: main.py - line: 114
2023-07-29 14:26:31,057 - INFO - Mesh mesh_64 saved in 1s - in file: save.py - line: 50
2023-07-29 14:26:31,202 - INFO - Array_list sensors_64 saved in 0s - in file: save.py - line: 86
2023-07-29 14:26:31,206 - INFO - Polyines outlines_64 saved in 0s - in file: save.py - line: 68
2023-07-29 14:26:31,223 - INFO - Finished computing patch[64] in 4.74s. - in file: main.py - line: 116
2023-07-29 14:26:31,223 - INFO - ----- NEXT PATCH -----. - in file: main.py - line: 117
2023-07-29 14:26:31,224 - INFO - Started computing patch[65]. - in file: main.py - line: 114
2023-07-29 14:26:35,880 - INFO - Mesh mesh_65 saved in 1s - in file: save.py - line: 50
2023-07-29 14:26:35,946 - INFO - Array_list sensors_65 saved in 0s - in file: save.py - line: 86
2023-07-29 14:26:35,950 - INFO - Polyines outlines_65 saved in 0s - in file: save.py - line: 68
2023-07-29 14:26:35,965 - INFO - Finished computing patch[65] in 4.74s. - in file: main.py - line: 116
2023-07-29 14:26:35,966 - INFO - ----- NEXT PATCH -----. - in file: main.py - line: 117
2023-07-29 14:26:35,966 - INFO - Started computing patch[66]. - in file: main.py - line: 114
2023-07-29 14:26:37,127 - WARNING - Point containment coincident - in file: meshing.py - line: 44
2023-07-29 14:26:40,402 - INFO - Mesh mesh_66 saved in 1s - in file: save.py - line: 50
2023-07-29 14:26:40,474 - INFO - Array_list sensors_66 saved in 0s - in file: save.py - line: 86
2023-07-29 14:26:40,478 - INFO - Polyines outlines_66 saved in 0s - in file: save.py - line: 68
2023-07-29 14:26:40,495 - INFO - Finished computing patch[66] in 4.53s. - in file: main.py - line: 116
2023-07-29 14:26:40,495 - INFO - ----- NEXT PATCH -----. - in file: main.py - line: 117
2023-07-29 14:26:40,496 - INFO - Started computing patch[67]. - in file: main.py - line: 114
2023-07-29 14:26:46,044 - INFO - Mesh mesh_67 saved in 1s - in file: save.py - line: 50
2023-07-29 14:26:46,109 - INFO - Array_list sensors_67 saved in 0s - in file: save.py - line: 86
2023-07-29 14:26:46,112 - INFO - Polyines outlines_67 saved in 0s - in file: save.py - line: 68
2023-07-29 14:26:46,128 - INFO - Finished computing patch[67] in 5.63s. - in file: main.py - line: 116
2023-07-29 14:26:46,128 - INFO - ----- NEXT PATCH -----. - in file: main.py - line: 117
2023-07-29 14:26:46,129 - INFO - Started computing patch[68]. - in file: main.py - line: 114
2023-07-29 14:26:50,934 - INFO - Mesh mesh_68 saved in 1s - in file: save.py - line: 50
2023-07-29 14:26:51,032 - INFO - Array_list sensors_68 saved in 0s - in file: save.py - line: 86
2023-07-29 14:26:51,038 - INFO - Polyines outlines_68 saved in 0s - in file: save.py - line: 68
2023-07-29 14:26:51,062 - INFO - Finished computing patch[68] in 4.93s. - in file: main.py - line: 116
2023-07-29 14:26:51,062 - INFO - ----- NEXT PATCH -----. - in file: main.py - line: 117
2023-07-29 14:26:51,063 - INFO - Started computing patch[69]. - in file: main.py - line: 114
2023-07-29 14:26:54,776 - INFO - Mesh mesh_69 saved in 1s - in file: save.py - line: 50
2023-07-29 14:26:54,847 - INFO - Array_list sensors_69 saved in 0s - in file: save.py - line: 86
2023-07-29 14:26:54,851 - INFO - Polyines outlines_69 saved in 0s - in file: save.py - line: 68
2023-07-29 14:26:54,874 - INFO - Finished computing patch[69] in 3.81s. - in file: main.py - line: 116
2023-07-29 14:26:54,874 - INFO - ----- NEXT PATCH -----. - in file: main.py - line: 117
2023-07-29 14:26:54,874 - INFO - Started computing patch[70]. - in file: main.py - line: 114
2023-07-29 14:26:58,467 - INFO - Mesh mesh_70 saved in 1s - in file: save.py - line: 50
2023-07-29 14:26:58,507 - INFO - Array_list sensors_70 saved in 0s - in file: save.py - line: 86
2023-07-29 14:26:58,509 - INFO - Polyines outlines_70 saved in 0s - in file: save.py - line: 68
2023-07-29 14:26:58,521 - INFO - Finished computing patch[70] in 3.65s. - in file: main.py - line: 116
2023-07-29 14:26:58,522 - INFO - ----- NEXT PATCH -----. - in file: main.py - line: 117
2023-07-29 14:26:58,522 - INFO - Started computing patch[71]. - in file: main.py - line: 114
2023-07-29 14:27:01,960 - INFO - Mesh mesh_71 saved in 1s - in file: save.py - line: 50
2023-07-29 14:27:02,019 - INFO - Array_list sensors_71 saved in 0s - in file: save.py - line: 86
2023-07-29 14:27:02,024 - INFO - Polyines outlines_71 saved in 0s - in file: save.py - line: 68
2023-07-29 14:27:02,045 - INFO - Finished computing patch[71] in 3.52s. - in file: main.py - line: 116
2023-07-29 14:27:02,046 - INFO - ----- NEXT PATCH -----. - in file: main.py - line: 117
2023-07-29 14:27:02,046 - INFO - Started computing patch[72]. - in file: main.py - line: 114
2023-07-29 14:27:05,625 - INFO - Mesh mesh_72 saved in 1s - in file: save.py - line: 50
2023-07-29 14:27:05,665 - INFO - Array_list sensors_72 saved in 0s - in file: save.py - line: 86
2023-07-29 14:27:05,668 - INFO - Polyines outlines_72 saved in 0s - in file: save.py - line: 68
2023-07-29 14:27:05,680 - INFO - Finished computing patch[72] in 3.63s. - in file: main.py - line: 116
2023-07-29 14:27:05,681 - INFO - ----- NEXT PATCH -----. - in file: main.py - line: 117
2023-07-29 14:27:05,681 - INFO - Started computing patch[73]. - in file: main.py - line: 114
2023-07-29 14:27:08,989 - INFO - Mesh mesh_73 saved in 1s - in file: save.py - line: 50
2023-07-29 14:27:09,105 - INFO - Array_list sensors_73 saved in 0s - in file: save.py - line: 86
2023-07-29 14:27:09,108 - INFO - Polyines outlines_73 saved in 0s - in file: save.py - line: 68
2023-07-29 14:27:09,122 - INFO - Finished computing patch[73] in 3.44s. - in file: main.py - line: 116
2023-07-29 14:27:09,123 - INFO - ----- NEXT PATCH -----. - in file: main.py - line: 117
2023-07-29 14:27:09,123 - INFO - Started computing patch[74]. - in file: main.py - line: 114
2023-07-29 14:27:10,018 - INFO - FSI_score 0.0 of sample 74 not high enough to continue generating sample. - in file: main.py - line: 94
2023-07-29 14:27:10,019 - INFO - Finished computing patch[74] in 0.9s. - in file: main.py - line: 116
2023-07-29 14:27:10,019 - INFO - ----- NEXT PATCH -----. - in file: main.py - line: 117
2023-07-29 14:27:10,019 - INFO - Started computing patch[75]. - in file: main.py - line: 114
2023-07-29 14:27:13,180 - INFO - Mesh mesh_75 saved in 1s - in file: save.py - line: 50
2023-07-29 14:27:13,218 - INFO - Array_list sensors_75 saved in 0s - in file: save.py - line: 86
2023-07-29 14:27:13,221 - INFO - Polyines outlines_75 saved in 0s - in file: save.py - line: 68
2023-07-29 14:27:13,239 - INFO - Finished computing patch[75] in 3.22s. - in file: main.py - line: 116
2023-07-29 14:27:13,240 - INFO - ----- NEXT PATCH -----. - in file: main.py - line: 117
2023-07-29 14:27:13,240 - INFO - Started computing patch[76]. - in file: main.py - line: 114
2023-07-29 14:27:16,594 - INFO - Mesh mesh_76 saved in 1s - in file: save.py - line: 50
2023-07-29 14:27:16,652 - INFO - Array_list sensors_76 saved in 0s - in file: save.py - line: 86
2023-07-29 14:27:16,657 - INFO - Polyines outlines_76 saved in 0s - in file: save.py - line: 68
2023-07-29 14:27:16,675 - INFO - Finished computing patch[76] in 3.44s. - in file: main.py - line: 116
2023-07-29 14:27:16,675 - INFO - ----- NEXT PATCH -----. - in file: main.py - line: 117
2023-07-29 14:27:16,676 - INFO - Started computing patch[77]. - in file: main.py - line: 114
2023-07-29 14:27:17,459 - INFO - FSI_score 0.0 of sample 77 not high enough to continue generating sample. - in file: main.py - line: 94
2023-07-29 14:27:17,459 - INFO - Finished computing patch[77] in 0.78s. - in file: main.py - line: 116
2023-07-29 14:27:17,460 - INFO - ----- NEXT PATCH -----. - in file: main.py - line: 117
2023-07-29 14:27:17,460 - INFO - Started computing patch[78]. - in file: main.py - line: 114
2023-07-29 14:27:18,150 - INFO - FSI_score 0.0 of sample 78 not high enough to continue generating sample. - in file: main.py - line: 94
2023-07-29 14:27:18,151 - INFO - Finished computing patch[78] in 0.69s. - in file: main.py - line: 116
2023-07-29 14:27:18,151 - INFO - ----- NEXT PATCH -----. - in file: main.py - line: 117
2023-07-29 14:27:18,152 - INFO - Started computing patch[79]. - in file: main.py - line: 114
2023-07-29 14:27:18,860 - INFO - FSI_score 0.0 of sample 79 not high enough to continue generating sample. - in file: main.py - line: 94
2023-07-29 14:27:18,861 - INFO - Finished computing patch[79] in 0.71s. - in file: main.py - line: 116
2023-07-29 14:27:18,861 - INFO - ----- NEXT PATCH -----. - in file: main.py - line: 117
2023-07-29 14:27:18,862 - INFO - Started computing patch[80]. - in file: main.py - line: 114
2023-07-29 14:27:19,696 - INFO - FSI_score 0.0 of sample 80 not high enough to continue generating sample. - in file: main.py - line: 94
2023-07-29 14:27:19,696 - INFO - Finished computing patch[80] in 0.83s. - in file: main.py - line: 116
2023-07-29 14:27:19,696 - INFO - ----- NEXT PATCH -----. - in file: main.py - line: 117
2023-07-29 14:27:19,696 - INFO - Started computing patch[81]. - in file: main.py - line: 114
2023-07-29 14:27:20,339 - INFO - FSI_score 0.0 of sample 81 not high enough to continue generating sample. - in file: main.py - line: 94
2023-07-29 14:27:20,339 - INFO - Finished computing patch[81] in 0.64s. - in file: main.py - line: 116
2023-07-29 14:27:20,339 - INFO - ----- NEXT PATCH -----. - in file: main.py - line: 117
2023-07-29 14:27:20,340 - INFO - Started computing patch[82]. - in file: main.py - line: 114
2023-07-29 14:27:20,966 - INFO - FSI_score 0.0 of sample 82 not high enough to continue generating sample. - in file: main.py - line: 94
2023-07-29 14:27:20,967 - INFO - Finished computing patch[82] in 0.63s. - in file: main.py - line: 116
2023-07-29 14:27:20,967 - INFO - ----- NEXT PATCH -----. - in file: main.py - line: 117
2023-07-29 14:27:20,967 - INFO - Started computing patch[83]. - in file: main.py - line: 114
2023-07-29 14:27:21,746 - INFO - FSI_score 0.0 of sample 83 not high enough to continue generating sample. - in file: main.py - line: 94
2023-07-29 14:27:21,746 - INFO - Finished computing patch[83] in 0.78s. - in file: main.py - line: 116
2023-07-29 14:27:21,746 - INFO - ----- NEXT PATCH -----. - in file: main.py - line: 117
2023-07-29 14:27:21,746 - INFO - Started computing patch[84]. - in file: main.py - line: 114
2023-07-29 14:27:22,444 - INFO - FSI_score 0.0 of sample 84 not high enough to continue generating sample. - in file: main.py - line: 94
2023-07-29 14:27:22,444 - INFO - Finished computing patch[84] in 0.7s. - in file: main.py - line: 116
2023-07-29 14:27:22,444 - INFO - ----- NEXT PATCH -----. - in file: main.py - line: 117
2023-07-29 14:27:22,445 - INFO - Started computing patch[85]. - in file: main.py - line: 114
2023-07-29 14:27:23,118 - INFO - FSI_score 0.0 of sample 85 not high enough to continue generating sample. - in file: main.py - line: 94
2023-07-29 14:27:23,118 - INFO - Finished computing patch[85] in 0.67s. - in file: main.py - line: 116
2023-07-29 14:27:23,119 - INFO - ----- NEXT PATCH -----. - in file: main.py - line: 117
2023-07-29 14:27:23,119 - INFO - Started computing patch[86]. - in file: main.py - line: 114
2023-07-29 14:27:23,934 - INFO - FSI_score 0.0 of sample 86 not high enough to continue generating sample. - in file: main.py - line: 94
2023-07-29 14:27:23,934 - INFO - Finished computing patch[86] in 0.82s. - in file: main.py - line: 116
2023-07-29 14:27:23,934 - INFO - ----- NEXT PATCH -----. - in file: main.py - line: 117
2023-07-29 14:27:23,935 - INFO - Started computing patch[87]. - in file: main.py - line: 114
2023-07-29 14:27:24,609 - INFO - FSI_score 0.0 of sample 87 not high enough to continue generating sample. - in file: main.py - line: 94
2023-07-29 14:27:24,609 - INFO - Finished computing patch[87] in 0.67s. - in file: main.py - line: 116
2023-07-29 14:27:24,610 - INFO - ----- NEXT PATCH -----. - in file: main.py - line: 117
2023-07-29 14:27:24,610 - INFO - Started computing patch[88]. - in file: main.py - line: 114
2023-07-29 14:27:25,272 - INFO - FSI_score 0.0 of sample 88 not high enough to continue generating sample. - in file: main.py - line: 94
2023-07-29 14:27:25,274 - INFO - Finished computing patch[88] in 0.66s. - in file: main.py - line: 116
2023-07-29 14:27:25,274 - INFO - ----- NEXT PATCH -----. - in file: main.py - line: 117
2023-07-29 14:27:25,274 - INFO - Started computing patch[89]. - in file: main.py - line: 114
2023-07-29 14:27:25,968 - INFO - FSI_score 0.0 of sample 89 not high enough to continue generating sample. - in file: main.py - line: 94
2023-07-29 14:27:25,969 - INFO - Finished computing patch[89] in 0.7s. - in file: main.py - line: 116
2023-07-29 14:27:25,969 - INFO - ----- NEXT PATCH -----. - in file: main.py - line: 117
2023-07-29 14:27:25,970 - INFO - Started computing patch[90]. - in file: main.py - line: 114
2023-07-29 14:27:27,169 - WARNING - Point containment coincident - in file: meshing.py - line: 44
2023-07-29 14:27:31,656 - INFO - Mesh mesh_90 saved in 1s - in file: save.py - line: 50
2023-07-29 14:27:31,722 - INFO - Array_list sensors_90 saved in 0s - in file: save.py - line: 86
2023-07-29 14:27:31,726 - INFO - Polyines outlines_90 saved in 0s - in file: save.py - line: 68
2023-07-29 14:27:31,740 - INFO - Finished computing patch[90] in 5.77s. - in file: main.py - line: 116
2023-07-29 14:27:31,741 - INFO - ----- NEXT PATCH -----. - in file: main.py - line: 117
2023-07-29 14:27:31,741 - INFO - Started computing patch[91]. - in file: main.py - line: 114
2023-07-29 14:27:36,735 - INFO - Mesh mesh_91 saved in 1s - in file: save.py - line: 50
2023-07-29 14:27:36,789 - INFO - Array_list sensors_91 saved in 0s - in file: save.py - line: 86
2023-07-29 14:27:36,792 - INFO - Polyines outlines_91 saved in 0s - in file: save.py - line: 68
2023-07-29 14:27:36,805 - INFO - Finished computing patch[91] in 5.06s. - in file: main.py - line: 116
2023-07-29 14:27:36,806 - INFO - ----- NEXT PATCH -----. - in file: main.py - line: 117
2023-07-29 14:27:36,806 - INFO - Started computing patch[92]. - in file: main.py - line: 114
2023-07-29 14:27:41,021 - INFO - Mesh mesh_92 saved in 1s - in file: save.py - line: 50
2023-07-29 14:27:41,070 - INFO - Array_list sensors_92 saved in 0s - in file: save.py - line: 86
2023-07-29 14:27:41,074 - INFO - Polyines outlines_92 saved in 0s - in file: save.py - line: 68
2023-07-29 14:27:41,088 - INFO - Finished computing patch[92] in 4.28s. - in file: main.py - line: 116
2023-07-29 14:27:41,089 - INFO - ----- NEXT PATCH -----. - in file: main.py - line: 117
2023-07-29 14:27:41,089 - INFO - Started computing patch[93]. - in file: main.py - line: 114
2023-07-29 14:27:45,805 - INFO - Mesh mesh_93 saved in 1s - in file: save.py - line: 50
2023-07-29 14:27:45,866 - INFO - Array_list sensors_93 saved in 0s - in file: save.py - line: 86
2023-07-29 14:27:45,872 - INFO - Polyines outlines_93 saved in 0s - in file: save.py - line: 68
2023-07-29 14:27:45,886 - INFO - Finished computing patch[93] in 4.8s. - in file: main.py - line: 116
2023-07-29 14:27:45,886 - INFO - ----- NEXT PATCH -----. - in file: main.py - line: 117
2023-07-29 14:27:45,887 - INFO - Started computing patch[94]. - in file: main.py - line: 114
2023-07-29 14:27:50,914 - INFO - Mesh mesh_94 saved in 1s - in file: save.py - line: 50
2023-07-29 14:27:50,982 - INFO - Array_list sensors_94 saved in 0s - in file: save.py - line: 86
2023-07-29 14:27:50,987 - INFO - Polyines outlines_94 saved in 0s - in file: save.py - line: 68
2023-07-29 14:27:51,003 - INFO - Finished computing patch[94] in 5.12s. - in file: main.py - line: 116
2023-07-29 14:27:51,003 - INFO - ----- NEXT PATCH -----. - in file: main.py - line: 117
2023-07-29 14:27:51,004 - INFO - Started computing patch[95]. - in file: main.py - line: 114
2023-07-29 14:27:55,614 - INFO - Mesh mesh_95 saved in 1s - in file: save.py - line: 50
2023-07-29 14:27:55,684 - INFO - Array_list sensors_95 saved in 0s - in file: save.py - line: 86
2023-07-29 14:27:55,687 - INFO - Polyines outlines_95 saved in 0s - in file: save.py - line: 68
2023-07-29 14:27:55,705 - INFO - Finished computing patch[95] in 4.7s. - in file: main.py - line: 116
2023-07-29 14:27:55,706 - INFO - ----- NEXT PATCH -----. - in file: main.py - line: 117
2023-07-29 14:27:55,706 - INFO - Started computing patch[96]. - in file: main.py - line: 114
2023-07-29 14:28:00,159 - INFO - Mesh mesh_96 saved in 1s - in file: save.py - line: 50
2023-07-29 14:28:00,236 - INFO - Array_list sensors_96 saved in 0s - in file: save.py - line: 86
2023-07-29 14:28:00,240 - INFO - Polyines outlines_96 saved in 0s - in file: save.py - line: 68
2023-07-29 14:28:00,258 - INFO - Finished computing patch[96] in 4.55s. - in file: main.py - line: 116
2023-07-29 14:28:00,258 - INFO - ----- NEXT PATCH -----. - in file: main.py - line: 117
2023-07-29 14:28:00,259 - INFO - Started computing patch[97]. - in file: main.py - line: 114
2023-07-29 14:28:01,601 - WARNING - Point containment coincident - in file: meshing.py - line: 44
2023-07-29 14:28:05,192 - INFO - Mesh mesh_97 saved in 1s - in file: save.py - line: 50
2023-07-29 14:28:05,270 - INFO - Array_list sensors_97 saved in 0s - in file: save.py - line: 86
2023-07-29 14:28:05,273 - INFO - Polyines outlines_97 saved in 0s - in file: save.py - line: 68
2023-07-29 14:28:05,290 - INFO - Finished computing patch[97] in 5.03s. - in file: main.py - line: 116
2023-07-29 14:28:05,291 - INFO - ----- NEXT PATCH -----. - in file: main.py - line: 117
2023-07-29 14:28:05,291 - INFO - Started computing patch[98]. - in file: main.py - line: 114
2023-07-29 14:28:11,314 - INFO - Mesh mesh_98 saved in 1s - in file: save.py - line: 50
2023-07-29 14:28:11,382 - INFO - Array_list sensors_98 saved in 0s - in file: save.py - line: 86
2023-07-29 14:28:11,385 - INFO - Polyines outlines_98 saved in 0s - in file: save.py - line: 68
2023-07-29 14:28:11,404 - INFO - Finished computing patch[98] in 6.11s. - in file: main.py - line: 116
2023-07-29 14:28:11,404 - INFO - ----- NEXT PATCH -----. - in file: main.py - line: 117
2023-07-29 14:28:11,404 - INFO - Started computing patch[99]. - in file: main.py - line: 114
2023-07-29 14:28:16,694 - INFO - Mesh mesh_99 saved in 1s - in file: save.py - line: 50
2023-07-29 14:28:16,759 - INFO - Array_list sensors_99 saved in 0s - in file: save.py - line: 86
2023-07-29 14:28:16,766 - INFO - Polyines outlines_99 saved in 0s - in file: save.py - line: 68
2023-07-29 14:28:16,781 - INFO - Finished computing patch[99] in 5.38s. - in file: main.py - line: 116
2023-07-29 14:28:16,781 - INFO - ----- NEXT PATCH -----. - in file: main.py - line: 117
2023-07-29 14:28:16,782 - INFO - Started computing patch[100]. - in file: main.py - line: 114
2023-07-29 14:28:20,309 - INFO - Mesh mesh_100 saved in 1s - in file: save.py - line: 50
2023-07-29 14:28:20,353 - INFO - Array_list sensors_100 saved in 0s - in file: save.py - line: 86
2023-07-29 14:28:20,356 - INFO - Polyines outlines_100 saved in 0s - in file: save.py - line: 68
2023-07-29 14:28:20,369 - INFO - Finished computing patch[100] in 3.59s. - in file: main.py - line: 116
2023-07-29 14:28:20,369 - INFO - ----- NEXT PATCH -----. - in file: main.py - line: 117
2023-07-29 14:28:20,370 - INFO - Started computing patch[101]. - in file: main.py - line: 114
2023-07-29 14:28:23,910 - INFO - Mesh mesh_101 saved in 1s - in file: save.py - line: 50
2023-07-29 14:28:23,957 - INFO - Array_list sensors_101 saved in 0s - in file: save.py - line: 86
2023-07-29 14:28:23,962 - INFO - Polyines outlines_101 saved in 0s - in file: save.py - line: 68
2023-07-29 14:28:23,974 - INFO - Finished computing patch[101] in 3.6s. - in file: main.py - line: 116
2023-07-29 14:28:23,975 - INFO - ----- NEXT PATCH -----. - in file: main.py - line: 117
2023-07-29 14:28:23,975 - INFO - Started computing patch[102]. - in file: main.py - line: 114
2023-07-29 14:28:24,734 - INFO - FSI_score 0.0 of sample 102 not high enough to continue generating sample. - in file: main.py - line: 94
2023-07-29 14:28:24,734 - INFO - Finished computing patch[102] in 0.76s. - in file: main.py - line: 116
2023-07-29 14:28:24,735 - INFO - ----- NEXT PATCH -----. - in file: main.py - line: 117
2023-07-29 14:28:24,735 - INFO - Started computing patch[103]. - in file: main.py - line: 114
2023-07-29 14:28:25,421 - INFO - FSI_score 0.0 of sample 103 not high enough to continue generating sample. - in file: main.py - line: 94
2023-07-29 14:28:25,422 - INFO - Finished computing patch[103] in 0.69s. - in file: main.py - line: 116
2023-07-29 14:28:25,422 - INFO - ----- NEXT PATCH -----. - in file: main.py - line: 117
2023-07-29 14:28:25,423 - INFO - Started computing patch[104]. - in file: main.py - line: 114
2023-07-29 14:28:26,264 - INFO - FSI_score 0.0 of sample 104 not high enough to continue generating sample. - in file: main.py - line: 94
2023-07-29 14:28:26,264 - INFO - Finished computing patch[104] in 0.84s. - in file: main.py - line: 116
2023-07-29 14:28:26,265 - INFO - ----- NEXT PATCH -----. - in file: main.py - line: 117
2023-07-29 14:28:26,265 - INFO - Started computing patch[105]. - in file: main.py - line: 114
2023-07-29 14:28:27,009 - INFO - FSI_score 0.0 of sample 105 not high enough to continue generating sample. - in file: main.py - line: 94
2023-07-29 14:28:27,009 - INFO - Finished computing patch[105] in 0.74s. - in file: main.py - line: 116
2023-07-29 14:28:27,010 - INFO - ----- NEXT PATCH -----. - in file: main.py - line: 117
2023-07-29 14:28:27,010 - INFO - Started computing patch[106]. - in file: main.py - line: 114
2023-07-29 14:28:27,644 - INFO - FSI_score 0.0 of sample 106 not high enough to continue generating sample. - in file: main.py - line: 94
2023-07-29 14:28:27,645 - INFO - Finished computing patch[106] in 0.63s. - in file: main.py - line: 116
2023-07-29 14:28:27,645 - INFO - ----- NEXT PATCH -----. - in file: main.py - line: 117
2023-07-29 14:28:27,645 - INFO - Started computing patch[107]. - in file: main.py - line: 114
2023-07-29 14:28:28,330 - INFO - FSI_score 0.0 of sample 107 not high enough to continue generating sample. - in file: main.py - line: 94
2023-07-29 14:28:28,331 - INFO - Finished computing patch[107] in 0.69s. - in file: main.py - line: 116
2023-07-29 14:28:28,331 - INFO - ----- NEXT PATCH -----. - in file: main.py - line: 117
2023-07-29 14:28:28,332 - INFO - Started computing patch[108]. - in file: main.py - line: 114
2023-07-29 14:28:29,061 - INFO - FSI_score 0.0 of sample 108 not high enough to continue generating sample. - in file: main.py - line: 94
2023-07-29 14:28:29,062 - INFO - Finished computing patch[108] in 0.73s. - in file: main.py - line: 116
2023-07-29 14:28:29,062 - INFO - ----- NEXT PATCH -----. - in file: main.py - line: 117
2023-07-29 14:28:29,062 - INFO - Started computing patch[109]. - in file: main.py - line: 114
2023-07-29 14:28:29,676 - INFO - FSI_score 0.0 of sample 109 not high enough to continue generating sample. - in file: main.py - line: 94
2023-07-29 14:28:29,676 - INFO - Finished computing patch[109] in 0.61s. - in file: main.py - line: 116
2023-07-29 14:28:29,677 - INFO - ----- NEXT PATCH -----. - in file: main.py - line: 117
2023-07-29 14:28:29,677 - INFO - Started computing patch[110]. - in file: main.py - line: 114
2023-07-29 14:28:30,305 - INFO - FSI_score 0.0 of sample 110 not high enough to continue generating sample. - in file: main.py - line: 94
2023-07-29 14:28:30,306 - INFO - Finished computing patch[110] in 0.63s. - in file: main.py - line: 116
2023-07-29 14:28:30,306 - INFO - ----- NEXT PATCH -----. - in file: main.py - line: 117
2023-07-29 14:28:30,307 - INFO - Started computing patch[111]. - in file: main.py - line: 114
2023-07-29 14:28:31,096 - INFO - FSI_score 0.0 of sample 111 not high enough to continue generating sample. - in file: main.py - line: 94
2023-07-29 14:28:31,097 - INFO - Finished computing patch[111] in 0.79s. - in file: main.py - line: 116
2023-07-29 14:28:31,097 - INFO - ----- NEXT PATCH -----. - in file: main.py - line: 117
2023-07-29 14:28:31,098 - INFO - Started computing patch[112]. - in file: main.py - line: 114
2023-07-29 14:28:31,764 - INFO - FSI_score 0.0 of sample 112 not high enough to continue generating sample. - in file: main.py - line: 94
2023-07-29 14:28:31,764 - INFO - Finished computing patch[112] in 0.67s. - in file: main.py - line: 116
2023-07-29 14:28:31,765 - INFO - ----- NEXT PATCH -----. - in file: main.py - line: 117
2023-07-29 14:28:31,765 - INFO - Started computing patch[113]. - in file: main.py - line: 114
2023-07-29 14:28:32,402 - INFO - FSI_score 0.0 of sample 113 not high enough to continue generating sample. - in file: main.py - line: 94
2023-07-29 14:28:32,402 - INFO - Finished computing patch[113] in 0.64s. - in file: main.py - line: 116
2023-07-29 14:28:32,404 - INFO - ----- NEXT PATCH -----. - in file: main.py - line: 117
2023-07-29 14:28:32,404 - INFO - Started computing patch[114]. - in file: main.py - line: 114
2023-07-29 14:28:33,152 - INFO - FSI_score 0.0 of sample 114 not high enough to continue generating sample. - in file: main.py - line: 94
2023-07-29 14:28:33,154 - INFO - Finished computing patch[114] in 0.75s. - in file: main.py - line: 116
2023-07-29 14:28:33,154 - INFO - ----- NEXT PATCH -----. - in file: main.py - line: 117
2023-07-29 14:28:33,154 - INFO - Started computing patch[115]. - in file: main.py - line: 114
2023-07-29 14:28:33,833 - INFO - FSI_score 0.0 of sample 115 not high enough to continue generating sample. - in file: main.py - line: 94
2023-07-29 14:28:33,833 - INFO - Finished computing patch[115] in 0.68s. - in file: main.py - line: 116
2023-07-29 14:28:33,834 - INFO - ----- NEXT PATCH -----. - in file: main.py - line: 117
2023-07-29 14:28:33,834 - INFO - Started computing patch[116]. - in file: main.py - line: 114
2023-07-29 14:28:34,452 - INFO - FSI_score 0.0 of sample 116 not high enough to continue generating sample. - in file: main.py - line: 94
2023-07-29 14:28:34,454 - INFO - Finished computing patch[116] in 0.62s. - in file: main.py - line: 116
2023-07-29 14:28:34,454 - INFO - ----- NEXT PATCH -----. - in file: main.py - line: 117
2023-07-29 14:28:34,454 - INFO - Started computing patch[117]. - in file: main.py - line: 114
2023-07-29 14:28:35,099 - INFO - FSI_score 0.0 of sample 117 not high enough to continue generating sample. - in file: main.py - line: 94
2023-07-29 14:28:35,100 - INFO - Finished computing patch[117] in 0.65s. - in file: main.py - line: 116
2023-07-29 14:28:35,100 - INFO - ----- NEXT PATCH -----. - in file: main.py - line: 117
2023-07-29 14:28:35,100 - INFO - Started computing patch[118]. - in file: main.py - line: 114
2023-07-29 14:28:35,865 - INFO - FSI_score 0.0 of sample 118 not high enough to continue generating sample. - in file: main.py - line: 94
2023-07-29 14:28:35,866 - INFO - Finished computing patch[118] in 0.76s. - in file: main.py - line: 116
2023-07-29 14:28:35,866 - INFO - ----- NEXT PATCH -----. - in file: main.py - line: 117
2023-07-29 14:28:35,866 - INFO - Started computing patch[119]. - in file: main.py - line: 114
2023-07-29 14:28:36,497 - INFO - FSI_score 0.0 of sample 119 not high enough to continue generating sample. - in file: main.py - line: 94
2023-07-29 14:28:36,498 - INFO - Finished computing patch[119] in 0.63s. - in file: main.py - line: 116
2023-07-29 14:28:36,498 - INFO - ----- NEXT PATCH -----. - in file: main.py - line: 117
2023-07-29 14:28:36,498 - INFO - Started computing patch[120]. - in file: main.py - line: 114
2023-07-29 14:28:42,264 - INFO - Mesh mesh_120 saved in 1s - in file: save.py - line: 50
2023-07-29 14:28:42,352 - INFO - Array_list sensors_120 saved in 0s - in file: save.py - line: 86
2023-07-29 14:28:42,357 - INFO - Polyines outlines_120 saved in 0s - in file: save.py - line: 68
2023-07-29 14:28:42,374 - INFO - Finished computing patch[120] in 5.88s. - in file: main.py - line: 116
2023-07-29 14:28:42,374 - INFO - ----- NEXT PATCH -----. - in file: main.py - line: 117
2023-07-29 14:28:42,375 - INFO - Started computing patch[121]. - in file: main.py - line: 114
2023-07-29 14:28:47,221 - INFO - Mesh mesh_121 saved in 1s - in file: save.py - line: 50
2023-07-29 14:28:47,281 - INFO - Array_list sensors_121 saved in 0s - in file: save.py - line: 86
2023-07-29 14:28:47,285 - INFO - Polyines outlines_121 saved in 0s - in file: save.py - line: 68
2023-07-29 14:28:47,300 - INFO - Finished computing patch[121] in 4.92s. - in file: main.py - line: 116
2023-07-29 14:28:47,300 - INFO - ----- NEXT PATCH -----. - in file: main.py - line: 117
2023-07-29 14:28:47,301 - INFO - Started computing patch[122]. - in file: main.py - line: 114
2023-07-29 14:28:52,748 - INFO - Mesh mesh_122 saved in 1s - in file: save.py - line: 50
2023-07-29 14:28:52,806 - INFO - Array_list sensors_122 saved in 0s - in file: save.py - line: 86
2023-07-29 14:28:52,810 - INFO - Polyines outlines_122 saved in 0s - in file: save.py - line: 68
2023-07-29 14:28:52,825 - INFO - Finished computing patch[122] in 5.52s. - in file: main.py - line: 116
2023-07-29 14:28:52,826 - INFO - ----- NEXT PATCH -----. - in file: main.py - line: 117
2023-07-29 14:28:52,826 - INFO - Started computing patch[123]. - in file: main.py - line: 114
2023-07-29 14:28:57,882 - INFO - Mesh mesh_123 saved in 1s - in file: save.py - line: 50
2023-07-29 14:28:57,945 - INFO - Array_list sensors_123 saved in 0s - in file: save.py - line: 86
2023-07-29 14:28:57,948 - INFO - Polyines outlines_123 saved in 0s - in file: save.py - line: 68
2023-07-29 14:28:57,972 - INFO - Finished computing patch[123] in 5.15s. - in file: main.py - line: 116
2023-07-29 14:28:57,972 - INFO - ----- NEXT PATCH -----. - in file: main.py - line: 117
2023-07-29 14:28:57,973 - INFO - Started computing patch[124]. - in file: main.py - line: 114
2023-07-29 14:29:03,042 - INFO - Mesh mesh_124 saved in 1s - in file: save.py - line: 50
2023-07-29 14:29:03,118 - INFO - Array_list sensors_124 saved in 0s - in file: save.py - line: 86
2023-07-29 14:29:03,122 - INFO - Polyines outlines_124 saved in 0s - in file: save.py - line: 68
2023-07-29 14:29:03,147 - INFO - Finished computing patch[124] in 5.17s. - in file: main.py - line: 116
2023-07-29 14:29:03,147 - INFO - ----- NEXT PATCH -----. - in file: main.py - line: 117
2023-07-29 14:29:03,148 - INFO - Started computing patch[125]. - in file: main.py - line: 114
2023-07-29 14:29:07,991 - INFO - Mesh mesh_125 saved in 1s - in file: save.py - line: 50
2023-07-29 14:29:08,070 - INFO - Array_list sensors_125 saved in 0s - in file: save.py - line: 86
2023-07-29 14:29:08,074 - INFO - Polyines outlines_125 saved in 0s - in file: save.py - line: 68
2023-07-29 14:29:08,091 - INFO - Finished computing patch[125] in 4.94s. - in file: main.py - line: 116
2023-07-29 14:29:08,092 - INFO - ----- NEXT PATCH -----. - in file: main.py - line: 117
2023-07-29 14:29:08,092 - INFO - Started computing patch[126]. - in file: main.py - line: 114
2023-07-29 14:29:12,922 - INFO - Mesh mesh_126 saved in 1s - in file: save.py - line: 50
2023-07-29 14:29:13,031 - INFO - Array_list sensors_126 saved in 0s - in file: save.py - line: 86
2023-07-29 14:29:13,039 - INFO - Polyines outlines_126 saved in 0s - in file: save.py - line: 68
2023-07-29 14:29:13,068 - INFO - Finished computing patch[126] in 4.98s. - in file: main.py - line: 116
2023-07-29 14:29:13,069 - INFO - ----- NEXT PATCH -----. - in file: main.py - line: 117
2023-07-29 14:29:13,069 - INFO - Started computing patch[127]. - in file: main.py - line: 114
2023-07-29 14:29:17,927 - INFO - Mesh mesh_127 saved in 1s - in file: save.py - line: 50
2023-07-29 14:29:18,088 - INFO - Array_list sensors_127 saved in 0s - in file: save.py - line: 86
2023-07-29 14:29:18,091 - INFO - Polyines outlines_127 saved in 0s - in file: save.py - line: 68
2023-07-29 14:29:18,110 - INFO - Finished computing patch[127] in 5.04s. - in file: main.py - line: 116
2023-07-29 14:29:18,111 - INFO - ----- NEXT PATCH -----. - in file: main.py - line: 117
2023-07-29 14:29:18,111 - INFO - Started computing patch[128]. - in file: main.py - line: 114
2023-07-29 14:29:23,727 - INFO - Mesh mesh_128 saved in 1s - in file: save.py - line: 50
2023-07-29 14:29:23,792 - INFO - Array_list sensors_128 saved in 0s - in file: save.py - line: 86
2023-07-29 14:29:23,796 - INFO - Polyines outlines_128 saved in 0s - in file: save.py - line: 68
2023-07-29 14:29:23,811 - INFO - Finished computing patch[128] in 5.7s. - in file: main.py - line: 116
2023-07-29 14:29:23,812 - INFO - ----- NEXT PATCH -----. - in file: main.py - line: 117
2023-07-29 14:29:23,812 - INFO - Started computing patch[129]. - in file: main.py - line: 114
2023-07-29 14:29:29,417 - INFO - Mesh mesh_129 saved in 1s - in file: save.py - line: 50
2023-07-29 14:29:29,474 - INFO - Array_list sensors_129 saved in 0s - in file: save.py - line: 86
2023-07-29 14:29:29,478 - INFO - Polyines outlines_129 saved in 0s - in file: save.py - line: 68
2023-07-29 14:29:29,492 - INFO - Finished computing patch[129] in 5.68s. - in file: main.py - line: 116
2023-07-29 14:29:29,492 - INFO - ----- NEXT PATCH -----. - in file: main.py - line: 117
2023-07-29 14:29:29,493 - INFO - Started computing patch[130]. - in file: main.py - line: 114
2023-07-29 14:29:34,157 - INFO - Mesh mesh_130 saved in 1s - in file: save.py - line: 50
2023-07-29 14:29:34,212 - INFO - Array_list sensors_130 saved in 0s - in file: save.py - line: 86
2023-07-29 14:29:34,217 - INFO - Polyines outlines_130 saved in 0s - in file: save.py - line: 68
2023-07-29 14:29:34,238 - INFO - Finished computing patch[130] in 4.75s. - in file: main.py - line: 116
2023-07-29 14:29:34,239 - INFO - ----- NEXT PATCH -----. - in file: main.py - line: 117
2023-07-29 14:29:34,239 - INFO - Started computing patch[131]. - in file: main.py - line: 114
2023-07-29 14:29:38,576 - INFO - Mesh mesh_131 saved in 1s - in file: save.py - line: 50
2023-07-29 14:29:38,624 - INFO - Array_list sensors_131 saved in 0s - in file: save.py - line: 86
2023-07-29 14:29:38,627 - INFO - Polyines outlines_131 saved in 0s - in file: save.py - line: 68
2023-07-29 14:29:38,642 - INFO - Finished computing patch[131] in 4.4s. - in file: main.py - line: 116
2023-07-29 14:29:38,643 - INFO - ----- NEXT PATCH -----. - in file: main.py - line: 117
2023-07-29 14:29:38,643 - INFO - Started computing patch[132]. - in file: main.py - line: 114
2023-07-29 14:29:43,024 - INFO - Mesh mesh_132 saved in 1s - in file: save.py - line: 50
2023-07-29 14:29:43,071 - INFO - Array_list sensors_132 saved in 0s - in file: save.py - line: 86
2023-07-29 14:29:43,076 - INFO - Polyines outlines_132 saved in 0s - in file: save.py - line: 68
2023-07-29 14:29:43,088 - INFO - Finished computing patch[132] in 4.45s. - in file: main.py - line: 116
2023-07-29 14:29:43,088 - INFO - ----- NEXT PATCH -----. - in file: main.py - line: 117
2023-07-29 14:29:43,089 - INFO - Started computing patch[133]. - in file: main.py - line: 114
2023-07-29 14:29:47,456 - INFO - Mesh mesh_133 saved in 1s - in file: save.py - line: 50
2023-07-29 14:29:47,499 - INFO - Array_list sensors_133 saved in 0s - in file: save.py - line: 86
2023-07-29 14:29:47,504 - INFO - Polyines outlines_133 saved in 0s - in file: save.py - line: 68
2023-07-29 14:29:47,516 - INFO - Finished computing patch[133] in 4.43s. - in file: main.py - line: 116
2023-07-29 14:29:47,516 - INFO - ----- NEXT PATCH -----. - in file: main.py - line: 117
2023-07-29 14:29:47,517 - INFO - Started computing patch[134]. - in file: main.py - line: 114
2023-07-29 14:29:50,980 - INFO - Mesh mesh_134 saved in 1s - in file: save.py - line: 50
2023-07-29 14:29:51,031 - INFO - Array_list sensors_134 saved in 0s - in file: save.py - line: 86
2023-07-29 14:29:51,034 - INFO - Polyines outlines_134 saved in 0s - in file: save.py - line: 68
2023-07-29 14:29:51,049 - INFO - Finished computing patch[134] in 3.53s. - in file: main.py - line: 116
2023-07-29 14:29:51,050 - INFO - ----- NEXT PATCH -----. - in file: main.py - line: 117
2023-07-29 14:29:51,050 - INFO - Started computing patch[135]. - in file: main.py - line: 114
2023-07-29 14:29:51,799 - INFO - FSI_score 0.0 of sample 135 not high enough to continue generating sample. - in file: main.py - line: 94
2023-07-29 14:29:51,800 - INFO - Finished computing patch[135] in 0.75s. - in file: main.py - line: 116
2023-07-29 14:29:51,800 - INFO - ----- NEXT PATCH -----. - in file: main.py - line: 117
2023-07-29 14:29:51,801 - INFO - Started computing patch[136]. - in file: main.py - line: 114
2023-07-29 14:29:52,453 - INFO - FSI_score 0.0 of sample 136 not high enough to continue generating sample. - in file: main.py - line: 94
2023-07-29 14:29:52,453 - INFO - Finished computing patch[136] in 0.65s. - in file: main.py - line: 116
2023-07-29 14:29:52,454 - INFO - ----- NEXT PATCH -----. - in file: main.py - line: 117
2023-07-29 14:29:52,454 - INFO - Started computing patch[137]. - in file: main.py - line: 114
2023-07-29 14:29:56,462 - INFO - Mesh mesh_137 saved in 1s - in file: save.py - line: 50
2023-07-29 14:29:56,507 - INFO - Array_list sensors_137 saved in 0s - in file: save.py - line: 86
2023-07-29 14:29:56,511 - INFO - Polyines outlines_137 saved in 0s - in file: save.py - line: 68
2023-07-29 14:29:56,524 - INFO - Finished computing patch[137] in 4.07s. - in file: main.py - line: 116
2023-07-29 14:29:56,524 - INFO - ----- NEXT PATCH -----. - in file: main.py - line: 117
2023-07-29 14:29:56,525 - INFO - Started computing patch[138]. - in file: main.py - line: 114
2023-07-29 14:30:00,156 - INFO - Mesh mesh_138 saved in 1s - in file: save.py - line: 50
2023-07-29 14:30:00,197 - INFO - Array_list sensors_138 saved in 0s - in file: save.py - line: 86
2023-07-29 14:30:00,200 - INFO - Polyines outlines_138 saved in 0s - in file: save.py - line: 68
2023-07-29 14:30:00,216 - INFO - Finished computing patch[138] in 3.69s. - in file: main.py - line: 116
2023-07-29 14:30:00,217 - INFO - ----- NEXT PATCH -----. - in file: main.py - line: 117
2023-07-29 14:30:00,217 - INFO - Started computing patch[139]. - in file: main.py - line: 114
2023-07-29 14:30:04,009 - INFO - Mesh mesh_139 saved in 1s - in file: save.py - line: 50
2023-07-29 14:30:04,050 - INFO - Array_list sensors_139 saved in 0s - in file: save.py - line: 86
2023-07-29 14:30:04,054 - INFO - Polyines outlines_139 saved in 0s - in file: save.py - line: 68
2023-07-29 14:30:04,066 - INFO - Finished computing patch[139] in 3.85s. - in file: main.py - line: 116
2023-07-29 14:30:04,066 - INFO - ----- NEXT PATCH -----. - in file: main.py - line: 117
2023-07-29 14:30:04,067 - INFO - Started computing patch[140]. - in file: main.py - line: 114
2023-07-29 14:30:07,660 - INFO - Mesh mesh_140 saved in 1s - in file: save.py - line: 50
2023-07-29 14:30:07,711 - INFO - Array_list sensors_140 saved in 0s - in file: save.py - line: 86
2023-07-29 14:30:07,715 - INFO - Polyines outlines_140 saved in 0s - in file: save.py - line: 68
2023-07-29 14:30:07,731 - INFO - Finished computing patch[140] in 3.66s. - in file: main.py - line: 116
2023-07-29 14:30:07,732 - INFO - ----- NEXT PATCH -----. - in file: main.py - line: 117
2023-07-29 14:30:07,732 - INFO - Started computing patch[141]. - in file: main.py - line: 114
2023-07-29 14:30:11,496 - INFO - Mesh mesh_141 saved in 1s - in file: save.py - line: 50
2023-07-29 14:30:11,545 - INFO - Array_list sensors_141 saved in 0s - in file: save.py - line: 86
2023-07-29 14:30:11,548 - INFO - Polyines outlines_141 saved in 0s - in file: save.py - line: 68
2023-07-29 14:30:11,562 - INFO - Finished computing patch[141] in 3.83s. - in file: main.py - line: 116
2023-07-29 14:30:11,562 - INFO - ----- NEXT PATCH -----. - in file: main.py - line: 117
2023-07-29 14:30:11,564 - INFO - Started computing patch[142]. - in file: main.py - line: 114
2023-07-29 14:30:12,281 - INFO - FSI_score 0.0 of sample 142 not high enough to continue generating sample. - in file: main.py - line: 94
2023-07-29 14:30:12,281 - INFO - Finished computing patch[142] in 0.72s. - in file: main.py - line: 116
2023-07-29 14:30:12,281 - INFO - ----- NEXT PATCH -----. - in file: main.py - line: 117
2023-07-29 14:30:12,282 - INFO - Started computing patch[143]. - in file: main.py - line: 114
2023-07-29 14:30:13,141 - INFO - FSI_score 0.0 of sample 143 not high enough to continue generating sample. - in file: main.py - line: 94
2023-07-29 14:30:13,141 - INFO - Finished computing patch[143] in 0.86s. - in file: main.py - line: 116
2023-07-29 14:30:13,142 - INFO - ----- NEXT PATCH -----. - in file: main.py - line: 117
2023-07-29 14:30:13,142 - INFO - Started computing patch[144]. - in file: main.py - line: 114
2023-07-29 14:30:13,832 - INFO - FSI_score 0.0 of sample 144 not high enough to continue generating sample. - in file: main.py - line: 94
2023-07-29 14:30:13,833 - INFO - Finished computing patch[144] in 0.69s. - in file: main.py - line: 116
2023-07-29 14:30:13,833 - INFO - ----- NEXT PATCH -----. - in file: main.py - line: 117
2023-07-29 14:30:13,833 - INFO - Started computing patch[145]. - in file: main.py - line: 114
2023-07-29 14:30:14,474 - INFO - FSI_score 0.0 of sample 145 not high enough to continue generating sample. - in file: main.py - line: 94
2023-07-29 14:30:14,474 - INFO - Finished computing patch[145] in 0.64s. - in file: main.py - line: 116
2023-07-29 14:30:14,476 - INFO - ----- NEXT PATCH -----. - in file: main.py - line: 117
2023-07-29 14:30:14,476 - INFO - Started computing patch[146]. - in file: main.py - line: 114
2023-07-29 14:30:15,247 - INFO - FSI_score 0.0 of sample 146 not high enough to continue generating sample. - in file: main.py - line: 94
2023-07-29 14:30:15,248 - INFO - Finished computing patch[146] in 0.77s. - in file: main.py - line: 116
2023-07-29 14:30:15,248 - INFO - ----- NEXT PATCH -----. - in file: main.py - line: 117
2023-07-29 14:30:15,248 - INFO - Started computing patch[147]. - in file: main.py - line: 114
2023-07-29 14:30:15,889 - INFO - FSI_score 0.0 of sample 147 not high enough to continue generating sample. - in file: main.py - line: 94
2023-07-29 14:30:15,890 - INFO - Finished computing patch[147] in 0.64s. - in file: main.py - line: 116
2023-07-29 14:30:15,890 - INFO - ----- NEXT PATCH -----. - in file: main.py - line: 117
2023-07-29 14:30:15,891 - INFO - Started computing patch[148]. - in file: main.py - line: 114
2023-07-29 14:30:16,484 - INFO - FSI_score 0.0 of sample 148 not high enough to continue generating sample. - in file: main.py - line: 94
2023-07-29 14:30:16,484 - INFO - Finished computing patch[148] in 0.59s. - in file: main.py - line: 116
2023-07-29 14:30:16,486 - INFO - ----- NEXT PATCH -----. - in file: main.py - line: 117
2023-07-29 14:30:16,486 - INFO - Started computing patch[149]. - in file: main.py - line: 114
2023-07-29 14:30:17,184 - INFO - FSI_score 0.0 of sample 149 not high enough to continue generating sample. - in file: main.py - line: 94
2023-07-29 14:30:17,185 - INFO - Finished computing patch[149] in 0.7s. - in file: main.py - line: 116
2023-07-29 14:30:17,185 - INFO - ----- NEXT PATCH -----. - in file: main.py - line: 117
2023-07-29 14:30:17,185 - INFO - Started computing patch[150]. - in file: main.py - line: 114
2023-07-29 14:30:23,857 - INFO - Mesh mesh_150 saved in 1s - in file: save.py - line: 50
2023-07-29 14:30:23,974 - INFO - Array_list sensors_150 saved in 0s - in file: save.py - line: 86
2023-07-29 14:30:23,980 - INFO - Polyines outlines_150 saved in 0s - in file: save.py - line: 68
2023-07-29 14:30:24,016 - INFO - Finished computing patch[150] in 6.83s. - in file: main.py - line: 116
2023-07-29 14:30:24,016 - INFO - ----- NEXT PATCH -----. - in file: main.py - line: 117
2023-07-29 14:30:24,017 - INFO - Started computing patch[151]. - in file: main.py - line: 114
2023-07-29 14:30:28,459 - INFO - Mesh mesh_151 saved in 1s - in file: save.py - line: 50
2023-07-29 14:30:28,516 - INFO - Array_list sensors_151 saved in 0s - in file: save.py - line: 86
2023-07-29 14:30:28,520 - INFO - Polyines outlines_151 saved in 0s - in file: save.py - line: 68
2023-07-29 14:30:28,539 - INFO - Finished computing patch[151] in 4.52s. - in file: main.py - line: 116
2023-07-29 14:30:28,539 - INFO - ----- NEXT PATCH -----. - in file: main.py - line: 117
2023-07-29 14:30:28,540 - INFO - Started computing patch[152]. - in file: main.py - line: 114
2023-07-29 14:30:33,788 - INFO - Mesh mesh_152 saved in 1s - in file: save.py - line: 50
2023-07-29 14:30:33,861 - INFO - Array_list sensors_152 saved in 0s - in file: save.py - line: 86
2023-07-29 14:30:33,866 - INFO - Polyines outlines_152 saved in 0s - in file: save.py - line: 68
2023-07-29 14:30:33,888 - INFO - Finished computing patch[152] in 5.35s. - in file: main.py - line: 116
2023-07-29 14:30:33,888 - INFO - ----- NEXT PATCH -----. - in file: main.py - line: 117
2023-07-29 14:30:33,889 - INFO - Started computing patch[153]. - in file: main.py - line: 114
2023-07-29 14:30:38,554 - INFO - Mesh mesh_153 saved in 1s - in file: save.py - line: 50
2023-07-29 14:30:38,623 - INFO - Array_list sensors_153 saved in 0s - in file: save.py - line: 86
2023-07-29 14:30:38,627 - INFO - Polyines outlines_153 saved in 0s - in file: save.py - line: 68
2023-07-29 14:30:38,643 - INFO - Finished computing patch[153] in 4.75s. - in file: main.py - line: 116
2023-07-29 14:30:38,644 - INFO - ----- NEXT PATCH -----. - in file: main.py - line: 117
2023-07-29 14:30:38,644 - INFO - Started computing patch[154]. - in file: main.py - line: 114
2023-07-29 14:30:43,730 - INFO - Mesh mesh_154 saved in 1s - in file: save.py - line: 50
2023-07-29 14:30:43,799 - INFO - Array_list sensors_154 saved in 0s - in file: save.py - line: 86
2023-07-29 14:30:43,802 - INFO - Polyines outlines_154 saved in 0s - in file: save.py - line: 68
2023-07-29 14:30:43,819 - INFO - Finished computing patch[154] in 5.17s. - in file: main.py - line: 116
2023-07-29 14:30:43,819 - INFO - ----- NEXT PATCH -----. - in file: main.py - line: 117
2023-07-29 14:30:43,820 - INFO - Started computing patch[155]. - in file: main.py - line: 114
2023-07-29 14:30:48,551 - INFO - Mesh mesh_155 saved in 1s - in file: save.py - line: 50
2023-07-29 14:30:48,632 - INFO - Array_list sensors_155 saved in 0s - in file: save.py - line: 86
2023-07-29 14:30:48,636 - INFO - Polyines outlines_155 saved in 0s - in file: save.py - line: 68
2023-07-29 14:30:48,652 - INFO - Finished computing patch[155] in 4.83s. - in file: main.py - line: 116
2023-07-29 14:30:48,654 - INFO - ----- NEXT PATCH -----. - in file: main.py - line: 117
2023-07-29 14:30:48,654 - INFO - Started computing patch[156]. - in file: main.py - line: 114
2023-07-29 14:30:53,337 - INFO - Mesh mesh_156 saved in 1s - in file: save.py - line: 50
2023-07-29 14:30:53,420 - INFO - Array_list sensors_156 saved in 0s - in file: save.py - line: 86
2023-07-29 14:30:53,424 - INFO - Polyines outlines_156 saved in 0s - in file: save.py - line: 68
2023-07-29 14:30:53,439 - INFO - Finished computing patch[156] in 4.79s. - in file: main.py - line: 116
2023-07-29 14:30:53,439 - INFO - ----- NEXT PATCH -----. - in file: main.py - line: 117
2023-07-29 14:30:53,440 - INFO - Started computing patch[157]. - in file: main.py - line: 114
2023-07-29 14:30:58,237 - INFO - Mesh mesh_157 saved in 1s - in file: save.py - line: 50
2023-07-29 14:30:58,315 - INFO - Array_list sensors_157 saved in 0s - in file: save.py - line: 86
2023-07-29 14:30:58,318 - INFO - Polyines outlines_157 saved in 0s - in file: save.py - line: 68
2023-07-29 14:30:58,333 - INFO - Finished computing patch[157] in 4.89s. - in file: main.py - line: 116
2023-07-29 14:30:58,333 - INFO - ----- NEXT PATCH -----. - in file: main.py - line: 117
2023-07-29 14:30:58,333 - INFO - Started computing patch[158]. - in file: main.py - line: 114
2023-07-29 14:31:03,746 - INFO - Mesh mesh_158 saved in 1s - in file: save.py - line: 50
2023-07-29 14:31:03,827 - INFO - Array_list sensors_158 saved in 0s - in file: save.py - line: 86
2023-07-29 14:31:03,831 - INFO - Polyines outlines_158 saved in 0s - in file: save.py - line: 68
2023-07-29 14:31:03,847 - INFO - Finished computing patch[158] in 5.51s. - in file: main.py - line: 116
2023-07-29 14:31:03,848 - INFO - ----- NEXT PATCH -----. - in file: main.py - line: 117
2023-07-29 14:31:03,848 - INFO - Started computing patch[159]. - in file: main.py - line: 114
2023-07-29 14:31:09,612 - INFO - Mesh mesh_159 saved in 1s - in file: save.py - line: 50
2023-07-29 14:31:09,704 - INFO - Array_list sensors_159 saved in 0s - in file: save.py - line: 86
2023-07-29 14:31:09,708 - INFO - Polyines outlines_159 saved in 0s - in file: save.py - line: 68
2023-07-29 14:31:09,728 - INFO - Finished computing patch[159] in 5.88s. - in file: main.py - line: 116
2023-07-29 14:31:09,729 - INFO - ----- NEXT PATCH -----. - in file: main.py - line: 117
2023-07-29 14:31:09,730 - INFO - Started computing patch[160]. - in file: main.py - line: 114
2023-07-29 14:31:13,870 - INFO - Mesh mesh_160 saved in 1s - in file: save.py - line: 50
2023-07-29 14:31:13,915 - INFO - Array_list sensors_160 saved in 0s - in file: save.py - line: 86
2023-07-29 14:31:13,919 - INFO - Polyines outlines_160 saved in 0s - in file: save.py - line: 68
2023-07-29 14:31:13,931 - INFO - Finished computing patch[160] in 4.2s. - in file: main.py - line: 116
2023-07-29 14:31:13,932 - INFO - ----- NEXT PATCH -----. - in file: main.py - line: 117
2023-07-29 14:31:13,932 - INFO - Started computing patch[161]. - in file: main.py - line: 114
2023-07-29 14:31:14,765 - INFO - FSI_score 0.0 of sample 161 not high enough to continue generating sample. - in file: main.py - line: 94
2023-07-29 14:31:14,766 - INFO - Finished computing patch[161] in 0.83s. - in file: main.py - line: 116
2023-07-29 14:31:14,766 - INFO - ----- NEXT PATCH -----. - in file: main.py - line: 117
2023-07-29 14:31:14,767 - INFO - Started computing patch[162]. - in file: main.py - line: 114
2023-07-29 14:31:15,466 - INFO - FSI_score 0.0 of sample 162 not high enough to continue generating sample. - in file: main.py - line: 94
2023-07-29 14:31:15,467 - INFO - Finished computing patch[162] in 0.7s. - in file: main.py - line: 116
2023-07-29 14:31:15,467 - INFO - ----- NEXT PATCH -----. - in file: main.py - line: 117
2023-07-29 14:31:15,467 - INFO - Started computing patch[163]. - in file: main.py - line: 114
2023-07-29 14:31:16,164 - INFO - FSI_score 0.0 of sample 163 not high enough to continue generating sample. - in file: main.py - line: 94
2023-07-29 14:31:16,164 - INFO - Finished computing patch[163] in 0.7s. - in file: main.py - line: 116
2023-07-29 14:31:16,164 - INFO - ----- NEXT PATCH -----. - in file: main.py - line: 117
2023-07-29 14:31:16,166 - INFO - Started computing patch[164]. - in file: main.py - line: 114
2023-07-29 14:31:16,894 - INFO - FSI_score 0.0 of sample 164 not high enough to continue generating sample. - in file: main.py - line: 94
2023-07-29 14:31:16,895 - INFO - Finished computing patch[164] in 0.73s. - in file: main.py - line: 116
2023-07-29 14:31:16,895 - INFO - ----- NEXT PATCH -----. - in file: main.py - line: 117
2023-07-29 14:31:16,895 - INFO - Started computing patch[165]. - in file: main.py - line: 114
2023-07-29 14:31:17,562 - INFO - FSI_score 0.0 of sample 165 not high enough to continue generating sample. - in file: main.py - line: 94
2023-07-29 14:31:17,563 - INFO - Finished computing patch[165] in 0.67s. - in file: main.py - line: 116
2023-07-29 14:31:17,563 - INFO - ----- NEXT PATCH -----. - in file: main.py - line: 117
2023-07-29 14:31:17,563 - INFO - Started computing patch[166]. - in file: main.py - line: 114
2023-07-29 14:31:18,149 - INFO - FSI_score 0.0 of sample 166 not high enough to continue generating sample. - in file: main.py - line: 94
2023-07-29 14:31:18,149 - INFO - Finished computing patch[166] in 0.59s. - in file: main.py - line: 116
2023-07-29 14:31:18,150 - INFO - ----- NEXT PATCH -----. - in file: main.py - line: 117
2023-07-29 14:31:18,150 - INFO - Started computing patch[167]. - in file: main.py - line: 114
2023-07-29 14:31:21,839 - INFO - Mesh mesh_167 saved in 1s - in file: save.py - line: 50
2023-07-29 14:31:21,902 - INFO - Array_list sensors_167 saved in 0s - in file: save.py - line: 86
2023-07-29 14:31:21,905 - INFO - Polyines outlines_167 saved in 0s - in file: save.py - line: 68
2023-07-29 14:31:21,924 - INFO - Finished computing patch[167] in 3.77s. - in file: main.py - line: 116
2023-07-29 14:31:21,925 - INFO - ----- NEXT PATCH -----. - in file: main.py - line: 117
2023-07-29 14:31:21,925 - INFO - Started computing patch[168]. - in file: main.py - line: 114
2023-07-29 14:31:25,664 - INFO - Mesh mesh_168 saved in 1s - in file: save.py - line: 50
2023-07-29 14:31:25,708 - INFO - Array_list sensors_168 saved in 0s - in file: save.py - line: 86
2023-07-29 14:31:25,711 - INFO - Polyines outlines_168 saved in 0s - in file: save.py - line: 68
2023-07-29 14:31:25,724 - INFO - Finished computing patch[168] in 3.8s. - in file: main.py - line: 116
2023-07-29 14:31:25,725 - INFO - ----- NEXT PATCH -----. - in file: main.py - line: 117
2023-07-29 14:31:25,725 - INFO - Started computing patch[169]. - in file: main.py - line: 114
2023-07-29 14:31:29,327 - INFO - Mesh mesh_169 saved in 1s - in file: save.py - line: 50
2023-07-29 14:31:29,367 - INFO - Array_list sensors_169 saved in 0s - in file: save.py - line: 86
2023-07-29 14:31:29,370 - INFO - Polyines outlines_169 saved in 0s - in file: save.py - line: 68
2023-07-29 14:31:29,385 - INFO - Finished computing patch[169] in 3.66s. - in file: main.py - line: 116
2023-07-29 14:31:29,385 - INFO - ----- NEXT PATCH -----. - in file: main.py - line: 117
2023-07-29 14:31:29,385 - INFO - Started computing patch[170]. - in file: main.py - line: 114
2023-07-29 14:31:32,763 - INFO - Mesh mesh_170 saved in 1s - in file: save.py - line: 50
2023-07-29 14:31:32,804 - INFO - Array_list sensors_170 saved in 0s - in file: save.py - line: 86
2023-07-29 14:31:32,806 - INFO - Polyines outlines_170 saved in 0s - in file: save.py - line: 68
2023-07-29 14:31:32,820 - INFO - Finished computing patch[170] in 3.44s. - in file: main.py - line: 116
2023-07-29 14:31:32,820 - INFO - ----- NEXT PATCH -----. - in file: main.py - line: 117
2023-07-29 14:31:32,821 - INFO - Started computing patch[171]. - in file: main.py - line: 114
2023-07-29 14:31:36,281 - INFO - Mesh mesh_171 saved in 1s - in file: save.py - line: 50
2023-07-29 14:31:36,326 - INFO - Array_list sensors_171 saved in 0s - in file: save.py - line: 86
2023-07-29 14:31:36,329 - INFO - Polyines outlines_171 saved in 0s - in file: save.py - line: 68
2023-07-29 14:31:36,341 - INFO - Finished computing patch[171] in 3.52s. - in file: main.py - line: 116
2023-07-29 14:31:36,342 - INFO - ----- NEXT PATCH -----. - in file: main.py - line: 117
2023-07-29 14:31:36,342 - INFO - Started computing patch[172]. - in file: main.py - line: 114
2023-07-29 14:31:39,755 - INFO - Mesh mesh_172 saved in 1s - in file: save.py - line: 50
2023-07-29 14:31:39,794 - INFO - Array_list sensors_172 saved in 0s - in file: save.py - line: 86
2023-07-29 14:31:39,798 - INFO - Polyines outlines_172 saved in 0s - in file: save.py - line: 68
2023-07-29 14:31:39,809 - INFO - Finished computing patch[172] in 3.47s. - in file: main.py - line: 116
2023-07-29 14:31:39,809 - INFO - ----- NEXT PATCH -----. - in file: main.py - line: 117
2023-07-29 14:31:39,810 - INFO - Started computing patch[173]. - in file: main.py - line: 114
2023-07-29 14:31:40,465 - INFO - FSI_score 0.0 of sample 173 not high enough to continue generating sample. - in file: main.py - line: 94
2023-07-29 14:31:40,466 - INFO - Finished computing patch[173] in 0.66s. - in file: main.py - line: 116
2023-07-29 14:31:40,466 - INFO - ----- NEXT PATCH -----. - in file: main.py - line: 117
2023-07-29 14:31:40,467 - INFO - Started computing patch[174]. - in file: main.py - line: 114
2023-07-29 14:31:41,287 - INFO - FSI_score 0.0 of sample 174 not high enough to continue generating sample. - in file: main.py - line: 94
2023-07-29 14:31:41,287 - INFO - Finished computing patch[174] in 0.82s. - in file: main.py - line: 116
2023-07-29 14:31:41,288 - INFO - ----- NEXT PATCH -----. - in file: main.py - line: 117
2023-07-29 14:31:41,288 - INFO - Started computing patch[175]. - in file: main.py - line: 114
2023-07-29 14:31:41,981 - INFO - FSI_score 0.0 of sample 175 not high enough to continue generating sample. - in file: main.py - line: 94
2023-07-29 14:31:41,982 - INFO - Finished computing patch[175] in 0.69s. - in file: main.py - line: 116
2023-07-29 14:31:41,982 - INFO - ----- NEXT PATCH -----. - in file: main.py - line: 117
2023-07-29 14:31:41,983 - INFO - Started computing patch[176]. - in file: main.py - line: 114
2023-07-29 14:31:42,628 - INFO - FSI_score 0.0 of sample 176 not high enough to continue generating sample. - in file: main.py - line: 94
2023-07-29 14:31:42,629 - INFO - Finished computing patch[176] in 0.65s. - in file: main.py - line: 116
2023-07-29 14:31:42,629 - INFO - ----- NEXT PATCH -----. - in file: main.py - line: 117
2023-07-29 14:31:42,630 - INFO - Started computing patch[177]. - in file: main.py - line: 114
2023-07-29 14:31:43,347 - INFO - FSI_score 0.0 of sample 177 not high enough to continue generating sample. - in file: main.py - line: 94
2023-07-29 14:31:43,348 - INFO - Finished computing patch[177] in 0.72s. - in file: main.py - line: 116
2023-07-29 14:31:43,348 - INFO - ----- NEXT PATCH -----. - in file: main.py - line: 117
2023-07-29 14:31:43,349 - INFO - Started computing patch[178]. - in file: main.py - line: 114
2023-07-29 14:31:43,993 - INFO - FSI_score 0.0 of sample 178 not high enough to continue generating sample. - in file: main.py - line: 94
2023-07-29 14:31:43,994 - INFO - Finished computing patch[178] in 0.64s. - in file: main.py - line: 116
2023-07-29 14:31:43,994 - INFO - ----- NEXT PATCH -----. - in file: main.py - line: 117
2023-07-29 14:31:43,994 - INFO - Started computing patch[179]. - in file: main.py - line: 114
2023-07-29 14:31:44,604 - INFO - FSI_score 0.0 of sample 179 not high enough to continue generating sample. - in file: main.py - line: 94
2023-07-29 14:31:44,605 - INFO - Finished computing patch[179] in 0.61s. - in file: main.py - line: 116
2023-07-29 14:31:44,605 - INFO - ----- NEXT PATCH -----. - in file: main.py - line: 117
2023-07-29 14:31:44,605 - INFO - Started computing patch[180]. - in file: main.py - line: 114
2023-07-29 14:31:50,904 - INFO - Mesh mesh_180 saved in 1s - in file: save.py - line: 50
2023-07-29 14:31:50,978 - INFO - Array_list sensors_180 saved in 0s - in file: save.py - line: 86
2023-07-29 14:31:50,982 - INFO - Polyines outlines_180 saved in 0s - in file: save.py - line: 68
2023-07-29 14:31:51,000 - INFO - Finished computing patch[180] in 6.39s. - in file: main.py - line: 116
2023-07-29 14:31:51,000 - INFO - ----- NEXT PATCH -----. - in file: main.py - line: 117
2023-07-29 14:31:51,000 - INFO - Started computing patch[181]. - in file: main.py - line: 114
2023-07-29 14:31:56,386 - INFO - Mesh mesh_181 saved in 1s - in file: save.py - line: 50
2023-07-29 14:31:56,446 - INFO - Array_list sensors_181 saved in 0s - in file: save.py - line: 86
2023-07-29 14:31:56,449 - INFO - Polyines outlines_181 saved in 0s - in file: save.py - line: 68
2023-07-29 14:31:56,465 - INFO - Finished computing patch[181] in 5.46s. - in file: main.py - line: 116
2023-07-29 14:31:56,465 - INFO - ----- NEXT PATCH -----. - in file: main.py - line: 117
2023-07-29 14:31:56,466 - INFO - Started computing patch[182]. - in file: main.py - line: 114
2023-07-29 14:31:57,861 - WARNING - Point containment coincident - in file: meshing.py - line: 44
2023-07-29 14:32:01,610 - INFO - Mesh mesh_182 saved in 1s - in file: save.py - line: 50
2023-07-29 14:32:01,666 - INFO - Array_list sensors_182 saved in 0s - in file: save.py - line: 86
2023-07-29 14:32:01,671 - INFO - Polyines outlines_182 saved in 0s - in file: save.py - line: 68
2023-07-29 14:32:01,685 - INFO - Finished computing patch[182] in 5.22s. - in file: main.py - line: 116
2023-07-29 14:32:01,686 - INFO - ----- NEXT PATCH -----. - in file: main.py - line: 117
2023-07-29 14:32:01,686 - INFO - Started computing patch[183]. - in file: main.py - line: 114
2023-07-29 14:32:07,094 - INFO - Mesh mesh_183 saved in 1s - in file: save.py - line: 50
2023-07-29 14:32:07,162 - INFO - Array_list sensors_183 saved in 0s - in file: save.py - line: 86
2023-07-29 14:32:07,166 - INFO - Polyines outlines_183 saved in 0s - in file: save.py - line: 68
2023-07-29 14:32:07,181 - INFO - Finished computing patch[183] in 5.49s. - in file: main.py - line: 116
2023-07-29 14:32:07,182 - INFO - ----- NEXT PATCH -----. - in file: main.py - line: 117
2023-07-29 14:32:07,182 - INFO - Started computing patch[184]. - in file: main.py - line: 114
2023-07-29 14:32:12,674 - INFO - Mesh mesh_184 saved in 1s - in file: save.py - line: 50
2023-07-29 14:32:12,752 - INFO - Array_list sensors_184 saved in 0s - in file: save.py - line: 86
2023-07-29 14:32:12,757 - INFO - Polyines outlines_184 saved in 0s - in file: save.py - line: 68
2023-07-29 14:32:12,774 - INFO - Finished computing patch[184] in 5.59s. - in file: main.py - line: 116
2023-07-29 14:32:12,775 - INFO - ----- NEXT PATCH -----. - in file: main.py - line: 117
2023-07-29 14:32:12,775 - INFO - Started computing patch[185]. - in file: main.py - line: 114
2023-07-29 14:32:14,277 - WARNING - Point containment coincident - in file: meshing.py - line: 44
2023-07-29 14:32:18,720 - INFO - Mesh mesh_185 saved in 1s - in file: save.py - line: 50
2023-07-29 14:32:18,916 - INFO - Array_list sensors_185 saved in 0s - in file: save.py - line: 86
2023-07-29 14:32:18,925 - INFO - Polyines outlines_185 saved in 0s - in file: save.py - line: 68
2023-07-29 14:32:18,967 - INFO - Finished computing patch[185] in 6.19s. - in file: main.py - line: 116
2023-07-29 14:32:18,967 - INFO - ----- NEXT PATCH -----. - in file: main.py - line: 117
2023-07-29 14:32:18,968 - INFO - Started computing patch[186]. - in file: main.py - line: 114
2023-07-29 14:32:22,029 - WARNING - Point containment coincident - in file: meshing.py - line: 44
2023-07-29 14:32:26,370 - INFO - Mesh mesh_186 saved in 1s - in file: save.py - line: 50
2023-07-29 14:32:26,469 - INFO - Array_list sensors_186 saved in 0s - in file: save.py - line: 86
2023-07-29 14:32:26,474 - INFO - Polyines outlines_186 saved in 0s - in file: save.py - line: 68
2023-07-29 14:32:26,493 - INFO - Finished computing patch[186] in 7.52s. - in file: main.py - line: 116
2023-07-29 14:32:26,494 - INFO - ----- NEXT PATCH -----. - in file: main.py - line: 117
2023-07-29 14:32:26,494 - INFO - Started computing patch[187]. - in file: main.py - line: 114
2023-07-29 14:32:31,543 - INFO - Mesh mesh_187 saved in 1s - in file: save.py - line: 50
2023-07-29 14:32:31,617 - INFO - Array_list sensors_187 saved in 0s - in file: save.py - line: 86
2023-07-29 14:32:31,620 - INFO - Polyines outlines_187 saved in 0s - in file: save.py - line: 68
2023-07-29 14:32:31,635 - INFO - Finished computing patch[187] in 5.14s. - in file: main.py - line: 116
2023-07-29 14:32:31,635 - INFO - ----- NEXT PATCH -----. - in file: main.py - line: 117
2023-07-29 14:32:31,636 - INFO - Started computing patch[188]. - in file: main.py - line: 114
2023-07-29 14:32:36,049 - INFO - Mesh mesh_188 saved in 1s - in file: save.py - line: 50
2023-07-29 14:32:36,123 - INFO - Array_list sensors_188 saved in 0s - in file: save.py - line: 86
2023-07-29 14:32:36,126 - INFO - Polyines outlines_188 saved in 0s - in file: save.py - line: 68
2023-07-29 14:32:36,141 - INFO - Finished computing patch[188] in 4.5s. - in file: main.py - line: 116
2023-07-29 14:32:36,142 - INFO - ----- NEXT PATCH -----. - in file: main.py - line: 117
2023-07-29 14:32:36,142 - INFO - Started computing patch[189]. - in file: main.py - line: 114
