2023-07-29 16:15:31,484 - INFO - Finished loading rhinoinside... - in file: main.py - line: 11
2023-07-29 16:15:46,469 - INFO - Loaded 3D BAG dataset with 1211 roofs and 1211 walls from C://Users//Job de Vogel//OneDrive//Documenten//TU Delft//Master Thesis//Dataset_pipeline//3D_BAG_dataset//3dbag_v210908_fd2cee53_lod12_3d_5859.obj. - in file: file.py - line: 130
2023-07-29 16:15:46,541 - INFO - Started computing patch[0]. - in file: main.py - line: 119
2023-07-29 16:15:46,758 - WARNING - Mesh 713 does not have outline with height lower than tolerance 0.01 - in file: outlines.py - line: 128
2023-07-29 16:15:51,224 - WARNING - Point containment coincident - in file: meshing.py - line: 44
2023-07-29 16:16:01,843 - INFO - Started solar irradiance simulation with arguments -ab 6 -ad 25000 -as 4096 -c 1 -dc 0.75 -dp 512 -dr 3 -ds 0.05 -dt 0.15 -lr 8 -lw 4e-07 -ss 1.0 -st 0.15 - in file: run.py - line: 44
2023-07-29 16:16:58,272 - INFO - Computed 25008 solar irradiance values for model custom_name - in file: run.py - line: 47
2023-07-29 16:16:58,930 - INFO - Mesh mesh_0 saved in 1s - in file: save.py - line: 50
2023-07-29 16:16:59,110 - INFO - Array_list sensors_0 saved in 0s - in file: save.py - line: 86
2023-07-29 16:16:59,118 - INFO - Polyines outlines_0 saved in 0s - in file: save.py - line: 68
2023-07-29 16:16:59,146 - INFO - Finished computing patch[0] in 72.61s. - in file: main.py - line: 121
2023-07-29 16:16:59,147 - INFO - ----- NEXT PATCH -----. - in file: main.py - line: 122
2023-07-29 16:16:59,147 - INFO - Started computing patch[1]. - in file: main.py - line: 119
2023-07-29 16:16:59,491 - WARNING - Mesh 713 does not have outline with height lower than tolerance 0.01 - in file: outlines.py - line: 128
2023-07-29 16:17:18,205 - INFO - Started solar irradiance simulation with arguments -ab 6 -ad 25000 -as 4096 -c 1 -dc 0.75 -dp 512 -dr 3 -ds 0.05 -dt 0.15 -lr 8 -lw 4e-07 -ss 1.0 -st 0.15 - in file: run.py - line: 44
2023-07-29 16:18:13,160 - INFO - Computed 24275 solar irradiance values for model custom_name - in file: run.py - line: 47
2023-07-29 16:18:13,967 - INFO - Mesh mesh_1 saved in 1s - in file: save.py - line: 50
2023-07-29 16:18:14,198 - INFO - Array_list sensors_1 saved in 0s - in file: save.py - line: 86
2023-07-29 16:18:14,207 - INFO - Polyines outlines_1 saved in 0s - in file: save.py - line: 68
2023-07-29 16:18:14,244 - INFO - Finished computing patch[1] in 75.1s. - in file: main.py - line: 121
2023-07-29 16:18:14,244 - INFO - ----- NEXT PATCH -----. - in file: main.py - line: 122
2023-07-29 16:18:14,244 - INFO - Started computing patch[2]. - in file: main.py - line: 119
2023-07-29 16:18:14,513 - WARNING - Mesh 713 does not have outline with height lower than tolerance 0.01 - in file: outlines.py - line: 128
2023-07-29 16:18:15,184 - INFO - FSI_score 0.19171195760275328 of sample 2 not high enough to continue generating sample. - in file: main.py - line: 110
2023-07-29 16:18:15,185 - INFO - Finished computing patch[2] in 0.94s. - in file: main.py - line: 121
2023-07-29 16:18:15,185 - INFO - ----- NEXT PATCH -----. - in file: main.py - line: 122
2023-07-29 16:18:15,185 - INFO - Started computing patch[3]. - in file: main.py - line: 119
2023-07-29 16:18:15,423 - WARNING - Mesh 713 does not have outline with height lower than tolerance 0.01 - in file: outlines.py - line: 128
2023-07-29 16:18:15,970 - INFO - FSI_score 0.14307607371779021 of sample 3 not high enough to continue generating sample. - in file: main.py - line: 110
2023-07-29 16:18:15,971 - INFO - Finished computing patch[3] in 0.79s. - in file: main.py - line: 121
2023-07-29 16:18:15,972 - INFO - ----- NEXT PATCH -----. - in file: main.py - line: 122
2023-07-29 16:18:15,972 - INFO - Started computing patch[4]. - in file: main.py - line: 119
2023-07-29 16:18:16,168 - WARNING - Mesh 713 does not have outline with height lower than tolerance 0.01 - in file: outlines.py - line: 128
2023-07-29 16:18:16,622 - INFO - FSI_score 0.11300492020406082 of sample 4 not high enough to continue generating sample. - in file: main.py - line: 110
2023-07-29 16:18:16,623 - INFO - Finished computing patch[4] in 0.65s. - in file: main.py - line: 121
2023-07-29 16:18:16,623 - INFO - ----- NEXT PATCH -----. - in file: main.py - line: 122
2023-07-29 16:18:16,624 - INFO - Started computing patch[5]. - in file: main.py - line: 119
2023-07-29 16:18:16,793 - WARNING - Mesh 713 does not have outline with height lower than tolerance 0.01 - in file: outlines.py - line: 128
2023-07-29 16:18:17,244 - INFO - FSI_score 0.12480174732405579 of sample 5 not high enough to continue generating sample. - in file: main.py - line: 110
2023-07-29 16:18:17,245 - INFO - Finished computing patch[5] in 0.62s. - in file: main.py - line: 121
2023-07-29 16:18:17,245 - INFO - ----- NEXT PATCH -----. - in file: main.py - line: 122
2023-07-29 16:18:17,247 - INFO - Started computing patch[6]. - in file: main.py - line: 119
2023-07-29 16:18:17,473 - WARNING - Mesh 713 does not have outline with height lower than tolerance 0.01 - in file: outlines.py - line: 128
2023-07-29 16:18:17,976 - INFO - FSI_score 0.15592577478361067 of sample 6 not high enough to continue generating sample. - in file: main.py - line: 110
2023-07-29 16:18:17,977 - INFO - Finished computing patch[6] in 0.73s. - in file: main.py - line: 121
2023-07-29 16:18:17,977 - INFO - ----- NEXT PATCH -----. - in file: main.py - line: 122
2023-07-29 16:18:17,977 - INFO - Started computing patch[7]. - in file: main.py - line: 119
2023-07-29 16:18:18,147 - WARNING - Mesh 713 does not have outline with height lower than tolerance 0.01 - in file: outlines.py - line: 128
2023-07-29 16:18:18,576 - INFO - FSI_score 0.17484121236208988 of sample 7 not high enough to continue generating sample. - in file: main.py - line: 110
2023-07-29 16:18:18,577 - INFO - Finished computing patch[7] in 0.6s. - in file: main.py - line: 121
2023-07-29 16:18:18,578 - INFO - ----- NEXT PATCH -----. - in file: main.py - line: 122
2023-07-29 16:18:18,578 - INFO - Started computing patch[8]. - in file: main.py - line: 119
2023-07-29 16:18:18,749 - WARNING - Mesh 713 does not have outline with height lower than tolerance 0.01 - in file: outlines.py - line: 128
2023-07-29 16:18:19,204 - INFO - FSI_score 0.19010666617966135 of sample 8 not high enough to continue generating sample. - in file: main.py - line: 110
2023-07-29 16:18:19,206 - INFO - Finished computing patch[8] in 0.63s. - in file: main.py - line: 121
2023-07-29 16:18:19,206 - INFO - ----- NEXT PATCH -----. - in file: main.py - line: 122
2023-07-29 16:18:19,206 - INFO - Started computing patch[9]. - in file: main.py - line: 119
2023-07-29 16:18:19,366 - WARNING - Mesh 713 does not have outline with height lower than tolerance 0.01 - in file: outlines.py - line: 128
2023-07-29 16:18:23,905 - WARNING - Point containment coincident - in file: meshing.py - line: 44
2023-07-29 16:18:23,906 - WARNING - Point containment coincident - in file: meshing.py - line: 44
2023-07-29 16:18:34,058 - INFO - Started solar irradiance simulation with arguments -ab 6 -ad 25000 -as 4096 -c 1 -dc 0.75 -dp 512 -dr 3 -ds 0.05 -dt 0.15 -lr 8 -lw 4e-07 -ss 1.0 -st 0.15 - in file: run.py - line: 44
