2023-07-29 16:39:14,398 - INFO - Finished loading rhinoinside... - in file: main.py - line: 11
2023-07-29 16:39:27,792 - INFO - Loaded 3D BAG dataset with 1211 roofs and 1211 walls from C://Users//Job de Vogel//OneDrive//Documenten//TU Delft//Master Thesis//Dataset_pipeline//3D_BAG_dataset//3dbag_v210908_fd2cee53_lod12_3d_5859.obj. - in file: file.py - line: 130
2023-07-29 16:39:27,869 - INFO - Started computing patch[1]. - in file: main.py - line: 119
2023-07-29 16:39:28,085 - WARNING - Mesh 713 does not have outline with height lower than tolerance 0.01 - in file: outlines.py - line: 128
2023-07-29 16:39:43,233 - INFO - Started solar irradiance simulation with arguments -ab 6 -ad 25000 -as 4096 -c 1 -dc 0.75 -dp 512 -dr 3 -ds 0.05 -dt 0.15 -lr 8 -lw 4e-07 -ss 1.0 -st 0.15 - in file: run.py - line: 44
2023-07-29 16:40:34,960 - INFO - Computed 24275 solar irradiance values for model custom_name - in file: run.py - line: 47
2023-07-29 16:40:35,794 - INFO - Mesh mesh_1 saved in 1s - in file: save.py - line: 50
2023-07-29 16:40:35,979 - INFO - Array_list sensors_1 saved in 0s - in file: save.py - line: 86
2023-07-29 16:40:35,987 - INFO - Polyines outlines_1 saved in 0s - in file: save.py - line: 68
2023-07-29 16:40:36,014 - INFO - Finished computing patch[1] in 68.14s. - in file: main.py - line: 121
2023-07-29 16:40:36,014 - INFO - ----- NEXT PATCH -----. - in file: main.py - line: 122
2023-07-29 16:40:36,015 - INFO - Started computing patch[2]. - in file: main.py - line: 119
2023-07-29 16:40:36,185 - WARNING - Mesh 713 does not have outline with height lower than tolerance 0.01 - in file: outlines.py - line: 128
2023-07-29 16:40:36,656 - INFO - FSI_score 0.19171195760275328 of sample 2 not high enough to continue generating sample. - in file: main.py - line: 110
2023-07-29 16:40:36,658 - INFO - Finished computing patch[2] in 0.64s. - in file: main.py - line: 121
2023-07-29 16:40:36,658 - INFO - ----- NEXT PATCH -----. - in file: main.py - line: 122
2023-07-29 16:40:36,658 - INFO - Started computing patch[3]. - in file: main.py - line: 119
2023-07-29 16:40:36,801 - WARNING - Mesh 713 does not have outline with height lower than tolerance 0.01 - in file: outlines.py - line: 128
2023-07-29 16:40:37,248 - INFO - FSI_score 0.14307607371779021 of sample 3 not high enough to continue generating sample. - in file: main.py - line: 110
2023-07-29 16:40:37,250 - INFO - Finished computing patch[3] in 0.59s. - in file: main.py - line: 121
2023-07-29 16:40:37,250 - INFO - ----- NEXT PATCH -----. - in file: main.py - line: 122
2023-07-29 16:40:37,250 - INFO - Started computing patch[4]. - in file: main.py - line: 119
2023-07-29 16:40:37,403 - WARNING - Mesh 713 does not have outline with height lower than tolerance 0.01 - in file: outlines.py - line: 128
2023-07-29 16:40:37,906 - INFO - FSI_score 0.11300492020406082 of sample 4 not high enough to continue generating sample. - in file: main.py - line: 110
2023-07-29 16:40:37,907 - INFO - Finished computing patch[4] in 0.66s. - in file: main.py - line: 121
2023-07-29 16:40:37,908 - INFO - ----- NEXT PATCH -----. - in file: main.py - line: 122
2023-07-29 16:40:37,908 - INFO - Started computing patch[5]. - in file: main.py - line: 119
2023-07-29 16:40:38,108 - WARNING - Mesh 713 does not have outline with height lower than tolerance 0.01 - in file: outlines.py - line: 128
2023-07-29 16:40:38,599 - INFO - FSI_score 0.12480174732405579 of sample 5 not high enough to continue generating sample. - in file: main.py - line: 110
2023-07-29 16:40:38,600 - INFO - Finished computing patch[5] in 0.69s. - in file: main.py - line: 121
2023-07-29 16:40:38,600 - INFO - ----- NEXT PATCH -----. - in file: main.py - line: 122
2023-07-29 16:40:38,600 - INFO - Started computing patch[6]. - in file: main.py - line: 119
2023-07-29 16:40:38,745 - WARNING - Mesh 713 does not have outline with height lower than tolerance 0.01 - in file: outlines.py - line: 128
2023-07-29 16:40:39,195 - INFO - FSI_score 0.15592577478361067 of sample 6 not high enough to continue generating sample. - in file: main.py - line: 110
2023-07-29 16:40:39,196 - INFO - Finished computing patch[6] in 0.6s. - in file: main.py - line: 121
2023-07-29 16:40:39,197 - INFO - ----- NEXT PATCH -----. - in file: main.py - line: 122
2023-07-29 16:40:39,197 - INFO - Started computing patch[7]. - in file: main.py - line: 119
2023-07-29 16:40:39,371 - WARNING - Mesh 713 does not have outline with height lower than tolerance 0.01 - in file: outlines.py - line: 128
2023-07-29 16:40:39,933 - INFO - FSI_score 0.17484121236208988 of sample 7 not high enough to continue generating sample. - in file: main.py - line: 110
2023-07-29 16:40:39,935 - INFO - Finished computing patch[7] in 0.74s. - in file: main.py - line: 121
2023-07-29 16:40:39,935 - INFO - ----- NEXT PATCH -----. - in file: main.py - line: 122
2023-07-29 16:40:39,936 - INFO - Started computing patch[8]. - in file: main.py - line: 119
2023-07-29 16:40:40,136 - WARNING - Mesh 713 does not have outline with height lower than tolerance 0.01 - in file: outlines.py - line: 128
2023-07-29 16:40:40,802 - INFO - FSI_score 0.19010666617966135 of sample 8 not high enough to continue generating sample. - in file: main.py - line: 110
2023-07-29 16:40:40,804 - INFO - Finished computing patch[8] in 0.87s. - in file: main.py - line: 121
2023-07-29 16:40:40,804 - INFO - ----- NEXT PATCH -----. - in file: main.py - line: 122
2023-07-29 16:40:40,804 - INFO - Started computing patch[9]. - in file: main.py - line: 119
2023-07-29 16:40:40,977 - WARNING - Mesh 713 does not have outline with height lower than tolerance 0.01 - in file: outlines.py - line: 128
2023-07-29 16:40:45,210 - WARNING - Point containment coincident - in file: meshing.py - line: 44
2023-07-29 16:40:45,211 - WARNING - Point containment coincident - in file: meshing.py - line: 44
2023-07-29 16:40:55,404 - INFO - Started solar irradiance simulation with arguments -ab 6 -ad 25000 -as 4096 -c 1 -dc 0.75 -dp 512 -dr 3 -ds 0.05 -dt 0.15 -lr 8 -lw 4e-07 -ss 1.0 -st 0.15 - in file: run.py - line: 44
2023-07-29 16:41:43,490 - INFO - Computed 22092 solar irradiance values for model custom_name - in file: run.py - line: 47
2023-07-29 16:41:44,250 - INFO - Mesh mesh_9 saved in 1s - in file: save.py - line: 50
2023-07-29 16:41:44,404 - INFO - Array_list sensors_9 saved in 0s - in file: save.py - line: 86
2023-07-29 16:41:44,410 - INFO - Polyines outlines_9 saved in 0s - in file: save.py - line: 68
2023-07-29 16:41:44,435 - INFO - Finished computing patch[9] in 63.63s. - in file: main.py - line: 121
2023-07-29 16:41:44,435 - INFO - ----- NEXT PATCH -----. - in file: main.py - line: 122
2023-07-29 16:41:44,436 - INFO - Started computing patch[10]. - in file: main.py - line: 119
2023-07-29 16:41:44,600 - WARNING - Mesh 713 does not have outline with height lower than tolerance 0.01 - in file: outlines.py - line: 128
2023-07-29 16:42:00,253 - INFO - Started solar irradiance simulation with arguments -ab 6 -ad 25000 -as 4096 -c 1 -dc 0.75 -dp 512 -dr 3 -ds 0.05 -dt 0.15 -lr 8 -lw 4e-07 -ss 1.0 -st 0.15 - in file: run.py - line: 44
