2023-07-29 15:42:16,485 - INFO - Finished loading rhinoinside... - in file: main.py - line: 11
2023-07-29 15:42:29,970 - INFO - Loaded 3D BAG dataset with 1211 roofs and 1211 walls from C://Users//Job de Vogel//OneDrive//Documenten//TU Delft//Master Thesis//Dataset_pipeline//3D_BAG_dataset//3dbag_v210908_fd2cee53_lod12_3d_5859.obj. - in file: file.py - line: 130
2023-07-29 15:42:30,045 - INFO - Started computing patch[0]. - in file: main.py - line: 117
2023-07-29 15:42:30,235 - WARNING - Mesh 713 does not have outline with height lower than tolerance 0.01 - in file: outlines.py - line: 128
2023-07-29 15:42:34,831 - WARNING - Point containment coincident - in file: meshing.py - line: 44
2023-07-29 15:42:44,339 - INFO - Mesh mesh_0 saved in 0s - in file: save.py - line: 50
2023-07-29 15:42:44,563 - INFO - Array_list sensors_0 saved in 0s - in file: save.py - line: 86
2023-07-29 15:42:44,575 - INFO - Polyines outlines_0 saved in 0s - in file: save.py - line: 68
2023-07-29 15:42:44,620 - INFO - Finished computing patch[0] in 14.58s. - in file: main.py - line: 119
2023-07-29 15:42:44,621 - INFO - ----- NEXT PATCH -----. - in file: main.py - line: 120
2023-07-29 15:42:44,621 - INFO - Started computing patch[1]. - in file: main.py - line: 117
2023-07-29 15:42:44,875 - WARNING - Mesh 713 does not have outline with height lower than tolerance 0.01 - in file: outlines.py - line: 128
2023-07-29 15:42:59,944 - INFO - Mesh mesh_1 saved in 0s - in file: save.py - line: 50
2023-07-29 15:43:00,290 - INFO - Array_list sensors_1 saved in 0s - in file: save.py - line: 86
2023-07-29 15:43:00,302 - INFO - Polyines outlines_1 saved in 0s - in file: save.py - line: 68
2023-07-29 15:43:00,350 - INFO - Finished computing patch[1] in 15.73s. - in file: main.py - line: 119
2023-07-29 15:43:00,350 - INFO - ----- NEXT PATCH -----. - in file: main.py - line: 120
2023-07-29 15:43:00,352 - INFO - Started computing patch[2]. - in file: main.py - line: 117
2023-07-29 15:43:00,566 - WARNING - Mesh 713 does not have outline with height lower than tolerance 0.01 - in file: outlines.py - line: 128
2023-07-29 15:43:03,015 - WARNING - Point containment coincident - in file: meshing.py - line: 44
