2023-07-29 15:38:03,129 - INFO - Finished loading rhinoinside... - in file: main.py - line: 11
2023-07-29 15:38:17,554 - INFO - Loaded 3D BAG dataset with 1211 roofs and 1211 walls from C://Users//Job de Vogel//OneDrive//Documenten//TU Delft//Master Thesis//Dataset_pipeline//3D_BAG_dataset//3dbag_v210908_fd2cee53_lod12_3d_5859.obj. - in file: file.py - line: 130
2023-07-29 15:38:17,637 - INFO - Started computing patch[0]. - in file: main.py - line: 116
2023-07-29 15:38:17,866 - WARNING - Mesh 713 does not have outline with height lower than tolerance 0.01 - in file: outlines.py - line: 128
2023-07-29 15:38:22,829 - WARNING - Point containment coincident - in file: meshing.py - line: 44
2023-07-29 15:38:34,793 - INFO - Mesh mesh_0 saved in 0s - in file: save.py - line: 50
2023-07-29 15:38:35,068 - INFO - Array_list sensors_0 saved in 0s - in file: save.py - line: 86
2023-07-29 15:38:35,080 - INFO - Polyines outlines_0 saved in 0s - in file: save.py - line: 68
2023-07-29 15:38:35,128 - INFO - Finished computing patch[0] in 17.49s. - in file: main.py - line: 118
2023-07-29 15:38:35,128 - INFO - ----- NEXT PATCH -----. - in file: main.py - line: 119
2023-07-29 15:38:35,129 - INFO - Started computing patch[1]. - in file: main.py - line: 116
2023-07-29 15:38:35,565 - WARNING - Mesh 713 does not have outline with height lower than tolerance 0.01 - in file: outlines.py - line: 128
2023-07-29 15:38:55,516 - INFO - Mesh mesh_1 saved in 0s - in file: save.py - line: 50
2023-07-29 15:38:55,719 - INFO - Array_list sensors_1 saved in 0s - in file: save.py - line: 86
2023-07-29 15:38:55,730 - INFO - Polyines outlines_1 saved in 0s - in file: save.py - line: 68
2023-07-29 15:38:55,760 - INFO - Finished computing patch[1] in 20.63s. - in file: main.py - line: 118
2023-07-29 15:38:55,760 - INFO - ----- NEXT PATCH -----. - in file: main.py - line: 119
2023-07-29 15:38:55,762 - INFO - Started computing patch[2]. - in file: main.py - line: 116
2023-07-29 15:38:55,980 - WARNING - Mesh 713 does not have outline with height lower than tolerance 0.01 - in file: outlines.py - line: 128
2023-07-29 15:38:59,334 - WARNING - Point containment coincident - in file: meshing.py - line: 44
2023-07-29 15:39:11,094 - INFO - Mesh mesh_2 saved in 0s - in file: save.py - line: 50
2023-07-29 15:39:11,366 - INFO - Array_list sensors_2 saved in 0s - in file: save.py - line: 86
2023-07-29 15:39:11,376 - INFO - Polyines outlines_2 saved in 0s - in file: save.py - line: 68
2023-07-29 15:39:11,404 - INFO - Finished computing patch[2] in 15.64s. - in file: main.py - line: 118
2023-07-29 15:39:11,405 - INFO - ----- NEXT PATCH -----. - in file: main.py - line: 119
2023-07-29 15:39:11,406 - INFO - Started computing patch[3]. - in file: main.py - line: 116
2023-07-29 15:39:11,609 - WARNING - Mesh 713 does not have outline with height lower than tolerance 0.01 - in file: outlines.py - line: 128
2023-07-29 15:39:22,846 - INFO - Mesh mesh_3 saved in 0s - in file: save.py - line: 50
2023-07-29 15:39:23,032 - INFO - Array_list sensors_3 saved in 0s - in file: save.py - line: 86
2023-07-29 15:39:23,040 - INFO - Polyines outlines_3 saved in 0s - in file: save.py - line: 68
2023-07-29 15:39:23,069 - INFO - Finished computing patch[3] in 11.66s. - in file: main.py - line: 118
2023-07-29 15:39:23,070 - INFO - ----- NEXT PATCH -----. - in file: main.py - line: 119
2023-07-29 15:39:23,070 - INFO - Started computing patch[4]. - in file: main.py - line: 116
2023-07-29 15:39:23,328 - WARNING - Mesh 713 does not have outline with height lower than tolerance 0.01 - in file: outlines.py - line: 128
2023-07-29 15:39:31,943 - INFO - Mesh mesh_4 saved in 0s - in file: save.py - line: 50
2023-07-29 15:39:32,096 - INFO - Array_list sensors_4 saved in 0s - in file: save.py - line: 86
2023-07-29 15:39:32,103 - INFO - Polyines outlines_4 saved in 0s - in file: save.py - line: 68
2023-07-29 15:39:32,128 - INFO - Finished computing patch[4] in 9.06s. - in file: main.py - line: 118
2023-07-29 15:39:32,128 - INFO - ----- NEXT PATCH -----. - in file: main.py - line: 119
2023-07-29 15:39:32,129 - INFO - Started computing patch[5]. - in file: main.py - line: 116
2023-07-29 15:39:32,379 - WARNING - Mesh 713 does not have outline with height lower than tolerance 0.01 - in file: outlines.py - line: 128
2023-07-29 15:39:40,594 - INFO - Mesh mesh_5 saved in 0s - in file: save.py - line: 50
2023-07-29 15:39:40,744 - INFO - Array_list sensors_5 saved in 0s - in file: save.py - line: 86
2023-07-29 15:39:40,750 - INFO - Polyines outlines_5 saved in 0s - in file: save.py - line: 68
2023-07-29 15:39:40,775 - INFO - Finished computing patch[5] in 8.65s. - in file: main.py - line: 118
2023-07-29 15:39:40,775 - INFO - ----- NEXT PATCH -----. - in file: main.py - line: 119
2023-07-29 15:39:40,776 - INFO - Started computing patch[6]. - in file: main.py - line: 116
2023-07-29 15:39:41,035 - WARNING - Mesh 713 does not have outline with height lower than tolerance 0.01 - in file: outlines.py - line: 128
2023-07-29 15:39:48,685 - INFO - Mesh mesh_6 saved in 0s - in file: save.py - line: 50
2023-07-29 15:39:48,855 - INFO - Array_list sensors_6 saved in 0s - in file: save.py - line: 86
2023-07-29 15:39:48,862 - INFO - Polyines outlines_6 saved in 0s - in file: save.py - line: 68
2023-07-29 15:39:48,898 - INFO - Finished computing patch[6] in 8.12s. - in file: main.py - line: 118
2023-07-29 15:39:48,898 - INFO - ----- NEXT PATCH -----. - in file: main.py - line: 119
2023-07-29 15:39:48,899 - INFO - Started computing patch[7]. - in file: main.py - line: 116
2023-07-29 15:39:49,159 - WARNING - Mesh 713 does not have outline with height lower than tolerance 0.01 - in file: outlines.py - line: 128
