2023-07-29 21:52:57 - INFO - Finished loading rhinoinside... - in file: main.py - line: 11
2023-07-29 21:53:01 - WARNING - Deleted all files in ['./data/geometry', './data/outlines', './data/irradiance'] - in file: main.py - line: 56
2023-07-29 21:53:15 - INFO - Loaded 3D BAG dataset with 1211 roofs and 1211 walls from C://Users//Job de Vogel//OneDrive//Documenten//TU Delft//Master Thesis//Dataset_pipeline//3D_BAG_dataset//3dbag_v210908_fd2cee53_lod12_3d_5859.obj. - in file: file.py - line: 130
2023-07-29 21:53:15 - INFO - Started computing patch[10]. - in file: main.py - line: 132
2023-07-29 21:53:15 - WARNING - Mesh 713 does not have outline with height lower than tolerance 0.01 - in file: outlines.py - line: 128
2023-07-29 21:53:16 - INFO - Started computing mesh for mesh[10] with FSI value of 0.21 - in file: main.py - line: 79
2023-07-29 21:53:16 - INFO - Generating walls for mesh patch[10] - in file: main.py - line: 81
2023-07-29 21:53:17 - INFO - Generating ground and roofs for mesh patch[10] - in file: main.py - line: 83
2023-07-29 21:53:22 - INFO - Computing sensors for mesh patch[10] - in file: main.py - line: 86
2023-07-29 21:53:32 - INFO - Started solar irradiance simulation with arguments -ab 6 -ad 25000 -as 4096 -c 1 -dc 0.75 -dp 512 -dr 3 -ds 0.05 -dt 0.15 -lr 8 -lw 4e-07 -ss 1.0 -st 0.15 - in file: run.py - line: 44
2023-07-29 21:54:28 - INFO - Computed 22537 solar irradiance values for model custom_name - in file: run.py - line: 47
2023-07-29 21:54:29 - INFO - Mesh mesh_10 saved in 1s - in file: save.py - line: 50
2023-07-29 21:54:29 - INFO - Array_list sensors_10 saved in 0s - in file: save.py - line: 86
2023-07-29 21:54:29 - INFO - Polyines outlines_10 saved in 0s - in file: save.py - line: 68
2023-07-29 21:54:29 - INFO - Finished computing patch[10] in 74.15s. - in file: main.py - line: 134
2023-07-29 21:54:29 - INFO - Started computing patch[11]. - in file: main.py - line: 132
2023-07-29 21:54:29 - WARNING - Mesh 713 does not have outline with height lower than tolerance 0.01 - in file: outlines.py - line: 128
2023-07-29 21:54:30 - INFO - FSI_score 0.19 of sample 11 not high enough to continue generating sample. - in file: main.py - line: 123
2023-07-29 21:54:30 - INFO - Finished computing patch[11] in 1.02s. - in file: main.py - line: 134
2023-07-29 21:54:30 - INFO - Started computing patch[12]. - in file: main.py - line: 132
2023-07-29 21:54:30 - WARNING - Mesh 713 does not have outline with height lower than tolerance 0.01 - in file: outlines.py - line: 128
2023-07-29 21:54:31 - INFO - FSI_score 0.14 of sample 12 not high enough to continue generating sample. - in file: main.py - line: 123
2023-07-29 21:54:31 - INFO - Finished computing patch[12] in 1.37s. - in file: main.py - line: 134
2023-07-29 21:54:31 - INFO - Started computing patch[13]. - in file: main.py - line: 132
2023-07-29 21:54:32 - WARNING - Mesh 713 does not have outline with height lower than tolerance 0.01 - in file: outlines.py - line: 128
2023-07-29 21:54:32 - INFO - FSI_score 0.12 of sample 13 not high enough to continue generating sample. - in file: main.py - line: 123
2023-07-29 21:54:32 - INFO - Finished computing patch[13] in 1.2s. - in file: main.py - line: 134
2023-07-29 21:54:32 - INFO - Started computing patch[14]. - in file: main.py - line: 132
2023-07-29 21:54:33 - WARNING - Mesh 713 does not have outline with height lower than tolerance 0.01 - in file: outlines.py - line: 128
2023-07-29 21:54:33 - INFO - FSI_score 0.07 of sample 14 not high enough to continue generating sample. - in file: main.py - line: 123
2023-07-29 21:54:33 - INFO - Finished computing patch[14] in 0.95s. - in file: main.py - line: 134
2023-07-29 21:54:33 - INFO - Started computing patch[15]. - in file: main.py - line: 132
2023-07-29 21:54:34 - WARNING - Mesh 713 does not have outline with height lower than tolerance 0.01 - in file: outlines.py - line: 128
2023-07-29 21:54:34 - INFO - FSI_score 0.03 of sample 15 not high enough to continue generating sample. - in file: main.py - line: 123
2023-07-29 21:54:34 - INFO - Finished computing patch[15] in 0.65s. - in file: main.py - line: 134
2023-07-29 21:54:34 - INFO - Started computing patch[16]. - in file: main.py - line: 132
2023-07-29 21:54:34 - WARNING - Mesh 713 does not have outline with height lower than tolerance 0.01 - in file: outlines.py - line: 128
2023-07-29 21:54:35 - INFO - FSI_score 0.04 of sample 16 not high enough to continue generating sample. - in file: main.py - line: 123
2023-07-29 21:54:35 - INFO - Finished computing patch[16] in 0.83s. - in file: main.py - line: 134
2023-07-29 21:54:35 - INFO - Started computing patch[17]. - in file: main.py - line: 132
2023-07-29 21:54:35 - WARNING - Mesh 713 does not have outline with height lower than tolerance 0.01 - in file: outlines.py - line: 128
2023-07-29 21:54:36 - INFO - FSI_score 0.15 of sample 17 not high enough to continue generating sample. - in file: main.py - line: 123
2023-07-29 21:54:36 - INFO - Finished computing patch[17] in 0.76s. - in file: main.py - line: 134
2023-07-29 21:54:36 - INFO - Started computing patch[18]. - in file: main.py - line: 132
2023-07-29 21:54:36 - WARNING - Mesh 713 does not have outline with height lower than tolerance 0.01 - in file: outlines.py - line: 128
2023-07-29 21:54:36 - INFO - Started computing mesh for mesh[18] with FSI value of 0.22 - in file: main.py - line: 79
2023-07-29 21:54:36 - INFO - Generating walls for mesh patch[18] - in file: main.py - line: 81
2023-07-29 21:54:37 - INFO - Generating ground and roofs for mesh patch[18] - in file: main.py - line: 83
2023-07-29 21:54:41 - INFO - Computing sensors for mesh patch[18] - in file: main.py - line: 86
2023-07-29 21:54:49 - INFO - Started solar irradiance simulation with arguments -ab 6 -ad 25000 -as 4096 -c 1 -dc 0.75 -dp 512 -dr 3 -ds 0.05 -dt 0.15 -lr 8 -lw 4e-07 -ss 1.0 -st 0.15 - in file: run.py - line: 44
2023-07-29 21:55:31 - INFO - Computed 19064 solar irradiance values for model custom_name - in file: run.py - line: 47
2023-07-29 21:55:32 - INFO - Mesh mesh_18 saved in 1s - in file: save.py - line: 50
2023-07-29 21:55:32 - INFO - Array_list sensors_18 saved in 0s - in file: save.py - line: 86
2023-07-29 21:55:32 - INFO - Polyines outlines_18 saved in 0s - in file: save.py - line: 68
2023-07-29 21:55:32 - INFO - Finished computing patch[18] in 56.62s. - in file: main.py - line: 134
2023-07-29 21:55:32 - INFO - Started computing patch[19]. - in file: main.py - line: 132
2023-07-29 21:55:33 - WARNING - Mesh 713 does not have outline with height lower than tolerance 0.01 - in file: outlines.py - line: 128
2023-07-29 21:55:33 - INFO - Started computing mesh for mesh[19] with FSI value of 0.25 - in file: main.py - line: 79
2023-07-29 21:55:33 - INFO - Generating walls for mesh patch[19] - in file: main.py - line: 81
2023-07-29 21:55:35 - INFO - Generating ground and roofs for mesh patch[19] - in file: main.py - line: 83
2023-07-29 21:55:39 - INFO - Computing sensors for mesh patch[19] - in file: main.py - line: 86
2023-07-29 21:55:48 - INFO - Started solar irradiance simulation with arguments -ab 6 -ad 25000 -as 4096 -c 1 -dc 0.75 -dp 512 -dr 3 -ds 0.05 -dt 0.15 -lr 8 -lw 4e-07 -ss 1.0 -st 0.15 - in file: run.py - line: 44
2023-07-29 21:56:40 - INFO - Computed 21350 solar irradiance values for model custom_name - in file: run.py - line: 47
2023-07-29 21:56:41 - INFO - Mesh mesh_19 saved in 1s - in file: save.py - line: 50
2023-07-29 21:56:42 - INFO - Array_list sensors_19 saved in 0s - in file: save.py - line: 86
2023-07-29 21:56:42 - INFO - Polyines outlines_19 saved in 0s - in file: save.py - line: 68
2023-07-29 21:56:42 - INFO - Finished computing patch[19] in 69.28s. - in file: main.py - line: 134
2023-07-29 21:56:42 - INFO - Started computing patch[20]. - in file: main.py - line: 132
2023-07-29 21:56:42 - WARNING - Mesh 713 does not have outline with height lower than tolerance 0.01 - in file: outlines.py - line: 128
2023-07-29 21:56:43 - INFO - Started computing mesh for mesh[20] with FSI value of 0.27 - in file: main.py - line: 79
2023-07-29 21:56:43 - INFO - Generating walls for mesh patch[20] - in file: main.py - line: 81
2023-07-29 21:56:45 - INFO - Generating ground and roofs for mesh patch[20] - in file: main.py - line: 83
2023-07-29 21:56:50 - INFO - Computing sensors for mesh patch[20] - in file: main.py - line: 86
2023-07-29 21:56:59 - INFO - Started solar irradiance simulation with arguments -ab 6 -ad 25000 -as 4096 -c 1 -dc 0.75 -dp 512 -dr 3 -ds 0.05 -dt 0.15 -lr 8 -lw 4e-07 -ss 1.0 -st 0.15 - in file: run.py - line: 44
2023-07-29 21:57:52 - INFO - Computed 22816 solar irradiance values for model custom_name - in file: run.py - line: 47
2023-07-29 21:57:53 - INFO - Mesh mesh_20 saved in 1s - in file: save.py - line: 50
2023-07-29 21:57:53 - INFO - Array_list sensors_20 saved in 0s - in file: save.py - line: 86
2023-07-29 21:57:53 - INFO - Polyines outlines_20 saved in 0s - in file: save.py - line: 68
2023-07-29 21:57:53 - INFO - Finished computing patch[20] in 71.84s. - in file: main.py - line: 134
2023-07-29 21:57:53 - INFO - Started computing patch[21]. - in file: main.py - line: 132
2023-07-29 21:57:54 - WARNING - Mesh 713 does not have outline with height lower than tolerance 0.01 - in file: outlines.py - line: 128
2023-07-29 21:57:54 - INFO - Started computing mesh for mesh[21] with FSI value of 0.26 - in file: main.py - line: 79
2023-07-29 21:57:54 - INFO - Generating walls for mesh patch[21] - in file: main.py - line: 81
2023-07-29 21:57:56 - INFO - Generating ground and roofs for mesh patch[21] - in file: main.py - line: 83
2023-07-29 21:58:01 - INFO - Computing sensors for mesh patch[21] - in file: main.py - line: 86
2023-07-29 21:58:10 - INFO - Started solar irradiance simulation with arguments -ab 6 -ad 25000 -as 4096 -c 1 -dc 0.75 -dp 512 -dr 3 -ds 0.05 -dt 0.15 -lr 8 -lw 4e-07 -ss 1.0 -st 0.15 - in file: run.py - line: 44
2023-07-29 21:59:00 - INFO - Computed 21958 solar irradiance values for model custom_name - in file: run.py - line: 47
2023-07-29 21:59:01 - INFO - Mesh mesh_21 saved in 1s - in file: save.py - line: 50
2023-07-29 21:59:01 - INFO - Array_list sensors_21 saved in 0s - in file: save.py - line: 86
2023-07-29 21:59:01 - INFO - Polyines outlines_21 saved in 0s - in file: save.py - line: 68
2023-07-29 21:59:01 - INFO - Finished computing patch[21] in 67.95s. - in file: main.py - line: 134
2023-07-29 21:59:01 - INFO - Started computing patch[22]. - in file: main.py - line: 132
2023-07-29 21:59:02 - WARNING - Mesh 713 does not have outline with height lower than tolerance 0.01 - in file: outlines.py - line: 128
2023-07-29 21:59:02 - INFO - FSI_score 0.17 of sample 22 not high enough to continue generating sample. - in file: main.py - line: 123
2023-07-29 21:59:02 - INFO - Finished computing patch[22] in 1.05s. - in file: main.py - line: 134
2023-07-29 21:59:02 - INFO - Started computing patch[23]. - in file: main.py - line: 132
2023-07-29 21:59:03 - WARNING - Mesh 713 does not have outline with height lower than tolerance 0.01 - in file: outlines.py - line: 128
2023-07-29 21:59:03 - INFO - FSI_score 0.13 of sample 23 not high enough to continue generating sample. - in file: main.py - line: 123
2023-07-29 21:59:03 - INFO - Finished computing patch[23] in 0.9s. - in file: main.py - line: 134
2023-07-29 21:59:03 - INFO - Started computing patch[24]. - in file: main.py - line: 132
2023-07-29 21:59:04 - WARNING - Mesh 713 does not have outline with height lower than tolerance 0.01 - in file: outlines.py - line: 128
2023-07-29 21:59:04 - INFO - FSI_score 0.11 of sample 24 not high enough to continue generating sample. - in file: main.py - line: 123
2023-07-29 21:59:04 - INFO - Finished computing patch[24] in 0.89s. - in file: main.py - line: 134
2023-07-29 21:59:04 - INFO - Started computing patch[25]. - in file: main.py - line: 132
2023-07-29 21:59:05 - WARNING - Mesh 713 does not have outline with height lower than tolerance 0.01 - in file: outlines.py - line: 128
2023-07-29 21:59:05 - INFO - FSI_score 0.09 of sample 25 not high enough to continue generating sample. - in file: main.py - line: 123
2023-07-29 21:59:05 - INFO - Finished computing patch[25] in 0.95s. - in file: main.py - line: 134
2023-07-29 21:59:05 - INFO - Started computing patch[26]. - in file: main.py - line: 132
2023-07-29 21:59:05 - WARNING - Mesh 713 does not have outline with height lower than tolerance 0.01 - in file: outlines.py - line: 128
2023-07-29 21:59:06 - INFO - FSI_score 0.07 of sample 26 not high enough to continue generating sample. - in file: main.py - line: 123
2023-07-29 21:59:06 - INFO - Finished computing patch[26] in 0.85s. - in file: main.py - line: 134
2023-07-29 21:59:06 - INFO - Started computing patch[27]. - in file: main.py - line: 132
2023-07-29 21:59:06 - WARNING - Mesh 713 does not have outline with height lower than tolerance 0.01 - in file: outlines.py - line: 128
2023-07-29 21:59:07 - INFO - FSI_score 0.04 of sample 27 not high enough to continue generating sample. - in file: main.py - line: 123
2023-07-29 21:59:07 - INFO - Finished computing patch[27] in 1.03s. - in file: main.py - line: 134
2023-07-29 21:59:07 - INFO - Started computing patch[28]. - in file: main.py - line: 132
2023-07-29 21:59:07 - WARNING - Mesh 713 does not have outline with height lower than tolerance 0.01 - in file: outlines.py - line: 128
2023-07-29 21:59:08 - INFO - FSI_score 0.01 of sample 28 not high enough to continue generating sample. - in file: main.py - line: 123
2023-07-29 21:59:08 - INFO - Finished computing patch[28] in 0.76s. - in file: main.py - line: 134
2023-07-29 21:59:08 - INFO - Started computing patch[29]. - in file: main.py - line: 132
2023-07-29 21:59:08 - WARNING - Mesh 713 does not have outline with height lower than tolerance 0.01 - in file: outlines.py - line: 128
2023-07-29 21:59:09 - INFO - FSI_score 0.0 of sample 29 not high enough to continue generating sample. - in file: main.py - line: 123
2023-07-29 21:59:09 - INFO - Finished computing patch[29] in 0.75s. - in file: main.py - line: 134
2023-07-29 21:59:09 - INFO - Started computing patch[30]. - in file: main.py - line: 132
2023-07-29 21:59:09 - WARNING - Mesh 713 does not have outline with height lower than tolerance 0.01 - in file: outlines.py - line: 128
2023-07-29 21:59:09 - INFO - Started computing mesh for mesh[30] with FSI value of 0.23 - in file: main.py - line: 79
2023-07-29 21:59:09 - INFO - Generating walls for mesh patch[30] - in file: main.py - line: 81
2023-07-29 21:59:11 - INFO - Generating ground and roofs for mesh patch[30] - in file: main.py - line: 83
2023-07-29 21:59:15 - WARNING - Point containment coincident - in file: meshing.py - line: 44
2023-07-29 21:59:15 - WARNING - Point containment coincident - in file: meshing.py - line: 44
2023-07-29 21:59:17 - INFO - Computing sensors for mesh patch[30] - in file: main.py - line: 86
2023-07-29 21:59:28 - INFO - Started solar irradiance simulation with arguments -ab 6 -ad 25000 -as 4096 -c 1 -dc 0.75 -dp 512 -dr 3 -ds 0.05 -dt 0.15 -lr 8 -lw 4e-07 -ss 1.0 -st 0.15 - in file: run.py - line: 44
2023-07-29 22:00:21 - INFO - Computed 24415 solar irradiance values for model custom_name - in file: run.py - line: 47
2023-07-29 22:00:22 - INFO - Mesh mesh_30 saved in 1s - in file: save.py - line: 50
2023-07-29 22:00:22 - INFO - Array_list sensors_30 saved in 0s - in file: save.py - line: 86
2023-07-29 22:00:22 - INFO - Polyines outlines_30 saved in 0s - in file: save.py - line: 68
2023-07-29 22:00:22 - INFO - Finished computing patch[30] in 73.41s. - in file: main.py - line: 134
2023-07-29 22:00:22 - INFO - Started computing patch[31]. - in file: main.py - line: 132
2023-07-29 22:00:22 - WARNING - Mesh 713 does not have outline with height lower than tolerance 0.01 - in file: outlines.py - line: 128
2023-07-29 22:00:23 - INFO - FSI_score 0.19 of sample 31 not high enough to continue generating sample. - in file: main.py - line: 123
2023-07-29 22:00:23 - INFO - Finished computing patch[31] in 0.75s. - in file: main.py - line: 134
2023-07-29 22:00:23 - INFO - Started computing patch[32]. - in file: main.py - line: 132
2023-07-29 22:00:23 - WARNING - Mesh 713 does not have outline with height lower than tolerance 0.01 - in file: outlines.py - line: 128
2023-07-29 22:00:24 - INFO - FSI_score 0.15 of sample 32 not high enough to continue generating sample. - in file: main.py - line: 123
2023-07-29 22:00:24 - INFO - Finished computing patch[32] in 0.94s. - in file: main.py - line: 134
2023-07-29 22:00:24 - INFO - Started computing patch[33]. - in file: main.py - line: 132
2023-07-29 22:00:24 - WARNING - Mesh 713 does not have outline with height lower than tolerance 0.01 - in file: outlines.py - line: 128
2023-07-29 22:00:24 - INFO - FSI_score 0.14 of sample 33 not high enough to continue generating sample. - in file: main.py - line: 123
2023-07-29 22:00:24 - INFO - Finished computing patch[33] in 0.81s. - in file: main.py - line: 134
2023-07-29 22:00:24 - INFO - Started computing patch[34]. - in file: main.py - line: 132
2023-07-29 22:00:25 - WARNING - Mesh 713 does not have outline with height lower than tolerance 0.01 - in file: outlines.py - line: 128
2023-07-29 22:00:25 - INFO - FSI_score 0.13 of sample 34 not high enough to continue generating sample. - in file: main.py - line: 123
2023-07-29 22:00:25 - INFO - Finished computing patch[34] in 0.99s. - in file: main.py - line: 134
2023-07-29 22:00:25 - INFO - Started computing patch[35]. - in file: main.py - line: 132
2023-07-29 22:00:26 - WARNING - Mesh 713 does not have outline with height lower than tolerance 0.01 - in file: outlines.py - line: 128
2023-07-29 22:00:26 - INFO - FSI_score 0.15 of sample 35 not high enough to continue generating sample. - in file: main.py - line: 123
2023-07-29 22:00:26 - INFO - Finished computing patch[35] in 0.86s. - in file: main.py - line: 134
2023-07-29 22:00:26 - INFO - Started computing patch[36]. - in file: main.py - line: 132
2023-07-29 22:00:27 - WARNING - Mesh 713 does not have outline with height lower than tolerance 0.01 - in file: outlines.py - line: 128
2023-07-29 22:00:27 - INFO - FSI_score 0.2 of sample 36 not high enough to continue generating sample. - in file: main.py - line: 123
2023-07-29 22:00:27 - INFO - Finished computing patch[36] in 0.84s. - in file: main.py - line: 134
2023-07-29 22:00:27 - INFO - Started computing patch[37]. - in file: main.py - line: 132
2023-07-29 22:00:27 - WARNING - Mesh 713 does not have outline with height lower than tolerance 0.01 - in file: outlines.py - line: 128
2023-07-29 22:00:28 - INFO - Started computing mesh for mesh[37] with FSI value of 0.22 - in file: main.py - line: 79
2023-07-29 22:00:28 - INFO - Generating walls for mesh patch[37] - in file: main.py - line: 81
2023-07-29 22:00:29 - INFO - Generating ground and roofs for mesh patch[37] - in file: main.py - line: 83
2023-07-29 22:00:32 - INFO - Computing sensors for mesh patch[37] - in file: main.py - line: 86
2023-07-29 22:00:40 - INFO - Started solar irradiance simulation with arguments -ab 6 -ad 25000 -as 4096 -c 1 -dc 0.75 -dp 512 -dr 3 -ds 0.05 -dt 0.15 -lr 8 -lw 4e-07 -ss 1.0 -st 0.15 - in file: run.py - line: 44
2023-07-29 22:01:23 - INFO - Computed 19892 solar irradiance values for model custom_name - in file: run.py - line: 47
2023-07-29 22:01:24 - INFO - Mesh mesh_37 saved in 1s - in file: save.py - line: 50
2023-07-29 22:01:24 - INFO - Array_list sensors_37 saved in 0s - in file: save.py - line: 86
2023-07-29 22:01:24 - INFO - Polyines outlines_37 saved in 0s - in file: save.py - line: 68
2023-07-29 22:01:24 - INFO - Finished computing patch[37] in 56.99s. - in file: main.py - line: 134
2023-07-29 22:01:24 - INFO - Started computing patch[38]. - in file: main.py - line: 132
2023-07-29 22:01:24 - WARNING - Mesh 713 does not have outline with height lower than tolerance 0.01 - in file: outlines.py - line: 128
2023-07-29 22:01:25 - INFO - Started computing mesh for mesh[38] with FSI value of 0.24 - in file: main.py - line: 79
2023-07-29 22:01:25 - INFO - Generating walls for mesh patch[38] - in file: main.py - line: 81
2023-07-29 22:01:26 - INFO - Generating ground and roofs for mesh patch[38] - in file: main.py - line: 83
2023-07-29 22:01:33 - INFO - Computing sensors for mesh patch[38] - in file: main.py - line: 86
2023-07-29 22:01:42 - INFO - Started solar irradiance simulation with arguments -ab 6 -ad 25000 -as 4096 -c 1 -dc 0.75 -dp 512 -dr 3 -ds 0.05 -dt 0.15 -lr 8 -lw 4e-07 -ss 1.0 -st 0.15 - in file: run.py - line: 44
2023-07-29 22:02:36 - INFO - Computed 22237 solar irradiance values for model custom_name - in file: run.py - line: 47
2023-07-29 22:02:37 - INFO - Mesh mesh_38 saved in 1s - in file: save.py - line: 50
2023-07-29 22:02:38 - INFO - Array_list sensors_38 saved in 0s - in file: save.py - line: 86
2023-07-29 22:02:38 - INFO - Polyines outlines_38 saved in 0s - in file: save.py - line: 68
2023-07-29 22:02:38 - INFO - Finished computing patch[38] in 73.45s. - in file: main.py - line: 134
2023-07-29 22:02:38 - INFO - Started computing patch[39]. - in file: main.py - line: 132
2023-07-29 22:02:38 - WARNING - Mesh 713 does not have outline with height lower than tolerance 0.01 - in file: outlines.py - line: 128
2023-07-29 22:02:39 - INFO - Started computing mesh for mesh[39] with FSI value of 0.26 - in file: main.py - line: 79
2023-07-29 22:02:39 - INFO - Generating walls for mesh patch[39] - in file: main.py - line: 81
2023-07-29 22:02:41 - INFO - Generating ground and roofs for mesh patch[39] - in file: main.py - line: 83
2023-07-29 22:02:46 - WARNING - Point containment coincident - in file: meshing.py - line: 44
2023-07-29 22:02:47 - WARNING - Point containment coincident - in file: meshing.py - line: 44
2023-07-29 22:02:48 - INFO - Computing sensors for mesh patch[39] - in file: main.py - line: 86
2023-07-29 22:02:59 - INFO - Started solar irradiance simulation with arguments -ab 6 -ad 25000 -as 4096 -c 1 -dc 0.75 -dp 512 -dr 3 -ds 0.05 -dt 0.15 -lr 8 -lw 4e-07 -ss 1.0 -st 0.15 - in file: run.py - line: 44
2023-07-29 22:03:52 - INFO - Computed 23749 solar irradiance values for model custom_name - in file: run.py - line: 47
2023-07-29 22:03:53 - INFO - Mesh mesh_39 saved in 1s - in file: save.py - line: 50
2023-07-29 22:03:53 - INFO - Array_list sensors_39 saved in 0s - in file: save.py - line: 86
2023-07-29 22:03:53 - INFO - Polyines outlines_39 saved in 0s - in file: save.py - line: 68
2023-07-29 22:03:53 - INFO - Finished computing patch[39] in 75.64s. - in file: main.py - line: 134
2023-07-29 22:03:53 - INFO - Started computing patch[40]. - in file: main.py - line: 132
2023-07-29 22:03:54 - WARNING - Mesh 713 does not have outline with height lower than tolerance 0.01 - in file: outlines.py - line: 128
2023-07-29 22:03:54 - INFO - Started computing mesh for mesh[40] with FSI value of 0.23 - in file: main.py - line: 79
2023-07-29 22:03:54 - INFO - Generating walls for mesh patch[40] - in file: main.py - line: 81
2023-07-29 22:03:56 - INFO - Generating ground and roofs for mesh patch[40] - in file: main.py - line: 83
2023-07-29 22:04:03 - WARNING - Point containment coincident - in file: meshing.py - line: 44
2023-07-29 22:04:04 - INFO - Computing sensors for mesh patch[40] - in file: main.py - line: 86
2023-07-29 22:04:17 - INFO - Started solar irradiance simulation with arguments -ab 6 -ad 25000 -as 4096 -c 1 -dc 0.75 -dp 512 -dr 3 -ds 0.05 -dt 0.15 -lr 8 -lw 4e-07 -ss 1.0 -st 0.15 - in file: run.py - line: 44
2023-07-29 22:05:16 - INFO - Computed 23218 solar irradiance values for model custom_name - in file: run.py - line: 47
2023-07-29 22:05:17 - INFO - Mesh mesh_40 saved in 1s - in file: save.py - line: 50
2023-07-29 22:05:17 - INFO - Array_list sensors_40 saved in 0s - in file: save.py - line: 86
2023-07-29 22:05:17 - INFO - Polyines outlines_40 saved in 0s - in file: save.py - line: 68
2023-07-29 22:05:17 - INFO - Finished computing patch[40] in 83.89s. - in file: main.py - line: 134
2023-07-29 22:05:17 - INFO - Started computing patch[41]. - in file: main.py - line: 132
2023-07-29 22:05:17 - WARNING - Mesh 713 does not have outline with height lower than tolerance 0.01 - in file: outlines.py - line: 128
2023-07-29 22:05:18 - INFO - FSI_score 0.2 of sample 41 not high enough to continue generating sample. - in file: main.py - line: 123
2023-07-29 22:05:18 - INFO - Finished computing patch[41] in 1.02s. - in file: main.py - line: 134
2023-07-29 22:05:18 - INFO - Started computing patch[42]. - in file: main.py - line: 132
2023-07-29 22:05:18 - WARNING - Mesh 713 does not have outline with height lower than tolerance 0.01 - in file: outlines.py - line: 128
2023-07-29 22:05:19 - INFO - FSI_score 0.15 of sample 42 not high enough to continue generating sample. - in file: main.py - line: 123
2023-07-29 22:05:19 - INFO - Finished computing patch[42] in 1.12s. - in file: main.py - line: 134
2023-07-29 22:05:19 - INFO - Started computing patch[43]. - in file: main.py - line: 132
2023-07-29 22:05:20 - WARNING - Mesh 713 does not have outline with height lower than tolerance 0.01 - in file: outlines.py - line: 128
2023-07-29 22:05:20 - INFO - FSI_score 0.1 of sample 43 not high enough to continue generating sample. - in file: main.py - line: 123
2023-07-29 22:05:20 - INFO - Finished computing patch[43] in 0.92s. - in file: main.py - line: 134
2023-07-29 22:05:20 - INFO - Started computing patch[44]. - in file: main.py - line: 132
2023-07-29 22:05:20 - WARNING - Mesh 713 does not have outline with height lower than tolerance 0.01 - in file: outlines.py - line: 128
2023-07-29 22:05:21 - INFO - FSI_score 0.05 of sample 44 not high enough to continue generating sample. - in file: main.py - line: 123
2023-07-29 22:05:21 - INFO - Finished computing patch[44] in 0.99s. - in file: main.py - line: 134
2023-07-29 22:05:21 - INFO - Started computing patch[45]. - in file: main.py - line: 132
2023-07-29 22:05:21 - WARNING - Mesh 713 does not have outline with height lower than tolerance 0.01 - in file: outlines.py - line: 128
2023-07-29 22:05:22 - INFO - FSI_score 0.02 of sample 45 not high enough to continue generating sample. - in file: main.py - line: 123
2023-07-29 22:05:22 - INFO - Finished computing patch[45] in 1.09s. - in file: main.py - line: 134
2023-07-29 22:05:22 - INFO - Started computing patch[46]. - in file: main.py - line: 132
2023-07-29 22:05:23 - WARNING - Mesh 713 does not have outline with height lower than tolerance 0.01 - in file: outlines.py - line: 128
2023-07-29 22:05:23 - INFO - FSI_score 0.04 of sample 46 not high enough to continue generating sample. - in file: main.py - line: 123
2023-07-29 22:05:24 - INFO - Finished computing patch[46] in 1.2s. - in file: main.py - line: 134
2023-07-29 22:05:24 - INFO - Started computing patch[47]. - in file: main.py - line: 132
2023-07-29 22:05:24 - WARNING - Mesh 713 does not have outline with height lower than tolerance 0.01 - in file: outlines.py - line: 128
2023-07-29 22:05:25 - INFO - FSI_score 0.15 of sample 47 not high enough to continue generating sample. - in file: main.py - line: 123
2023-07-29 22:05:25 - INFO - Finished computing patch[47] in 1.11s. - in file: main.py - line: 134
2023-07-29 22:05:25 - INFO - Started computing patch[48]. - in file: main.py - line: 132
2023-07-29 22:05:25 - WARNING - Mesh 713 does not have outline with height lower than tolerance 0.01 - in file: outlines.py - line: 128
2023-07-29 22:05:26 - INFO - Started computing mesh for mesh[48] with FSI value of 0.2 - in file: main.py - line: 79
2023-07-29 22:05:26 - INFO - Generating walls for mesh patch[48] - in file: main.py - line: 81
2023-07-29 22:05:28 - INFO - Generating ground and roofs for mesh patch[48] - in file: main.py - line: 83
2023-07-29 22:05:32 - INFO - Computing sensors for mesh patch[48] - in file: main.py - line: 86
2023-07-29 22:05:42 - INFO - Started solar irradiance simulation with arguments -ab 6 -ad 25000 -as 4096 -c 1 -dc 0.75 -dp 512 -dr 3 -ds 0.05 -dt 0.15 -lr 8 -lw 4e-07 -ss 1.0 -st 0.15 - in file: run.py - line: 44
2023-07-29 22:06:27 - INFO - Computed 18424 solar irradiance values for model custom_name - in file: run.py - line: 47
2023-07-29 22:06:28 - INFO - Mesh mesh_48 saved in 1s - in file: save.py - line: 50
2023-07-29 22:06:28 - INFO - Array_list sensors_48 saved in 0s - in file: save.py - line: 86
2023-07-29 22:06:28 - INFO - Polyines outlines_48 saved in 0s - in file: save.py - line: 68
2023-07-29 22:06:28 - INFO - Finished computing patch[48] in 63.83s. - in file: main.py - line: 134
2023-07-29 22:06:28 - INFO - Started computing patch[49]. - in file: main.py - line: 132
2023-07-29 22:06:29 - WARNING - Mesh 713 does not have outline with height lower than tolerance 0.01 - in file: outlines.py - line: 128
2023-07-29 22:06:30 - INFO - Started computing mesh for mesh[49] with FSI value of 0.23 - in file: main.py - line: 79
2023-07-29 22:06:30 - INFO - Generating walls for mesh patch[49] - in file: main.py - line: 81
2023-07-29 22:06:32 - INFO - Generating ground and roofs for mesh patch[49] - in file: main.py - line: 83
2023-07-29 22:06:39 - INFO - Computing sensors for mesh patch[49] - in file: main.py - line: 86
2023-07-29 22:06:51 - INFO - Started solar irradiance simulation with arguments -ab 6 -ad 25000 -as 4096 -c 1 -dc 0.75 -dp 512 -dr 3 -ds 0.05 -dt 0.15 -lr 8 -lw 4e-07 -ss 1.0 -st 0.15 - in file: run.py - line: 44
2023-07-29 22:07:36 - INFO - Computed 20047 solar irradiance values for model custom_name - in file: run.py - line: 47
2023-07-29 22:07:37 - INFO - Mesh mesh_49 saved in 1s - in file: save.py - line: 50
2023-07-29 22:07:37 - INFO - Array_list sensors_49 saved in 0s - in file: save.py - line: 86
2023-07-29 22:07:37 - INFO - Polyines outlines_49 saved in 0s - in file: save.py - line: 68
2023-07-29 22:07:37 - INFO - Finished computing patch[49] in 68.77s. - in file: main.py - line: 134
2023-07-29 22:07:37 - INFO - Started computing patch[50]. - in file: main.py - line: 132
2023-07-29 22:07:37 - WARNING - Mesh 713 does not have outline with height lower than tolerance 0.01 - in file: outlines.py - line: 128
2023-07-29 22:07:38 - INFO - Started computing mesh for mesh[50] with FSI value of 0.24 - in file: main.py - line: 79
2023-07-29 22:07:38 - INFO - Generating walls for mesh patch[50] - in file: main.py - line: 81
2023-07-29 22:07:40 - INFO - Generating ground and roofs for mesh patch[50] - in file: main.py - line: 83
2023-07-29 22:07:45 - INFO - Computing sensors for mesh patch[50] - in file: main.py - line: 86
2023-07-29 22:07:54 - INFO - Started solar irradiance simulation with arguments -ab 6 -ad 25000 -as 4096 -c 1 -dc 0.75 -dp 512 -dr 3 -ds 0.05 -dt 0.15 -lr 8 -lw 4e-07 -ss 1.0 -st 0.15 - in file: run.py - line: 44
2023-07-29 22:08:41 - INFO - Computed 21064 solar irradiance values for model custom_name - in file: run.py - line: 47
2023-07-29 22:08:42 - INFO - Mesh mesh_50 saved in 1s - in file: save.py - line: 50
2023-07-29 22:08:42 - INFO - Array_list sensors_50 saved in 0s - in file: save.py - line: 86
2023-07-29 22:08:42 - INFO - Polyines outlines_50 saved in 0s - in file: save.py - line: 68
2023-07-29 22:08:42 - INFO - Finished computing patch[50] in 64.54s. - in file: main.py - line: 134
2023-07-29 22:08:42 - INFO - Started computing patch[51]. - in file: main.py - line: 132
2023-07-29 22:08:42 - WARNING - Mesh 713 does not have outline with height lower than tolerance 0.01 - in file: outlines.py - line: 128
2023-07-29 22:08:43 - INFO - Started computing mesh for mesh[51] with FSI value of 0.23 - in file: main.py - line: 79
2023-07-29 22:08:43 - INFO - Generating walls for mesh patch[51] - in file: main.py - line: 81
2023-07-29 22:08:44 - INFO - Generating ground and roofs for mesh patch[51] - in file: main.py - line: 83
2023-07-29 22:08:49 - INFO - Computing sensors for mesh patch[51] - in file: main.py - line: 86
2023-07-29 22:08:59 - INFO - Started solar irradiance simulation with arguments -ab 6 -ad 25000 -as 4096 -c 1 -dc 0.75 -dp 512 -dr 3 -ds 0.05 -dt 0.15 -lr 8 -lw 4e-07 -ss 1.0 -st 0.15 - in file: run.py - line: 44
2023-07-29 22:09:44 - INFO - Computed 20191 solar irradiance values for model custom_name - in file: run.py - line: 47
2023-07-29 22:09:45 - INFO - Mesh mesh_51 saved in 1s - in file: save.py - line: 50
2023-07-29 22:09:46 - INFO - Array_list sensors_51 saved in 0s - in file: save.py - line: 86
2023-07-29 22:09:46 - INFO - Polyines outlines_51 saved in 0s - in file: save.py - line: 68
2023-07-29 22:09:46 - INFO - Finished computing patch[51] in 63.79s. - in file: main.py - line: 134
2023-07-29 22:09:46 - INFO - Started computing patch[52]. - in file: main.py - line: 132
2023-07-29 22:09:46 - WARNING - Mesh 713 does not have outline with height lower than tolerance 0.01 - in file: outlines.py - line: 128
2023-07-29 22:09:46 - INFO - FSI_score 0.14 of sample 52 not high enough to continue generating sample. - in file: main.py - line: 123
2023-07-29 22:09:46 - INFO - Finished computing patch[52] in 0.86s. - in file: main.py - line: 134
2023-07-29 22:09:46 - INFO - Started computing patch[53]. - in file: main.py - line: 132
2023-07-29 22:09:47 - WARNING - Mesh 713 does not have outline with height lower than tolerance 0.01 - in file: outlines.py - line: 128
2023-07-29 22:09:47 - INFO - FSI_score 0.09 of sample 53 not high enough to continue generating sample. - in file: main.py - line: 123
2023-07-29 22:09:47 - INFO - Finished computing patch[53] in 1.01s. - in file: main.py - line: 134
2023-07-29 22:09:47 - INFO - Started computing patch[54]. - in file: main.py - line: 132
2023-07-29 22:09:48 - WARNING - Mesh 713 does not have outline with height lower than tolerance 0.01 - in file: outlines.py - line: 128
2023-07-29 22:09:48 - INFO - FSI_score 0.07 of sample 54 not high enough to continue generating sample. - in file: main.py - line: 123
2023-07-29 22:09:48 - INFO - Finished computing patch[54] in 0.92s. - in file: main.py - line: 134
2023-07-29 22:09:48 - INFO - Started computing patch[55]. - in file: main.py - line: 132
2023-07-29 22:09:49 - WARNING - Mesh 713 does not have outline with height lower than tolerance 0.01 - in file: outlines.py - line: 128
2023-07-29 22:09:49 - INFO - FSI_score 0.05 of sample 55 not high enough to continue generating sample. - in file: main.py - line: 123
2023-07-29 22:09:49 - INFO - Finished computing patch[55] in 0.89s. - in file: main.py - line: 134
2023-07-29 22:09:49 - INFO - Started computing patch[56]. - in file: main.py - line: 132
2023-07-29 22:09:50 - WARNING - Mesh 713 does not have outline with height lower than tolerance 0.01 - in file: outlines.py - line: 128
2023-07-29 22:09:50 - INFO - FSI_score 0.03 of sample 56 not high enough to continue generating sample. - in file: main.py - line: 123
2023-07-29 22:09:50 - INFO - Finished computing patch[56] in 1.08s. - in file: main.py - line: 134
2023-07-29 22:09:50 - INFO - Started computing patch[57]. - in file: main.py - line: 132
2023-07-29 22:09:51 - WARNING - Mesh 713 does not have outline with height lower than tolerance 0.01 - in file: outlines.py - line: 128
2023-07-29 22:09:51 - INFO - FSI_score 0.01 of sample 57 not high enough to continue generating sample. - in file: main.py - line: 123
2023-07-29 22:09:51 - INFO - Finished computing patch[57] in 0.93s. - in file: main.py - line: 134
2023-07-29 22:09:51 - INFO - Started computing patch[58]. - in file: main.py - line: 132
2023-07-29 22:09:52 - WARNING - Mesh 713 does not have outline with height lower than tolerance 0.01 - in file: outlines.py - line: 128
2023-07-29 22:09:52 - INFO - FSI_score 0.0 of sample 58 not high enough to continue generating sample. - in file: main.py - line: 123
2023-07-29 22:09:52 - INFO - Finished computing patch[58] in 1.19s. - in file: main.py - line: 134
2023-07-29 22:09:52 - INFO - Started computing patch[59]. - in file: main.py - line: 132
2023-07-29 22:09:53 - WARNING - Mesh 713 does not have outline with height lower than tolerance 0.01 - in file: outlines.py - line: 128
2023-07-29 22:09:53 - INFO - FSI_score 0.0 of sample 59 not high enough to continue generating sample. - in file: main.py - line: 123
2023-07-29 22:09:53 - INFO - Finished computing patch[59] in 0.87s. - in file: main.py - line: 134
2023-07-29 22:09:53 - INFO - Started computing patch[60]. - in file: main.py - line: 132
2023-07-29 22:09:54 - WARNING - Mesh 713 does not have outline with height lower than tolerance 0.01 - in file: outlines.py - line: 128
2023-07-29 22:09:54 - INFO - Started computing mesh for mesh[60] with FSI value of 0.21 - in file: main.py - line: 79
2023-07-29 22:09:54 - INFO - Generating walls for mesh patch[60] - in file: main.py - line: 81
2023-07-29 22:09:56 - INFO - Generating ground and roofs for mesh patch[60] - in file: main.py - line: 83
2023-07-29 22:09:58 - WARNING - Point containment coincident - in file: meshing.py - line: 44
2023-07-29 22:10:01 - INFO - Computing sensors for mesh patch[60] - in file: main.py - line: 86
2023-07-29 22:10:13 - INFO - Started solar irradiance simulation with arguments -ab 6 -ad 25000 -as 4096 -c 1 -dc 0.75 -dp 512 -dr 3 -ds 0.05 -dt 0.15 -lr 8 -lw 4e-07 -ss 1.0 -st 0.15 - in file: run.py - line: 44
2023-07-29 22:11:08 - INFO - Computed 23757 solar irradiance values for model custom_name - in file: run.py - line: 47
2023-07-29 22:11:09 - INFO - Mesh mesh_60 saved in 1s - in file: save.py - line: 50
2023-07-29 22:11:09 - INFO - Array_list sensors_60 saved in 0s - in file: save.py - line: 86
2023-07-29 22:11:09 - INFO - Polyines outlines_60 saved in 0s - in file: save.py - line: 68
2023-07-29 22:11:09 - INFO - Finished computing patch[60] in 76.04s. - in file: main.py - line: 134
2023-07-29 22:11:09 - INFO - Started computing patch[61]. - in file: main.py - line: 132
2023-07-29 22:11:10 - WARNING - Mesh 713 does not have outline with height lower than tolerance 0.01 - in file: outlines.py - line: 128
2023-07-29 22:11:10 - INFO - FSI_score 0.18 of sample 61 not high enough to continue generating sample. - in file: main.py - line: 123
2023-07-29 22:11:10 - INFO - Finished computing patch[61] in 0.74s. - in file: main.py - line: 134
2023-07-29 22:11:10 - INFO - Started computing patch[62]. - in file: main.py - line: 132
2023-07-29 22:11:10 - WARNING - Mesh 713 does not have outline with height lower than tolerance 0.01 - in file: outlines.py - line: 128
2023-07-29 22:11:11 - INFO - FSI_score 0.14 of sample 62 not high enough to continue generating sample. - in file: main.py - line: 123
2023-07-29 22:11:11 - INFO - Finished computing patch[62] in 1.06s. - in file: main.py - line: 134
2023-07-29 22:11:11 - INFO - Started computing patch[63]. - in file: main.py - line: 132
2023-07-29 22:11:11 - WARNING - Mesh 713 does not have outline with height lower than tolerance 0.01 - in file: outlines.py - line: 128
2023-07-29 22:11:12 - INFO - FSI_score 0.18 of sample 63 not high enough to continue generating sample. - in file: main.py - line: 123
2023-07-29 22:11:12 - INFO - Finished computing patch[63] in 0.9s. - in file: main.py - line: 134
2023-07-29 22:11:12 - INFO - Started computing patch[64]. - in file: main.py - line: 132
2023-07-29 22:11:12 - WARNING - Mesh 713 does not have outline with height lower than tolerance 0.01 - in file: outlines.py - line: 128
2023-07-29 22:11:13 - INFO - Started computing mesh for mesh[64] with FSI value of 0.2 - in file: main.py - line: 79
2023-07-29 22:11:13 - INFO - Generating walls for mesh patch[64] - in file: main.py - line: 81
2023-07-29 22:11:14 - INFO - Generating ground and roofs for mesh patch[64] - in file: main.py - line: 83
2023-07-29 22:11:16 - INFO - Computing sensors for mesh patch[64] - in file: main.py - line: 86
2023-07-29 22:11:23 - INFO - Started solar irradiance simulation with arguments -ab 6 -ad 25000 -as 4096 -c 1 -dc 0.75 -dp 512 -dr 3 -ds 0.05 -dt 0.15 -lr 8 -lw 4e-07 -ss 1.0 -st 0.15 - in file: run.py - line: 44
2023-07-29 22:12:02 - INFO - Computed 15812 solar irradiance values for model custom_name - in file: run.py - line: 47
2023-07-29 22:12:03 - INFO - Mesh mesh_64 saved in 0s - in file: save.py - line: 50
2023-07-29 22:12:03 - INFO - Array_list sensors_64 saved in 0s - in file: save.py - line: 86
2023-07-29 22:12:03 - INFO - Polyines outlines_64 saved in 0s - in file: save.py - line: 68
2023-07-29 22:12:03 - INFO - Finished computing patch[64] in 51.09s. - in file: main.py - line: 134
2023-07-29 22:12:03 - INFO - Started computing patch[65]. - in file: main.py - line: 132
2023-07-29 22:12:03 - WARNING - Mesh 713 does not have outline with height lower than tolerance 0.01 - in file: outlines.py - line: 128
2023-07-29 22:12:04 - INFO - FSI_score 0.17 of sample 65 not high enough to continue generating sample. - in file: main.py - line: 123
2023-07-29 22:12:04 - INFO - Finished computing patch[65] in 0.97s. - in file: main.py - line: 134
2023-07-29 22:12:04 - INFO - Started computing patch[66]. - in file: main.py - line: 132
2023-07-29 22:12:04 - WARNING - Mesh 713 does not have outline with height lower than tolerance 0.01 - in file: outlines.py - line: 128
2023-07-29 22:12:05 - INFO - FSI_score 0.18 of sample 66 not high enough to continue generating sample. - in file: main.py - line: 123
2023-07-29 22:12:05 - INFO - Finished computing patch[66] in 1.03s. - in file: main.py - line: 134
2023-07-29 22:12:05 - INFO - Started computing patch[67]. - in file: main.py - line: 132
2023-07-29 22:12:05 - WARNING - Mesh 713 does not have outline with height lower than tolerance 0.01 - in file: outlines.py - line: 128
2023-07-29 22:12:07 - INFO - Started computing mesh for mesh[67] with FSI value of 0.26 - in file: main.py - line: 79
2023-07-29 22:12:07 - INFO - Generating walls for mesh patch[67] - in file: main.py - line: 81
2023-07-29 22:12:08 - INFO - Generating ground and roofs for mesh patch[67] - in file: main.py - line: 83
2023-07-29 22:12:12 - INFO - Computing sensors for mesh patch[67] - in file: main.py - line: 86
2023-07-29 22:12:25 - INFO - Started solar irradiance simulation with arguments -ab 6 -ad 25000 -as 4096 -c 1 -dc 0.75 -dp 512 -dr 3 -ds 0.05 -dt 0.15 -lr 8 -lw 4e-07 -ss 1.0 -st 0.15 - in file: run.py - line: 44
2023-07-29 22:13:10 - INFO - Computed 18786 solar irradiance values for model custom_name - in file: run.py - line: 47
2023-07-29 22:13:11 - INFO - Mesh mesh_67 saved in 1s - in file: save.py - line: 50
2023-07-29 22:13:11 - INFO - Array_list sensors_67 saved in 0s - in file: save.py - line: 86
2023-07-29 22:13:11 - INFO - Polyines outlines_67 saved in 0s - in file: save.py - line: 68
2023-07-29 22:13:11 - INFO - Finished computing patch[67] in 65.93s. - in file: main.py - line: 134
2023-07-29 22:13:11 - INFO - Started computing patch[68]. - in file: main.py - line: 132
2023-07-29 22:13:11 - WARNING - Mesh 713 does not have outline with height lower than tolerance 0.01 - in file: outlines.py - line: 128
2023-07-29 22:13:12 - INFO - Started computing mesh for mesh[68] with FSI value of 0.2 - in file: main.py - line: 79
2023-07-29 22:13:12 - INFO - Generating walls for mesh patch[68] - in file: main.py - line: 81
2023-07-29 22:13:13 - INFO - Generating ground and roofs for mesh patch[68] - in file: main.py - line: 83
2023-07-29 22:13:17 - WARNING - Point containment coincident - in file: meshing.py - line: 44
2023-07-29 22:13:17 - WARNING - Point containment coincident - in file: meshing.py - line: 44
2023-07-29 22:13:20 - INFO - Computing sensors for mesh patch[68] - in file: main.py - line: 86
