2023-07-29 13:21:28,337 - INFO - Finished loading rhinoinside... - in file: main.py - line: 11
2023-07-29 13:21:42,526 - INFO - Loaded 3D BAG dataset with 1211 roofs and 1211 walls from C://Users//Job de Vogel//OneDrive//Documenten//TU Delft//Master Thesis//Dataset_pipeline//3D_BAG_dataset//3dbag_v210908_fd2cee53_lod12_3d_5859.obj. - in file: file.py - line: 130
2023-07-29 13:21:42,825 - WARNING - Mesh 713 does not have outline with height lower than tolerance 0.0001 - in file: outlines.py - line: 126
2023-07-29 13:21:42,926 - INFO - Started computing patch[0]. - in file: main.py - line: 113
2023-07-29 13:21:43,688 - INFO - Polyines outlines_0 saved in 0s - in file: save.py - line: 68
2023-07-29 13:21:47,896 - WARNING - Point containment coincident - in file: meshing.py - line: 44
2023-07-29 13:22:00,138 - INFO - Mesh mesh_0 saved in 1s - in file: save.py - line: 50
2023-07-29 13:22:00,322 - INFO - Array_list sensors_0 saved in 0s - in file: save.py - line: 86
2023-07-29 13:22:00,383 - INFO - Finished computing patch[0] in 17.46s. - in file: main.py - line: 115
2023-07-29 13:22:00,384 - INFO - ----- NEXT PATCH -----. - in file: main.py - line: 116
2023-07-29 13:22:00,384 - INFO - Started computing patch[1]. - in file: main.py - line: 113
2023-07-29 13:22:01,406 - INFO - Polyines outlines_1 saved in 0s - in file: save.py - line: 68
2023-07-29 13:22:07,366 - INFO - Mesh mesh_1 saved in 1s - in file: save.py - line: 50
2023-07-29 13:22:07,435 - INFO - Array_list sensors_1 saved in 0s - in file: save.py - line: 86
2023-07-29 13:22:07,453 - INFO - Finished computing patch[1] in 7.07s. - in file: main.py - line: 115
2023-07-29 13:22:07,454 - INFO - ----- NEXT PATCH -----. - in file: main.py - line: 116
2023-07-29 13:22:07,454 - INFO - Started computing patch[2]. - in file: main.py - line: 113
2023-07-29 13:22:08,343 - INFO - Polyines outlines_2 saved in 0s - in file: save.py - line: 68
2023-07-29 13:22:13,163 - INFO - Mesh mesh_2 saved in 1s - in file: save.py - line: 50
2023-07-29 13:22:13,225 - INFO - Array_list sensors_2 saved in 0s - in file: save.py - line: 86
2023-07-29 13:22:13,244 - INFO - Finished computing patch[2] in 5.79s. - in file: main.py - line: 115
2023-07-29 13:22:13,245 - INFO - ----- NEXT PATCH -----. - in file: main.py - line: 116
2023-07-29 13:22:13,245 - INFO - Started computing patch[3]. - in file: main.py - line: 113
2023-07-29 13:22:13,996 - INFO - Polyines outlines_3 saved in 0s - in file: save.py - line: 68
